
 /----------------------------------------------------------------------------\
 |  yosys -- Yosys Open SYnthesis Suite                                       |
 |  Copyright (C) 2012 - 2026  Claire Xenia Wolf <claire@yosyshq.com>         |
 |  Distributed under an ISC-like license, type "license" to see terms        |
 \----------------------------------------------------------------------------/
 Yosys 0.66+181 (git sha1 afe6b18f2, Release, Clang /usr/bin/clang++ 18.1.8)

-- Running command `read_verilog -sv /workdir/_tmp/ath2950_c910/ct_prio_gate_candidate.v; synth -flatten -top ct_prio_gate; dfflibmap -liberty /workdir/athanor-kairos-runall/src/kairos/data/liberty/sky130_fd_sc_hd__tt_025C_1v80.lib; abc -liberty /workdir/athanor-kairos-runall/src/kairos/data/liberty/sky130_fd_sc_hd__tt_025C_1v80.lib; clean; stat -liberty /workdir/athanor-kairos-runall/src/kairos/data/liberty/sky130_fd_sc_hd__tt_025C_1v80.lib' --

1. Executing Verilog-2005 frontend: /workdir/_tmp/ath2950_c910/ct_prio_gate_candidate.v
Parsing SystemVerilog input from `/workdir/_tmp/ath2950_c910/ct_prio_gate_candidate.v' to AST representation.
Generating RTLIL representation for module `\ct_prio_gate'.
Warning: Replacing memory \unused with list of registers. See /workdir/_tmp/ath2950_c910/ct_prio_gate_candidate.v:29
Warning: Replacing memory \prio with list of registers. See /workdir/_tmp/ath2950_c910/ct_prio_gate_candidate.v:28
Successfully finished Verilog frontend.

2. Executing SYNTH pass.

2.1. Executing HIERARCHY pass (managing design hierarchy).

2.1.1. Analyzing design hierarchy..
Top module:  \ct_prio_gate

2.1.2. Analyzing design hierarchy..
Top module:  \ct_prio_gate
Removed 0 unused modules.

2.2. Executing PROC pass (convert processes to netlists).

2.2.1. Executing PROC_CLEAN pass (remove empty switches from decision trees).
Cleaned up 0 empty switches.

2.2.2. Executing PROC_RMDEAD pass (remove dead branches from decision trees).
Marked 2 switch rules as full_case in process $proc$/workdir/_tmp/ath2950_c910/ct_prio_gate_candidate.v:24$14 in module ct_prio_gate.
Marked 2 switch rules as full_case in process $proc$/workdir/_tmp/ath2950_c910/ct_prio_gate_candidate.v:24$11 in module ct_prio_gate.
Marked 2 switch rules as full_case in process $proc$/workdir/_tmp/ath2950_c910/ct_prio_gate_candidate.v:24$4 in module ct_prio_gate.
Marked 2 switch rules as full_case in process $proc$/workdir/_tmp/ath2950_c910/ct_prio_gate_candidate.v:24$1 in module ct_prio_gate.
Removed a total of 0 dead cases.

2.2.3. Executing PROC_PRUNE pass (remove redundant assignments in processes).
Removed 0 redundant assignments.
Promoted 0 assignments to connections.

2.2.4. Executing PROC_INIT pass (extract init attributes).

2.2.5. Executing PROC_ARST pass (detect async resets in processes).
Found async reset \rst_b in `\ct_prio_gate.$proc$/workdir/_tmp/ath2950_c910/ct_prio_gate_candidate.v:24$14'.
Found async reset \rst_b in `\ct_prio_gate.$proc$/workdir/_tmp/ath2950_c910/ct_prio_gate_candidate.v:24$11'.
Found async reset \rst_b in `\ct_prio_gate.$proc$/workdir/_tmp/ath2950_c910/ct_prio_gate_candidate.v:24$4'.
Found async reset \rst_b in `\ct_prio_gate.$proc$/workdir/_tmp/ath2950_c910/ct_prio_gate_candidate.v:24$1'.

2.2.6. Executing PROC_ROM pass (convert switches to ROMs).
Converted 0 switches.
<suppressed ~12 debug messages>

2.2.7. Executing PROC_MUX pass (convert decision trees to multiplexers).
Creating decoders for process `\ct_prio_gate.$proc$/workdir/_tmp/ath2950_c910/ct_prio_gate_candidate.v:24$14'.
     1/2: $0\unused[1][1:1]
     2/2: $0\prio[1][1:1]
Creating decoders for process `\ct_prio_gate.$proc$/workdir/_tmp/ath2950_c910/ct_prio_gate_candidate.v:24$11'.
     1/2: $0\unused[1][0:0]
     2/2: $0\prio[1][0:0]
Creating decoders for process `\ct_prio_gate.$proc$/workdir/_tmp/ath2950_c910/ct_prio_gate_candidate.v:24$4'.
     1/2: $0\unused[0][1:1]
     2/2: $0\prio[0][1:1]
Creating decoders for process `\ct_prio_gate.$proc$/workdir/_tmp/ath2950_c910/ct_prio_gate_candidate.v:24$1'.
     1/2: $0\unused[0][0:0]
     2/2: $0\prio[0][0:0]

2.2.8. Executing PROC_DLATCH pass (convert process syncs to latches).

2.2.9. Executing PROC_DFF pass (convert process syncs to FFs).
Creating register for signal `\ct_prio_gate.\prio[1] [1]' using process `\ct_prio_gate.$proc$/workdir/_tmp/ath2950_c910/ct_prio_gate_candidate.v:24$14'.
  created $adff cell `$procdff$53' with positive edge clock and positive level reset.
Creating register for signal `\ct_prio_gate.\unused[1] [1]' using process `\ct_prio_gate.$proc$/workdir/_tmp/ath2950_c910/ct_prio_gate_candidate.v:24$14'.
  created $adff cell `$procdff$58' with positive edge clock and positive level reset.
Creating register for signal `\ct_prio_gate.\prio[1] [0]' using process `\ct_prio_gate.$proc$/workdir/_tmp/ath2950_c910/ct_prio_gate_candidate.v:24$11'.
  created $adff cell `$procdff$63' with positive edge clock and positive level reset.
Creating register for signal `\ct_prio_gate.\unused[1] [0]' using process `\ct_prio_gate.$proc$/workdir/_tmp/ath2950_c910/ct_prio_gate_candidate.v:24$11'.
  created $adff cell `$procdff$68' with positive edge clock and positive level reset.
Creating register for signal `\ct_prio_gate.\prio[0] [1]' using process `\ct_prio_gate.$proc$/workdir/_tmp/ath2950_c910/ct_prio_gate_candidate.v:24$4'.
  created $adff cell `$procdff$73' with positive edge clock and positive level reset.
Creating register for signal `\ct_prio_gate.\unused[0] [1]' using process `\ct_prio_gate.$proc$/workdir/_tmp/ath2950_c910/ct_prio_gate_candidate.v:24$4'.
  created $adff cell `$procdff$78' with positive edge clock and positive level reset.
Creating register for signal `\ct_prio_gate.\prio[0] [0]' using process `\ct_prio_gate.$proc$/workdir/_tmp/ath2950_c910/ct_prio_gate_candidate.v:24$1'.
  created $adff cell `$procdff$83' with positive edge clock and positive level reset.
Creating register for signal `\ct_prio_gate.\unused[0] [0]' using process `\ct_prio_gate.$proc$/workdir/_tmp/ath2950_c910/ct_prio_gate_candidate.v:24$1'.
  created $adff cell `$procdff$88' with positive edge clock and positive level reset.

2.2.10. Executing PROC_MEMWR pass (convert process memory writes to cells).

2.2.11. Executing PROC_CLEAN pass (remove empty switches from decision trees).
Found and cleaned up 3 empty switches in `\ct_prio_gate.$proc$/workdir/_tmp/ath2950_c910/ct_prio_gate_candidate.v:24$14'.
Removing empty process `ct_prio_gate.$proc$/workdir/_tmp/ath2950_c910/ct_prio_gate_candidate.v:24$14'.
Found and cleaned up 3 empty switches in `\ct_prio_gate.$proc$/workdir/_tmp/ath2950_c910/ct_prio_gate_candidate.v:24$11'.
Removing empty process `ct_prio_gate.$proc$/workdir/_tmp/ath2950_c910/ct_prio_gate_candidate.v:24$11'.
Found and cleaned up 3 empty switches in `\ct_prio_gate.$proc$/workdir/_tmp/ath2950_c910/ct_prio_gate_candidate.v:24$4'.
Removing empty process `ct_prio_gate.$proc$/workdir/_tmp/ath2950_c910/ct_prio_gate_candidate.v:24$4'.
Found and cleaned up 3 empty switches in `\ct_prio_gate.$proc$/workdir/_tmp/ath2950_c910/ct_prio_gate_candidate.v:24$1'.
Removing empty process `ct_prio_gate.$proc$/workdir/_tmp/ath2950_c910/ct_prio_gate_candidate.v:24$1'.
Cleaned up 12 empty switches.

2.2.12. Executing OPT_EXPR pass (perform const folding).
Optimizing module ct_prio_gate.
<suppressed ~22 debug messages>

2.3. Executing CHECK pass (checking for obvious problems).
Checking module ct_prio_gate...
Found and reported 0 problems.

2.4. Executing FLATTEN pass (flatten design).

2.5. Executing OPT_EXPR pass (perform const folding).
Optimizing module ct_prio_gate.

2.6. Executing OPT_CLEAN pass (remove unused cells and wires).
Finding unused cells or wires in module \ct_prio_gate..
Removed 16 unused cells and 50 unused wires.
<suppressed ~19 debug messages>

2.7. Executing CHECK pass (checking for obvious problems).
Checking module ct_prio_gate...
Found and reported 0 problems.

2.8. Executing OPT pass (performing simple optimizations).

2.8.1. Executing OPT_EXPR pass (perform const folding).
Optimizing module ct_prio_gate.

2.8.2. Executing OPT_MERGE pass (detect identical cells).
Finding identical cells in module `\ct_prio_gate'.
Computing hashes of 22 cells of `\ct_prio_gate'.
Finding duplicate cells in `\ct_prio_gate'.
Removed a total of 0 cells.

2.8.3. Executing OPT_MUXTREE pass (detect dead branches in mux trees).
Running muxtree optimizer on module \ct_prio_gate..
  Creating internal representation of mux trees.
  Evaluating internal representation of mux trees.
  Analyzing evaluation results.
Removed 0 multiplexer ports.
<suppressed ~14 debug messages>

2.8.4. Executing OPT_REDUCE pass (consolidate $*mux and $reduce_* inputs).
  Optimizing cells in module \ct_prio_gate.
Performed a total of 0 changes.

2.8.5. Executing OPT_MERGE pass (detect identical cells).
Finding identical cells in module `\ct_prio_gate'.
Computing hashes of 22 cells of `\ct_prio_gate'.
Finding duplicate cells in `\ct_prio_gate'.
Removed a total of 0 cells.

2.8.6. Executing OPT_DFF pass (perform DFF optimizations).

2.8.7. Executing OPT_CLEAN pass (remove unused cells and wires).
Finding unused cells or wires in module \ct_prio_gate..

2.8.8. Executing OPT_EXPR pass (perform const folding).
Optimizing module ct_prio_gate.

2.8.9. Finished fast OPT passes. (There is nothing left to do.)

2.9. Executing FSM pass (extract and optimize FSM).

2.9.1. Executing FSM_DETECT pass (finding FSMs in design).

2.9.2. Executing FSM_EXTRACT pass (extracting FSM from design).

2.9.3. Executing FSM_OPT pass (simple optimizations of FSMs).

2.9.4. Executing OPT_CLEAN pass (remove unused cells and wires).
Finding unused cells or wires in module \ct_prio_gate..

2.9.5. Executing FSM_OPT pass (simple optimizations of FSMs).

2.9.6. Executing FSM_RECODE pass (re-assigning FSM state encoding).

2.9.7. Executing FSM_INFO pass (dumping all available information on FSM cells).

2.9.8. Executing FSM_MAP pass (mapping FSMs to basic logic).

2.10. Executing OPT pass (performing simple optimizations).

2.10.1. Executing OPT_EXPR pass (perform const folding).
Optimizing module ct_prio_gate.

2.10.2. Executing OPT_MERGE pass (detect identical cells).
Finding identical cells in module `\ct_prio_gate'.
Computing hashes of 22 cells of `\ct_prio_gate'.
Finding duplicate cells in `\ct_prio_gate'.
Removed a total of 0 cells.

2.10.3. Executing OPT_MUXTREE pass (detect dead branches in mux trees).
Running muxtree optimizer on module \ct_prio_gate..
  Creating internal representation of mux trees.
  Evaluating internal representation of mux trees.
  Analyzing evaluation results.
Removed 0 multiplexer ports.
<suppressed ~14 debug messages>

2.10.4. Executing OPT_REDUCE pass (consolidate $*mux and $reduce_* inputs).
  Optimizing cells in module \ct_prio_gate.
Performed a total of 0 changes.

2.10.5. Executing OPT_MERGE pass (detect identical cells).
Finding identical cells in module `\ct_prio_gate'.
Computing hashes of 22 cells of `\ct_prio_gate'.
Finding duplicate cells in `\ct_prio_gate'.
Removed a total of 0 cells.

2.10.6. Executing OPT_DFF pass (perform DFF optimizations).
Adding EN signal on $procdff$63 ($adff) from module ct_prio_gate (D = $procmux$31_Y, Q = \prio[1] [0]).
Adding EN signal on $procdff$53 ($adff) from module ct_prio_gate (D = 1'0, Q = \prio[1] [1]).
Adding EN signal on $procdff$73 ($adff) from module ct_prio_gate (D = $procmux$38_Y, Q = \prio[0] [1]).
Adding EN signal on $procdff$83 ($adff) from module ct_prio_gate (D = 1'0, Q = \prio[0] [0]).
Setting constant 0-bit at position 0 on $auto$ff.cc:337:slice$102 ($adffe) from module ct_prio_gate.
Setting constant 0-bit at position 0 on $auto$ff.cc:337:slice$94 ($adffe) from module ct_prio_gate.

2.10.7. Executing OPT_CLEAN pass (remove unused cells and wires).
Finding unused cells or wires in module \ct_prio_gate..
Removed 8 unused cells and 8 unused wires.
<suppressed ~9 debug messages>

2.10.8. Executing OPT_EXPR pass (perform const folding).
Optimizing module ct_prio_gate.
<suppressed ~2 debug messages>

2.10.9. Rerunning OPT passes. (Maybe there is more to do..)

2.10.10. Executing OPT_MUXTREE pass (detect dead branches in mux trees).
Running muxtree optimizer on module \ct_prio_gate..
  Creating internal representation of mux trees.
  Evaluating internal representation of mux trees.
  Analyzing evaluation results.
Removed 0 multiplexer ports.
<suppressed ~6 debug messages>

2.10.11. Executing OPT_REDUCE pass (consolidate $*mux and $reduce_* inputs).
  Optimizing cells in module \ct_prio_gate.
Performed a total of 0 changes.

2.10.12. Executing OPT_MERGE pass (detect identical cells).
Finding identical cells in module `\ct_prio_gate'.
Computing hashes of 18 cells of `\ct_prio_gate'.
Finding duplicate cells in `\ct_prio_gate'.
Computing hashes of 17 cells of `\ct_prio_gate'.
Finding duplicate cells in `\ct_prio_gate'.
Computing hashes of 16 cells of `\ct_prio_gate'.
Finding duplicate cells in `\ct_prio_gate'.
<suppressed ~6 debug messages>
Removed a total of 2 cells.

2.10.13. Executing OPT_DFF pass (perform DFF optimizations).

2.10.14. Executing OPT_CLEAN pass (remove unused cells and wires).
Finding unused cells or wires in module \ct_prio_gate..
Removed 0 unused cells and 2 unused wires.
<suppressed ~1 debug messages>

2.10.15. Executing OPT_EXPR pass (perform const folding).
Optimizing module ct_prio_gate.

2.10.16. Rerunning OPT passes. (Maybe there is more to do..)

2.10.17. Executing OPT_MUXTREE pass (detect dead branches in mux trees).
Running muxtree optimizer on module \ct_prio_gate..
  Creating internal representation of mux trees.
  Evaluating internal representation of mux trees.
  Analyzing evaluation results.
Removed 0 multiplexer ports.
<suppressed ~6 debug messages>

2.10.18. Executing OPT_REDUCE pass (consolidate $*mux and $reduce_* inputs).
  Optimizing cells in module \ct_prio_gate.
Performed a total of 0 changes.

2.10.19. Executing OPT_MERGE pass (detect identical cells).
Finding identical cells in module `\ct_prio_gate'.
Computing hashes of 16 cells of `\ct_prio_gate'.
Finding duplicate cells in `\ct_prio_gate'.
Removed a total of 0 cells.

2.10.20. Executing OPT_DFF pass (perform DFF optimizations).

2.10.21. Executing OPT_CLEAN pass (remove unused cells and wires).
Finding unused cells or wires in module \ct_prio_gate..

2.10.22. Executing OPT_EXPR pass (perform const folding).
Optimizing module ct_prio_gate.

2.10.23. Finished fast OPT passes. (There is nothing left to do.)

2.11. Executing WREDUCE pass (reducing word size of cells).
Removed top 1 bits (of 2) from port B of cell ct_prio_gate.$and$/workdir/_tmp/ath2950_c910/ct_prio_gate_candidate.v:44$17 ($and).
Removed top 1 bits (of 2) from wire ct_prio_gate.prio[1].

2.12. Executing PEEPOPT pass (run peephole optimizers).

2.13. Executing OPT_CLEAN pass (remove unused cells and wires).
Finding unused cells or wires in module \ct_prio_gate..
Removed 0 unused cells and 1 unused wires.
<suppressed ~1 debug messages>

2.14. Executing ALUMACC pass (create $alu and $macc cells).
Extracting $alu and $macc cells in module ct_prio_gate:
  created 0 $alu and 0 $macc cells.

2.15. Executing SHARE pass (SAT-based resource sharing).

2.16. Executing OPT pass (performing simple optimizations).

2.16.1. Executing OPT_EXPR pass (perform const folding).
Optimizing module ct_prio_gate.

2.16.2. Executing OPT_MERGE pass (detect identical cells).
Finding identical cells in module `\ct_prio_gate'.
Computing hashes of 16 cells of `\ct_prio_gate'.
Finding duplicate cells in `\ct_prio_gate'.
Removed a total of 0 cells.

2.16.3. Executing OPT_MUXTREE pass (detect dead branches in mux trees).
Running muxtree optimizer on module \ct_prio_gate..
  Creating internal representation of mux trees.
  Evaluating internal representation of mux trees.
  Analyzing evaluation results.
Removed 0 multiplexer ports.
<suppressed ~6 debug messages>

2.16.4. Executing OPT_REDUCE pass (consolidate $*mux and $reduce_* inputs).
  Optimizing cells in module \ct_prio_gate.
Performed a total of 0 changes.

2.16.5. Executing OPT_MERGE pass (detect identical cells).
Finding identical cells in module `\ct_prio_gate'.
Computing hashes of 16 cells of `\ct_prio_gate'.
Finding duplicate cells in `\ct_prio_gate'.
Removed a total of 0 cells.

2.16.6. Executing OPT_DFF pass (perform DFF optimizations).

2.16.7. Executing OPT_CLEAN pass (remove unused cells and wires).
Finding unused cells or wires in module \ct_prio_gate..

2.16.8. Executing OPT_EXPR pass (perform const folding).
Optimizing module ct_prio_gate.

2.16.9. Finished fast OPT passes. (There is nothing left to do.)

2.17. Executing MEMORY pass.

2.17.1. Executing OPT_MEM pass (optimize memories).
Performed a total of 0 transformations.

2.17.2. Executing OPT_MEM_PRIORITY pass (removing unnecessary memory write priority relations).
Performed a total of 0 transformations.

2.17.3. Executing OPT_MEM_FEEDBACK pass (finding memory read-to-write feedback paths).

2.17.4. Executing MEMORY_BMUX2ROM pass (converting muxes to ROMs).

2.17.5. Executing MEMORY_DFF pass (merging $dff cells to $memrd).

2.17.6. Executing OPT_CLEAN pass (remove unused cells and wires).
Finding unused cells or wires in module \ct_prio_gate..

2.17.7. Executing MEMORY_SHARE pass (consolidating $memrd/$memwr cells).

2.17.8. Executing OPT_MEM_WIDEN pass (optimize memories where all ports are wide).
Performed a total of 0 transformations.

2.17.9. Executing OPT_CLEAN pass (remove unused cells and wires).
Finding unused cells or wires in module \ct_prio_gate..

2.17.10. Executing MEMORY_COLLECT pass (generating $mem cells).

2.18. Executing OPT_CLEAN pass (remove unused cells and wires).
Finding unused cells or wires in module \ct_prio_gate..

2.19. Executing OPT pass (performing simple optimizations).

2.19.1. Executing OPT_EXPR pass (perform const folding).
Optimizing module ct_prio_gate.
<suppressed ~24 debug messages>

2.19.2. Executing OPT_MERGE pass (detect identical cells).
Finding identical cells in module `\ct_prio_gate'.
Computing hashes of 10 cells of `\ct_prio_gate'.
Finding duplicate cells in `\ct_prio_gate'.
Removed a total of 0 cells.

2.19.3. Executing OPT_DFF pass (perform DFF optimizations).

2.19.4. Executing OPT_CLEAN pass (remove unused cells and wires).
Finding unused cells or wires in module \ct_prio_gate..
Removed 0 unused cells and 10 unused wires.
<suppressed ~1 debug messages>

2.19.5. Finished fast OPT passes.

2.20. Executing MEMORY_MAP pass (converting memories to logic and flip-flops).

2.21. Executing OPT pass (performing simple optimizations).

2.21.1. Executing OPT_EXPR pass (perform const folding).
Optimizing module ct_prio_gate.

2.21.2. Executing OPT_MERGE pass (detect identical cells).
Finding identical cells in module `\ct_prio_gate'.
Computing hashes of 10 cells of `\ct_prio_gate'.
Finding duplicate cells in `\ct_prio_gate'.
Removed a total of 0 cells.

2.21.3. Executing OPT_MUXTREE pass (detect dead branches in mux trees).
Running muxtree optimizer on module \ct_prio_gate..
  Creating internal representation of mux trees.
  No muxes found in this module.
Removed 0 multiplexer ports.

2.21.4. Executing OPT_REDUCE pass (consolidate $*mux and $reduce_* inputs).
  Optimizing cells in module \ct_prio_gate.
Performed a total of 0 changes.

2.21.5. Executing OPT_MERGE pass (detect identical cells).
Finding identical cells in module `\ct_prio_gate'.
Computing hashes of 10 cells of `\ct_prio_gate'.
Finding duplicate cells in `\ct_prio_gate'.
Removed a total of 0 cells.

2.21.6. Executing OPT_SHARE pass.

2.21.7. Executing OPT_DFF pass (perform DFF optimizations).

2.21.8. Executing OPT_CLEAN pass (remove unused cells and wires).
Finding unused cells or wires in module \ct_prio_gate..

2.21.9. Executing OPT_EXPR pass (perform const folding).
Optimizing module ct_prio_gate.

2.21.10. Finished fast OPT passes. (There is nothing left to do.)

2.22. Executing TECHMAP pass (map to technology primitives).

2.22.1. Executing Verilog-2005 frontend: /workdir/_tools/oss-cad-suite-20260630/lib/../share/yosys/techmap.v
Parsing Verilog input from `/workdir/_tools/oss-cad-suite-20260630/lib/../share/yosys/techmap.v' to AST representation.
Generating RTLIL representation for module `\_90_simplemap_bool_ops'.
Generating RTLIL representation for module `\_90_simplemap_reduce_ops'.
Generating RTLIL representation for module `\_90_simplemap_logic_ops'.
Generating RTLIL representation for module `\_90_simplemap_compare_ops'.
Generating RTLIL representation for module `\_90_simplemap_various'.
Generating RTLIL representation for module `\_90_simplemap_registers'.
Generating RTLIL representation for module `\_90_shift_ops_shr_shl_sshl_sshr'.
Generating RTLIL representation for module `\_90_shift_shiftx'.
Generating RTLIL representation for module `\_90_fa'.
Generating RTLIL representation for module `\_90_lcu_brent_kung'.
Generating RTLIL representation for module `\_90_alu'.
Generating RTLIL representation for module `\_90_macc'.
Generating RTLIL representation for module `\_90_alumacc'.
Generating RTLIL representation for module `$__div_mod_u'.
Generating RTLIL representation for module `$__div_mod_trunc'.
Generating RTLIL representation for module `\_90_div'.
Generating RTLIL representation for module `\_90_mod'.
Generating RTLIL representation for module `$__div_mod_floor'.
Generating RTLIL representation for module `\_90_divfloor'.
Generating RTLIL representation for module `\_90_modfloor'.
Generating RTLIL representation for module `\_90_pow'.
Generating RTLIL representation for module `\_90_demux'.
Generating RTLIL representation for module `\_90_lut'.
Generating RTLIL representation for module `$connect'.
Generating RTLIL representation for module `$input_port'.
Successfully finished Verilog frontend.

2.22.2. Continuing TECHMAP pass.
Using extmapper simplemap for cells of type $and.
Using extmapper simplemap for cells of type $reduce_bool.
Using extmapper simplemap for cells of type $adffe.
Using extmapper simplemap for cells of type $reduce_and.
Using extmapper simplemap for cells of type $logic_not.
Using extmapper simplemap for cells of type $logic_and.
No more expansions possible.
<suppressed ~87 debug messages>

2.23. Executing OPT pass (performing simple optimizations).

2.23.1. Executing OPT_EXPR pass (perform const folding).
Optimizing module ct_prio_gate.

2.23.2. Executing OPT_MERGE pass (detect identical cells).
Finding identical cells in module `\ct_prio_gate'.
Computing hashes of 10 cells of `\ct_prio_gate'.
Finding duplicate cells in `\ct_prio_gate'.
Removed a total of 0 cells.

2.23.3. Executing OPT_DFF pass (perform DFF optimizations).

2.23.4. Executing OPT_CLEAN pass (remove unused cells and wires).
Finding unused cells or wires in module \ct_prio_gate..
Removed 0 unused cells and 2 unused wires.
<suppressed ~1 debug messages>

2.23.5. Finished fast OPT passes.

2.24. Executing ABC pass (technology mapping using ABC).

2.24.1. Extracting gate netlist of module `\ct_prio_gate' to `<abc-temp-dir>/input.blif'..

2.24.1.1. Executed ABC.
Extracted 8 gates and 13 wires to a netlist network with 5 inputs and 3 outputs.
Running ABC script: <abc-temp-dir>/abc.script
ABC: UC Berkeley, ABC 1.01 (compiled Jun 30 2026 04:50:19)
ABC: abc 01> empty
ABC: abc 01> source <abc-temp-dir>/abc.script
ABC: + read_blif <abc-temp-dir>/input.blif 
ABC: + read_library <abc-temp-dir>/stdcells.genlib 
ABC: + strash 
ABC: + &get -n 
ABC: + &fraig -x 
ABC: + &put 
ABC: + scorr 
ABC: Warning: The network is combinational (run "fraig" or "fraig_sweep").
ABC: + dc2 
ABC: + dretime 
ABC: + strash 
ABC: + &get -n 
ABC: + &dch -f 
ABC: + &nf 
ABC: + &put 
ABC: + write_blif <abc-temp-dir>/output.blif 
ABC: 
ABC: YOSYS_ABC_DONE 

2.24.1.2. Re-integrating ABC results.
ABC RESULTS:               AND cells:        3
ABC RESULTS:              NAND cells:        2
ABC RESULTS:                OR cells:        1
ABC RESULTS:        internal signals:        5
ABC RESULTS:           input signals:        5
ABC RESULTS:          output signals:        3
Removing temp directory.
Removing global temp directory.

2.25. Executing OPT pass (performing simple optimizations).

2.25.1. Executing OPT_EXPR pass (perform const folding).
Optimizing module ct_prio_gate.

2.25.2. Executing OPT_MERGE pass (detect identical cells).
Finding identical cells in module `\ct_prio_gate'.
Computing hashes of 8 cells of `\ct_prio_gate'.
Finding duplicate cells in `\ct_prio_gate'.
Removed a total of 0 cells.

2.25.3. Executing OPT_DFF pass (perform DFF optimizations).

2.25.4. Executing OPT_CLEAN pass (remove unused cells and wires).
Finding unused cells or wires in module \ct_prio_gate..
Removed 0 unused cells and 13 unused wires.
<suppressed ~1 debug messages>

2.25.5. Finished fast OPT passes.

2.26. Executing HIERARCHY pass (managing design hierarchy).
Attribute `top' found on module `ct_prio_gate'. Setting top module to ct_prio_gate.

2.26.1. Analyzing design hierarchy..
Top module:  \ct_prio_gate

2.26.2. Analyzing design hierarchy..
Top module:  \ct_prio_gate
Removed 0 unused modules.

2.27. Printing statistics.

=== ct_prio_gate ===

        +----------Local Count, excluding submodules.
        | 
       11 wires
       14 wire bits
        7 public wires
       10 public wire bits
        5 ports
        7 port bits
        8 cells
        3   $_AND_
        1   $_DFFE_PN0P_
        1   $_DFFE_PN1P_
        2   $_NAND_
        1   $_OR_

2.28. Executing CHECK pass (checking for obvious problems).
Checking module ct_prio_gate...
Found and reported 0 problems.

3. Executing DFFLIBMAP pass (mapping DFF cells to sequential cells from liberty file).
  cell sky130_fd_sc_hd__dfxtp_1 (noninv, pins=3, area=20.02) is a direct match for cell type $_DFF_P_.
  cell sky130_fd_sc_hd__dfrtn_1 (noninv, pins=4, area=25.02) is a direct match for cell type $_DFF_NN0_.
  cell sky130_fd_sc_hd__dfrtp_1 (noninv, pins=4, area=25.02) is a direct match for cell type $_DFF_PN0_.
  cell sky130_fd_sc_hd__dfstp_2 (noninv, pins=4, area=26.28) is a direct match for cell type $_DFF_PN1_.
  cell sky130_fd_sc_hd__edfxtp_1 (noninv, pins=4, area=30.03) is a direct match for cell type $_DFFE_PP_.
  cell sky130_fd_sc_hd__dfbbn_1 (noninv, pins=6, area=32.53) is a direct match for cell type $_DFFSR_NNN_.
  cell sky130_fd_sc_hd__dfbbp_1 (noninv, pins=6, area=32.53) is a direct match for cell type $_DFFSR_PNN_.
  final dff cell mappings:
    unmapped dff cell: $_DFF_N_
    \sky130_fd_sc_hd__dfxtp_1 _DFF_P_ (.CLK( C), .D( D), .Q( Q));
    \sky130_fd_sc_hd__dfrtn_1 _DFF_NN0_ (.CLK_N( C), .D( D), .Q( Q), .RESET_B( R));
    unmapped dff cell: $_DFF_NN1_
    unmapped dff cell: $_DFF_NP0_
    unmapped dff cell: $_DFF_NP1_
    \sky130_fd_sc_hd__dfrtp_1 _DFF_PN0_ (.CLK( C), .D( D), .Q( Q), .RESET_B( R));
    \sky130_fd_sc_hd__dfstp_2 _DFF_PN1_ (.CLK( C), .D( D), .Q( Q), .SET_B( R));
    unmapped dff cell: $_DFF_PP0_
    unmapped dff cell: $_DFF_PP1_
    unmapped dff cell: $_DFFE_NN_
    unmapped dff cell: $_DFFE_NP_
    unmapped dff cell: $_DFFE_PN_
    \sky130_fd_sc_hd__edfxtp_1 _DFFE_PP_ (.CLK( C), .D( D), .DE( E), .Q( Q));
    \sky130_fd_sc_hd__dfbbn_1 _DFFSR_NNN_ (.CLK_N( C), .D( D), .Q( Q), .Q_N(~Q), .RESET_B( R), .SET_B( S));
    unmapped dff cell: $_DFFSR_NNP_
    unmapped dff cell: $_DFFSR_NPN_
    unmapped dff cell: $_DFFSR_NPP_
    \sky130_fd_sc_hd__dfbbp_1 _DFFSR_PNN_ (.CLK( C), .D( D), .Q( Q), .Q_N(~Q), .RESET_B( R), .SET_B( S));
    unmapped dff cell: $_DFFSR_PNP_
    unmapped dff cell: $_DFFSR_PPN_
    unmapped dff cell: $_DFFSR_PPP_

3.1. Executing DFFLEGALIZE pass (convert FFs to types supported by the target).
<suppressed ~24 debug messages>
Mapping DFF cells in module `\ct_prio_gate':
  mapped 1 $_DFF_PN0_ cells to \sky130_fd_sc_hd__dfrtp_1 cells.
  mapped 1 $_DFF_PN1_ cells to \sky130_fd_sc_hd__dfstp_2 cells.

4. Executing ABC pass (technology mapping using ABC).

4.1. Extracting gate netlist of module `\ct_prio_gate' to `<abc-temp-dir>/input.blif'..
ABC: using cached merged SCL: /tmp/yosys-liberty-scl-cache/yosys_merged_33924531.scl (1 files)

4.1.1. Executed ABC.
Extracted 8 gates and 13 wires to a netlist network with 5 inputs and 4 outputs.
Running ABC script: <abc-temp-dir>/abc.script
ABC: UC Berkeley, ABC 1.01 (compiled Jun 30 2026 04:50:19)
ABC: abc 01> empty
ABC: abc 01> source <abc-temp-dir>/abc.script
ABC: + read_blif <abc-temp-dir>/input.blif 
ABC: + read_scl /tmp/yosys-liberty-scl-cache/yosys_merged_33924531.scl 
ABC: Warning: Detected 9 multi-output cells (for example, "sky130_fd_sc_hd__fa_1").
ABC: + strash 
ABC: + &get -n 
ABC: + &fraig -x 
ABC: + &put 
ABC: + scorr 
ABC: Warning: The network is combinational (run "fraig" or "fraig_sweep").
ABC: + dc2 
ABC: + dretime 
ABC: + strash 
ABC: + &get -n 
ABC: + &dch -f 
ABC: + &nf 
ABC: + &put 
ABC: + write_blif <abc-temp-dir>/output.blif 
ABC: 
ABC: YOSYS_ABC_DONE 

4.1.2. Re-integrating ABC results.
ABC RESULTS:   sky130_fd_sc_hd__a21boi_0 cells:        2
ABC RESULTS:   sky130_fd_sc_hd__mux2_1 cells:        2
ABC RESULTS:   sky130_fd_sc_hd__o21ai_0 cells:        1
ABC RESULTS:        internal signals:        4
ABC RESULTS:           input signals:        5
ABC RESULTS:          output signals:        4
Removing temp directory.
Removing global temp directory.
Removed 0 unused cells and 13 unused wires.

5. Printing statistics.

=== ct_prio_gate ===

        +----------Local Count, excluding submodules.
        |        +-Local Area, excluding submodules.
        |        | 
       10        - wires
       13        - wire bits
        7        - public wires
       10        - public wire bits
        5        - ports
        7        - port bits
        7    93.84 cells
        2   15.014   sky130_fd_sc_hd__a21boi_0
        1   25.024   sky130_fd_sc_hd__dfrtp_1
        1   26.275   sky130_fd_sc_hd__dfstp_2
        2   22.522   sky130_fd_sc_hd__mux2_1
        1    5.005   sky130_fd_sc_hd__o21ai_0

   Chip area for module '\ct_prio_gate': 93.840000
     of which used for sequential elements: 51.299200 (54.67%)

Warnings: 2 unique messages, 2 total
End of script. Logfile hash: 313644ba55, time: 0.20s, user: 0.10s, system: 0.03s, MEM: 44.12 MB peak
Yosys 0.66+181 (git sha1 afe6b18f2, Release, Clang /usr/bin/clang++ 18.1.8)
Time spent: 48% 2x abc (0 sec), 22% 1x dfflibmap (0 sec), ...
