
 /----------------------------------------------------------------------------\
 |  yosys -- Yosys Open SYnthesis Suite                                       |
 |  Copyright (C) 2012 - 2026  Claire Xenia Wolf <claire@yosyshq.com>         |
 |  Distributed under an ISC-like license, type "license" to see terms        |
 \----------------------------------------------------------------------------/
 Yosys 0.66+181 (git sha1 afe6b18f2, Release, Clang /usr/bin/clang++ 18.1.8)

-- Running command `read_verilog -sv /workdir/_tmp/ath2950_c910/ct_prio_gold.v; hierarchy -top ct_prio; proc; opt; memory; opt; stat' --

1. Executing Verilog-2005 frontend: /workdir/_tmp/ath2950_c910/ct_prio_gold.v
Parsing SystemVerilog input from `/workdir/_tmp/ath2950_c910/ct_prio_gold.v' to AST representation.
Generating RTLIL representation for module `\ct_prio'.
Warning: Replacing memory \prio with list of registers. See /workdir/_tmp/ath2950_c910/ct_prio_gold.v:44
Warning: Replacing memory \unused with list of registers. See /workdir/_tmp/ath2950_c910/ct_prio_gold.v:44
Successfully finished Verilog frontend.

2. Executing HIERARCHY pass (managing design hierarchy).

2.1. Analyzing design hierarchy..
Top module:  \ct_prio

2.2. Analyzing design hierarchy..
Top module:  \ct_prio
Removed 0 unused modules.

3. Executing PROC pass (convert processes to netlists).

3.1. Executing PROC_CLEAN pass (remove empty switches from decision trees).
Cleaned up 0 empty switches.

3.2. Executing PROC_RMDEAD pass (remove dead branches from decision trees).
Marked 1 switch rules as full_case in process $proc$/workdir/_tmp/ath2950_c910/ct_prio_gold.v:41$14 in module ct_prio.
Marked 1 switch rules as full_case in process $proc$/workdir/_tmp/ath2950_c910/ct_prio_gold.v:41$4 in module ct_prio.
Removed a total of 0 dead cases.

3.3. Executing PROC_PRUNE pass (remove redundant assignments in processes).
Removed 0 redundant assignments.
Promoted 2 assignments to connections.

3.4. Executing PROC_INIT pass (extract init attributes).

3.5. Executing PROC_ARST pass (detect async resets in processes).
Found async reset \rst_b in `\ct_prio.$proc$/workdir/_tmp/ath2950_c910/ct_prio_gold.v:41$14'.
Found async reset \rst_b in `\ct_prio.$proc$/workdir/_tmp/ath2950_c910/ct_prio_gold.v:41$4'.

3.6. Executing PROC_ROM pass (convert switches to ROMs).
Converted 0 switches.
<suppressed ~2 debug messages>

3.7. Executing PROC_MUX pass (convert decision trees to multiplexers).
Creating decoders for process `\ct_prio.$proc$/workdir/_tmp/ath2950_c910/ct_prio_gold.v:41$14'.
     1/3: $1$splitcmplxassign$/workdir/_tmp/ath2950_c910/ct_prio_gold.v:44$2[3:0]$17
     2/3: $0\prio[1][1:0]
     3/3: $0\unused[1][1:0]
Creating decoders for process `\ct_prio.$proc$/workdir/_tmp/ath2950_c910/ct_prio_gold.v:41$4'.
     1/3: $1$splitcmplxassign$/workdir/_tmp/ath2950_c910/ct_prio_gold.v:44$1[3:0]$7
     2/3: $0\prio[0][1:0]
     3/3: $0\unused[0][1:0]

3.8. Executing PROC_DLATCH pass (convert process syncs to latches).

3.9. Executing PROC_DFF pass (convert process syncs to FFs).
Creating register for signal `\ct_prio.$splitcmplxassign$/workdir/_tmp/ath2950_c910/ct_prio_gold.v:44$2' using process `\ct_prio.$proc$/workdir/_tmp/ath2950_c910/ct_prio_gold.v:41$14'.
  created $adff cell `$procdff$40' with positive edge clock and positive level reset.
Creating register for signal `\ct_prio.\unused[1]' using process `\ct_prio.$proc$/workdir/_tmp/ath2950_c910/ct_prio_gold.v:41$14'.
  created $adff cell `$procdff$45' with positive edge clock and positive level reset.
Creating register for signal `\ct_prio.\prio[1]' using process `\ct_prio.$proc$/workdir/_tmp/ath2950_c910/ct_prio_gold.v:41$14'.
  created $adff cell `$procdff$50' with positive edge clock and positive level reset.
Creating register for signal `\ct_prio.$splitcmplxassign$/workdir/_tmp/ath2950_c910/ct_prio_gold.v:44$1' using process `\ct_prio.$proc$/workdir/_tmp/ath2950_c910/ct_prio_gold.v:41$4'.
  created $adff cell `$procdff$55' with positive edge clock and positive level reset.
Creating register for signal `\ct_prio.\unused[0]' using process `\ct_prio.$proc$/workdir/_tmp/ath2950_c910/ct_prio_gold.v:41$4'.
  created $adff cell `$procdff$60' with positive edge clock and positive level reset.
Creating register for signal `\ct_prio.\prio[0]' using process `\ct_prio.$proc$/workdir/_tmp/ath2950_c910/ct_prio_gold.v:41$4'.
  created $adff cell `$procdff$65' with positive edge clock and positive level reset.

3.10. Executing PROC_MEMWR pass (convert process memory writes to cells).

3.11. Executing PROC_CLEAN pass (remove empty switches from decision trees).
Found and cleaned up 1 empty switch in `\ct_prio.$proc$/workdir/_tmp/ath2950_c910/ct_prio_gold.v:41$14'.
Removing empty process `ct_prio.$proc$/workdir/_tmp/ath2950_c910/ct_prio_gold.v:41$14'.
Found and cleaned up 1 empty switch in `\ct_prio.$proc$/workdir/_tmp/ath2950_c910/ct_prio_gold.v:41$4'.
Removing empty process `ct_prio.$proc$/workdir/_tmp/ath2950_c910/ct_prio_gold.v:41$4'.
Cleaned up 2 empty switches.

3.12. Executing OPT_EXPR pass (perform const folding).
Optimizing module ct_prio.
<suppressed ~12 debug messages>

4. Executing OPT pass (performing simple optimizations).

4.1. Executing OPT_EXPR pass (perform const folding).
Optimizing module ct_prio.

4.2. Executing OPT_MERGE pass (detect identical cells).
Finding identical cells in module `\ct_prio'.
Computing hashes of 37 cells of `\ct_prio'.
Finding duplicate cells in `\ct_prio'.
Computing hashes of 26 cells of `\ct_prio'.
Finding duplicate cells in `\ct_prio'.
<suppressed ~33 debug messages>
Removed a total of 11 cells.

4.3. Executing OPT_MUXTREE pass (detect dead branches in mux trees).
Running muxtree optimizer on module \ct_prio..
  Creating internal representation of mux trees.
  Evaluating internal representation of mux trees.
  Analyzing evaluation results.
Removed 0 multiplexer ports.
<suppressed ~6 debug messages>

4.4. Executing OPT_REDUCE pass (consolidate $*mux and $reduce_* inputs).
  Optimizing cells in module \ct_prio.
Performed a total of 0 changes.

4.5. Executing OPT_MERGE pass (detect identical cells).
Finding identical cells in module `\ct_prio'.
Computing hashes of 26 cells of `\ct_prio'.
Finding duplicate cells in `\ct_prio'.
Removed a total of 0 cells.

4.6. Executing OPT_DFF pass (perform DFF optimizations).
Handling D = Q on $procdff$60 ($adff) from module ct_prio (removing D path).
Adding EN signal on $procdff$50 ($adff) from module ct_prio (D = $ternary$/workdir/_tmp/ath2950_c910/ct_prio_gold.v:46$23_Y, Q = \prio[1]).
Adding EN signal on $procdff$65 ($adff) from module ct_prio (D = $ternary$/workdir/_tmp/ath2950_c910/ct_prio_gold.v:46$13_Y, Q = \prio[0]).
Handling D = Q on $procdff$45 ($adff) from module ct_prio (removing D path).
Setting constant 0-bit at position 0 on $procdff$45 ($dlatch) from module ct_prio.
Setting constant 1-bit at position 1 on $procdff$45 ($dlatch) from module ct_prio.
Setting constant 1-bit at position 0 on $procdff$60 ($dlatch) from module ct_prio.
Setting constant 1-bit at position 1 on $procdff$60 ($dlatch) from module ct_prio.
Setting constant 1-bit at position 0 on $procdff$55 ($adff) from module ct_prio.
Setting constant 1-bit at position 1 on $procdff$55 ($adff) from module ct_prio.
Setting constant 1-bit at position 2 on $procdff$55 ($adff) from module ct_prio.
Setting constant 1-bit at position 3 on $procdff$55 ($adff) from module ct_prio.

4.7. Executing OPT_CLEAN pass (remove unused cells and wires).
Finding unused cells or wires in module \ct_prio..
Removed 4 unused cells and 35 unused wires.
<suppressed ~5 debug messages>

4.8. Executing OPT_EXPR pass (perform const folding).
Optimizing module ct_prio.

4.9. Rerunning OPT passes. (Maybe there is more to do..)

4.10. Executing OPT_MUXTREE pass (detect dead branches in mux trees).
Running muxtree optimizer on module \ct_prio..
  Creating internal representation of mux trees.
  Evaluating internal representation of mux trees.
  Analyzing evaluation results.
Removed 0 multiplexer ports.
<suppressed ~4 debug messages>

4.11. Executing OPT_REDUCE pass (consolidate $*mux and $reduce_* inputs).
  Optimizing cells in module \ct_prio.
Performed a total of 0 changes.

4.12. Executing OPT_MERGE pass (detect identical cells).
Finding identical cells in module `\ct_prio'.
Computing hashes of 19 cells of `\ct_prio'.
Finding duplicate cells in `\ct_prio'.
Removed a total of 0 cells.

4.13. Executing OPT_DFF pass (perform DFF optimizations).

4.14. Executing OPT_CLEAN pass (remove unused cells and wires).
Finding unused cells or wires in module \ct_prio..

4.15. Executing OPT_EXPR pass (perform const folding).
Optimizing module ct_prio.

4.16. Finished fast OPT passes. (There is nothing left to do.)

5. Executing MEMORY pass.

5.1. Executing OPT_MEM pass (optimize memories).
Performed a total of 0 transformations.

5.2. Executing OPT_MEM_PRIORITY pass (removing unnecessary memory write priority relations).
Performed a total of 0 transformations.

5.3. Executing OPT_MEM_FEEDBACK pass (finding memory read-to-write feedback paths).

5.4. Executing MEMORY_BMUX2ROM pass (converting muxes to ROMs).

5.5. Executing MEMORY_DFF pass (merging $dff cells to $memrd).

5.6. Executing OPT_CLEAN pass (remove unused cells and wires).
Finding unused cells or wires in module \ct_prio..

5.7. Executing MEMORY_SHARE pass (consolidating $memrd/$memwr cells).

5.8. Executing OPT_MEM_WIDEN pass (optimize memories where all ports are wide).
Performed a total of 0 transformations.

5.9. Executing OPT_CLEAN pass (remove unused cells and wires).
Finding unused cells or wires in module \ct_prio..

5.10. Executing MEMORY_COLLECT pass (generating $mem cells).

5.11. Executing MEMORY_MAP pass (converting memories to logic and flip-flops).

6. Executing OPT pass (performing simple optimizations).

6.1. Executing OPT_EXPR pass (perform const folding).
Optimizing module ct_prio.

6.2. Executing OPT_MERGE pass (detect identical cells).
Finding identical cells in module `\ct_prio'.
Computing hashes of 19 cells of `\ct_prio'.
Finding duplicate cells in `\ct_prio'.
Removed a total of 0 cells.

6.3. Executing OPT_MUXTREE pass (detect dead branches in mux trees).
Running muxtree optimizer on module \ct_prio..
  Creating internal representation of mux trees.
  Evaluating internal representation of mux trees.
  Analyzing evaluation results.
Removed 0 multiplexer ports.
<suppressed ~4 debug messages>

6.4. Executing OPT_REDUCE pass (consolidate $*mux and $reduce_* inputs).
  Optimizing cells in module \ct_prio.
Performed a total of 0 changes.

6.5. Executing OPT_MERGE pass (detect identical cells).
Finding identical cells in module `\ct_prio'.
Computing hashes of 19 cells of `\ct_prio'.
Finding duplicate cells in `\ct_prio'.
Removed a total of 0 cells.

6.6. Executing OPT_DFF pass (perform DFF optimizations).

6.7. Executing OPT_CLEAN pass (remove unused cells and wires).
Finding unused cells or wires in module \ct_prio..

6.8. Executing OPT_EXPR pass (perform const folding).
Optimizing module ct_prio.

6.9. Finished fast OPT passes. (There is nothing left to do.)

7. Printing statistics.

=== ct_prio ===

        +----------Local Count, excluding submodules.
        | 
       24 wires
       38 wire bits
       10 public wires
       17 public wire bits
        5 ports
        7 port bits
       19 cells
        2   $adffe
        5   $and
        2   $eq
        2   $logic_and
        2   $logic_not
        2   $mux
        1   $not
        3   $reduce_or

Warnings: 2 unique messages, 2 total
End of script. Logfile hash: d0d9d11d1d, time: 0.01s, user: 0.01s, system: 0.01s, MEM: 16.12 MB peak
Yosys 0.66+181 (git sha1 afe6b18f2, Release, Clang /usr/bin/clang++ 18.1.8)
Time spent: 31% 2x read_verilog (0 sec), 17% 5x opt_merge (0 sec), ...
