OpenSTA 2.2.0 02b129d48f Copyright (c) 2019, Parallax Software, Inc.
License GPLv3: GNU GPL version 3 <http://gnu.org/licenses/gpl.html>

This is free software, and you are free to change and redistribute it
under certain conditions; type `show_copying' for details. 
This program comes with ABSOLUTELY NO WARRANTY; for details type `show_warranty'.
Error: ./ct_lsu_vb_gold.mapped.v, line 11388 syntax error.
Error: ./ct_lsu_vb_gold.mapped.v, line 11395 syntax error.
Startpoint: _2648_ (rising edge-triggered flip-flop clocked by lsu_special_clk)
Endpoint: _2707_ (rising edge-triggered flip-flop clocked by lsu_special_clk)
Path Group: lsu_special_clk
Path Type: max

  Delay    Time   Description
---------------------------------------------------------
   0.00    0.00   clock lsu_special_clk (rise edge)
   0.00    0.00   clock network delay (ideal)
   0.00    0.00 ^ _2648_/CLK (sky130_fd_sc_hd__dfrtp_1)
   0.46    0.46 v _2648_/Q (sky130_fd_sc_hd__dfrtp_1)
   0.16    0.62 ^ _1225_/Y (sky130_fd_sc_hd__nand2_1)
   0.10    0.73 v _2072_/Y (sky130_fd_sc_hd__nand3_1)
   2.06    2.79 ^ _2146_/Y (sky130_fd_sc_hd__nor2_1)
   1.54    4.33 v _2148_/Y (sky130_fd_sc_hd__nor2_1)
   0.58    4.91 ^ _2153_/Y (sky130_fd_sc_hd__nand2_1)
   0.47    5.38 v _2263_/Y (sky130_fd_sc_hd__a21oi_1)
   0.63    6.01 v _2401_/X (sky130_fd_sc_hd__mux2_1)
   0.00    6.01 v _2707_/D (sky130_fd_sc_hd__dfrtp_1)
           6.01   data arrival time

  10.00   10.00   clock lsu_special_clk (rise edge)
   0.00   10.00   clock network delay (ideal)
   0.00   10.00   clock reconvergence pessimism
          10.00 ^ _2707_/CLK (sky130_fd_sc_hd__dfrtp_1)
  -0.13    9.87   library setup time
           9.87   data required time
---------------------------------------------------------
           9.87   data required time
          -6.01   data arrival time
---------------------------------------------------------
           3.86   slack (MET)


tns 0.00
wns 0.00
Group                  Internal  Switching    Leakage      Total
                          Power      Power      Power      Power
----------------------------------------------------------------
Sequential             3.30e-04   5.03e-05   1.32e-09   3.80e-04  63.9%
Combinational          1.13e-04   1.02e-04   3.22e-09   2.15e-04  36.1%
Macro                  0.00e+00   0.00e+00   0.00e+00   0.00e+00   0.0%
Pad                    0.00e+00   0.00e+00   0.00e+00   0.00e+00   0.0%
----------------------------------------------------------------
Total                  4.42e-04   1.52e-04   4.54e-09   5.95e-04 100.0%
                          74.4%      25.6%       0.0%
