OpenSTA 2.2.0 02b129d48f Copyright (c) 2019, Parallax Software, Inc.
License GPLv3: GNU GPL version 3 <http://gnu.org/licenses/gpl.html>

This is free software, and you are free to change and redistribute it
under certain conditions; type `show_copying' for details. 
This program comes with ABSOLUTELY NO WARRANTY; for details type `show_warranty'.
Error: ./ct_lsu_vb_metric_negative.mapped.v, line 13707 syntax error.
Error: ./ct_lsu_vb_metric_negative.mapped.v, line 13714 syntax error.
Startpoint: vb_data_entry_biu_req[0] (input port clocked by lsu_special_clk)
Endpoint: vb_biu_aw_user (output port clocked by lsu_special_clk)
Path Group: lsu_special_clk
Path Type: max

  Delay    Time   Description
---------------------------------------------------------
   0.00    0.00   clock lsu_special_clk (rise edge)
   0.00    0.00   clock network delay (ideal)
   0.00    0.00 v input external delay
   0.00    0.00 v vb_data_entry_biu_req[0] (in)
   3.50    3.50 ^ _1614_/Y (sky130_fd_sc_hd__nor3_1)
   0.79    4.29 v _2499_/Y (sky130_fd_sc_hd__o311ai_0)
   0.51    4.79 v _2506_/X (sky130_fd_sc_hd__a311o_1)
   0.24    5.03 v _2507_/X (sky130_fd_sc_hd__a31o_1)
   0.31    5.34 v _2510_/X (sky130_fd_sc_hd__a211o_1)
   0.33    5.67 ^ _2514_/Y (sky130_fd_sc_hd__a311oi_1)
   0.12    5.79 v _2519_/Y (sky130_fd_sc_hd__o31ai_1)
   0.21    6.01 ^ _2523_/Y (sky130_fd_sc_hd__a31oi_1)
   0.18    6.18 ^ _2532_/X (sky130_fd_sc_hd__o31a_1)
   0.10    6.28 v _2540_/Y (sky130_fd_sc_hd__o31ai_1)
   0.33    6.62 ^ _2547_/Y (sky130_fd_sc_hd__a311oi_1)
   0.14    6.76 v _2552_/Y (sky130_fd_sc_hd__o31ai_1)
   0.32    7.08 ^ _2555_/Y (sky130_fd_sc_hd__a311oi_1)
   0.11    7.19 v _2561_/Y (sky130_fd_sc_hd__o21ai_0)
   0.20    7.39 ^ _2564_/Y (sky130_fd_sc_hd__a31oi_1)
   0.13    7.53 v _2666_/Y (sky130_fd_sc_hd__o21ai_0)
   0.21    7.74 ^ _2680_/Y (sky130_fd_sc_hd__a31oi_1)
   0.10    7.83 v _2685_/Y (sky130_fd_sc_hd__o21ai_0)
   0.25    8.08 v _2686_/X (sky130_fd_sc_hd__a31o_1)
   0.18    8.26 ^ _2692_/Y (sky130_fd_sc_hd__mux2i_1)
   0.16    8.42 ^ _2693_/Y (sky130_fd_sc_hd__xnor2_1)
   0.14    8.56 ^ _2694_/Y (sky130_fd_sc_hd__xnor2_1)
   0.37    8.93 v _2707_/X (sky130_fd_sc_hd__xnor3_1)
   0.00    8.93 v vb_biu_aw_user (out)
           8.93   data arrival time

  10.00   10.00   clock lsu_special_clk (rise edge)
   0.00   10.00   clock network delay (ideal)
   0.00   10.00   clock reconvergence pessimism
   0.00   10.00   output external delay
          10.00   data required time
---------------------------------------------------------
          10.00   data required time
          -8.93   data arrival time
---------------------------------------------------------
           1.07   slack (MET)


Group                  Internal  Switching    Leakage      Total
                          Power      Power      Power      Power
----------------------------------------------------------------
Sequential             3.30e-04   4.92e-05   1.32e-09   3.79e-04  57.3%
Combinational          1.45e-04   1.37e-04   3.95e-09   2.83e-04  42.7%
Macro                  0.00e+00   0.00e+00   0.00e+00   0.00e+00   0.0%
Pad                    0.00e+00   0.00e+00   0.00e+00   0.00e+00   0.0%
----------------------------------------------------------------
Total                  4.75e-04   1.87e-04   5.27e-09   6.62e-04 100.0%
                          71.8%      28.2%       0.0%
