OpenSTA 2.2.0 02b129d48f Copyright (c) 2019, Parallax Software, Inc.
License GPLv3: GNU GPL version 3 <http://gnu.org/licenses/gpl.html>

This is free software, and you are free to change and redistribute it
under certain conditions; type `show_copying' for details. 
This program comes with ABSOLUTELY NO WARRANTY; for details type `show_warranty'.
 time 1ns
 capacitance 1pF
 resistance 1kohm
 voltage 1v
 current 1mA
 power 1nW
 distance 1um
Startpoint: clr (input port clocked by clk)
Endpoint: _24_ (rising edge-triggered flip-flop clocked by clk)
Path Group: clk
Path Type: min

  Delay    Time   Description
---------------------------------------------------------
   0.00    0.00   clock clk (rise edge)
   0.00    0.00   clock network delay (ideal)
   0.00    0.00 ^ input external delay
   0.00    0.00 ^ clr (in)
   0.04    0.04 v _19_/Y (sky130_fd_sc_hd__a21oi_1)
   0.00    0.05 v _24_/D (sky130_fd_sc_hd__dfstp_2)
           0.05   data arrival time

   0.00    0.00   clock clk (rise edge)
   0.00    0.00   clock network delay (ideal)
   0.00    0.00   clock reconvergence pessimism
           0.00 ^ _24_/CLK (sky130_fd_sc_hd__dfstp_2)
  -0.02   -0.02   library hold time
          -0.02   data required time
---------------------------------------------------------
          -0.02   data required time
          -0.05   data arrival time
---------------------------------------------------------
           0.06   slack (MET)


Startpoint: _24_ (rising edge-triggered flip-flop clocked by clk)
Endpoint: _23_ (rising edge-triggered flip-flop clocked by clk)
Path Group: clk
Path Type: max

  Delay    Time   Description
---------------------------------------------------------
   0.00    0.00   clock clk (rise edge)
   0.00    0.00   clock network delay (ideal)
   0.00    0.00 ^ _24_/CLK (sky130_fd_sc_hd__dfstp_2)
   0.50    0.50 ^ _24_/Q (sky130_fd_sc_hd__dfstp_2)
   0.05    0.55 v _14_/Y (sky130_fd_sc_hd__nand2_1)
   0.17    0.71 v _15_/X (sky130_fd_sc_hd__and3_1)
   0.13    0.84 ^ _17_/Y (sky130_fd_sc_hd__a21oi_1)
   0.00    0.85 ^ _23_/D (sky130_fd_sc_hd__dfrtp_1)
           0.85   data arrival time

  10.00   10.00   clock clk (rise edge)
   0.00   10.00   clock network delay (ideal)
   0.00   10.00   clock reconvergence pessimism
          10.00 ^ _23_/CLK (sky130_fd_sc_hd__dfrtp_1)
  -0.08    9.92   library setup time
           9.92   data required time
---------------------------------------------------------
           9.92   data required time
          -0.85   data arrival time
---------------------------------------------------------
           9.08   slack (MET)


tns 0.00
wns 0.00
Group                  Internal  Switching    Leakage      Total
                          Power      Power      Power      Power
----------------------------------------------------------------
Sequential             9.06e-06   3.64e-07   3.41e-11   9.43e-06  87.6%
Combinational          7.88e-07   5.52e-07   2.72e-11   1.34e-06  12.4%
Macro                  0.00e+00   0.00e+00   0.00e+00   0.00e+00   0.0%
Pad                    0.00e+00   0.00e+00   0.00e+00   0.00e+00   0.0%
----------------------------------------------------------------
Total                  9.85e-06   9.16e-07   6.13e-11   1.08e-05 100.0%
                          91.5%       8.5%       0.0%
