OpenSTA 2.2.0 02b129d48f Copyright (c) 2019, Parallax Software, Inc.
License GPLv3: GNU GPL version 3 <http://gnu.org/licenses/gpl.html>

This is free software, and you are free to change and redistribute it
under certain conditions; type `show_copying' for details. 
This program comes with ABSOLUTELY NO WARRANTY; for details type `show_warranty'.
 time 1ns
 capacitance 1pF
 resistance 1kohm
 voltage 1v
 current 1mA
 power 1nW
 distance 1um
Startpoint: valid[1] (input port clocked by clk)
Endpoint: sel[0] (output port clocked by clk)
Path Group: clk
Path Type: min

  Delay    Time   Description
---------------------------------------------------------
   0.00    0.00   clock clk (rise edge)
   0.00    0.00   clock network delay (ideal)
   0.00    0.00 ^ input external delay
   0.00    0.00 ^ valid[1] (in)
   0.04    0.04 v _4_/Y (sky130_fd_sc_hd__a21boi_0)
   0.00    0.04 v sel[0] (out)
           0.04   data arrival time

   0.00    0.00   clock clk (rise edge)
   0.00    0.00   clock network delay (ideal)
   0.00    0.00   clock reconvergence pessimism
   0.00    0.00   output external delay
           0.00   data required time
---------------------------------------------------------
           0.00   data required time
          -0.04   data arrival time
---------------------------------------------------------
           0.04   slack (MET)


Startpoint: _8_ (rising edge-triggered flip-flop clocked by clk)
Endpoint: _8_ (rising edge-triggered flip-flop clocked by clk)
Path Group: clk
Path Type: max

  Delay    Time   Description
---------------------------------------------------------
   0.00    0.00   clock clk (rise edge)
   0.00    0.00   clock network delay (ideal)
   0.00    0.00 ^ _8_/CLK (sky130_fd_sc_hd__dfrtp_1)
   0.36    0.36 v _8_/Q (sky130_fd_sc_hd__dfrtp_1)
   0.13    0.48 v _6_/Y (sky130_fd_sc_hd__a21boi_0)
   0.23    0.71 v _7_/X (sky130_fd_sc_hd__a31o_1)
   0.17    0.89 v _ppa_bad_buf_0/X (sky130_fd_sc_hd__buf_16)
   0.14    1.03 v _ppa_bad_buf_1/X (sky130_fd_sc_hd__buf_16)
   0.14    1.17 v _ppa_bad_buf_2/X (sky130_fd_sc_hd__buf_16)
   0.14    1.31 v _ppa_bad_buf_3/X (sky130_fd_sc_hd__buf_16)
   0.14    1.46 v _ppa_bad_buf_4/X (sky130_fd_sc_hd__buf_16)
   0.14    1.60 v _ppa_bad_buf_5/X (sky130_fd_sc_hd__buf_16)
   0.14    1.74 v _ppa_bad_buf_6/X (sky130_fd_sc_hd__buf_16)
   0.14    1.88 v _ppa_bad_buf_7/X (sky130_fd_sc_hd__buf_16)
   0.14    2.02 v _ppa_bad_buf_8/X (sky130_fd_sc_hd__buf_16)
   0.14    2.16 v _ppa_bad_buf_9/X (sky130_fd_sc_hd__buf_16)
   0.14    2.31 v _ppa_bad_buf_10/X (sky130_fd_sc_hd__buf_16)
   0.14    2.44 v _ppa_bad_buf_11/X (sky130_fd_sc_hd__buf_16)
   0.00    2.45 v _8_/D (sky130_fd_sc_hd__dfrtp_1)
           2.45   data arrival time

  10.00   10.00   clock clk (rise edge)
   0.00   10.00   clock network delay (ideal)
   0.00   10.00   clock reconvergence pessimism
          10.00 ^ _8_/CLK (sky130_fd_sc_hd__dfrtp_1)
  -0.12    9.88   library setup time
           9.88   data required time
---------------------------------------------------------
           9.88   data required time
          -2.45   data arrival time
---------------------------------------------------------
           7.44   slack (MET)


tns 0.00
wns 0.00
Group                  Internal  Switching    Leakage      Total
                          Power      Power      Power      Power
----------------------------------------------------------------
Sequential             2.22e-06   1.21e-07   8.74e-12   2.34e-06  12.7%
Combinational          1.31e-05   3.02e-06   1.64e-10   1.61e-05  87.3%
Macro                  0.00e+00   0.00e+00   0.00e+00   0.00e+00   0.0%
Pad                    0.00e+00   0.00e+00   0.00e+00   0.00e+00   0.0%
----------------------------------------------------------------
Total                  1.53e-05   3.14e-06   1.72e-10   1.84e-05 100.0%
                          83.0%      17.0%       0.0%
