OpenSTA 2.2.0 02b129d48f Copyright (c) 2019, Parallax Software, Inc.
License GPLv3: GNU GPL version 3 <http://gnu.org/licenses/gpl.html>

This is free software, and you are free to change and redistribute it
under certain conditions; type `show_copying' for details.
This program comes with ABSOLUTELY NO WARRANTY; for details type `show_warranty'.
Startpoint: ff1_data[6] (input port clocked by virtual_clk)
Endpoint: ff1_result[0] (output port clocked by virtual_clk)
Path Group: virtual_clk
Path Type: max

  Delay    Time   Description
---------------------------------------------------------
   0.00    0.00   clock virtual_clk (rise edge)
   0.00    0.00   clock network delay (ideal)
   0.00    0.00 v input external delay
   0.00    0.00 v ff1_data[6] (in)
   0.52    0.52 ^ _15_/Y (sky130_fd_sc_hd__nor4_1)
   0.27    0.79 ^ _28_/X (sky130_fd_sc_hd__o311a_1)
   0.10    0.89 v _31_/Y (sky130_fd_sc_hd__o2111ai_1)
   0.00    0.89 v ff1_result[0] (out)
           0.89   data arrival time

  10.00   10.00   clock virtual_clk (rise edge)
   0.00   10.00   clock network delay (ideal)
   0.00   10.00   clock reconvergence pessimism
   0.00   10.00   output external delay
          10.00   data required time
---------------------------------------------------------
          10.00   data required time
          -0.89   data arrival time
---------------------------------------------------------
           9.11   slack (MET)


tns 0.00
wns 0.00
Group                  Internal  Switching    Leakage      Total
                          Power      Power      Power      Power
----------------------------------------------------------------
Sequential             0.00e+00   0.00e+00   0.00e+00   0.00e+00   0.0%
Combinational          1.40e-06   1.06e-06   2.37e-11   2.46e-06 100.0%
Macro                  0.00e+00   0.00e+00   0.00e+00   0.00e+00   0.0%
Pad                    0.00e+00   0.00e+00   0.00e+00   0.00e+00   0.0%
----------------------------------------------------------------
Total                  1.40e-06   1.06e-06   2.37e-11   2.46e-06 100.0%
                          56.8%      43.2%       0.0%
