OpenSTA 2.2.0 02b129d48f Copyright (c) 2019, Parallax Software, Inc.
License GPLv3: GNU GPL version 3 <http://gnu.org/licenses/gpl.html>

This is free software, and you are free to change and redistribute it
under certain conditions; type `show_copying' for details. 
This program comes with ABSOLUTELY NO WARRANTY; for details type `show_warranty'.
Startpoint: _22668_ (rising edge-triggered flip-flop clocked by lsu_special_clk)
Endpoint: _22624_ (rising edge-triggered flip-flop clocked by forever_cpuclk)
Path Group: forever_cpuclk
Path Type: max

  Delay    Time   Description
---------------------------------------------------------
   0.00    0.00   clock lsu_special_clk (rise edge)
   0.00    0.00   clock network delay (ideal)
   0.00    0.00 ^ _22668_/CLK (sky130_fd_sc_hd__dfrtp_1)
   0.54    0.54 v _22668_/Q (sky130_fd_sc_hd__dfrtp_1)
   0.42    0.96 ^ _11908_/Y (sky130_fd_sc_hd__a222oi_1)
   0.19    1.14 v _11909_/Y (sky130_fd_sc_hd__nand3_1)
   0.30    1.45 ^ _11914_/Y (sky130_fd_sc_hd__nor2_1)
   0.14    1.58 v _12027_/Y (sky130_fd_sc_hd__nand2_1)
   0.71    2.30 ^ _18631_/Y (sky130_fd_sc_hd__nor4_1)
   0.50    2.80 v _18639_/Y (sky130_fd_sc_hd__nand2_1)
   0.43    3.23 v _18640_/X (sky130_fd_sc_hd__and2_0)
   0.12    3.35 ^ _20752_/Y (sky130_fd_sc_hd__nand2_1)
   0.09    3.44 v _20755_/Y (sky130_fd_sc_hd__o211ai_1)
   0.00    3.44 v _22624_/D (sky130_fd_sc_hd__dfrtp_1)
           3.44   data arrival time

  10.00   10.00   clock forever_cpuclk (rise edge)
   0.00   10.00   clock network delay (ideal)
   0.00   10.00   clock reconvergence pessimism
          10.00 ^ _22624_/CLK (sky130_fd_sc_hd__dfrtp_1)
  -0.14    9.86   library setup time
           9.86   data required time
---------------------------------------------------------
           9.86   data required time
          -3.44   data arrival time
---------------------------------------------------------
           6.42   slack (MET)


Startpoint: _21063_ (rising edge-triggered flip-flop clocked by lsu_special_clk)
Endpoint: _21361_ (rising edge-triggered flip-flop clocked by lsu_special_clk)
Path Group: lsu_special_clk
Path Type: max

  Delay    Time   Description
---------------------------------------------------------
   0.00    0.00   clock lsu_special_clk (rise edge)
   0.00    0.00   clock network delay (ideal)
   0.00    0.00 ^ _21063_/CLK (sky130_fd_sc_hd__dfrtp_1)
   0.64    0.64 ^ _21063_/Q (sky130_fd_sc_hd__dfrtp_1)
   0.17    0.81 v _10644_/Y (sky130_fd_sc_hd__nand2_1)
   7.71    8.51 ^ _10645_/Y (sky130_fd_sc_hd__nor3b_1)
   0.42    8.94 v _14091_/Y (sky130_fd_sc_hd__nand3_1)
   7.20   16.13 ^ _18783_/Y (sky130_fd_sc_hd__o21ai_0)
   0.16   16.29 v _19392_/Y (sky130_fd_sc_hd__nor2_1)
   0.33   16.63 ^ _19395_/Y (sky130_fd_sc_hd__a21oi_1)
   0.13   16.76 v _19396_/Y (sky130_fd_sc_hd__o21ai_0)
   0.00   16.76 v _21361_/D (sky130_fd_sc_hd__dfrtp_1)
          16.76   data arrival time

  10.00   10.00   clock lsu_special_clk (rise edge)
   0.00   10.00   clock network delay (ideal)
   0.00   10.00   clock reconvergence pessimism
          10.00 ^ _21361_/CLK (sky130_fd_sc_hd__dfrtp_1)
  -0.42    9.58   library setup time
           9.58   data required time
---------------------------------------------------------
           9.58   data required time
         -16.76   data arrival time
---------------------------------------------------------
          -7.19   slack (VIOLATED)


tns -6075.73
wns -7.19
Group                  Internal  Switching    Leakage      Total
                          Power      Power      Power      Power
----------------------------------------------------------------
Sequential             3.73e-03   3.32e-04   1.48e-08   4.06e-03  68.4%
Combinational          9.01e-04   9.73e-04   2.15e-08   1.87e-03  31.6%
Macro                  0.00e+00   0.00e+00   0.00e+00   0.00e+00   0.0%
Pad                    0.00e+00   0.00e+00   0.00e+00   0.00e+00   0.0%
----------------------------------------------------------------
Total                  4.63e-03   1.31e-03   3.63e-08   5.94e-03 100.0%
                          78.0%      22.0%       0.0%
