
 /----------------------------------------------------------------------------\
 |  yosys -- Yosys Open SYnthesis Suite                                       |
 |  Copyright (C) 2012 - 2026  Claire Xenia Wolf <claire@yosyshq.com>         |
 |  Distributed under an ISC-like license, type "license" to see terms        |
 \----------------------------------------------------------------------------/
 Yosys 0.66+181 (git sha1 afe6b18f2, Release, Clang /usr/bin/clang++ 18.1.8)

-- Running command `read_liberty -lib sky130_fd_sc_hd__tt_025C_1v80.lib; read_verilog ct_rtu_pst_vreg_metric_negative.mapped.v; hierarchy -top ct_rtu_pst_vreg; stat -liberty sky130_fd_sc_hd__tt_025C_1v80.lib' --

1. Executing Liberty frontend: sky130_fd_sc_hd__tt_025C_1v80.lib
Imported 428 cell types from liberty file.

2. Executing Verilog-2005 frontend: ct_rtu_pst_vreg_metric_negative.mapped.v
Parsing Verilog input from `ct_rtu_pst_vreg_metric_negative.mapped.v' to AST representation.
Generating RTLIL representation for module `\ct_rtu_encode_64'.
Generating RTLIL representation for module `\ct_rtu_expand_32'.
Generating RTLIL representation for module `\ct_rtu_expand_64'.
Generating RTLIL representation for module `\ct_rtu_pst_vreg'.
Generating RTLIL representation for module `\ct_rtu_pst_vreg_entry'.
Generating RTLIL representation for module `\gated_clk_cell'.
Successfully finished Verilog frontend.

3. Executing HIERARCHY pass (managing design hierarchy).

3.1. Analyzing design hierarchy..
Top module:  \ct_rtu_pst_vreg
Used module:     \gated_clk_cell
Used module:     \ct_rtu_pst_vreg_entry
Used module:         \ct_rtu_expand_64
Used module:         \ct_rtu_expand_32
Used module:     \ct_rtu_encode_64

3.2. Analyzing design hierarchy..
Top module:  \ct_rtu_pst_vreg
Used module:     \gated_clk_cell
Used module:     \ct_rtu_pst_vreg_entry
Used module:         \ct_rtu_expand_64
Used module:         \ct_rtu_expand_32
Used module:     \ct_rtu_encode_64
Removed 0 unused modules.

4. Printing statistics.

=== gated_clk_cell ===

        +----------Local Count, excluding submodules.
        |        +-Local Area, excluding submodules.
        |        | 
        8        - wires
        8        - wire bits
        8        - public wires
        8        - public wire bits
        7        - ports
        7        - port bits

=== ct_rtu_pst_vreg_entry ===

        +----------Local Count, excluding submodules.
        |        +-Local Area, excluding submodules.
        |        | 
      236        - wires
      535        - wire bits
      236        - public wires
      535        - public wire bits
       42        - ports
      221        - port bits
      304 2.46E+03 cells
        3   26.275   sky130_fd_sc_hd__a2111oi_0
        1    8.758   sky130_fd_sc_hd__a211o_1
        3   22.522   sky130_fd_sc_hd__a211oi_1
       13   97.594   sky130_fd_sc_hd__a21boi_0
        3   22.522   sky130_fd_sc_hd__a21o_1
        5   25.024   sky130_fd_sc_hd__a21oi_1
        2   20.019   sky130_fd_sc_hd__a221o_1
        3   26.275   sky130_fd_sc_hd__a221oi_1
       14  140.134   sky130_fd_sc_hd__a222oi_1
        4   35.034   sky130_fd_sc_hd__a22o_1
        1    7.507   sky130_fd_sc_hd__a22oi_1
        2   17.517   sky130_fd_sc_hd__a2bb2oi_1
        1    10.01   sky130_fd_sc_hd__a32o_1
        1    8.758   sky130_fd_sc_hd__a32oi_1
        1    8.758   sky130_fd_sc_hd__a41oi_1
       36  225.216   sky130_fd_sc_hd__and2_0
       65   406.64   sky130_fd_sc_hd__and3_1
        1    8.758   sky130_fd_sc_hd__and3b_1
       13   48.797   sky130_fd_sc_hd__clkinv_1
       26  650.624   sky130_fd_sc_hd__dfrtp_1
        1   26.275   sky130_fd_sc_hd__dfstp_2
        4   25.024   sky130_fd_sc_hd__lpflow_inputiso1p_1
        9   56.304   sky130_fd_sc_hd__lpflow_isobufsrc_1
       15   56.304   sky130_fd_sc_hd__nand2_1
        3   18.768   sky130_fd_sc_hd__nand2b_1
        1    5.005   sky130_fd_sc_hd__nand3_1
        1    7.507   sky130_fd_sc_hd__nand3b_1
        3   18.768   sky130_fd_sc_hd__nand4_1
        1    8.758   sky130_fd_sc_hd__nand4b_1
        5   18.768   sky130_fd_sc_hd__nor2_1
        9   45.043   sky130_fd_sc_hd__nor3_1
        4   25.024   sky130_fd_sc_hd__nor4_1
        3   26.275   sky130_fd_sc_hd__nor4b_1
        2   17.517   sky130_fd_sc_hd__o2111ai_1
       21  105.101   sky130_fd_sc_hd__o21ai_0
        2   17.517   sky130_fd_sc_hd__o221ai_1
        8   50.048   sky130_fd_sc_hd__o22ai_1
        2   15.014   sky130_fd_sc_hd__o31ai_1
        2   12.512   sky130_fd_sc_hd__or3_1
        2   17.517   sky130_fd_sc_hd__or3b_1
        3   26.275   sky130_fd_sc_hd__xnor2_1
        5   43.792   sky130_fd_sc_hd__xor2_1
        4        - submodules
        1        -   ct_rtu_expand_32
        1        -   ct_rtu_expand_64
        2        -   gated_clk_cell

   Chip area for module '\ct_rtu_pst_vreg_entry': 2459.859200
     of which used for sequential elements: 676.899200 (27.52%)

=== ct_rtu_pst_vreg ===

        +----------Local Count, excluding submodules.
        |        +-Local Area, excluding submodules.
        |        | 
     3542        - wires
    14484        - wire bits
     3542        - public wires
    14484        - public wire bits
       60        - ports
      621        - port bits
     3339  2.2E+04 cells
        1   11.261   sky130_fd_sc_hd__a2111o_1
        6    52.55   sky130_fd_sc_hd__a2111oi_0
        5   43.792   sky130_fd_sc_hd__a211o_1
        1    7.507   sky130_fd_sc_hd__a211oi_1
        1    10.01   sky130_fd_sc_hd__a21bo_1
        3   22.522   sky130_fd_sc_hd__a21boi_0
        5   37.536   sky130_fd_sc_hd__a21o_1
       46  230.221   sky130_fd_sc_hd__a21oi_1
        4   40.038   sky130_fd_sc_hd__a221o_1
        4   35.034   sky130_fd_sc_hd__a221oi_1
       64  640.614   sky130_fd_sc_hd__a222oi_1
       27  236.477   sky130_fd_sc_hd__a22o_1
        2   15.014   sky130_fd_sc_hd__a22oi_1
        2   20.019   sky130_fd_sc_hd__a311o_1
        1    8.758   sky130_fd_sc_hd__a311oi_1
        1    8.758   sky130_fd_sc_hd__a31o_1
       26  162.656   sky130_fd_sc_hd__a31oi_1
        2   20.019   sky130_fd_sc_hd__a32o_1
        8   70.067   sky130_fd_sc_hd__a32oi_1
        3   30.029   sky130_fd_sc_hd__a41o_1
        5   43.792   sky130_fd_sc_hd__a41oi_1
      295  1845.52   sky130_fd_sc_hd__and2_0
       39  243.984   sky130_fd_sc_hd__and3_1
        1    8.758   sky130_fd_sc_hd__and3b_1
       10   87.584   sky130_fd_sc_hd__and4_1
        4   40.038   sky130_fd_sc_hd__and4b_1
       96 2.64E+03   sky130_fd_sc_hd__buf_16
      121  454.186   sky130_fd_sc_hd__clkinv_1
       28  700.672   sky130_fd_sc_hd__dfrtp_1
        9   56.304   sky130_fd_sc_hd__lpflow_inputiso1p_1
       31  193.936   sky130_fd_sc_hd__lpflow_isobufsrc_1
        2   20.019   sky130_fd_sc_hd__maj3_1
        3   30.029   sky130_fd_sc_hd__mux2i_1
      287 1.08E+03   sky130_fd_sc_hd__nand2_1
       27  168.912   sky130_fd_sc_hd__nand2b_1
       94  470.451   sky130_fd_sc_hd__nand3_1
        3   22.522   sky130_fd_sc_hd__nand3b_1
      325   2033.2   sky130_fd_sc_hd__nand4_1
       11   96.342   sky130_fd_sc_hd__nand4b_1
        1   11.261   sky130_fd_sc_hd__nand4bb_1
      353 1.33E+03   sky130_fd_sc_hd__nor2_1
       13   81.328   sky130_fd_sc_hd__nor2b_1
       80  400.384   sky130_fd_sc_hd__nor3_1
       24  180.173   sky130_fd_sc_hd__nor3b_1
     1093 6.84E+03   sky130_fd_sc_hd__nor4_1
       11   96.342   sky130_fd_sc_hd__nor4b_1
        1    10.01   sky130_fd_sc_hd__nor4bb_1
       10   87.584   sky130_fd_sc_hd__o2111ai_1
        8   60.058   sky130_fd_sc_hd__o211ai_1
        2   15.014   sky130_fd_sc_hd__o21a_1
       66  330.317   sky130_fd_sc_hd__o21ai_0
        1   11.261   sky130_fd_sc_hd__o221a_1
        7   61.309   sky130_fd_sc_hd__o221ai_1
        5    31.28   sky130_fd_sc_hd__o22ai_1
        2   17.517   sky130_fd_sc_hd__o2bb2ai_1
        6    52.55   sky130_fd_sc_hd__o311ai_0
        2   17.517   sky130_fd_sc_hd__o31a_1
       12   90.086   sky130_fd_sc_hd__o31ai_1
        4   35.034   sky130_fd_sc_hd__o32ai_1
        1   11.261   sky130_fd_sc_hd__o41a_1
        4   35.034   sky130_fd_sc_hd__o41ai_1
       12   75.072   sky130_fd_sc_hd__or3_1
        1    8.758   sky130_fd_sc_hd__or3b_1
       15  112.608   sky130_fd_sc_hd__or4_1
        2   20.019   sky130_fd_sc_hd__or4b_1
      106        - submodules
       36        -   ct_rtu_encode_64
        4        -   ct_rtu_expand_64
       64        -   ct_rtu_pst_vreg_entry
        2        -   gated_clk_cell

   Chip area for module '\ct_rtu_pst_vreg': 21953.555200
     of which used for sequential elements: 700.672000 (3.19%)

=== ct_rtu_expand_64 ===

        +----------Local Count, excluding submodules.
        |        +-Local Area, excluding submodules.
        |        | 
       22        - wires
       90        - wire bits
       22        - public wires
       90        - public wire bits
        2        - ports
       70        - port bits
       84  419.152 cells
        1    6.256   sky130_fd_sc_hd__lpflow_inputiso1p_1
        1    3.754   sky130_fd_sc_hd__nand2_1
        2   12.512   sky130_fd_sc_hd__nand2b_1
        1    6.256   sky130_fd_sc_hd__nand4_1
        4   35.034   sky130_fd_sc_hd__nand4b_1
        6   67.565   sky130_fd_sc_hd__nand4bb_1
       64   240.23   sky130_fd_sc_hd__nor2_1
        1    7.507   sky130_fd_sc_hd__or4_1
        4   40.038   sky130_fd_sc_hd__or4b_1

   Chip area for module '\ct_rtu_expand_64': 419.152000
     of which used for sequential elements: 0.000000 (0.00%)

=== ct_rtu_expand_32 ===

        +----------Local Count, excluding submodules.
        |        +-Local Area, excluding submodules.
        |        | 
       16        - wires
       51        - wire bits
       16        - public wires
       51        - public wire bits
        2        - ports
       37        - port bits
       46  269.008 cells
        2   12.512   sky130_fd_sc_hd__and2_0
       16  100.096   sky130_fd_sc_hd__and3_1
        1    8.758   sky130_fd_sc_hd__and3b_1
        4   25.024   sky130_fd_sc_hd__lpflow_isobufsrc_1
        2    7.507   sky130_fd_sc_hd__nand2_1
        4   25.024   sky130_fd_sc_hd__nand2b_1
        2    7.507   sky130_fd_sc_hd__nor2_1
        9   45.043   sky130_fd_sc_hd__nor3_1
        6   37.536   sky130_fd_sc_hd__nor4_1

   Chip area for module '\ct_rtu_expand_32': 269.008000
     of which used for sequential elements: 0.000000 (0.00%)

=== ct_rtu_encode_64 ===

        +----------Local Count, excluding submodules.
        |        +-Local Area, excluding submodules.
        |        | 
       46        - wires
      114        - wire bits
       46        - public wires
      114        - public wire bits
        2        - ports
       70        - port bits
       50  297.786 cells
        2   12.512   sky130_fd_sc_hd__lpflow_inputiso1p_1
        7   26.275   sky130_fd_sc_hd__nand2_1
        6   37.536   sky130_fd_sc_hd__nand4_1
       31  193.936   sky130_fd_sc_hd__nor4_1
        2   12.512   sky130_fd_sc_hd__or3_1
        2   15.014   sky130_fd_sc_hd__or4_1

   Chip area for module '\ct_rtu_encode_64': 297.785600
     of which used for sequential elements: 0.000000 (0.00%)

=== design hierarchy ===

        +----------Count including submodules.
        |        +-Area including submodules.
        |        | 
    33251 2.36E+05 ct_rtu_pst_vreg
       50  297.786 ct_rtu_encode_64
       84  419.152 ct_rtu_expand_64
      304 2.46E+03 ct_rtu_pst_vreg_entry
       46  269.008   ct_rtu_expand_32
       84  419.152   ct_rtu_expand_64

        +----------Count including submodules.
        |        +-Area including submodules.
        |        | 
    23862        - wires
    63252        - wire bits
    23862        - public wires
    63252        - public wire bits
     3994        - ports
    25323        - port bits
        -        - memories
        -        - memory bits
        -        - processes
    33251 2.36E+05 cells
        1   11.261   sky130_fd_sc_hd__a2111o_1
      198 1.73E+03   sky130_fd_sc_hd__a2111oi_0
       69   604.33   sky130_fd_sc_hd__a211o_1
      193  1448.89   sky130_fd_sc_hd__a211oi_1
        1    10.01   sky130_fd_sc_hd__a21bo_1
      835 6.27E+03   sky130_fd_sc_hd__a21boi_0
      197 1.48E+03   sky130_fd_sc_hd__a21o_1
      366 1.83E+03   sky130_fd_sc_hd__a21oi_1
      132 1.32E+03   sky130_fd_sc_hd__a221o_1
      196 1.72E+03   sky130_fd_sc_hd__a221oi_1
      960 9.61E+03   sky130_fd_sc_hd__a222oi_1
      283 2.48E+03   sky130_fd_sc_hd__a22o_1
       66  495.475   sky130_fd_sc_hd__a22oi_1
      128 1.12E+03   sky130_fd_sc_hd__a2bb2oi_1
        2   20.019   sky130_fd_sc_hd__a311o_1
        1    8.758   sky130_fd_sc_hd__a311oi_1
        1    8.758   sky130_fd_sc_hd__a31o_1
       26  162.656   sky130_fd_sc_hd__a31oi_1
       66  660.634   sky130_fd_sc_hd__a32o_1
       72  630.605   sky130_fd_sc_hd__a32oi_1
        3   30.029   sky130_fd_sc_hd__a41o_1
       69   604.33   sky130_fd_sc_hd__a41oi_1
     2727 1.71E+04   sky130_fd_sc_hd__and2_0
     5223 3.27E+04   sky130_fd_sc_hd__and3_1
      129 1.13E+03   sky130_fd_sc_hd__and3b_1
       10   87.584   sky130_fd_sc_hd__and4_1
        4   40.038   sky130_fd_sc_hd__and4b_1
       96 2.64E+03   sky130_fd_sc_hd__buf_16
      953 3.58E+03   sky130_fd_sc_hd__clkinv_1
     1692 4.23E+04   sky130_fd_sc_hd__dfrtp_1
       64 1.68E+03   sky130_fd_sc_hd__dfstp_2
      405  2533.68   sky130_fd_sc_hd__lpflow_inputiso1p_1
      863  5.4E+03   sky130_fd_sc_hd__lpflow_isobufsrc_1
        2   20.019   sky130_fd_sc_hd__maj3_1
        3   30.029   sky130_fd_sc_hd__mux2i_1
     1695 6.36E+03   sky130_fd_sc_hd__nand2_1
      611 3.82E+03   sky130_fd_sc_hd__nand2b_1
      158  790.758   sky130_fd_sc_hd__nand3_1
       67  502.982   sky130_fd_sc_hd__nand3b_1
      801 5.01E+03   sky130_fd_sc_hd__nand4_1
      347 3.04E+03   sky130_fd_sc_hd__nand4b_1
      409 4.61E+03   sky130_fd_sc_hd__nand4bb_1
     5153 1.93E+04   sky130_fd_sc_hd__nor2_1
       13   81.328   sky130_fd_sc_hd__nor2b_1
     1232 6.17E+03   sky130_fd_sc_hd__nor3_1
       24  180.173   sky130_fd_sc_hd__nor3b_1
     2849 1.78E+04   sky130_fd_sc_hd__nor4_1
      203 1.78E+03   sky130_fd_sc_hd__nor4b_1
        1    10.01   sky130_fd_sc_hd__nor4bb_1
      138 1.21E+03   sky130_fd_sc_hd__o2111ai_1
        8   60.058   sky130_fd_sc_hd__o211ai_1
        2   15.014   sky130_fd_sc_hd__o21a_1
     1410 7.06E+03   sky130_fd_sc_hd__o21ai_0
        1   11.261   sky130_fd_sc_hd__o221a_1
      135 1.18E+03   sky130_fd_sc_hd__o221ai_1
      517 3.23E+03   sky130_fd_sc_hd__o22ai_1
        2   17.517   sky130_fd_sc_hd__o2bb2ai_1
        6    52.55   sky130_fd_sc_hd__o311ai_0
        2   17.517   sky130_fd_sc_hd__o31a_1
      140 1.05E+03   sky130_fd_sc_hd__o31ai_1
        4   35.034   sky130_fd_sc_hd__o32ai_1
        1   11.261   sky130_fd_sc_hd__o41a_1
        4   35.034   sky130_fd_sc_hd__o41ai_1
      212 1.33E+03   sky130_fd_sc_hd__or3_1
      129 1.13E+03   sky130_fd_sc_hd__or3b_1
      155 1.16E+03   sky130_fd_sc_hd__or4_1
      274  2742.63   sky130_fd_sc_hd__or4b_1
      192 1.68E+03   sky130_fd_sc_hd__xnor2_1
      320  2.8E+03   sky130_fd_sc_hd__xor2_1
      106 2.14E+05 submodules
       36 1.07E+04   ct_rtu_encode_64
        4 2.85E+04   ct_rtu_expand_64
       64 2.01E+05   ct_rtu_pst_vreg_entry
        2        -   gated_clk_cell

   Chip area for top module '\ct_rtu_pst_vreg': 235823.673600
     of which used for sequential elements: 44022.220800 (18.67%)

End of script. Logfile hash: b809d64ed5, time: 0.56s, user: 0.52s, system: 0.05s, MEM: 76.38 MB peak
Yosys 0.66+181 (git sha1 afe6b18f2, Release, Clang /usr/bin/clang++ 18.1.8)
Time spent: 80% 2x read_verilog (0 sec), 10% 1x stat (0 sec), ...
