
 /----------------------------------------------------------------------------\
 |  yosys -- Yosys Open SYnthesis Suite                                       |
 |  Copyright (C) 2012 - 2026  Claire Xenia Wolf <claire@yosyshq.com>         |
 |  Distributed under an ISC-like license, type "license" to see terms        |
 \----------------------------------------------------------------------------/
 Yosys 0.66+181 (git sha1 afe6b18f2, Release, Clang /usr/bin/clang++ 18.1.8)

-- Running command `read_verilog -sv -D PA_WIDTH=40 gated_clk_cell.v ct_rtu_compare_iid_gate_candidate.v ct_lsu_pfu_sdb_cmp.v; synth -top ct_lsu_pfu_sdb_cmp; dfflibmap -liberty sky130_fd_sc_hd__tt_025C_1v80.lib; abc -liberty sky130_fd_sc_hd__tt_025C_1v80.lib; clean; stat -liberty sky130_fd_sc_hd__tt_025C_1v80.lib; write_verilog -noattr ct_lsu_pfu_sdb_cmp_gate.mapped.v' --

1. Executing Verilog-2005 frontend: gated_clk_cell.v
Parsing SystemVerilog input from `gated_clk_cell.v' to AST representation.
Generating RTLIL representation for module `\gated_clk_cell'.
Successfully finished Verilog frontend.

2. Executing Verilog-2005 frontend: ct_rtu_compare_iid_gate_candidate.v
Parsing SystemVerilog input from `ct_rtu_compare_iid_gate_candidate.v' to AST representation.
Generating RTLIL representation for module `\ct_rtu_compare_iid'.
Successfully finished Verilog frontend.

3. Executing Verilog-2005 frontend: ct_lsu_pfu_sdb_cmp.v
Parsing SystemVerilog input from `ct_lsu_pfu_sdb_cmp.v' to AST representation.
Generating RTLIL representation for module `\ct_lsu_pfu_sdb_cmp'.
Successfully finished Verilog frontend.

4. Executing SYNTH pass.

4.1. Executing HIERARCHY pass (managing design hierarchy).

4.1.1. Analyzing design hierarchy..
Top module:  \ct_lsu_pfu_sdb_cmp
Used module:     \ct_rtu_compare_iid
Used module:     \gated_clk_cell

4.1.2. Analyzing design hierarchy..
Top module:  \ct_lsu_pfu_sdb_cmp
Used module:     \ct_rtu_compare_iid
Used module:     \gated_clk_cell
Removed 0 unused modules.

4.2. Executing PROC pass (convert processes to netlists).

4.2.1. Executing PROC_CLEAN pass (remove empty switches from decision trees).
Cleaned up 0 empty switches.

4.2.2. Executing PROC_RMDEAD pass (remove dead branches from decision trees).
Marked 2 switch rules as full_case in process $proc$ct_lsu_pfu_sdb_cmp.v:397$42 in module ct_lsu_pfu_sdb_cmp.
Marked 1 switch rules as full_case in process $proc$ct_lsu_pfu_sdb_cmp.v:380$40 in module ct_lsu_pfu_sdb_cmp.
Marked 2 switch rules as full_case in process $proc$ct_lsu_pfu_sdb_cmp.v:365$36 in module ct_lsu_pfu_sdb_cmp.
Marked 2 switch rules as full_case in process $proc$ct_lsu_pfu_sdb_cmp.v:352$32 in module ct_lsu_pfu_sdb_cmp.
Marked 1 switch rules as full_case in process $proc$ct_lsu_pfu_sdb_cmp.v:335$30 in module ct_lsu_pfu_sdb_cmp.
Marked 2 switch rules as full_case in process $proc$ct_lsu_pfu_sdb_cmp.v:322$26 in module ct_lsu_pfu_sdb_cmp.
Marked 2 switch rules as full_case in process $proc$ct_lsu_pfu_sdb_cmp.v:309$22 in module ct_lsu_pfu_sdb_cmp.
Marked 1 switch rules as full_case in process $proc$ct_lsu_pfu_sdb_cmp.v:292$20 in module ct_lsu_pfu_sdb_cmp.
Marked 2 switch rules as full_case in process $proc$ct_lsu_pfu_sdb_cmp.v:279$16 in module ct_lsu_pfu_sdb_cmp.
Marked 2 switch rules as full_case in process $proc$ct_lsu_pfu_sdb_cmp.v:266$12 in module ct_lsu_pfu_sdb_cmp.
Marked 1 switch rules as full_case in process $proc$ct_lsu_pfu_sdb_cmp.v:249$10 in module ct_lsu_pfu_sdb_cmp.
Removed a total of 0 dead cases.

4.2.3. Executing PROC_PRUNE pass (remove redundant assignments in processes).
Removed 0 redundant assignments.
Promoted 0 assignments to connections.

4.2.4. Executing PROC_INIT pass (extract init attributes).

4.2.5. Executing PROC_ARST pass (detect async resets in processes).
Found async reset \cpurst_b in `\ct_lsu_pfu_sdb_cmp.$proc$ct_lsu_pfu_sdb_cmp.v:397$42'.
Found async reset \cpurst_b in `\ct_lsu_pfu_sdb_cmp.$proc$ct_lsu_pfu_sdb_cmp.v:380$40'.
Found async reset \cpurst_b in `\ct_lsu_pfu_sdb_cmp.$proc$ct_lsu_pfu_sdb_cmp.v:365$36'.
Found async reset \cpurst_b in `\ct_lsu_pfu_sdb_cmp.$proc$ct_lsu_pfu_sdb_cmp.v:352$32'.
Found async reset \cpurst_b in `\ct_lsu_pfu_sdb_cmp.$proc$ct_lsu_pfu_sdb_cmp.v:335$30'.
Found async reset \cpurst_b in `\ct_lsu_pfu_sdb_cmp.$proc$ct_lsu_pfu_sdb_cmp.v:322$26'.
Found async reset \cpurst_b in `\ct_lsu_pfu_sdb_cmp.$proc$ct_lsu_pfu_sdb_cmp.v:309$22'.
Found async reset \cpurst_b in `\ct_lsu_pfu_sdb_cmp.$proc$ct_lsu_pfu_sdb_cmp.v:292$20'.
Found async reset \cpurst_b in `\ct_lsu_pfu_sdb_cmp.$proc$ct_lsu_pfu_sdb_cmp.v:279$16'.
Found async reset \cpurst_b in `\ct_lsu_pfu_sdb_cmp.$proc$ct_lsu_pfu_sdb_cmp.v:266$12'.
Found async reset \cpurst_b in `\ct_lsu_pfu_sdb_cmp.$proc$ct_lsu_pfu_sdb_cmp.v:249$10'.

4.2.6. Executing PROC_ROM pass (convert switches to ROMs).
Converted 0 switches.
<suppressed ~18 debug messages>

4.2.7. Executing PROC_MUX pass (convert decision trees to multiplexers).
Creating decoders for process `\ct_lsu_pfu_sdb_cmp.$proc$ct_lsu_pfu_sdb_cmp.v:397$42'.
     1/6: $0\entry_stride_diff_eq[0:0]
     2/6: $0\entry_stride_cmp0_eq[0:0]
     3/6: $0\entry_stride_0to1_zero[0:0]
     4/6: $0\entry_stride_0to1_pos_cross_2k[0:0]
     5/6: $0\entry_stride_0to1_neg_cross_2k[0:0]
     6/6: $0\entry_addr_cmp_info_vld[0:0]
Creating decoders for process `\ct_lsu_pfu_sdb_cmp.$proc$ct_lsu_pfu_sdb_cmp.v:380$40'.
     1/2: $0\entry_stride_neg[0:0]
     2/2: $0\entry_stride[10:0]
Creating decoders for process `\ct_lsu_pfu_sdb_cmp.$proc$ct_lsu_pfu_sdb_cmp.v:365$36'.
     1/1: $0\entry_cmit[2:2]
Creating decoders for process `\ct_lsu_pfu_sdb_cmp.$proc$ct_lsu_pfu_sdb_cmp.v:352$32'.
     1/1: $0\entry_addr_vld[2:2]
Creating decoders for process `\ct_lsu_pfu_sdb_cmp.$proc$ct_lsu_pfu_sdb_cmp.v:335$30'.
     1/2: $0\entry_iid_2[6:0]
     2/2: $0\entry_addr_2[39:0]
Creating decoders for process `\ct_lsu_pfu_sdb_cmp.$proc$ct_lsu_pfu_sdb_cmp.v:322$26'.
     1/1: $0\entry_cmit[1:1]
Creating decoders for process `\ct_lsu_pfu_sdb_cmp.$proc$ct_lsu_pfu_sdb_cmp.v:309$22'.
     1/1: $0\entry_addr_vld[1:1]
Creating decoders for process `\ct_lsu_pfu_sdb_cmp.$proc$ct_lsu_pfu_sdb_cmp.v:292$20'.
     1/2: $0\entry_iid_1[6:0]
     2/2: $0\entry_addr_1[39:0]
Creating decoders for process `\ct_lsu_pfu_sdb_cmp.$proc$ct_lsu_pfu_sdb_cmp.v:279$16'.
     1/1: $0\entry_cmit[0:0]
Creating decoders for process `\ct_lsu_pfu_sdb_cmp.$proc$ct_lsu_pfu_sdb_cmp.v:266$12'.
     1/1: $0\entry_addr_vld[0:0]
Creating decoders for process `\ct_lsu_pfu_sdb_cmp.$proc$ct_lsu_pfu_sdb_cmp.v:249$10'.
     1/2: $0\entry_iid_0[6:0]
     2/2: $0\entry_addr_0[39:0]

4.2.8. Executing PROC_DLATCH pass (convert process syncs to latches).

4.2.9. Executing PROC_DFF pass (convert process syncs to FFs).
Creating register for signal `\ct_lsu_pfu_sdb_cmp.\entry_addr_cmp_info_vld' using process `\ct_lsu_pfu_sdb_cmp.$proc$ct_lsu_pfu_sdb_cmp.v:397$42'.
  created $adff cell `$procdff$202' with positive edge clock and positive level reset.
Creating register for signal `\ct_lsu_pfu_sdb_cmp.\entry_stride_0to1_neg_cross_2k' using process `\ct_lsu_pfu_sdb_cmp.$proc$ct_lsu_pfu_sdb_cmp.v:397$42'.
  created $adff cell `$procdff$207' with positive edge clock and positive level reset.
Creating register for signal `\ct_lsu_pfu_sdb_cmp.\entry_stride_0to1_pos_cross_2k' using process `\ct_lsu_pfu_sdb_cmp.$proc$ct_lsu_pfu_sdb_cmp.v:397$42'.
  created $adff cell `$procdff$212' with positive edge clock and positive level reset.
Creating register for signal `\ct_lsu_pfu_sdb_cmp.\entry_stride_0to1_zero' using process `\ct_lsu_pfu_sdb_cmp.$proc$ct_lsu_pfu_sdb_cmp.v:397$42'.
  created $adff cell `$procdff$217' with positive edge clock and positive level reset.
Creating register for signal `\ct_lsu_pfu_sdb_cmp.\entry_stride_cmp0_eq' using process `\ct_lsu_pfu_sdb_cmp.$proc$ct_lsu_pfu_sdb_cmp.v:397$42'.
  created $adff cell `$procdff$222' with positive edge clock and positive level reset.
Creating register for signal `\ct_lsu_pfu_sdb_cmp.\entry_stride_diff_eq' using process `\ct_lsu_pfu_sdb_cmp.$proc$ct_lsu_pfu_sdb_cmp.v:397$42'.
  created $adff cell `$procdff$227' with positive edge clock and positive level reset.
Creating register for signal `\ct_lsu_pfu_sdb_cmp.\entry_stride' using process `\ct_lsu_pfu_sdb_cmp.$proc$ct_lsu_pfu_sdb_cmp.v:380$40'.
  created $adff cell `$procdff$232' with positive edge clock and positive level reset.
Creating register for signal `\ct_lsu_pfu_sdb_cmp.\entry_stride_neg' using process `\ct_lsu_pfu_sdb_cmp.$proc$ct_lsu_pfu_sdb_cmp.v:380$40'.
  created $adff cell `$procdff$237' with positive edge clock and positive level reset.
Creating register for signal `\ct_lsu_pfu_sdb_cmp.\entry_cmit [2]' using process `\ct_lsu_pfu_sdb_cmp.$proc$ct_lsu_pfu_sdb_cmp.v:365$36'.
  created $adff cell `$procdff$242' with positive edge clock and positive level reset.
Creating register for signal `\ct_lsu_pfu_sdb_cmp.\entry_addr_vld [2]' using process `\ct_lsu_pfu_sdb_cmp.$proc$ct_lsu_pfu_sdb_cmp.v:352$32'.
  created $adff cell `$procdff$247' with positive edge clock and positive level reset.
Creating register for signal `\ct_lsu_pfu_sdb_cmp.\entry_addr_2' using process `\ct_lsu_pfu_sdb_cmp.$proc$ct_lsu_pfu_sdb_cmp.v:335$30'.
  created $adff cell `$procdff$252' with positive edge clock and positive level reset.
Creating register for signal `\ct_lsu_pfu_sdb_cmp.\entry_iid_2' using process `\ct_lsu_pfu_sdb_cmp.$proc$ct_lsu_pfu_sdb_cmp.v:335$30'.
  created $adff cell `$procdff$257' with positive edge clock and positive level reset.
Creating register for signal `\ct_lsu_pfu_sdb_cmp.\entry_cmit [1]' using process `\ct_lsu_pfu_sdb_cmp.$proc$ct_lsu_pfu_sdb_cmp.v:322$26'.
  created $adff cell `$procdff$262' with positive edge clock and positive level reset.
Creating register for signal `\ct_lsu_pfu_sdb_cmp.\entry_addr_vld [1]' using process `\ct_lsu_pfu_sdb_cmp.$proc$ct_lsu_pfu_sdb_cmp.v:309$22'.
  created $adff cell `$procdff$267' with positive edge clock and positive level reset.
Creating register for signal `\ct_lsu_pfu_sdb_cmp.\entry_addr_1' using process `\ct_lsu_pfu_sdb_cmp.$proc$ct_lsu_pfu_sdb_cmp.v:292$20'.
  created $adff cell `$procdff$272' with positive edge clock and positive level reset.
Creating register for signal `\ct_lsu_pfu_sdb_cmp.\entry_iid_1' using process `\ct_lsu_pfu_sdb_cmp.$proc$ct_lsu_pfu_sdb_cmp.v:292$20'.
  created $adff cell `$procdff$277' with positive edge clock and positive level reset.
Creating register for signal `\ct_lsu_pfu_sdb_cmp.\entry_cmit [0]' using process `\ct_lsu_pfu_sdb_cmp.$proc$ct_lsu_pfu_sdb_cmp.v:279$16'.
  created $adff cell `$procdff$282' with positive edge clock and positive level reset.
Creating register for signal `\ct_lsu_pfu_sdb_cmp.\entry_addr_vld [0]' using process `\ct_lsu_pfu_sdb_cmp.$proc$ct_lsu_pfu_sdb_cmp.v:266$12'.
  created $adff cell `$procdff$287' with positive edge clock and positive level reset.
Creating register for signal `\ct_lsu_pfu_sdb_cmp.\entry_addr_0' using process `\ct_lsu_pfu_sdb_cmp.$proc$ct_lsu_pfu_sdb_cmp.v:249$10'.
  created $adff cell `$procdff$292' with positive edge clock and positive level reset.
Creating register for signal `\ct_lsu_pfu_sdb_cmp.\entry_iid_0' using process `\ct_lsu_pfu_sdb_cmp.$proc$ct_lsu_pfu_sdb_cmp.v:249$10'.
  created $adff cell `$procdff$297' with positive edge clock and positive level reset.

4.2.10. Executing PROC_MEMWR pass (convert process memory writes to cells).

4.2.11. Executing PROC_CLEAN pass (remove empty switches from decision trees).
Found and cleaned up 2 empty switches in `\ct_lsu_pfu_sdb_cmp.$proc$ct_lsu_pfu_sdb_cmp.v:397$42'.
Removing empty process `ct_lsu_pfu_sdb_cmp.$proc$ct_lsu_pfu_sdb_cmp.v:397$42'.
Found and cleaned up 1 empty switch in `\ct_lsu_pfu_sdb_cmp.$proc$ct_lsu_pfu_sdb_cmp.v:380$40'.
Removing empty process `ct_lsu_pfu_sdb_cmp.$proc$ct_lsu_pfu_sdb_cmp.v:380$40'.
Found and cleaned up 2 empty switches in `\ct_lsu_pfu_sdb_cmp.$proc$ct_lsu_pfu_sdb_cmp.v:365$36'.
Removing empty process `ct_lsu_pfu_sdb_cmp.$proc$ct_lsu_pfu_sdb_cmp.v:365$36'.
Found and cleaned up 2 empty switches in `\ct_lsu_pfu_sdb_cmp.$proc$ct_lsu_pfu_sdb_cmp.v:352$32'.
Removing empty process `ct_lsu_pfu_sdb_cmp.$proc$ct_lsu_pfu_sdb_cmp.v:352$32'.
Found and cleaned up 1 empty switch in `\ct_lsu_pfu_sdb_cmp.$proc$ct_lsu_pfu_sdb_cmp.v:335$30'.
Removing empty process `ct_lsu_pfu_sdb_cmp.$proc$ct_lsu_pfu_sdb_cmp.v:335$30'.
Found and cleaned up 2 empty switches in `\ct_lsu_pfu_sdb_cmp.$proc$ct_lsu_pfu_sdb_cmp.v:322$26'.
Removing empty process `ct_lsu_pfu_sdb_cmp.$proc$ct_lsu_pfu_sdb_cmp.v:322$26'.
Found and cleaned up 2 empty switches in `\ct_lsu_pfu_sdb_cmp.$proc$ct_lsu_pfu_sdb_cmp.v:309$22'.
Removing empty process `ct_lsu_pfu_sdb_cmp.$proc$ct_lsu_pfu_sdb_cmp.v:309$22'.
Found and cleaned up 1 empty switch in `\ct_lsu_pfu_sdb_cmp.$proc$ct_lsu_pfu_sdb_cmp.v:292$20'.
Removing empty process `ct_lsu_pfu_sdb_cmp.$proc$ct_lsu_pfu_sdb_cmp.v:292$20'.
Found and cleaned up 2 empty switches in `\ct_lsu_pfu_sdb_cmp.$proc$ct_lsu_pfu_sdb_cmp.v:279$16'.
Removing empty process `ct_lsu_pfu_sdb_cmp.$proc$ct_lsu_pfu_sdb_cmp.v:279$16'.
Found and cleaned up 2 empty switches in `\ct_lsu_pfu_sdb_cmp.$proc$ct_lsu_pfu_sdb_cmp.v:266$12'.
Removing empty process `ct_lsu_pfu_sdb_cmp.$proc$ct_lsu_pfu_sdb_cmp.v:266$12'.
Found and cleaned up 1 empty switch in `\ct_lsu_pfu_sdb_cmp.$proc$ct_lsu_pfu_sdb_cmp.v:249$10'.
Removing empty process `ct_lsu_pfu_sdb_cmp.$proc$ct_lsu_pfu_sdb_cmp.v:249$10'.
Cleaned up 18 empty switches.

4.2.12. Executing OPT_EXPR pass (perform const folding).
Optimizing module ct_lsu_pfu_sdb_cmp.
<suppressed ~40 debug messages>
Optimizing module ct_rtu_compare_iid.
Optimizing module gated_clk_cell.

4.3. Executing OPT_EXPR pass (perform const folding).
Optimizing module ct_lsu_pfu_sdb_cmp.
Optimizing module ct_rtu_compare_iid.
Optimizing module gated_clk_cell.

4.4. Executing OPT_CLEAN pass (remove unused cells and wires).
Finding unused cells or wires in module \ct_lsu_pfu_sdb_cmp..
Finding unused cells or wires in module \ct_rtu_compare_iid..
Finding unused cells or wires in module \gated_clk_cell..
Removed 34 unused cells and 154 unused wires.
<suppressed ~43 debug messages>

4.5. Executing CHECK pass (checking for obvious problems).
Checking module ct_lsu_pfu_sdb_cmp...
Checking module ct_rtu_compare_iid...
Checking module gated_clk_cell...
Found and reported 0 problems.

4.6. Executing OPT pass (performing simple optimizations).

4.6.1. Executing OPT_EXPR pass (perform const folding).
Optimizing module ct_lsu_pfu_sdb_cmp.
Optimizing module ct_rtu_compare_iid.
Optimizing module gated_clk_cell.

4.6.2. Executing OPT_MERGE pass (detect identical cells).
Finding identical cells in module `\ct_lsu_pfu_sdb_cmp'.
Computing hashes of 151 cells of `\ct_lsu_pfu_sdb_cmp'.
Finding duplicate cells in `\ct_lsu_pfu_sdb_cmp'.
Computing hashes of 146 cells of `\ct_lsu_pfu_sdb_cmp'.
Finding duplicate cells in `\ct_lsu_pfu_sdb_cmp'.
Computing hashes of 142 cells of `\ct_lsu_pfu_sdb_cmp'.
Finding duplicate cells in `\ct_lsu_pfu_sdb_cmp'.
<suppressed ~27 debug messages>
Finding identical cells in module `\ct_rtu_compare_iid'.
Computing hashes of 4 cells of `\ct_rtu_compare_iid'.
Finding duplicate cells in `\ct_rtu_compare_iid'.
Finding identical cells in module `\gated_clk_cell'.
Computing hashes of 0 cells of `\gated_clk_cell'.
Finding duplicate cells in `\gated_clk_cell'.
Removed a total of 9 cells.

4.6.3. Executing OPT_MUXTREE pass (detect dead branches in mux trees).
Running muxtree optimizer on module \ct_lsu_pfu_sdb_cmp..
  Creating internal representation of mux trees.
  Evaluating internal representation of mux trees.
  Analyzing evaluation results.
Running muxtree optimizer on module \ct_rtu_compare_iid..
  Creating internal representation of mux trees.
  Evaluating internal representation of mux trees.
  Analyzing evaluation results.
Running muxtree optimizer on module \gated_clk_cell..
  Creating internal representation of mux trees.
  No muxes found in this module.
Removed 0 multiplexer ports.
<suppressed ~60 debug messages>

4.6.4. Executing OPT_REDUCE pass (consolidate $*mux and $reduce_* inputs).
  Optimizing cells in module \ct_lsu_pfu_sdb_cmp.
  Optimizing cells in module \ct_rtu_compare_iid.
  Optimizing cells in module \gated_clk_cell.
Performed a total of 0 changes.

4.6.5. Executing OPT_MERGE pass (detect identical cells).
Finding identical cells in module `\ct_lsu_pfu_sdb_cmp'.
Computing hashes of 142 cells of `\ct_lsu_pfu_sdb_cmp'.
Finding duplicate cells in `\ct_lsu_pfu_sdb_cmp'.
Finding identical cells in module `\ct_rtu_compare_iid'.
Computing hashes of 4 cells of `\ct_rtu_compare_iid'.
Finding duplicate cells in `\ct_rtu_compare_iid'.
Finding identical cells in module `\gated_clk_cell'.
Computing hashes of 0 cells of `\gated_clk_cell'.
Finding duplicate cells in `\gated_clk_cell'.
Removed a total of 0 cells.

4.6.6. Executing OPT_DFF pass (perform DFF optimizations).

4.6.7. Executing OPT_CLEAN pass (remove unused cells and wires).
Finding unused cells or wires in module \ct_lsu_pfu_sdb_cmp..
Finding unused cells or wires in module \ct_rtu_compare_iid..
Finding unused cells or wires in module \gated_clk_cell..
Removed 0 unused cells and 9 unused wires.
<suppressed ~1 debug messages>

4.6.8. Executing OPT_EXPR pass (perform const folding).
Optimizing module ct_lsu_pfu_sdb_cmp.
Optimizing module ct_rtu_compare_iid.
Optimizing module gated_clk_cell.

4.6.9. Rerunning OPT passes. (Maybe there is more to do..)

4.6.10. Executing OPT_MUXTREE pass (detect dead branches in mux trees).
Running muxtree optimizer on module \ct_lsu_pfu_sdb_cmp..
  Creating internal representation of mux trees.
  Evaluating internal representation of mux trees.
  Analyzing evaluation results.
Running muxtree optimizer on module \ct_rtu_compare_iid..
  Creating internal representation of mux trees.
  Evaluating internal representation of mux trees.
  Analyzing evaluation results.
Running muxtree optimizer on module \gated_clk_cell..
  Creating internal representation of mux trees.
  No muxes found in this module.
Removed 0 multiplexer ports.
<suppressed ~60 debug messages>

4.6.11. Executing OPT_REDUCE pass (consolidate $*mux and $reduce_* inputs).
  Optimizing cells in module \ct_lsu_pfu_sdb_cmp.
  Optimizing cells in module \ct_rtu_compare_iid.
  Optimizing cells in module \gated_clk_cell.
Performed a total of 0 changes.

4.6.12. Executing OPT_MERGE pass (detect identical cells).
Finding identical cells in module `\ct_lsu_pfu_sdb_cmp'.
Computing hashes of 142 cells of `\ct_lsu_pfu_sdb_cmp'.
Finding duplicate cells in `\ct_lsu_pfu_sdb_cmp'.
Finding identical cells in module `\ct_rtu_compare_iid'.
Computing hashes of 4 cells of `\ct_rtu_compare_iid'.
Finding duplicate cells in `\ct_rtu_compare_iid'.
Finding identical cells in module `\gated_clk_cell'.
Computing hashes of 0 cells of `\gated_clk_cell'.
Finding duplicate cells in `\gated_clk_cell'.
Removed a total of 0 cells.

4.6.13. Executing OPT_DFF pass (perform DFF optimizations).

4.6.14. Executing OPT_CLEAN pass (remove unused cells and wires).
Finding unused cells or wires in module \ct_lsu_pfu_sdb_cmp..
Finding unused cells or wires in module \ct_rtu_compare_iid..
Finding unused cells or wires in module \gated_clk_cell..

4.6.15. Executing OPT_EXPR pass (perform const folding).
Optimizing module ct_lsu_pfu_sdb_cmp.
Optimizing module ct_rtu_compare_iid.
Optimizing module gated_clk_cell.

4.6.16. Finished fast OPT passes. (There is nothing left to do.)

4.7. Executing FSM pass (extract and optimize FSM).

4.7.1. Executing FSM_DETECT pass (finding FSMs in design).

4.7.2. Executing FSM_EXTRACT pass (extracting FSM from design).

4.7.3. Executing FSM_OPT pass (simple optimizations of FSMs).

4.7.4. Executing OPT_CLEAN pass (remove unused cells and wires).
Finding unused cells or wires in module \ct_lsu_pfu_sdb_cmp..
Finding unused cells or wires in module \ct_rtu_compare_iid..
Finding unused cells or wires in module \gated_clk_cell..

4.7.5. Executing FSM_OPT pass (simple optimizations of FSMs).

4.7.6. Executing FSM_RECODE pass (re-assigning FSM state encoding).

4.7.7. Executing FSM_INFO pass (dumping all available information on FSM cells).

4.7.8. Executing FSM_MAP pass (mapping FSMs to basic logic).

4.8. Executing OPT pass (performing simple optimizations).

4.8.1. Executing OPT_EXPR pass (perform const folding).
Optimizing module ct_lsu_pfu_sdb_cmp.
Optimizing module ct_rtu_compare_iid.
Optimizing module gated_clk_cell.

4.8.2. Executing OPT_MERGE pass (detect identical cells).
Finding identical cells in module `\ct_lsu_pfu_sdb_cmp'.
Computing hashes of 142 cells of `\ct_lsu_pfu_sdb_cmp'.
Finding duplicate cells in `\ct_lsu_pfu_sdb_cmp'.
Finding identical cells in module `\ct_rtu_compare_iid'.
Computing hashes of 4 cells of `\ct_rtu_compare_iid'.
Finding duplicate cells in `\ct_rtu_compare_iid'.
Finding identical cells in module `\gated_clk_cell'.
Computing hashes of 0 cells of `\gated_clk_cell'.
Finding duplicate cells in `\gated_clk_cell'.
Removed a total of 0 cells.

4.8.3. Executing OPT_MUXTREE pass (detect dead branches in mux trees).
Running muxtree optimizer on module \ct_lsu_pfu_sdb_cmp..
  Creating internal representation of mux trees.
  Evaluating internal representation of mux trees.
  Analyzing evaluation results.
Running muxtree optimizer on module \ct_rtu_compare_iid..
  Creating internal representation of mux trees.
  Evaluating internal representation of mux trees.
  Analyzing evaluation results.
Running muxtree optimizer on module \gated_clk_cell..
  Creating internal representation of mux trees.
  No muxes found in this module.
Removed 0 multiplexer ports.
<suppressed ~60 debug messages>

4.8.4. Executing OPT_REDUCE pass (consolidate $*mux and $reduce_* inputs).
  Optimizing cells in module \ct_lsu_pfu_sdb_cmp.
  Optimizing cells in module \ct_rtu_compare_iid.
  Optimizing cells in module \gated_clk_cell.
Performed a total of 0 changes.

4.8.5. Executing OPT_MERGE pass (detect identical cells).
Finding identical cells in module `\ct_lsu_pfu_sdb_cmp'.
Computing hashes of 142 cells of `\ct_lsu_pfu_sdb_cmp'.
Finding duplicate cells in `\ct_lsu_pfu_sdb_cmp'.
Finding identical cells in module `\ct_rtu_compare_iid'.
Computing hashes of 4 cells of `\ct_rtu_compare_iid'.
Finding duplicate cells in `\ct_rtu_compare_iid'.
Finding identical cells in module `\gated_clk_cell'.
Computing hashes of 0 cells of `\gated_clk_cell'.
Finding duplicate cells in `\gated_clk_cell'.
Removed a total of 0 cells.

4.8.6. Executing OPT_DFF pass (perform DFF optimizations).
Adding EN signal on $procdff$267 ($adff) from module ct_lsu_pfu_sdb_cmp (D = $0\entry_addr_vld[1:1], Q = \entry_addr_vld [1]).
Adding EN signal on $procdff$297 ($adff) from module ct_lsu_pfu_sdb_cmp (D = \ld_da_iid, Q = \entry_iid_0).
Adding EN signal on $procdff$242 ($adff) from module ct_lsu_pfu_sdb_cmp (D = $0\entry_cmit[2:2], Q = \entry_cmit [2]).
Adding EN signal on $procdff$207 ($adff) from module ct_lsu_pfu_sdb_cmp (D = $0\entry_stride_0to1_neg_cross_2k[0:0], Q = \entry_stride_0to1_neg_cross_2k).
Adding EN signal on $procdff$232 ($adff) from module ct_lsu_pfu_sdb_cmp (D = \entry_stride_0to1 [10:0], Q = \entry_stride).
Adding EN signal on $procdff$227 ($adff) from module ct_lsu_pfu_sdb_cmp (D = $0\entry_stride_diff_eq[0:0], Q = \entry_stride_diff_eq).
Adding EN signal on $procdff$257 ($adff) from module ct_lsu_pfu_sdb_cmp (D = \entry_iid_2_next, Q = \entry_iid_2).
Adding EN signal on $procdff$252 ($adff) from module ct_lsu_pfu_sdb_cmp (D = \entry_addr_2_next, Q = \entry_addr_2).
Adding EN signal on $procdff$277 ($adff) from module ct_lsu_pfu_sdb_cmp (D = \ld_da_iid, Q = \entry_iid_1).
Adding EN signal on $procdff$287 ($adff) from module ct_lsu_pfu_sdb_cmp (D = $0\entry_addr_vld[0:0], Q = \entry_addr_vld [0]).
Adding EN signal on $procdff$222 ($adff) from module ct_lsu_pfu_sdb_cmp (D = $0\entry_stride_cmp0_eq[0:0], Q = \entry_stride_cmp0_eq).
Adding EN signal on $procdff$272 ($adff) from module ct_lsu_pfu_sdb_cmp (D = \pipe_va, Q = \entry_addr_1).
Adding EN signal on $procdff$292 ($adff) from module ct_lsu_pfu_sdb_cmp (D = \pipe_va, Q = \entry_addr_0).
Adding EN signal on $procdff$282 ($adff) from module ct_lsu_pfu_sdb_cmp (D = $0\entry_cmit[0:0], Q = \entry_cmit [0]).
Adding EN signal on $procdff$202 ($adff) from module ct_lsu_pfu_sdb_cmp (D = $0\entry_addr_cmp_info_vld[0:0], Q = \entry_addr_cmp_info_vld).
Adding EN signal on $procdff$217 ($adff) from module ct_lsu_pfu_sdb_cmp (D = $0\entry_stride_0to1_zero[0:0], Q = \entry_stride_0to1_zero).
Adding EN signal on $procdff$262 ($adff) from module ct_lsu_pfu_sdb_cmp (D = $0\entry_cmit[1:1], Q = \entry_cmit [1]).
Adding EN signal on $procdff$237 ($adff) from module ct_lsu_pfu_sdb_cmp (D = \entry_stride_0to1 [39], Q = \entry_stride_neg).
Adding EN signal on $procdff$212 ($adff) from module ct_lsu_pfu_sdb_cmp (D = $0\entry_stride_0to1_pos_cross_2k[0:0], Q = \entry_stride_0to1_pos_cross_2k).
Adding EN signal on $procdff$247 ($adff) from module ct_lsu_pfu_sdb_cmp (D = $0\entry_addr_vld[2:2], Q = \entry_addr_vld [2]).

4.8.7. Executing OPT_CLEAN pass (remove unused cells and wires).
Finding unused cells or wires in module \ct_lsu_pfu_sdb_cmp..
Finding unused cells or wires in module \ct_rtu_compare_iid..
Finding unused cells or wires in module \gated_clk_cell..
Removed 8 unused cells and 8 unused wires.
<suppressed ~9 debug messages>

4.8.8. Executing OPT_EXPR pass (perform const folding).
Optimizing module ct_lsu_pfu_sdb_cmp.
<suppressed ~12 debug messages>
Optimizing module ct_rtu_compare_iid.
Optimizing module gated_clk_cell.

4.8.9. Rerunning OPT passes. (Maybe there is more to do..)

4.8.10. Executing OPT_MUXTREE pass (detect dead branches in mux trees).
Running muxtree optimizer on module \ct_lsu_pfu_sdb_cmp..
  Creating internal representation of mux trees.
  Evaluating internal representation of mux trees.
  Analyzing evaluation results.
Running muxtree optimizer on module \ct_rtu_compare_iid..
  Creating internal representation of mux trees.
  Evaluating internal representation of mux trees.
  Analyzing evaluation results.
Running muxtree optimizer on module \gated_clk_cell..
  Creating internal representation of mux trees.
  No muxes found in this module.
Removed 0 multiplexer ports.
<suppressed ~46 debug messages>

4.8.11. Executing OPT_REDUCE pass (consolidate $*mux and $reduce_* inputs).
  Optimizing cells in module \ct_lsu_pfu_sdb_cmp.
  Optimizing cells in module \ct_rtu_compare_iid.
  Optimizing cells in module \gated_clk_cell.
Performed a total of 0 changes.

4.8.12. Executing OPT_MERGE pass (detect identical cells).
Finding identical cells in module `\ct_lsu_pfu_sdb_cmp'.
Computing hashes of 146 cells of `\ct_lsu_pfu_sdb_cmp'.
Finding duplicate cells in `\ct_lsu_pfu_sdb_cmp'.
Computing hashes of 141 cells of `\ct_lsu_pfu_sdb_cmp'.
Finding duplicate cells in `\ct_lsu_pfu_sdb_cmp'.
<suppressed ~15 debug messages>
Finding identical cells in module `\ct_rtu_compare_iid'.
Computing hashes of 4 cells of `\ct_rtu_compare_iid'.
Finding duplicate cells in `\ct_rtu_compare_iid'.
Finding identical cells in module `\gated_clk_cell'.
Computing hashes of 0 cells of `\gated_clk_cell'.
Finding duplicate cells in `\gated_clk_cell'.
Removed a total of 5 cells.

4.8.13. Executing OPT_DFF pass (perform DFF optimizations).

4.8.14. Executing OPT_CLEAN pass (remove unused cells and wires).
Finding unused cells or wires in module \ct_lsu_pfu_sdb_cmp..
Finding unused cells or wires in module \ct_rtu_compare_iid..
Finding unused cells or wires in module \gated_clk_cell..
Removed 0 unused cells and 5 unused wires.
<suppressed ~1 debug messages>

4.8.15. Executing OPT_EXPR pass (perform const folding).
Optimizing module ct_lsu_pfu_sdb_cmp.
Optimizing module ct_rtu_compare_iid.
Optimizing module gated_clk_cell.

4.8.16. Rerunning OPT passes. (Maybe there is more to do..)

4.8.17. Executing OPT_MUXTREE pass (detect dead branches in mux trees).
Running muxtree optimizer on module \ct_lsu_pfu_sdb_cmp..
  Creating internal representation of mux trees.
  Evaluating internal representation of mux trees.
  Analyzing evaluation results.
Running muxtree optimizer on module \ct_rtu_compare_iid..
  Creating internal representation of mux trees.
  Evaluating internal representation of mux trees.
  Analyzing evaluation results.
Running muxtree optimizer on module \gated_clk_cell..
  Creating internal representation of mux trees.
  No muxes found in this module.
Removed 0 multiplexer ports.
<suppressed ~46 debug messages>

4.8.18. Executing OPT_REDUCE pass (consolidate $*mux and $reduce_* inputs).
  Optimizing cells in module \ct_lsu_pfu_sdb_cmp.
  Optimizing cells in module \ct_rtu_compare_iid.
  Optimizing cells in module \gated_clk_cell.
Performed a total of 0 changes.

4.8.19. Executing OPT_MERGE pass (detect identical cells).
Finding identical cells in module `\ct_lsu_pfu_sdb_cmp'.
Computing hashes of 141 cells of `\ct_lsu_pfu_sdb_cmp'.
Finding duplicate cells in `\ct_lsu_pfu_sdb_cmp'.
Finding identical cells in module `\ct_rtu_compare_iid'.
Computing hashes of 4 cells of `\ct_rtu_compare_iid'.
Finding duplicate cells in `\ct_rtu_compare_iid'.
Finding identical cells in module `\gated_clk_cell'.
Computing hashes of 0 cells of `\gated_clk_cell'.
Finding duplicate cells in `\gated_clk_cell'.
Removed a total of 0 cells.

4.8.20. Executing OPT_DFF pass (perform DFF optimizations).

4.8.21. Executing OPT_CLEAN pass (remove unused cells and wires).
Finding unused cells or wires in module \ct_lsu_pfu_sdb_cmp..
Finding unused cells or wires in module \ct_rtu_compare_iid..
Finding unused cells or wires in module \gated_clk_cell..

4.8.22. Executing OPT_EXPR pass (perform const folding).
Optimizing module ct_lsu_pfu_sdb_cmp.
Optimizing module ct_rtu_compare_iid.
Optimizing module gated_clk_cell.

4.8.23. Finished fast OPT passes. (There is nothing left to do.)

4.9. Executing WREDUCE pass (reducing word size of cells).

4.10. Executing PEEPOPT pass (run peephole optimizers).

4.11. Executing OPT_CLEAN pass (remove unused cells and wires).
Finding unused cells or wires in module \ct_lsu_pfu_sdb_cmp..
Finding unused cells or wires in module \ct_rtu_compare_iid..
Finding unused cells or wires in module \gated_clk_cell..

4.12. Executing ALUMACC pass (create $alu and $macc cells).
Extracting $alu and $macc cells in module ct_lsu_pfu_sdb_cmp:
  creating $macc model for $sub$ct_lsu_pfu_sdb_cmp.v:575$95 ($sub).
  creating $macc model for $sub$ct_lsu_pfu_sdb_cmp.v:573$94 ($sub).
  creating $macc model for $sub$ct_lsu_pfu_sdb_cmp.v:571$93 ($sub).
  creating $alu model for $macc $sub$ct_lsu_pfu_sdb_cmp.v:571$93.
  creating $alu model for $macc $sub$ct_lsu_pfu_sdb_cmp.v:573$94.
  creating $alu model for $macc $sub$ct_lsu_pfu_sdb_cmp.v:575$95.
  creating $alu cell for $sub$ct_lsu_pfu_sdb_cmp.v:575$95: $auto$alumacc.cc:512:replace_alu$342
  creating $alu cell for $sub$ct_lsu_pfu_sdb_cmp.v:573$94: $auto$alumacc.cc:512:replace_alu$345
  creating $alu cell for $sub$ct_lsu_pfu_sdb_cmp.v:571$93: $auto$alumacc.cc:512:replace_alu$348
  created 3 $alu and 0 $macc cells.
Extracting $alu and $macc cells in module ct_rtu_compare_iid:
  creating $alu model for $gt$ct_rtu_compare_iid_gate_candidate.v:46$6 ($gt): new $alu
  creating $alu model for $gt$ct_rtu_compare_iid_gate_candidate.v:45$5 ($gt): merged with $gt$ct_rtu_compare_iid_gate_candidate.v:46$6.
  creating $alu cell for $gt$ct_rtu_compare_iid_gate_candidate.v:46$6, $gt$ct_rtu_compare_iid_gate_candidate.v:45$5: $auto$alumacc.cc:512:replace_alu$352
  created 1 $alu and 0 $macc cells.
Extracting $alu and $macc cells in module gated_clk_cell:
  created 0 $alu and 0 $macc cells.

4.13. Executing SHARE pass (SAT-based resource sharing).

4.14. Executing OPT pass (performing simple optimizations).

4.14.1. Executing OPT_EXPR pass (perform const folding).
Optimizing module ct_lsu_pfu_sdb_cmp.
Optimizing module ct_rtu_compare_iid.
Optimizing module gated_clk_cell.

4.14.2. Executing OPT_MERGE pass (detect identical cells).
Finding identical cells in module `\ct_lsu_pfu_sdb_cmp'.
Computing hashes of 141 cells of `\ct_lsu_pfu_sdb_cmp'.
Finding duplicate cells in `\ct_lsu_pfu_sdb_cmp'.
Finding identical cells in module `\ct_rtu_compare_iid'.
Computing hashes of 7 cells of `\ct_rtu_compare_iid'.
Finding duplicate cells in `\ct_rtu_compare_iid'.
Finding identical cells in module `\gated_clk_cell'.
Computing hashes of 0 cells of `\gated_clk_cell'.
Finding duplicate cells in `\gated_clk_cell'.
Removed a total of 0 cells.

4.14.3. Executing OPT_MUXTREE pass (detect dead branches in mux trees).
Running muxtree optimizer on module \ct_lsu_pfu_sdb_cmp..
  Creating internal representation of mux trees.
  Evaluating internal representation of mux trees.
  Analyzing evaluation results.
Running muxtree optimizer on module \ct_rtu_compare_iid..
  Creating internal representation of mux trees.
  Evaluating internal representation of mux trees.
  Analyzing evaluation results.
Running muxtree optimizer on module \gated_clk_cell..
  Creating internal representation of mux trees.
  No muxes found in this module.
Removed 0 multiplexer ports.
<suppressed ~46 debug messages>

4.14.4. Executing OPT_REDUCE pass (consolidate $*mux and $reduce_* inputs).
  Optimizing cells in module \ct_lsu_pfu_sdb_cmp.
  Optimizing cells in module \ct_rtu_compare_iid.
  Optimizing cells in module \gated_clk_cell.
Performed a total of 0 changes.

4.14.5. Executing OPT_MERGE pass (detect identical cells).
Finding identical cells in module `\ct_lsu_pfu_sdb_cmp'.
Computing hashes of 141 cells of `\ct_lsu_pfu_sdb_cmp'.
Finding duplicate cells in `\ct_lsu_pfu_sdb_cmp'.
Finding identical cells in module `\ct_rtu_compare_iid'.
Computing hashes of 7 cells of `\ct_rtu_compare_iid'.
Finding duplicate cells in `\ct_rtu_compare_iid'.
Finding identical cells in module `\gated_clk_cell'.
Computing hashes of 0 cells of `\gated_clk_cell'.
Finding duplicate cells in `\gated_clk_cell'.
Removed a total of 0 cells.

4.14.6. Executing OPT_DFF pass (perform DFF optimizations).

4.14.7. Executing OPT_CLEAN pass (remove unused cells and wires).
Finding unused cells or wires in module \ct_lsu_pfu_sdb_cmp..
Finding unused cells or wires in module \ct_rtu_compare_iid..
Finding unused cells or wires in module \gated_clk_cell..
Removed 0 unused cells and 2 unused wires.
<suppressed ~1 debug messages>

4.14.8. Executing OPT_EXPR pass (perform const folding).
Optimizing module ct_lsu_pfu_sdb_cmp.
Optimizing module ct_rtu_compare_iid.
Optimizing module gated_clk_cell.

4.14.9. Rerunning OPT passes. (Maybe there is more to do..)

4.14.10. Executing OPT_MUXTREE pass (detect dead branches in mux trees).
Running muxtree optimizer on module \ct_lsu_pfu_sdb_cmp..
  Creating internal representation of mux trees.
  Evaluating internal representation of mux trees.
  Analyzing evaluation results.
Running muxtree optimizer on module \ct_rtu_compare_iid..
  Creating internal representation of mux trees.
  Evaluating internal representation of mux trees.
  Analyzing evaluation results.
Running muxtree optimizer on module \gated_clk_cell..
  Creating internal representation of mux trees.
  No muxes found in this module.
Removed 0 multiplexer ports.
<suppressed ~46 debug messages>

4.14.11. Executing OPT_REDUCE pass (consolidate $*mux and $reduce_* inputs).
  Optimizing cells in module \ct_lsu_pfu_sdb_cmp.
  Optimizing cells in module \ct_rtu_compare_iid.
  Optimizing cells in module \gated_clk_cell.
Performed a total of 0 changes.

4.14.12. Executing OPT_MERGE pass (detect identical cells).
Finding identical cells in module `\ct_lsu_pfu_sdb_cmp'.
Computing hashes of 141 cells of `\ct_lsu_pfu_sdb_cmp'.
Finding duplicate cells in `\ct_lsu_pfu_sdb_cmp'.
Finding identical cells in module `\ct_rtu_compare_iid'.
Computing hashes of 7 cells of `\ct_rtu_compare_iid'.
Finding duplicate cells in `\ct_rtu_compare_iid'.
Finding identical cells in module `\gated_clk_cell'.
Computing hashes of 0 cells of `\gated_clk_cell'.
Finding duplicate cells in `\gated_clk_cell'.
Removed a total of 0 cells.

4.14.13. Executing OPT_DFF pass (perform DFF optimizations).

4.14.14. Executing OPT_CLEAN pass (remove unused cells and wires).
Finding unused cells or wires in module \ct_lsu_pfu_sdb_cmp..
Finding unused cells or wires in module \ct_rtu_compare_iid..
Finding unused cells or wires in module \gated_clk_cell..

4.14.15. Executing OPT_EXPR pass (perform const folding).
Optimizing module ct_lsu_pfu_sdb_cmp.
Optimizing module ct_rtu_compare_iid.
Optimizing module gated_clk_cell.

4.14.16. Finished fast OPT passes. (There is nothing left to do.)

4.15. Executing MEMORY pass.

4.15.1. Executing OPT_MEM pass (optimize memories).
Performed a total of 0 transformations.

4.15.2. Executing OPT_MEM_PRIORITY pass (removing unnecessary memory write priority relations).
Performed a total of 0 transformations.

4.15.3. Executing OPT_MEM_FEEDBACK pass (finding memory read-to-write feedback paths).

4.15.4. Executing MEMORY_BMUX2ROM pass (converting muxes to ROMs).

4.15.5. Executing MEMORY_DFF pass (merging $dff cells to $memrd).

4.15.6. Executing OPT_CLEAN pass (remove unused cells and wires).
Finding unused cells or wires in module \ct_lsu_pfu_sdb_cmp..
Finding unused cells or wires in module \ct_rtu_compare_iid..
Finding unused cells or wires in module \gated_clk_cell..

4.15.7. Executing MEMORY_SHARE pass (consolidating $memrd/$memwr cells).

4.15.8. Executing OPT_MEM_WIDEN pass (optimize memories where all ports are wide).
Performed a total of 0 transformations.

4.15.9. Executing OPT_CLEAN pass (remove unused cells and wires).
Finding unused cells or wires in module \ct_lsu_pfu_sdb_cmp..
Finding unused cells or wires in module \ct_rtu_compare_iid..
Finding unused cells or wires in module \gated_clk_cell..

4.15.10. Executing MEMORY_COLLECT pass (generating $mem cells).

4.16. Executing OPT_CLEAN pass (remove unused cells and wires).
Finding unused cells or wires in module \ct_lsu_pfu_sdb_cmp..
Finding unused cells or wires in module \ct_rtu_compare_iid..
Finding unused cells or wires in module \gated_clk_cell..

4.17. Executing OPT pass (performing simple optimizations).

4.17.1. Executing OPT_EXPR pass (perform const folding).
Optimizing module ct_lsu_pfu_sdb_cmp.
<suppressed ~12 debug messages>
Optimizing module ct_rtu_compare_iid.
Optimizing module gated_clk_cell.

4.17.2. Executing OPT_MERGE pass (detect identical cells).
Finding identical cells in module `\ct_lsu_pfu_sdb_cmp'.
Computing hashes of 129 cells of `\ct_lsu_pfu_sdb_cmp'.
Finding duplicate cells in `\ct_lsu_pfu_sdb_cmp'.
Computing hashes of 126 cells of `\ct_lsu_pfu_sdb_cmp'.
Finding duplicate cells in `\ct_lsu_pfu_sdb_cmp'.
<suppressed ~9 debug messages>
Finding identical cells in module `\ct_rtu_compare_iid'.
Computing hashes of 7 cells of `\ct_rtu_compare_iid'.
Finding duplicate cells in `\ct_rtu_compare_iid'.
Finding identical cells in module `\gated_clk_cell'.
Computing hashes of 0 cells of `\gated_clk_cell'.
Finding duplicate cells in `\gated_clk_cell'.
Removed a total of 3 cells.

4.17.3. Executing OPT_DFF pass (perform DFF optimizations).

4.17.4. Executing OPT_CLEAN pass (remove unused cells and wires).
Finding unused cells or wires in module \ct_lsu_pfu_sdb_cmp..
Finding unused cells or wires in module \ct_rtu_compare_iid..
Finding unused cells or wires in module \gated_clk_cell..
Removed 0 unused cells and 15 unused wires.
<suppressed ~1 debug messages>

4.17.5. Finished fast OPT passes.

4.18. Executing MEMORY_MAP pass (converting memories to logic and flip-flops).

4.19. Executing OPT pass (performing simple optimizations).

4.19.1. Executing OPT_EXPR pass (perform const folding).
Optimizing module ct_lsu_pfu_sdb_cmp.
<suppressed ~4 debug messages>
Optimizing module ct_rtu_compare_iid.
Optimizing module gated_clk_cell.

4.19.2. Executing OPT_MERGE pass (detect identical cells).
Finding identical cells in module `\ct_lsu_pfu_sdb_cmp'.
Computing hashes of 126 cells of `\ct_lsu_pfu_sdb_cmp'.
Finding duplicate cells in `\ct_lsu_pfu_sdb_cmp'.
Finding identical cells in module `\ct_rtu_compare_iid'.
Computing hashes of 7 cells of `\ct_rtu_compare_iid'.
Finding duplicate cells in `\ct_rtu_compare_iid'.
Finding identical cells in module `\gated_clk_cell'.
Computing hashes of 0 cells of `\gated_clk_cell'.
Finding duplicate cells in `\gated_clk_cell'.
Removed a total of 0 cells.

4.19.3. Executing OPT_MUXTREE pass (detect dead branches in mux trees).
Running muxtree optimizer on module \ct_lsu_pfu_sdb_cmp..
  Creating internal representation of mux trees.
  Evaluating internal representation of mux trees.
  Analyzing evaluation results.
Running muxtree optimizer on module \ct_rtu_compare_iid..
  Creating internal representation of mux trees.
  Evaluating internal representation of mux trees.
  Analyzing evaluation results.
Running muxtree optimizer on module \gated_clk_cell..
  Creating internal representation of mux trees.
  No muxes found in this module.
Removed 0 multiplexer ports.
<suppressed ~20 debug messages>

4.19.4. Executing OPT_REDUCE pass (consolidate $*mux and $reduce_* inputs).
  Optimizing cells in module \ct_lsu_pfu_sdb_cmp.
  Optimizing cells in module \ct_rtu_compare_iid.
  Optimizing cells in module \gated_clk_cell.
Performed a total of 0 changes.

4.19.5. Executing OPT_MERGE pass (detect identical cells).
Finding identical cells in module `\ct_lsu_pfu_sdb_cmp'.
Computing hashes of 126 cells of `\ct_lsu_pfu_sdb_cmp'.
Finding duplicate cells in `\ct_lsu_pfu_sdb_cmp'.
Finding identical cells in module `\ct_rtu_compare_iid'.
Computing hashes of 7 cells of `\ct_rtu_compare_iid'.
Finding duplicate cells in `\ct_rtu_compare_iid'.
Finding identical cells in module `\gated_clk_cell'.
Computing hashes of 0 cells of `\gated_clk_cell'.
Finding duplicate cells in `\gated_clk_cell'.
Removed a total of 0 cells.

4.19.6. Executing OPT_SHARE pass.

4.19.7. Executing OPT_DFF pass (perform DFF optimizations).

4.19.8. Executing OPT_CLEAN pass (remove unused cells and wires).
Finding unused cells or wires in module \ct_lsu_pfu_sdb_cmp..
Finding unused cells or wires in module \ct_rtu_compare_iid..
Finding unused cells or wires in module \gated_clk_cell..

4.19.9. Executing OPT_EXPR pass (perform const folding).
Optimizing module ct_lsu_pfu_sdb_cmp.
Optimizing module ct_rtu_compare_iid.
Optimizing module gated_clk_cell.

4.19.10. Finished fast OPT passes. (There is nothing left to do.)

4.20. Executing TECHMAP pass (map to technology primitives).

4.20.1. Executing Verilog-2005 frontend: yosys-share/techmap.v
Parsing Verilog input from `yosys-share/techmap.v' to AST representation.
Generating RTLIL representation for module `\_90_simplemap_bool_ops'.
Generating RTLIL representation for module `\_90_simplemap_reduce_ops'.
Generating RTLIL representation for module `\_90_simplemap_logic_ops'.
Generating RTLIL representation for module `\_90_simplemap_compare_ops'.
Generating RTLIL representation for module `\_90_simplemap_various'.
Generating RTLIL representation for module `\_90_simplemap_registers'.
Generating RTLIL representation for module `\_90_shift_ops_shr_shl_sshl_sshr'.
Generating RTLIL representation for module `\_90_shift_shiftx'.
Generating RTLIL representation for module `\_90_fa'.
Generating RTLIL representation for module `\_90_lcu_brent_kung'.
Generating RTLIL representation for module `\_90_alu'.
Generating RTLIL representation for module `\_90_macc'.
Generating RTLIL representation for module `\_90_alumacc'.
Generating RTLIL representation for module `$__div_mod_u'.
Generating RTLIL representation for module `$__div_mod_trunc'.
Generating RTLIL representation for module `\_90_div'.
Generating RTLIL representation for module `\_90_mod'.
Generating RTLIL representation for module `$__div_mod_floor'.
Generating RTLIL representation for module `\_90_divfloor'.
Generating RTLIL representation for module `\_90_modfloor'.
Generating RTLIL representation for module `\_90_pow'.
Generating RTLIL representation for module `\_90_demux'.
Generating RTLIL representation for module `\_90_lut'.
Generating RTLIL representation for module `$connect'.
Generating RTLIL representation for module `$input_port'.
Successfully finished Verilog frontend.

4.20.2. Continuing TECHMAP pass.
Using extmapper simplemap for cells of type $not.
Using extmapper simplemap for cells of type $or.
Using extmapper simplemap for cells of type $reduce_and.
Using template $paramod$00298f3f8094950cb9a5ff2fda48d0d8bde8806c\_90_alu for cells of type $alu.
Using extmapper simplemap for cells of type $eq.
Using extmapper simplemap for cells of type $mux.
Using extmapper simplemap for cells of type $xor.
Using template $paramod\_90_fa\WIDTH=32'00000000000000000000000000000110 for cells of type $fa.
Using template $paramod\_90_lcu_brent_kung\WIDTH=32'00000000000000000000000000000110 for cells of type $lcu.
Using extmapper simplemap for cells of type $pos.
Using extmapper simplemap for cells of type $and.
Using template $paramod$445c63d4194be6438b67f4f941870a6ab959ba80\_90_alu for cells of type $alu.
Using extmapper simplemap for cells of type $reduce_bool.
Using extmapper simplemap for cells of type $adffe.
Using extmapper simplemap for cells of type $logic_or.
Using extmapper simplemap for cells of type $logic_and.
Using extmapper simplemap for cells of type $logic_not.
Using extmapper simplemap for cells of type $reduce_or.
Using template $paramod\_90_fa\WIDTH=32'00000000000000000000000000101000 for cells of type $fa.
Using template $paramod\_90_lcu_brent_kung\WIDTH=32'00000000000000000000000000101000 for cells of type $lcu.
No more expansions possible.
<suppressed ~1126 debug messages>

4.21. Executing OPT pass (performing simple optimizations).

4.21.1. Executing OPT_EXPR pass (perform const folding).
Optimizing module ct_lsu_pfu_sdb_cmp.
<suppressed ~498 debug messages>
Optimizing module ct_rtu_compare_iid.
<suppressed ~28 debug messages>
Optimizing module gated_clk_cell.

4.21.2. Executing OPT_MERGE pass (detect identical cells).
Finding identical cells in module `\ct_lsu_pfu_sdb_cmp'.
Computing hashes of 1671 cells of `\ct_lsu_pfu_sdb_cmp'.
Finding duplicate cells in `\ct_lsu_pfu_sdb_cmp'.
Computing hashes of 1608 cells of `\ct_lsu_pfu_sdb_cmp'.
Finding duplicate cells in `\ct_lsu_pfu_sdb_cmp'.
Computing hashes of 1601 cells of `\ct_lsu_pfu_sdb_cmp'.
Finding duplicate cells in `\ct_lsu_pfu_sdb_cmp'.
<suppressed ~210 debug messages>
Finding identical cells in module `\ct_rtu_compare_iid'.
Computing hashes of 52 cells of `\ct_rtu_compare_iid'.
Finding duplicate cells in `\ct_rtu_compare_iid'.
Computing hashes of 50 cells of `\ct_rtu_compare_iid'.
Finding duplicate cells in `\ct_rtu_compare_iid'.
<suppressed ~6 debug messages>
Finding identical cells in module `\gated_clk_cell'.
Computing hashes of 0 cells of `\gated_clk_cell'.
Finding duplicate cells in `\gated_clk_cell'.
Removed a total of 72 cells.

4.21.3. Executing OPT_DFF pass (perform DFF optimizations).

4.21.4. Executing OPT_CLEAN pass (remove unused cells and wires).
Finding unused cells or wires in module \ct_lsu_pfu_sdb_cmp..
Finding unused cells or wires in module \ct_rtu_compare_iid..
Finding unused cells or wires in module \gated_clk_cell..
Removed 73 unused cells and 233 unused wires.
<suppressed ~75 debug messages>

4.21.5. Finished fast OPT passes.

4.22. Executing ABC pass (technology mapping using ABC).

4.22.1. Extracting gate netlist of module `\ct_lsu_pfu_sdb_cmp' to `<abc-temp-dir>/input.blif'..

4.22.1.1. Executed ABC.
Extracted 1367 gates and 1615 wires to a netlist network with 246 inputs and 89 outputs.
Running ABC script: <abc-temp-dir>/abc.script
ABC: UC Berkeley, ABC 1.01 (compiled Jun 30 2026 04:50:19)
ABC: abc 01> empty
ABC: abc 01> source <abc-temp-dir>/abc.script
ABC: + read_blif <abc-temp-dir>/input.blif
ABC: + read_library <abc-temp-dir>/stdcells.genlib
ABC: + strash
ABC: + &get -n
ABC: + &fraig -x
ABC: + &put
ABC: + scorr
ABC: Warning: The network is combinational (run "fraig" or "fraig_sweep").
ABC: + dc2
ABC: + dretime
ABC: + strash
ABC: + &get -n
ABC: + &dch -f
ABC: + &nf
ABC: + &put
ABC: + write_blif <abc-temp-dir>/output.blif
ABC:
ABC: YOSYS_ABC_DONE

4.22.1.2. Re-integrating ABC results.
ABC RESULTS:               AND cells:      365
ABC RESULTS:            ANDNOT cells:       35
ABC RESULTS:               MUX cells:       56
ABC RESULTS:              NAND cells:      227
ABC RESULTS:               NOR cells:       13
ABC RESULTS:               NOT cells:        6
ABC RESULTS:                OR cells:       28
ABC RESULTS:             ORNOT cells:      251
ABC RESULTS:              XNOR cells:      127
ABC RESULTS:               XOR cells:       39
ABC RESULTS:        internal signals:     1280
ABC RESULTS:           input signals:      246
ABC RESULTS:          output signals:       89
Removing temp directory.

4.22.2. Extracting gate netlist of module `\ct_rtu_compare_iid' to `<abc-temp-dir>/input.blif'..

4.22.2.1. Executed ABC.
Extracted 39 gates and 53 wires to a netlist network with 14 inputs and 1 outputs.
Running ABC script: <abc-temp-dir>/abc.script
ABC: UC Berkeley, ABC 1.01 (compiled Jun 30 2026 04:50:19)
ABC: abc 01> empty
ABC: abc 01> source <abc-temp-dir>/abc.script
ABC: + read_blif <abc-temp-dir>/input.blif
ABC: + read_library <abc-temp-dir>/stdcells.genlib
ABC: + strash
ABC: + &get -n
ABC: + &fraig -x
ABC: + &put
ABC: + scorr
ABC: Warning: The network is combinational (run "fraig" or "fraig_sweep").
ABC: + dc2
ABC: + dretime
ABC: + strash
ABC: + &get -n
ABC: + &dch -f
ABC: + &nf
ABC: + &put
ABC: + write_blif <abc-temp-dir>/output.blif
ABC:
ABC: YOSYS_ABC_DONE

4.22.2.2. Re-integrating ABC results.
ABC RESULTS:               AND cells:        5
ABC RESULTS:            ANDNOT cells:        1
ABC RESULTS:              NAND cells:       14
ABC RESULTS:                OR cells:        1
ABC RESULTS:             ORNOT cells:       11
ABC RESULTS:              XNOR cells:        1
ABC RESULTS:        internal signals:       38
ABC RESULTS:           input signals:       14
ABC RESULTS:          output signals:        1
Removing temp directory.

4.22.3. Extracting gate netlist of module `\gated_clk_cell' to `<abc-temp-dir>/input.blif'..

4.22.3.1. Executed ABC.
Extracted 0 gates and 0 wires to a netlist network with 0 inputs and 0 outputs.
Don't call ABC as there is nothing to map.
Removing temp directory.
Removing global temp directory.

4.23. Executing OPT pass (performing simple optimizations).

4.23.1. Executing OPT_EXPR pass (perform const folding).
Optimizing module ct_lsu_pfu_sdb_cmp.
Optimizing module ct_rtu_compare_iid.
Optimizing module gated_clk_cell.

4.23.2. Executing OPT_MERGE pass (detect identical cells).
Finding identical cells in module `\ct_lsu_pfu_sdb_cmp'.
Computing hashes of 1319 cells of `\ct_lsu_pfu_sdb_cmp'.
Finding duplicate cells in `\ct_lsu_pfu_sdb_cmp'.
Finding identical cells in module `\ct_rtu_compare_iid'.
Computing hashes of 33 cells of `\ct_rtu_compare_iid'.
Finding duplicate cells in `\ct_rtu_compare_iid'.
Finding identical cells in module `\gated_clk_cell'.
Computing hashes of 0 cells of `\gated_clk_cell'.
Finding duplicate cells in `\gated_clk_cell'.
Removed a total of 0 cells.

4.23.3. Executing OPT_DFF pass (perform DFF optimizations).

4.23.4. Executing OPT_CLEAN pass (remove unused cells and wires).
Finding unused cells or wires in module \ct_lsu_pfu_sdb_cmp..
Finding unused cells or wires in module \ct_rtu_compare_iid..
Finding unused cells or wires in module \gated_clk_cell..
Removed 0 unused cells and 886 unused wires.
<suppressed ~22 debug messages>

4.23.5. Finished fast OPT passes.

4.24. Executing HIERARCHY pass (managing design hierarchy).
Attribute `top' found on module `ct_lsu_pfu_sdb_cmp'. Setting top module to ct_lsu_pfu_sdb_cmp.

4.24.1. Analyzing design hierarchy..
Top module:  \ct_lsu_pfu_sdb_cmp
Used module:     \ct_rtu_compare_iid
Used module:     \gated_clk_cell

4.24.2. Analyzing design hierarchy..
Top module:  \ct_lsu_pfu_sdb_cmp
Used module:     \ct_rtu_compare_iid
Used module:     \gated_clk_cell
Removed 0 unused modules.

4.25. Printing statistics.

=== ct_lsu_pfu_sdb_cmp ===

        +----------Local Count, excluding submodules.
        |
     1134 wires
     1532 wire bits
       60 public wires
      458 public wire bits
       27 ports
      106 port bits
     1312 cells
       35   $_ANDNOT_
      365   $_AND_
      165   $_DFFE_PN0P_
       56   $_MUX_
      227   $_NAND_
       13   $_NOR_
        6   $_NOT_
      251   $_ORNOT_
       28   $_OR_
      127   $_XNOR_
       39   $_XOR_
        7 submodules
        3   ct_rtu_compare_iid
        4   gated_clk_cell

=== ct_rtu_compare_iid ===

        +----------Local Count, excluding submodules.
        |
       35 wires
       47 wire bits
        3 public wires
       15 public wire bits
        3 ports
       15 port bits
       33 cells
        1   $_ANDNOT_
        5   $_AND_
       14   $_NAND_
       11   $_ORNOT_
        1   $_OR_
        1   $_XNOR_

=== gated_clk_cell ===

        +----------Local Count, excluding submodules.
        |
        8 wires
        8 wire bits
        8 public wires
        8 public wire bits
        7 ports
        7 port bits

=== design hierarchy ===

        +----------Count including submodules.
        |
     1411 ct_lsu_pfu_sdb_cmp
       33 ct_rtu_compare_iid

        +----------Count including submodules.
        |
     1271 wires
     1705 wire bits
      101 public wires
      535 public wire bits
       64 ports
      179 port bits
        - memories
        - memory bits
        - processes
     1411 cells
       38   $_ANDNOT_
      380   $_AND_
      165   $_DFFE_PN0P_
       56   $_MUX_
      269   $_NAND_
       13   $_NOR_
        6   $_NOT_
      284   $_ORNOT_
       31   $_OR_
      130   $_XNOR_
       39   $_XOR_
        7 submodules
        3   ct_rtu_compare_iid
        4   gated_clk_cell

4.26. Executing CHECK pass (checking for obvious problems).
Checking module ct_lsu_pfu_sdb_cmp...
Checking module ct_rtu_compare_iid...
Checking module gated_clk_cell...
Found and reported 0 problems.

5. Executing DFFLIBMAP pass (mapping DFF cells to sequential cells from liberty file).
  cell sky130_fd_sc_hd__dfxtp_1 (noninv, pins=3, area=20.02) is a direct match for cell type $_DFF_P_.
  cell sky130_fd_sc_hd__dfrtn_1 (noninv, pins=4, area=25.02) is a direct match for cell type $_DFF_NN0_.
  cell sky130_fd_sc_hd__dfrtp_1 (noninv, pins=4, area=25.02) is a direct match for cell type $_DFF_PN0_.
  cell sky130_fd_sc_hd__dfstp_2 (noninv, pins=4, area=26.28) is a direct match for cell type $_DFF_PN1_.
  cell sky130_fd_sc_hd__edfxtp_1 (noninv, pins=4, area=30.03) is a direct match for cell type $_DFFE_PP_.
  cell sky130_fd_sc_hd__dfbbn_1 (noninv, pins=6, area=32.53) is a direct match for cell type $_DFFSR_NNN_.
  cell sky130_fd_sc_hd__dfbbp_1 (noninv, pins=6, area=32.53) is a direct match for cell type $_DFFSR_PNN_.
  final dff cell mappings:
    unmapped dff cell: $_DFF_N_
    \sky130_fd_sc_hd__dfxtp_1 _DFF_P_ (.CLK( C), .D( D), .Q( Q));
    \sky130_fd_sc_hd__dfrtn_1 _DFF_NN0_ (.CLK_N( C), .D( D), .Q( Q), .RESET_B( R));
    unmapped dff cell: $_DFF_NN1_
    unmapped dff cell: $_DFF_NP0_
    unmapped dff cell: $_DFF_NP1_
    \sky130_fd_sc_hd__dfrtp_1 _DFF_PN0_ (.CLK( C), .D( D), .Q( Q), .RESET_B( R));
    \sky130_fd_sc_hd__dfstp_2 _DFF_PN1_ (.CLK( C), .D( D), .Q( Q), .SET_B( R));
    unmapped dff cell: $_DFF_PP0_
    unmapped dff cell: $_DFF_PP1_
    unmapped dff cell: $_DFFE_NN_
    unmapped dff cell: $_DFFE_NP_
    unmapped dff cell: $_DFFE_PN_
    \sky130_fd_sc_hd__edfxtp_1 _DFFE_PP_ (.CLK( C), .D( D), .DE( E), .Q( Q));
    \sky130_fd_sc_hd__dfbbn_1 _DFFSR_NNN_ (.CLK_N( C), .D( D), .Q( Q), .Q_N(~Q), .RESET_B( R), .SET_B( S));
    unmapped dff cell: $_DFFSR_NNP_
    unmapped dff cell: $_DFFSR_NPN_
    unmapped dff cell: $_DFFSR_NPP_
    \sky130_fd_sc_hd__dfbbp_1 _DFFSR_PNN_ (.CLK( C), .D( D), .Q( Q), .Q_N(~Q), .RESET_B( R), .SET_B( S));
    unmapped dff cell: $_DFFSR_PNP_
    unmapped dff cell: $_DFFSR_PPN_
    unmapped dff cell: $_DFFSR_PPP_

5.1. Executing DFFLEGALIZE pass (convert FFs to types supported by the target).
<suppressed ~24 debug messages>
Mapping DFF cells in module `\ct_lsu_pfu_sdb_cmp':
  mapped 165 $_DFF_PN0_ cells to \sky130_fd_sc_hd__dfrtp_1 cells.
Mapping DFF cells in module `\ct_rtu_compare_iid':
Mapping DFF cells in module `\gated_clk_cell':

6. Executing ABC pass (technology mapping using ABC).

6.1. Extracting gate netlist of module `\ct_lsu_pfu_sdb_cmp' to `<abc-temp-dir>/input.blif'..
ABC: using cached merged SCL: yosys-liberty-scl-cache/yosys_merged_43cd9ec4.scl (1 files)

6.1.1. Executed ABC.
Extracted 1312 gates and 1558 wires to a netlist network with 246 inputs and 178 outputs.
Running ABC script: <abc-temp-dir>/abc.script
ABC: UC Berkeley, ABC 1.01 (compiled Jun 30 2026 04:50:19)
ABC: abc 01> empty
ABC: abc 01> source <abc-temp-dir>/abc.script
ABC: + read_blif <abc-temp-dir>/input.blif
ABC: + read_scl yosys-liberty-scl-cache/yosys_merged_43cd9ec4.scl
ABC: Warning: Detected 9 multi-output cells (for example, "sky130_fd_sc_hd__fa_1").
ABC: + strash
ABC: + &get -n
ABC: + &fraig -x
ABC: + &put
ABC: + scorr
ABC: Warning: The network is combinational (run "fraig" or "fraig_sweep").
ABC: + dc2
ABC: + dretime
ABC: + strash
ABC: + &get -n
ABC: + &dch -f
ABC: + &nf
ABC: + &put
ABC: + write_blif <abc-temp-dir>/output.blif
ABC:
ABC: YOSYS_ABC_DONE

6.1.2. Re-integrating ABC results.
ABC RESULTS:   sky130_fd_sc_hd__a2111oi_0 cells:        5
ABC RESULTS:   sky130_fd_sc_hd__a211oi_1 cells:        8
ABC RESULTS:   sky130_fd_sc_hd__a21bo_1 cells:        1
ABC RESULTS:   sky130_fd_sc_hd__a21boi_0 cells:        4
ABC RESULTS:   sky130_fd_sc_hd__a21o_1 cells:        8
ABC RESULTS:   sky130_fd_sc_hd__a21oi_1 cells:      101
ABC RESULTS:   sky130_fd_sc_hd__a221oi_1 cells:        7
ABC RESULTS:   sky130_fd_sc_hd__a222oi_1 cells:        2
ABC RESULTS:   sky130_fd_sc_hd__a22o_1 cells:        8
ABC RESULTS:   sky130_fd_sc_hd__a22oi_1 cells:        3
ABC RESULTS:   sky130_fd_sc_hd__a2bb2oi_1 cells:        1
ABC RESULTS:   sky130_fd_sc_hd__a311o_1 cells:        2
ABC RESULTS:   sky130_fd_sc_hd__a311oi_1 cells:       10
ABC RESULTS:   sky130_fd_sc_hd__a31o_1 cells:        4
ABC RESULTS:   sky130_fd_sc_hd__a31oi_1 cells:       10
ABC RESULTS:   sky130_fd_sc_hd__a32o_1 cells:        1
ABC RESULTS:   sky130_fd_sc_hd__a32oi_1 cells:        1
ABC RESULTS:   sky130_fd_sc_hd__and2_0 cells:       13
ABC RESULTS:   sky130_fd_sc_hd__and3_1 cells:        4
ABC RESULTS:   sky130_fd_sc_hd__and4_1 cells:        2
ABC RESULTS:   sky130_fd_sc_hd__clkinv_1 cells:       54
ABC RESULTS:   sky130_fd_sc_hd__lpflow_inputiso1p_1 cells:        9
ABC RESULTS:   sky130_fd_sc_hd__lpflow_isobufsrc_1 cells:       73
ABC RESULTS:   sky130_fd_sc_hd__maj3_1 cells:        7
ABC RESULTS:   sky130_fd_sc_hd__mux2_1 cells:       40
ABC RESULTS:   sky130_fd_sc_hd__mux2i_1 cells:       48
ABC RESULTS:   sky130_fd_sc_hd__nand2_1 cells:      188
ABC RESULTS:   sky130_fd_sc_hd__nand2b_1 cells:       78
ABC RESULTS:   sky130_fd_sc_hd__nand3_1 cells:       17
ABC RESULTS:   sky130_fd_sc_hd__nand3b_1 cells:        2
ABC RESULTS:   sky130_fd_sc_hd__nand4_1 cells:       16
ABC RESULTS:   sky130_fd_sc_hd__nor2_1 cells:      121
ABC RESULTS:   sky130_fd_sc_hd__nor2b_1 cells:        6
ABC RESULTS:   sky130_fd_sc_hd__nor3_1 cells:        9
ABC RESULTS:   sky130_fd_sc_hd__nor3b_1 cells:        1
ABC RESULTS:   sky130_fd_sc_hd__nor4_1 cells:       15
ABC RESULTS:   sky130_fd_sc_hd__nor4b_1 cells:        1
ABC RESULTS:   sky130_fd_sc_hd__o2111a_1 cells:        1
ABC RESULTS:   sky130_fd_sc_hd__o2111ai_1 cells:        3
ABC RESULTS:   sky130_fd_sc_hd__o211ai_1 cells:        4
ABC RESULTS:   sky130_fd_sc_hd__o21a_1 cells:        1
ABC RESULTS:   sky130_fd_sc_hd__o21ai_0 cells:       59
ABC RESULTS:   sky130_fd_sc_hd__o21bai_1 cells:        2
ABC RESULTS:   sky130_fd_sc_hd__o221a_1 cells:        1
ABC RESULTS:   sky130_fd_sc_hd__o221ai_1 cells:        4
ABC RESULTS:   sky130_fd_sc_hd__o22ai_1 cells:       11
ABC RESULTS:   sky130_fd_sc_hd__o2bb2ai_1 cells:        2
ABC RESULTS:   sky130_fd_sc_hd__o311ai_0 cells:        8
ABC RESULTS:   sky130_fd_sc_hd__o31a_1 cells:        3
ABC RESULTS:   sky130_fd_sc_hd__o31ai_1 cells:        5
ABC RESULTS:   sky130_fd_sc_hd__or3_1 cells:        2
ABC RESULTS:   sky130_fd_sc_hd__or4_1 cells:        1
ABC RESULTS:   sky130_fd_sc_hd__xnor2_1 cells:      106
ABC RESULTS:   sky130_fd_sc_hd__xnor3_1 cells:        1
ABC RESULTS:   sky130_fd_sc_hd__xor2_1 cells:       58
ABC RESULTS:        internal signals:     1134
ABC RESULTS:           input signals:      246
ABC RESULTS:          output signals:      178
Removing temp directory.

6.2. Extracting gate netlist of module `\ct_rtu_compare_iid' to `<abc-temp-dir>/input.blif'..
ABC: using cached merged SCL: yosys-liberty-scl-cache/yosys_merged_43cd9ec4.scl (1 files)

6.2.1. Executed ABC.
Extracted 33 gates and 47 wires to a netlist network with 14 inputs and 1 outputs.
Running ABC script: <abc-temp-dir>/abc.script
ABC: UC Berkeley, ABC 1.01 (compiled Jun 30 2026 04:50:19)
ABC: abc 01> empty
ABC: abc 01> source <abc-temp-dir>/abc.script
ABC: + read_blif <abc-temp-dir>/input.blif
ABC: + read_scl yosys-liberty-scl-cache/yosys_merged_43cd9ec4.scl
ABC: Warning: Detected 9 multi-output cells (for example, "sky130_fd_sc_hd__fa_1").
ABC: + strash
ABC: + &get -n
ABC: + &fraig -x
ABC: + &put
ABC: + scorr
ABC: Warning: The network is combinational (run "fraig" or "fraig_sweep").
ABC: + dc2
ABC: + dretime
ABC: + strash
ABC: + &get -n
ABC: + &dch -f
ABC: + &nf
ABC: + &put
ABC: + write_blif <abc-temp-dir>/output.blif
ABC:
ABC: YOSYS_ABC_DONE

6.2.2. Re-integrating ABC results.
ABC RESULTS:   sky130_fd_sc_hd__a21boi_0 cells:        1
ABC RESULTS:   sky130_fd_sc_hd__a21oi_1 cells:        1
ABC RESULTS:   sky130_fd_sc_hd__a222oi_1 cells:        2
ABC RESULTS:   sky130_fd_sc_hd__a2bb2oi_1 cells:        1
ABC RESULTS:   sky130_fd_sc_hd__clkinv_1 cells:        4
ABC RESULTS:   sky130_fd_sc_hd__lpflow_isobufsrc_1 cells:        2
ABC RESULTS:   sky130_fd_sc_hd__nand2b_1 cells:        2
ABC RESULTS:   sky130_fd_sc_hd__o21ai_0 cells:        1
ABC RESULTS:   sky130_fd_sc_hd__o221ai_1 cells:        2
ABC RESULTS:   sky130_fd_sc_hd__o22ai_1 cells:        1
ABC RESULTS:   sky130_fd_sc_hd__o2bb2ai_1 cells:        1
ABC RESULTS:   sky130_fd_sc_hd__xor2_1 cells:        1
ABC RESULTS:        internal signals:       32
ABC RESULTS:           input signals:       14
ABC RESULTS:          output signals:        1
Removing temp directory.

6.3. Extracting gate netlist of module `\gated_clk_cell' to `<abc-temp-dir>/input.blif'..
ABC: using cached merged SCL: yosys-liberty-scl-cache/yosys_merged_43cd9ec4.scl (1 files)

6.3.1. Executed ABC.
Extracted 0 gates and 0 wires to a netlist network with 0 inputs and 0 outputs.
Don't call ABC as there is nothing to map.
Removing temp directory.
Removing global temp directory.
Removed 0 unused cells and 1550 unused wires.

7. Printing statistics.

=== ct_lsu_pfu_sdb_cmp ===

        +----------Local Count, excluding submodules.
        |        +-Local Area, excluding submodules.
        |        |
     1194        - wires
     1508        - wire bits
       55        - public wires
      369        - public wire bits
       27        - ports
      106        - port bits
     1317 1.13E+04 cells
        5   43.792   sky130_fd_sc_hd__a2111oi_0
        8   60.058   sky130_fd_sc_hd__a211oi_1
        1    10.01   sky130_fd_sc_hd__a21bo_1
        4   30.029   sky130_fd_sc_hd__a21boi_0
        8   60.058   sky130_fd_sc_hd__a21o_1
      101  505.485   sky130_fd_sc_hd__a21oi_1
        7   61.309   sky130_fd_sc_hd__a221oi_1
        2   20.019   sky130_fd_sc_hd__a222oi_1
        8   70.067   sky130_fd_sc_hd__a22o_1
        3   22.522   sky130_fd_sc_hd__a22oi_1
        1    8.758   sky130_fd_sc_hd__a2bb2oi_1
        2   20.019   sky130_fd_sc_hd__a311o_1
       10   87.584   sky130_fd_sc_hd__a311oi_1
        4   35.034   sky130_fd_sc_hd__a31o_1
       10    62.56   sky130_fd_sc_hd__a31oi_1
        1    10.01   sky130_fd_sc_hd__a32o_1
        1    8.758   sky130_fd_sc_hd__a32oi_1
       13   81.328   sky130_fd_sc_hd__and2_0
        4   25.024   sky130_fd_sc_hd__and3_1
        2   17.517   sky130_fd_sc_hd__and4_1
       54  202.694   sky130_fd_sc_hd__clkinv_1
      165  4128.96   sky130_fd_sc_hd__dfrtp_1
        9   56.304   sky130_fd_sc_hd__lpflow_inputiso1p_1
       73  456.688   sky130_fd_sc_hd__lpflow_isobufsrc_1
        7   70.067   sky130_fd_sc_hd__maj3_1
       40  450.432   sky130_fd_sc_hd__mux2_1
       48  480.461   sky130_fd_sc_hd__mux2i_1
      188  705.677   sky130_fd_sc_hd__nand2_1
       78  487.968   sky130_fd_sc_hd__nand2b_1
       17   85.082   sky130_fd_sc_hd__nand3_1
        2   15.014   sky130_fd_sc_hd__nand3b_1
       16  100.096   sky130_fd_sc_hd__nand4_1
      121  454.186   sky130_fd_sc_hd__nor2_1
        6   37.536   sky130_fd_sc_hd__nor2b_1
        9   45.043   sky130_fd_sc_hd__nor3_1
        1    7.507   sky130_fd_sc_hd__nor3b_1
       15    93.84   sky130_fd_sc_hd__nor4_1
        1    8.758   sky130_fd_sc_hd__nor4b_1
        1   11.261   sky130_fd_sc_hd__o2111a_1
        3   26.275   sky130_fd_sc_hd__o2111ai_1
        4   30.029   sky130_fd_sc_hd__o211ai_1
        1    7.507   sky130_fd_sc_hd__o21a_1
       59  295.283   sky130_fd_sc_hd__o21ai_0
        2   15.014   sky130_fd_sc_hd__o21bai_1
        1   11.261   sky130_fd_sc_hd__o221a_1
        4   35.034   sky130_fd_sc_hd__o221ai_1
       11   68.816   sky130_fd_sc_hd__o22ai_1
        2   17.517   sky130_fd_sc_hd__o2bb2ai_1
        8   70.067   sky130_fd_sc_hd__o311ai_0
        3   26.275   sky130_fd_sc_hd__o31a_1
        5   37.536   sky130_fd_sc_hd__o31ai_1
        2   12.512   sky130_fd_sc_hd__or3_1
        1    7.507   sky130_fd_sc_hd__or4_1
      106   928.39   sky130_fd_sc_hd__xnor2_1
        1   22.522   sky130_fd_sc_hd__xnor3_1
       58  507.987   sky130_fd_sc_hd__xor2_1
        7        - submodules
        3        -   ct_rtu_compare_iid
        4        -   gated_clk_cell

   Chip area for module '\ct_lsu_pfu_sdb_cmp': 11257.046400
     of which used for sequential elements: 4128.960000 (36.68%)

=== ct_rtu_compare_iid ===

        +----------Local Count, excluding submodules.
        |        +-Local Area, excluding submodules.
        |        |
       21        - wires
       33        - wire bits
        3        - public wires
       15        - public wire bits
        3        - ports
       15        - port bits
       19  127.622 cells
        1    7.507   sky130_fd_sc_hd__a21boi_0
        1    5.005   sky130_fd_sc_hd__a21oi_1
        2   20.019   sky130_fd_sc_hd__a222oi_1
        1    8.758   sky130_fd_sc_hd__a2bb2oi_1
        4   15.014   sky130_fd_sc_hd__clkinv_1
        2   12.512   sky130_fd_sc_hd__lpflow_isobufsrc_1
        2   12.512   sky130_fd_sc_hd__nand2b_1
        1    5.005   sky130_fd_sc_hd__o21ai_0
        2   17.517   sky130_fd_sc_hd__o221ai_1
        1    6.256   sky130_fd_sc_hd__o22ai_1
        1    8.758   sky130_fd_sc_hd__o2bb2ai_1
        1    8.758   sky130_fd_sc_hd__xor2_1

   Chip area for module '\ct_rtu_compare_iid': 127.622400
     of which used for sequential elements: 0.000000 (0.00%)

=== gated_clk_cell ===

        +----------Local Count, excluding submodules.
        |        +-Local Area, excluding submodules.
        |        |
        8        - wires
        8        - wire bits
        8        - public wires
        8        - public wire bits
        7        - ports
        7        - port bits

=== design hierarchy ===

        +----------Count including submodules.
        |        +-Area including submodules.
        |        |
     1374 1.16E+04 ct_lsu_pfu_sdb_cmp
       19  127.622 ct_rtu_compare_iid

        +----------Count including submodules.
        |        +-Area including submodules.
        |        |
     1289        - wires
     1639        - wire bits
       96        - public wires
      446        - public wire bits
       64        - ports
      179        - port bits
        -        - memories
        -        - memory bits
        -        - processes
     1374 1.16E+04 cells
        5   43.792   sky130_fd_sc_hd__a2111oi_0
        8   60.058   sky130_fd_sc_hd__a211oi_1
        1    10.01   sky130_fd_sc_hd__a21bo_1
        7    52.55   sky130_fd_sc_hd__a21boi_0
        8   60.058   sky130_fd_sc_hd__a21o_1
      104  520.499   sky130_fd_sc_hd__a21oi_1
        7   61.309   sky130_fd_sc_hd__a221oi_1
        8   80.077   sky130_fd_sc_hd__a222oi_1
        8   70.067   sky130_fd_sc_hd__a22o_1
        3   22.522   sky130_fd_sc_hd__a22oi_1
        4   35.034   sky130_fd_sc_hd__a2bb2oi_1
        2   20.019   sky130_fd_sc_hd__a311o_1
       10   87.584   sky130_fd_sc_hd__a311oi_1
        4   35.034   sky130_fd_sc_hd__a31o_1
       10    62.56   sky130_fd_sc_hd__a31oi_1
        1    10.01   sky130_fd_sc_hd__a32o_1
        1    8.758   sky130_fd_sc_hd__a32oi_1
       13   81.328   sky130_fd_sc_hd__and2_0
        4   25.024   sky130_fd_sc_hd__and3_1
        2   17.517   sky130_fd_sc_hd__and4_1
       66  247.738   sky130_fd_sc_hd__clkinv_1
      165  4128.96   sky130_fd_sc_hd__dfrtp_1
        9   56.304   sky130_fd_sc_hd__lpflow_inputiso1p_1
       79  494.224   sky130_fd_sc_hd__lpflow_isobufsrc_1
        7   70.067   sky130_fd_sc_hd__maj3_1
       40  450.432   sky130_fd_sc_hd__mux2_1
       48  480.461   sky130_fd_sc_hd__mux2i_1
      188  705.677   sky130_fd_sc_hd__nand2_1
       84  525.504   sky130_fd_sc_hd__nand2b_1
       17   85.082   sky130_fd_sc_hd__nand3_1
        2   15.014   sky130_fd_sc_hd__nand3b_1
       16  100.096   sky130_fd_sc_hd__nand4_1
      121  454.186   sky130_fd_sc_hd__nor2_1
        6   37.536   sky130_fd_sc_hd__nor2b_1
        9   45.043   sky130_fd_sc_hd__nor3_1
        1    7.507   sky130_fd_sc_hd__nor3b_1
       15    93.84   sky130_fd_sc_hd__nor4_1
        1    8.758   sky130_fd_sc_hd__nor4b_1
        1   11.261   sky130_fd_sc_hd__o2111a_1
        3   26.275   sky130_fd_sc_hd__o2111ai_1
        4   30.029   sky130_fd_sc_hd__o211ai_1
        1    7.507   sky130_fd_sc_hd__o21a_1
       62  310.298   sky130_fd_sc_hd__o21ai_0
        2   15.014   sky130_fd_sc_hd__o21bai_1
        1   11.261   sky130_fd_sc_hd__o221a_1
       10   87.584   sky130_fd_sc_hd__o221ai_1
       14   87.584   sky130_fd_sc_hd__o22ai_1
        5   43.792   sky130_fd_sc_hd__o2bb2ai_1
        8   70.067   sky130_fd_sc_hd__o311ai_0
        3   26.275   sky130_fd_sc_hd__o31a_1
        5   37.536   sky130_fd_sc_hd__o31ai_1
        2   12.512   sky130_fd_sc_hd__or3_1
        1    7.507   sky130_fd_sc_hd__or4_1
      106   928.39   sky130_fd_sc_hd__xnor2_1
        1   22.522   sky130_fd_sc_hd__xnor3_1
       61  534.262   sky130_fd_sc_hd__xor2_1
        7  382.867 submodules
        3  382.867   ct_rtu_compare_iid
        4        -   gated_clk_cell

   Chip area for top module '\ct_lsu_pfu_sdb_cmp': 11639.913600
     of which used for sequential elements: 4128.960000 (35.47%)

8. Executing Verilog backend.

8.1. Executing BMUXMAP pass.

8.2. Executing DEMUXMAP pass.
Dumping module `\ct_lsu_pfu_sdb_cmp'.
Dumping module `\ct_rtu_compare_iid'.
Dumping module `\gated_clk_cell'.

End of script. Logfile hash: 2eae40ff82, time: 0.91s, user: 0.24s, system: 0.03s, MEM: 46.88 MB peak
Yosys 0.66+181 (git sha1 afe6b18f2, Release, Clang /usr/bin/clang++ 18.1.8)
Time spent: 74% 2x abc (0 sec), 5% 2x stat (0 sec), ...
