OpenSTA 2.2.0 02b129d48f Copyright (c) 2019, Parallax Software, Inc.
License GPLv3: GNU GPL version 3 <http://gnu.org/licenses/gpl.html>

This is free software, and you are free to change and redistribute it
under certain conditions; type `show_copying' for details.
This program comes with ABSOLUTELY NO WARRANTY; for details type `show_warranty'.
Warning: 63, 8 port 'lsu_special_clk' not found.
Warning: 63, 10 port 'rst_b' not found.
Warning: 63, 10 port 'ifu_xx_sync_reset' not found.
Startpoint: _2316_ (rising edge-triggered flip-flop clocked by forever_cpuclk)
Endpoint: _2345_ (rising edge-triggered flip-flop clocked by entry_clk)
Path Group: entry_clk
Path Type: max

  Delay    Time   Description
---------------------------------------------------------
   0.00    0.00   clock forever_cpuclk (rise edge)
   0.00    0.00   clock network delay (ideal)
   0.00    0.00 ^ _2316_/CLK (sky130_fd_sc_hd__dfrtp_1)
   0.53    0.53 ^ _2316_/Q (sky130_fd_sc_hd__dfrtp_1)
   0.18    0.71 v x_lsu_sdb_cmp_2/_132_/Y (sky130_fd_sc_hd__nand2_1)
   0.35    1.06 ^ x_lsu_sdb_cmp_2/_135_/Y (sky130_fd_sc_hd__o21ai_0)
   0.18    1.24 v x_lsu_sdb_cmp_2/_158_/Y (sky130_fd_sc_hd__a211oi_1)
   0.49    1.73 ^ x_lsu_sdb_cmp_2/_162_/Y (sky130_fd_sc_hd__o311ai_0)
   0.20    1.93 v x_lsu_sdb_cmp_2/_169_/Y (sky130_fd_sc_hd__a21oi_1)
   0.28    2.21 ^ x_lsu_sdb_cmp_2/_183_/Y (sky130_fd_sc_hd__o31ai_1)
   0.19    2.40 v x_lsu_sdb_cmp_2/_187_/Y (sky130_fd_sc_hd__a32oi_1)
   0.41    2.81 v x_lsu_sdb_cmp_2/_189_/X (sky130_fd_sc_hd__maj3_1)
   0.41    3.23 v x_lsu_sdb_cmp_2/_191_/X (sky130_fd_sc_hd__maj3_1)
   0.38    3.60 v x_lsu_sdb_cmp_2/_195_/X (sky130_fd_sc_hd__xnor3_1)
   0.15    3.76 ^ x_lsu_sdb_cmp_2/_196_/X (sky130_fd_sc_hd__lpflow_isobufsrc_1)
   0.10    3.86 v x_lsu_sdb_cmp_2/_210_/Y (sky130_fd_sc_hd__nand3_1)
   0.22    4.08 ^ x_lsu_sdb_cmp_2/_231_/Y (sky130_fd_sc_hd__a211oi_1)
   0.14    4.22 ^ x_lsu_sdb_cmp_2/_235_/Y (sky130_fd_sc_hd__nand3b_1)
   0.13    4.35 ^ x_lsu_sdb_cmp_2/_246_/Y (sky130_fd_sc_hd__xnor2_1)
   0.07    4.42 v _1193_/Y (sky130_fd_sc_hd__nand2b_1)
   5.38    9.80 ^ _1195_/Y (sky130_fd_sc_hd__a211oi_1)
   0.00    9.79 v _1526_/Y (sky130_fd_sc_hd__nor2_1)
   0.25   10.05 ^ _1530_/Y (sky130_fd_sc_hd__nor2_1)
   0.00   10.05 ^ _2345_/D (sky130_fd_sc_hd__dfrtp_1)
          10.05   data arrival time

  10.00   10.00   clock entry_clk (rise edge)
   0.00   10.00   clock network delay (ideal)
   0.00   10.00   clock reconvergence pessimism
          10.00 ^ _2345_/CLK (sky130_fd_sc_hd__dfrtp_1)
  -0.09    9.91   library setup time
           9.91   data required time
---------------------------------------------------------
           9.91   data required time
         -10.05   data arrival time
---------------------------------------------------------
          -0.14   slack (VIOLATED)


Startpoint: _2316_ (rising edge-triggered flip-flop clocked by forever_cpuclk)
Endpoint: _2291_ (rising edge-triggered flip-flop clocked by forever_cpuclk)
Path Group: forever_cpuclk
Path Type: max

  Delay    Time   Description
---------------------------------------------------------
   0.00    0.00   clock forever_cpuclk (rise edge)
   0.00    0.00   clock network delay (ideal)
   0.00    0.00 ^ _2316_/CLK (sky130_fd_sc_hd__dfrtp_1)
   0.53    0.53 ^ _2316_/Q (sky130_fd_sc_hd__dfrtp_1)
   0.18    0.71 v x_lsu_sdb_cmp_2/_132_/Y (sky130_fd_sc_hd__nand2_1)
   0.35    1.06 ^ x_lsu_sdb_cmp_2/_135_/Y (sky130_fd_sc_hd__o21ai_0)
   0.18    1.24 v x_lsu_sdb_cmp_2/_158_/Y (sky130_fd_sc_hd__a211oi_1)
   0.49    1.73 ^ x_lsu_sdb_cmp_2/_162_/Y (sky130_fd_sc_hd__o311ai_0)
   0.20    1.93 v x_lsu_sdb_cmp_2/_169_/Y (sky130_fd_sc_hd__a21oi_1)
   0.28    2.21 ^ x_lsu_sdb_cmp_2/_183_/Y (sky130_fd_sc_hd__o31ai_1)
   0.19    2.40 v x_lsu_sdb_cmp_2/_187_/Y (sky130_fd_sc_hd__a32oi_1)
   0.41    2.81 v x_lsu_sdb_cmp_2/_189_/X (sky130_fd_sc_hd__maj3_1)
   0.41    3.23 v x_lsu_sdb_cmp_2/_191_/X (sky130_fd_sc_hd__maj3_1)
   0.38    3.60 v x_lsu_sdb_cmp_2/_195_/X (sky130_fd_sc_hd__xnor3_1)
   0.15    3.76 ^ x_lsu_sdb_cmp_2/_196_/X (sky130_fd_sc_hd__lpflow_isobufsrc_1)
   0.10    3.86 v x_lsu_sdb_cmp_2/_210_/Y (sky130_fd_sc_hd__nand3_1)
   0.22    4.08 ^ x_lsu_sdb_cmp_2/_231_/Y (sky130_fd_sc_hd__a211oi_1)
   0.14    4.22 ^ x_lsu_sdb_cmp_2/_235_/Y (sky130_fd_sc_hd__nand3b_1)
   0.13    4.35 ^ x_lsu_sdb_cmp_2/_246_/Y (sky130_fd_sc_hd__xnor2_1)
   0.07    4.42 v _1193_/Y (sky130_fd_sc_hd__nand2b_1)
   5.38    9.80 ^ _1195_/Y (sky130_fd_sc_hd__a211oi_1)
   0.14    9.94 v _1410_/Y (sky130_fd_sc_hd__a21oi_1)
   0.00    9.94 v _2291_/D (sky130_fd_sc_hd__dfrtp_1)
           9.94   data arrival time

  10.00   10.00   clock forever_cpuclk (rise edge)
   0.00   10.00   clock network delay (ideal)
   0.00   10.00   clock reconvergence pessimism
          10.00 ^ _2291_/CLK (sky130_fd_sc_hd__dfrtp_1)
  -0.40    9.60   library setup time
           9.60   data required time
---------------------------------------------------------
           9.60   data required time
          -9.94   data arrival time
---------------------------------------------------------
          -0.34   slack (VIOLATED)


tns -16.18
wns -0.34
Group                  Internal  Switching    Leakage      Total
                          Power      Power      Power      Power
----------------------------------------------------------------
Sequential             3.64e-04   3.56e-05   1.44e-09   3.99e-04  60.7%
Combinational          1.21e-04   1.37e-04   3.59e-09   2.58e-04  39.3%
Macro                  0.00e+00   0.00e+00   0.00e+00   0.00e+00   0.0%
Pad                    0.00e+00   0.00e+00   0.00e+00   0.00e+00   0.0%
----------------------------------------------------------------
Total                  4.85e-04   1.73e-04   5.03e-09   6.57e-04 100.0%
                          73.7%      26.3%       0.0%
