OpenSTA 2.2.0 02b129d48f Copyright (c) 2019, Parallax Software, Inc.
License GPLv3: GNU GPL version 3 <http://gnu.org/licenses/gpl.html>

This is free software, and you are free to change and redistribute it
under certain conditions; type `show_copying' for details.
This program comes with ABSOLUTELY NO WARRANTY; for details type `show_warranty'.
Warning: 63, 8 port 'entry_clk' not found.
Warning: 63, 8 port 'lsu_special_clk' not found.
Warning: 63, 10 port 'rst_b' not found.
Warning: 63, 10 port 'ifu_xx_sync_reset' not found.
Startpoint: _1106_ (rising edge-triggered flip-flop clocked by forever_cpuclk)
Endpoint: _1057_ (rising edge-triggered flip-flop clocked by forever_cpuclk)
Path Group: forever_cpuclk
Path Type: max

  Delay    Time   Description
---------------------------------------------------------
   0.00    0.00   clock forever_cpuclk (rise edge)
   0.00    0.00   clock network delay (ideal)
   0.00    0.00 ^ _1106_/CLK (sky130_fd_sc_hd__dfrtp_1)
   0.45    0.45 ^ _1106_/Q (sky130_fd_sc_hd__dfrtp_1)
   0.16    0.60 v x_lsu_sf_mispred_chk_compare_iid/_132_/Y (sky130_fd_sc_hd__nand2_1)
   0.34    0.94 ^ x_lsu_sf_mispred_chk_compare_iid/_135_/Y (sky130_fd_sc_hd__o21ai_0)
   0.18    1.13 v x_lsu_sf_mispred_chk_compare_iid/_158_/Y (sky130_fd_sc_hd__a211oi_1)
   0.49    1.61 ^ x_lsu_sf_mispred_chk_compare_iid/_162_/Y (sky130_fd_sc_hd__o311ai_0)
   0.20    1.81 v x_lsu_sf_mispred_chk_compare_iid/_169_/Y (sky130_fd_sc_hd__a21oi_1)
   0.28    2.10 ^ x_lsu_sf_mispred_chk_compare_iid/_183_/Y (sky130_fd_sc_hd__o31ai_1)
   0.19    2.28 v x_lsu_sf_mispred_chk_compare_iid/_187_/Y (sky130_fd_sc_hd__a32oi_1)
   0.41    2.70 v x_lsu_sf_mispred_chk_compare_iid/_189_/X (sky130_fd_sc_hd__maj3_1)
   0.41    3.11 v x_lsu_sf_mispred_chk_compare_iid/_191_/X (sky130_fd_sc_hd__maj3_1)
   0.38    3.49 v x_lsu_sf_mispred_chk_compare_iid/_195_/X (sky130_fd_sc_hd__xnor3_1)
   0.15    3.64 ^ x_lsu_sf_mispred_chk_compare_iid/_196_/X (sky130_fd_sc_hd__lpflow_isobufsrc_1)
   0.10    3.74 v x_lsu_sf_mispred_chk_compare_iid/_210_/Y (sky130_fd_sc_hd__nand3_1)
   0.22    3.96 ^ x_lsu_sf_mispred_chk_compare_iid/_231_/Y (sky130_fd_sc_hd__a211oi_1)
   0.14    4.11 ^ x_lsu_sf_mispred_chk_compare_iid/_235_/Y (sky130_fd_sc_hd__nand3b_1)
   0.09    4.20 v x_lsu_sf_mispred_chk_compare_iid/_246_/Y (sky130_fd_sc_hd__xnor2_1)
   2.93    7.13 ^ _0710_/Y (sky130_fd_sc_hd__o21ai_0)
   0.35    7.48 v _0860_/Y (sky130_fd_sc_hd__o21ai_0)
   0.26    7.74 ^ _0861_/Y (sky130_fd_sc_hd__a21oi_1)
   0.00    7.74 ^ _1057_/D (sky130_fd_sc_hd__dfrtp_1)
           7.74   data arrival time

  10.00   10.00   clock forever_cpuclk (rise edge)
   0.00   10.00   clock network delay (ideal)
   0.00   10.00   clock reconvergence pessimism
          10.00 ^ _1057_/CLK (sky130_fd_sc_hd__dfrtp_1)
  -0.09    9.91   library setup time
           9.91   data required time
---------------------------------------------------------
           9.91   data required time
          -7.74   data arrival time
---------------------------------------------------------
           2.16   slack (MET)


tns 0.00
wns 0.00
Group                  Internal  Switching    Leakage      Total
                          Power      Power      Power      Power
----------------------------------------------------------------
Sequential             2.86e-04   1.75e-05   1.13e-09   3.03e-04  71.7%
Combinational          5.92e-05   6.04e-05   1.78e-09   1.20e-04  28.3%
Macro                  0.00e+00   0.00e+00   0.00e+00   0.00e+00   0.0%
Pad                    0.00e+00   0.00e+00   0.00e+00   0.00e+00   0.0%
----------------------------------------------------------------
Total                  3.45e-04   7.79e-05   2.91e-09   4.23e-04 100.0%
                          81.6%      18.4%       0.0%
