
 /----------------------------------------------------------------------------\
 |  yosys -- Yosys Open SYnthesis Suite                                       |
 |  Copyright (C) 2012 - 2026  Claire Xenia Wolf <claire@yosyshq.com>         |
 |  Distributed under an ISC-like license, type "license" to see terms        |
 \----------------------------------------------------------------------------/
 Yosys 0.66+181 (git sha1 afe6b18f2, Release, Clang /usr/bin/clang++ 18.1.8)

-- Running command `read_verilog -sv -D PA_WIDTH=40 gated_clk_cell.v ct_rtu_compare_iid_metric_negative.v ct_lsu_spec_fail_predict.v; synth -top ct_lsu_spec_fail_predict; dfflibmap -liberty sky130_fd_sc_hd__tt_025C_1v80.lib; abc -liberty sky130_fd_sc_hd__tt_025C_1v80.lib; clean; stat -liberty sky130_fd_sc_hd__tt_025C_1v80.lib; write_verilog -noattr ct_lsu_spec_fail_predict_metric_negative.mapped.v' --

1. Executing Verilog-2005 frontend: gated_clk_cell.v
Parsing SystemVerilog input from `gated_clk_cell.v' to AST representation.
Generating RTLIL representation for module `\gated_clk_cell'.
Successfully finished Verilog frontend.

2. Executing Verilog-2005 frontend: ct_rtu_compare_iid_metric_negative.v
Parsing SystemVerilog input from `ct_rtu_compare_iid_metric_negative.v' to AST representation.
Generating RTLIL representation for module `\ct_rtu_compare_iid'.
Successfully finished Verilog frontend.

3. Executing Verilog-2005 frontend: ct_lsu_spec_fail_predict.v
Parsing SystemVerilog input from `ct_lsu_spec_fail_predict.v' to AST representation.
Generating RTLIL representation for module `\ct_lsu_spec_fail_predict'.
Successfully finished Verilog frontend.

4. Executing SYNTH pass.

4.1. Executing HIERARCHY pass (managing design hierarchy).

4.1.1. Analyzing design hierarchy..
Top module:  \ct_lsu_spec_fail_predict
Used module:     \ct_rtu_compare_iid
Used module:     \gated_clk_cell

4.1.2. Analyzing design hierarchy..
Top module:  \ct_lsu_spec_fail_predict
Used module:     \ct_rtu_compare_iid
Used module:     \gated_clk_cell
Removed 0 unused modules.

4.2. Executing PROC pass (convert processes to netlists).

4.2.1. Executing PROC_CLEAN pass (remove empty switches from decision trees).
Cleaned up 0 empty switches.

4.2.2. Executing PROC_RMDEAD pass (remove dead branches from decision trees).
Marked 1 switch rules as full_case in process $proc$ct_lsu_spec_fail_predict.v:251$41 in module ct_lsu_spec_fail_predict.
Marked 2 switch rules as full_case in process $proc$ct_lsu_spec_fail_predict.v:241$37 in module ct_lsu_spec_fail_predict.
Marked 2 switch rules as full_case in process $proc$ct_lsu_spec_fail_predict.v:231$34 in module ct_lsu_spec_fail_predict.
Marked 1 switch rules as full_case in process $proc$ct_lsu_spec_fail_predict.v:214$32 in module ct_lsu_spec_fail_predict.
Marked 2 switch rules as full_case in process $proc$ct_lsu_spec_fail_predict.v:204$28 in module ct_lsu_spec_fail_predict.
Marked 2 switch rules as full_case in process $proc$ct_lsu_spec_fail_predict.v:194$25 in module ct_lsu_spec_fail_predict.
Marked 2 switch rules as full_case in process $proc$ct_lsu_spec_fail_predict.v:184$23 in module ct_lsu_spec_fail_predict.
Removed a total of 0 dead cases.

4.2.3. Executing PROC_PRUNE pass (remove redundant assignments in processes).
Removed 0 redundant assignments.
Promoted 0 assignments to connections.

4.2.4. Executing PROC_INIT pass (extract init attributes).

4.2.5. Executing PROC_ARST pass (detect async resets in processes).
Found async reset \cpurst_b in `\ct_lsu_spec_fail_predict.$proc$ct_lsu_spec_fail_predict.v:251$41'.
Found async reset \cpurst_b in `\ct_lsu_spec_fail_predict.$proc$ct_lsu_spec_fail_predict.v:241$37'.
Found async reset \cpurst_b in `\ct_lsu_spec_fail_predict.$proc$ct_lsu_spec_fail_predict.v:231$34'.
Found async reset \cpurst_b in `\ct_lsu_spec_fail_predict.$proc$ct_lsu_spec_fail_predict.v:214$32'.
Found async reset \cpurst_b in `\ct_lsu_spec_fail_predict.$proc$ct_lsu_spec_fail_predict.v:204$28'.
Found async reset \cpurst_b in `\ct_lsu_spec_fail_predict.$proc$ct_lsu_spec_fail_predict.v:194$25'.
Found async reset \cpurst_b in `\ct_lsu_spec_fail_predict.$proc$ct_lsu_spec_fail_predict.v:184$23'.

4.2.6. Executing PROC_ROM pass (convert switches to ROMs).
Converted 0 switches.
<suppressed ~12 debug messages>

4.2.7. Executing PROC_MUX pass (convert decision trees to multiplexers).
Creating decoders for process `\ct_lsu_spec_fail_predict.$proc$ct_lsu_spec_fail_predict.v:251$41'.
     1/3: $0\sf_mispred_chk_st_iid[6:0]
     2/3: $0\sf_mispred_chk_st_addr_tto4[35:0]
     3/3: $0\sf_mispred_chk_bytes_vld[15:0]
Creating decoders for process `\ct_lsu_spec_fail_predict.$proc$ct_lsu_spec_fail_predict.v:241$37'.
     1/1: $0\sf_mispred_chk_clr_counter[3:0]
Creating decoders for process `\ct_lsu_spec_fail_predict.$proc$ct_lsu_spec_fail_predict.v:231$34'.
     1/1: $0\sf_mispred_chk_vld[0:0]
Creating decoders for process `\ct_lsu_spec_fail_predict.$proc$ct_lsu_spec_fail_predict.v:214$32'.
     1/3: $0\sf_start_st_iid[6:0]
     2/3: $0\sf_start_st_bytes_vld[15:0]
     3/3: $0\sf_start_st_addr_tto4[35:0]
Creating decoders for process `\ct_lsu_spec_fail_predict.$proc$ct_lsu_spec_fail_predict.v:204$28'.
     1/1: $0\sf_start_clr_counter[3:0]
Creating decoders for process `\ct_lsu_spec_fail_predict.$proc$ct_lsu_spec_fail_predict.v:194$25'.
     1/1: $0\sf_start_vld[0:0]
Creating decoders for process `\ct_lsu_spec_fail_predict.$proc$ct_lsu_spec_fail_predict.v:184$23'.
     1/1: $0\sf_start_pre[0:0]

4.2.8. Executing PROC_DLATCH pass (convert process syncs to latches).

4.2.9. Executing PROC_DFF pass (convert process syncs to FFs).
Creating register for signal `\ct_lsu_spec_fail_predict.\sf_mispred_chk_bytes_vld' using process `\ct_lsu_spec_fail_predict.$proc$ct_lsu_spec_fail_predict.v:251$41'.
  created $adff cell `$procdff$112' with positive edge clock and positive level reset.
Creating register for signal `\ct_lsu_spec_fail_predict.\sf_mispred_chk_st_addr_tto4' using process `\ct_lsu_spec_fail_predict.$proc$ct_lsu_spec_fail_predict.v:251$41'.
  created $adff cell `$procdff$117' with positive edge clock and positive level reset.
Creating register for signal `\ct_lsu_spec_fail_predict.\sf_mispred_chk_st_iid' using process `\ct_lsu_spec_fail_predict.$proc$ct_lsu_spec_fail_predict.v:251$41'.
  created $adff cell `$procdff$122' with positive edge clock and positive level reset.
Creating register for signal `\ct_lsu_spec_fail_predict.\sf_mispred_chk_clr_counter' using process `\ct_lsu_spec_fail_predict.$proc$ct_lsu_spec_fail_predict.v:241$37'.
  created $adff cell `$procdff$127' with positive edge clock and positive level reset.
Creating register for signal `\ct_lsu_spec_fail_predict.\sf_mispred_chk_vld' using process `\ct_lsu_spec_fail_predict.$proc$ct_lsu_spec_fail_predict.v:231$34'.
  created $adff cell `$procdff$132' with positive edge clock and positive level reset.
Creating register for signal `\ct_lsu_spec_fail_predict.\sf_start_st_addr_tto4' using process `\ct_lsu_spec_fail_predict.$proc$ct_lsu_spec_fail_predict.v:214$32'.
  created $adff cell `$procdff$137' with positive edge clock and positive level reset.
Creating register for signal `\ct_lsu_spec_fail_predict.\sf_start_st_bytes_vld' using process `\ct_lsu_spec_fail_predict.$proc$ct_lsu_spec_fail_predict.v:214$32'.
  created $adff cell `$procdff$142' with positive edge clock and positive level reset.
Creating register for signal `\ct_lsu_spec_fail_predict.\sf_start_st_iid' using process `\ct_lsu_spec_fail_predict.$proc$ct_lsu_spec_fail_predict.v:214$32'.
  created $adff cell `$procdff$147' with positive edge clock and positive level reset.
Creating register for signal `\ct_lsu_spec_fail_predict.\sf_start_clr_counter' using process `\ct_lsu_spec_fail_predict.$proc$ct_lsu_spec_fail_predict.v:204$28'.
  created $adff cell `$procdff$152' with positive edge clock and positive level reset.
Creating register for signal `\ct_lsu_spec_fail_predict.\sf_start_vld' using process `\ct_lsu_spec_fail_predict.$proc$ct_lsu_spec_fail_predict.v:194$25'.
  created $adff cell `$procdff$157' with positive edge clock and positive level reset.
Creating register for signal `\ct_lsu_spec_fail_predict.\sf_start_pre' using process `\ct_lsu_spec_fail_predict.$proc$ct_lsu_spec_fail_predict.v:184$23'.
  created $adff cell `$procdff$162' with positive edge clock and positive level reset.

4.2.10. Executing PROC_MEMWR pass (convert process memory writes to cells).

4.2.11. Executing PROC_CLEAN pass (remove empty switches from decision trees).
Found and cleaned up 1 empty switch in `\ct_lsu_spec_fail_predict.$proc$ct_lsu_spec_fail_predict.v:251$41'.
Removing empty process `ct_lsu_spec_fail_predict.$proc$ct_lsu_spec_fail_predict.v:251$41'.
Found and cleaned up 2 empty switches in `\ct_lsu_spec_fail_predict.$proc$ct_lsu_spec_fail_predict.v:241$37'.
Removing empty process `ct_lsu_spec_fail_predict.$proc$ct_lsu_spec_fail_predict.v:241$37'.
Found and cleaned up 2 empty switches in `\ct_lsu_spec_fail_predict.$proc$ct_lsu_spec_fail_predict.v:231$34'.
Removing empty process `ct_lsu_spec_fail_predict.$proc$ct_lsu_spec_fail_predict.v:231$34'.
Found and cleaned up 1 empty switch in `\ct_lsu_spec_fail_predict.$proc$ct_lsu_spec_fail_predict.v:214$32'.
Removing empty process `ct_lsu_spec_fail_predict.$proc$ct_lsu_spec_fail_predict.v:214$32'.
Found and cleaned up 2 empty switches in `\ct_lsu_spec_fail_predict.$proc$ct_lsu_spec_fail_predict.v:204$28'.
Removing empty process `ct_lsu_spec_fail_predict.$proc$ct_lsu_spec_fail_predict.v:204$28'.
Found and cleaned up 2 empty switches in `\ct_lsu_spec_fail_predict.$proc$ct_lsu_spec_fail_predict.v:194$25'.
Removing empty process `ct_lsu_spec_fail_predict.$proc$ct_lsu_spec_fail_predict.v:194$25'.
Found and cleaned up 2 empty switches in `\ct_lsu_spec_fail_predict.$proc$ct_lsu_spec_fail_predict.v:184$23'.
Removing empty process `ct_lsu_spec_fail_predict.$proc$ct_lsu_spec_fail_predict.v:184$23'.
Cleaned up 12 empty switches.

4.2.12. Executing OPT_EXPR pass (perform const folding).
Optimizing module ct_lsu_spec_fail_predict.
<suppressed ~22 debug messages>
Optimizing module ct_rtu_compare_iid.
Optimizing module gated_clk_cell.

4.3. Executing OPT_EXPR pass (perform const folding).
Optimizing module ct_lsu_spec_fail_predict.
Optimizing module ct_rtu_compare_iid.
Optimizing module gated_clk_cell.

4.4. Executing OPT_CLEAN pass (remove unused cells and wires).
Finding unused cells or wires in module \ct_lsu_spec_fail_predict..
Finding unused cells or wires in module \ct_rtu_compare_iid..
Finding unused cells or wires in module \gated_clk_cell..
Removed 21 unused cells and 79 unused wires.
<suppressed ~25 debug messages>

4.5. Executing CHECK pass (checking for obvious problems).
Checking module ct_lsu_spec_fail_predict...
Checking module ct_rtu_compare_iid...
Checking module gated_clk_cell...
Found and reported 0 problems.

4.6. Executing OPT pass (performing simple optimizations).

4.6.1. Executing OPT_EXPR pass (perform const folding).
Optimizing module ct_lsu_spec_fail_predict.
Optimizing module ct_rtu_compare_iid.
Optimizing module gated_clk_cell.

4.6.2. Executing OPT_MERGE pass (detect identical cells).
Finding identical cells in module `\ct_lsu_spec_fail_predict'.
Computing hashes of 71 cells of `\ct_lsu_spec_fail_predict'.
Finding duplicate cells in `\ct_lsu_spec_fail_predict'.
Finding identical cells in module `\ct_rtu_compare_iid'.
Computing hashes of 14 cells of `\ct_rtu_compare_iid'.
Finding duplicate cells in `\ct_rtu_compare_iid'.
Finding identical cells in module `\gated_clk_cell'.
Computing hashes of 0 cells of `\gated_clk_cell'.
Finding duplicate cells in `\gated_clk_cell'.
Removed a total of 0 cells.

4.6.3. Executing OPT_MUXTREE pass (detect dead branches in mux trees).
Running muxtree optimizer on module \ct_lsu_spec_fail_predict..
  Creating internal representation of mux trees.
  Evaluating internal representation of mux trees.
  Analyzing evaluation results.
Running muxtree optimizer on module \ct_rtu_compare_iid..
  Creating internal representation of mux trees.
  Evaluating internal representation of mux trees.
  Analyzing evaluation results.
Running muxtree optimizer on module \gated_clk_cell..
  Creating internal representation of mux trees.
  No muxes found in this module.
Removed 0 multiplexer ports.
<suppressed ~29 debug messages>

4.6.4. Executing OPT_REDUCE pass (consolidate $*mux and $reduce_* inputs).
  Optimizing cells in module \ct_lsu_spec_fail_predict.
  Optimizing cells in module \ct_rtu_compare_iid.
  Optimizing cells in module \gated_clk_cell.
Performed a total of 0 changes.

4.6.5. Executing OPT_MERGE pass (detect identical cells).
Finding identical cells in module `\ct_lsu_spec_fail_predict'.
Computing hashes of 71 cells of `\ct_lsu_spec_fail_predict'.
Finding duplicate cells in `\ct_lsu_spec_fail_predict'.
Finding identical cells in module `\ct_rtu_compare_iid'.
Computing hashes of 14 cells of `\ct_rtu_compare_iid'.
Finding duplicate cells in `\ct_rtu_compare_iid'.
Finding identical cells in module `\gated_clk_cell'.
Computing hashes of 0 cells of `\gated_clk_cell'.
Finding duplicate cells in `\gated_clk_cell'.
Removed a total of 0 cells.

4.6.6. Executing OPT_DFF pass (perform DFF optimizations).

4.6.7. Executing OPT_CLEAN pass (remove unused cells and wires).
Finding unused cells or wires in module \ct_lsu_spec_fail_predict..
Finding unused cells or wires in module \ct_rtu_compare_iid..
Finding unused cells or wires in module \gated_clk_cell..

4.6.8. Executing OPT_EXPR pass (perform const folding).
Optimizing module ct_lsu_spec_fail_predict.
Optimizing module ct_rtu_compare_iid.
Optimizing module gated_clk_cell.

4.6.9. Finished fast OPT passes. (There is nothing left to do.)

4.7. Executing FSM pass (extract and optimize FSM).

4.7.1. Executing FSM_DETECT pass (finding FSMs in design).

4.7.2. Executing FSM_EXTRACT pass (extracting FSM from design).

4.7.3. Executing FSM_OPT pass (simple optimizations of FSMs).

4.7.4. Executing OPT_CLEAN pass (remove unused cells and wires).
Finding unused cells or wires in module \ct_lsu_spec_fail_predict..
Finding unused cells or wires in module \ct_rtu_compare_iid..
Finding unused cells or wires in module \gated_clk_cell..

4.7.5. Executing FSM_OPT pass (simple optimizations of FSMs).

4.7.6. Executing FSM_RECODE pass (re-assigning FSM state encoding).

4.7.7. Executing FSM_INFO pass (dumping all available information on FSM cells).

4.7.8. Executing FSM_MAP pass (mapping FSMs to basic logic).

4.8. Executing OPT pass (performing simple optimizations).

4.8.1. Executing OPT_EXPR pass (perform const folding).
Optimizing module ct_lsu_spec_fail_predict.
Optimizing module ct_rtu_compare_iid.
Optimizing module gated_clk_cell.

4.8.2. Executing OPT_MERGE pass (detect identical cells).
Finding identical cells in module `\ct_lsu_spec_fail_predict'.
Computing hashes of 71 cells of `\ct_lsu_spec_fail_predict'.
Finding duplicate cells in `\ct_lsu_spec_fail_predict'.
Finding identical cells in module `\ct_rtu_compare_iid'.
Computing hashes of 14 cells of `\ct_rtu_compare_iid'.
Finding duplicate cells in `\ct_rtu_compare_iid'.
Finding identical cells in module `\gated_clk_cell'.
Computing hashes of 0 cells of `\gated_clk_cell'.
Finding duplicate cells in `\gated_clk_cell'.
Removed a total of 0 cells.

4.8.3. Executing OPT_MUXTREE pass (detect dead branches in mux trees).
Running muxtree optimizer on module \ct_lsu_spec_fail_predict..
  Creating internal representation of mux trees.
  Evaluating internal representation of mux trees.
  Analyzing evaluation results.
Running muxtree optimizer on module \ct_rtu_compare_iid..
  Creating internal representation of mux trees.
  Evaluating internal representation of mux trees.
  Analyzing evaluation results.
Running muxtree optimizer on module \gated_clk_cell..
  Creating internal representation of mux trees.
  No muxes found in this module.
Removed 0 multiplexer ports.
<suppressed ~29 debug messages>

4.8.4. Executing OPT_REDUCE pass (consolidate $*mux and $reduce_* inputs).
  Optimizing cells in module \ct_lsu_spec_fail_predict.
  Optimizing cells in module \ct_rtu_compare_iid.
  Optimizing cells in module \gated_clk_cell.
Performed a total of 0 changes.

4.8.5. Executing OPT_MERGE pass (detect identical cells).
Finding identical cells in module `\ct_lsu_spec_fail_predict'.
Computing hashes of 71 cells of `\ct_lsu_spec_fail_predict'.
Finding duplicate cells in `\ct_lsu_spec_fail_predict'.
Finding identical cells in module `\ct_rtu_compare_iid'.
Computing hashes of 14 cells of `\ct_rtu_compare_iid'.
Finding duplicate cells in `\ct_rtu_compare_iid'.
Finding identical cells in module `\gated_clk_cell'.
Computing hashes of 0 cells of `\gated_clk_cell'.
Finding duplicate cells in `\gated_clk_cell'.
Removed a total of 0 cells.

4.8.6. Executing OPT_DFF pass (perform DFF optimizations).
Adding EN signal on $procdff$137 ($adff) from module ct_lsu_spec_fail_predict (D = \st_da_sf_addr_tto4, Q = \sf_start_st_addr_tto4).
Adding EN signal on $procdff$132 ($adff) from module ct_lsu_spec_fail_predict (D = $0\sf_mispred_chk_vld[0:0], Q = \sf_mispred_chk_vld).
Adding EN signal on $procdff$122 ($adff) from module ct_lsu_spec_fail_predict (D = \st_da_sf_iid, Q = \sf_mispred_chk_st_iid).
Adding EN signal on $procdff$162 ($adff) from module ct_lsu_spec_fail_predict (D = $0\sf_start_pre[0:0], Q = \sf_start_pre).
Adding EN signal on $procdff$152 ($adff) from module ct_lsu_spec_fail_predict (D = $0\sf_start_clr_counter[3:0], Q = \sf_start_clr_counter).
Adding EN signal on $procdff$117 ($adff) from module ct_lsu_spec_fail_predict (D = \st_da_sf_addr_tto4, Q = \sf_mispred_chk_st_addr_tto4).
Adding EN signal on $procdff$147 ($adff) from module ct_lsu_spec_fail_predict (D = \st_da_sf_iid, Q = \sf_start_st_iid).
Adding EN signal on $procdff$127 ($adff) from module ct_lsu_spec_fail_predict (D = $0\sf_mispred_chk_clr_counter[3:0], Q = \sf_mispred_chk_clr_counter).
Adding EN signal on $procdff$157 ($adff) from module ct_lsu_spec_fail_predict (D = $0\sf_start_vld[0:0], Q = \sf_start_vld).
Adding EN signal on $procdff$112 ($adff) from module ct_lsu_spec_fail_predict (D = \st_da_sf_bytes_vld, Q = \sf_mispred_chk_bytes_vld).
Adding EN signal on $procdff$142 ($adff) from module ct_lsu_spec_fail_predict (D = \st_da_sf_bytes_vld, Q = \sf_start_st_bytes_vld).

4.8.7. Executing OPT_CLEAN pass (remove unused cells and wires).
Finding unused cells or wires in module \ct_lsu_spec_fail_predict..
Finding unused cells or wires in module \ct_rtu_compare_iid..
Finding unused cells or wires in module \gated_clk_cell..
Removed 6 unused cells and 6 unused wires.
<suppressed ~7 debug messages>

4.8.8. Executing OPT_EXPR pass (perform const folding).
Optimizing module ct_lsu_spec_fail_predict.
<suppressed ~5 debug messages>
Optimizing module ct_rtu_compare_iid.
Optimizing module gated_clk_cell.

4.8.9. Rerunning OPT passes. (Maybe there is more to do..)

4.8.10. Executing OPT_MUXTREE pass (detect dead branches in mux trees).
Running muxtree optimizer on module \ct_lsu_spec_fail_predict..
  Creating internal representation of mux trees.
  Evaluating internal representation of mux trees.
  Analyzing evaluation results.
Running muxtree optimizer on module \ct_rtu_compare_iid..
  Creating internal representation of mux trees.
  Evaluating internal representation of mux trees.
  Analyzing evaluation results.
Running muxtree optimizer on module \gated_clk_cell..
  Creating internal representation of mux trees.
  No muxes found in this module.
Removed 0 multiplexer ports.
<suppressed ~17 debug messages>

4.8.11. Executing OPT_REDUCE pass (consolidate $*mux and $reduce_* inputs).
  Optimizing cells in module \ct_lsu_spec_fail_predict.
  Optimizing cells in module \ct_rtu_compare_iid.
  Optimizing cells in module \gated_clk_cell.
Performed a total of 0 changes.

4.8.12. Executing OPT_MERGE pass (detect identical cells).
Finding identical cells in module `\ct_lsu_spec_fail_predict'.
Computing hashes of 70 cells of `\ct_lsu_spec_fail_predict'.
Finding duplicate cells in `\ct_lsu_spec_fail_predict'.
Finding identical cells in module `\ct_rtu_compare_iid'.
Computing hashes of 14 cells of `\ct_rtu_compare_iid'.
Finding duplicate cells in `\ct_rtu_compare_iid'.
Finding identical cells in module `\gated_clk_cell'.
Computing hashes of 0 cells of `\gated_clk_cell'.
Finding duplicate cells in `\gated_clk_cell'.
Removed a total of 0 cells.

4.8.13. Executing OPT_DFF pass (perform DFF optimizations).

4.8.14. Executing OPT_CLEAN pass (remove unused cells and wires).
Finding unused cells or wires in module \ct_lsu_spec_fail_predict..
Finding unused cells or wires in module \ct_rtu_compare_iid..
Finding unused cells or wires in module \gated_clk_cell..

4.8.15. Executing OPT_EXPR pass (perform const folding).
Optimizing module ct_lsu_spec_fail_predict.
Optimizing module ct_rtu_compare_iid.
Optimizing module gated_clk_cell.

4.8.16. Finished fast OPT passes. (There is nothing left to do.)

4.9. Executing WREDUCE pass (reducing word size of cells).
Removed top 3 bits (of 4) from port B of cell ct_lsu_spec_fail_predict.$add$ct_lsu_spec_fail_predict.v:211$31 ($add).
Removed top 3 bits (of 4) from port B of cell ct_lsu_spec_fail_predict.$add$ct_lsu_spec_fail_predict.v:248$40 ($add).

4.10. Executing PEEPOPT pass (run peephole optimizers).

4.11. Executing OPT_CLEAN pass (remove unused cells and wires).
Finding unused cells or wires in module \ct_lsu_spec_fail_predict..
Finding unused cells or wires in module \ct_rtu_compare_iid..
Finding unused cells or wires in module \gated_clk_cell..

4.12. Executing ALUMACC pass (create $alu and $macc cells).
Extracting $alu and $macc cells in module ct_lsu_spec_fail_predict:
  creating $macc model for $add$ct_lsu_spec_fail_predict.v:248$40 ($add).
  creating $macc model for $add$ct_lsu_spec_fail_predict.v:211$31 ($add).
  creating $alu model for $macc $add$ct_lsu_spec_fail_predict.v:211$31.
  creating $alu model for $macc $add$ct_lsu_spec_fail_predict.v:248$40.
  creating $alu cell for $add$ct_lsu_spec_fail_predict.v:248$40: $auto$alumacc.cc:512:replace_alu$184
  creating $alu cell for $add$ct_lsu_spec_fail_predict.v:211$31: $auto$alumacc.cc:512:replace_alu$187
  created 2 $alu and 0 $macc cells.
Extracting $alu and $macc cells in module ct_rtu_compare_iid:
  creating $macc model for $add$ct_rtu_compare_iid_metric_negative.v:11$11 ($add).
  creating $macc model for $add$ct_rtu_compare_iid_metric_negative.v:10$10 ($add).
  creating $macc model for $add$ct_rtu_compare_iid_metric_negative.v:9$8 ($add).
  creating $alu model for $macc $add$ct_rtu_compare_iid_metric_negative.v:9$8.
  creating $alu model for $macc $add$ct_rtu_compare_iid_metric_negative.v:10$10.
  creating $alu model for $macc $add$ct_rtu_compare_iid_metric_negative.v:11$11.
  creating $alu model for $gt$ct_rtu_compare_iid_metric_negative.v:8$6 ($gt): new $alu
  creating $alu model for $gt$ct_rtu_compare_iid_metric_negative.v:7$5 ($gt): merged with $gt$ct_rtu_compare_iid_metric_negative.v:8$6.
  creating $alu cell for $gt$ct_rtu_compare_iid_metric_negative.v:8$6, $gt$ct_rtu_compare_iid_metric_negative.v:7$5: $auto$alumacc.cc:512:replace_alu$191
  creating $alu cell for $add$ct_rtu_compare_iid_metric_negative.v:11$11: $auto$alumacc.cc:512:replace_alu$202
  creating $alu cell for $add$ct_rtu_compare_iid_metric_negative.v:10$10: $auto$alumacc.cc:512:replace_alu$205
  creating $alu cell for $add$ct_rtu_compare_iid_metric_negative.v:9$8: $auto$alumacc.cc:512:replace_alu$208
  created 4 $alu and 0 $macc cells.
Extracting $alu and $macc cells in module gated_clk_cell:
  created 0 $alu and 0 $macc cells.

4.13. Executing SHARE pass (SAT-based resource sharing).

4.14. Executing OPT pass (performing simple optimizations).

4.14.1. Executing OPT_EXPR pass (perform const folding).
Optimizing module ct_lsu_spec_fail_predict.
Optimizing module ct_rtu_compare_iid.
Optimizing module gated_clk_cell.

4.14.2. Executing OPT_MERGE pass (detect identical cells).
Finding identical cells in module `\ct_lsu_spec_fail_predict'.
Computing hashes of 70 cells of `\ct_lsu_spec_fail_predict'.
Finding duplicate cells in `\ct_lsu_spec_fail_predict'.
Finding identical cells in module `\ct_rtu_compare_iid'.
Computing hashes of 17 cells of `\ct_rtu_compare_iid'.
Finding duplicate cells in `\ct_rtu_compare_iid'.
Finding identical cells in module `\gated_clk_cell'.
Computing hashes of 0 cells of `\gated_clk_cell'.
Finding duplicate cells in `\gated_clk_cell'.
Removed a total of 0 cells.

4.14.3. Executing OPT_MUXTREE pass (detect dead branches in mux trees).
Running muxtree optimizer on module \ct_lsu_spec_fail_predict..
  Creating internal representation of mux trees.
  Evaluating internal representation of mux trees.
  Analyzing evaluation results.
Running muxtree optimizer on module \ct_rtu_compare_iid..
  Creating internal representation of mux trees.
  Evaluating internal representation of mux trees.
  Analyzing evaluation results.
Running muxtree optimizer on module \gated_clk_cell..
  Creating internal representation of mux trees.
  No muxes found in this module.
Removed 0 multiplexer ports.
<suppressed ~17 debug messages>

4.14.4. Executing OPT_REDUCE pass (consolidate $*mux and $reduce_* inputs).
  Optimizing cells in module \ct_lsu_spec_fail_predict.
  Optimizing cells in module \ct_rtu_compare_iid.
  Optimizing cells in module \gated_clk_cell.
Performed a total of 0 changes.

4.14.5. Executing OPT_MERGE pass (detect identical cells).
Finding identical cells in module `\ct_lsu_spec_fail_predict'.
Computing hashes of 70 cells of `\ct_lsu_spec_fail_predict'.
Finding duplicate cells in `\ct_lsu_spec_fail_predict'.
Finding identical cells in module `\ct_rtu_compare_iid'.
Computing hashes of 17 cells of `\ct_rtu_compare_iid'.
Finding duplicate cells in `\ct_rtu_compare_iid'.
Finding identical cells in module `\gated_clk_cell'.
Computing hashes of 0 cells of `\gated_clk_cell'.
Finding duplicate cells in `\gated_clk_cell'.
Removed a total of 0 cells.

4.14.6. Executing OPT_DFF pass (perform DFF optimizations).

4.14.7. Executing OPT_CLEAN pass (remove unused cells and wires).
Finding unused cells or wires in module \ct_lsu_spec_fail_predict..
Finding unused cells or wires in module \ct_rtu_compare_iid..
Finding unused cells or wires in module \gated_clk_cell..
Removed 0 unused cells and 2 unused wires.
<suppressed ~1 debug messages>

4.14.8. Executing OPT_EXPR pass (perform const folding).
Optimizing module ct_lsu_spec_fail_predict.
Optimizing module ct_rtu_compare_iid.
Optimizing module gated_clk_cell.

4.14.9. Rerunning OPT passes. (Maybe there is more to do..)

4.14.10. Executing OPT_MUXTREE pass (detect dead branches in mux trees).
Running muxtree optimizer on module \ct_lsu_spec_fail_predict..
  Creating internal representation of mux trees.
  Evaluating internal representation of mux trees.
  Analyzing evaluation results.
Running muxtree optimizer on module \ct_rtu_compare_iid..
  Creating internal representation of mux trees.
  Evaluating internal representation of mux trees.
  Analyzing evaluation results.
Running muxtree optimizer on module \gated_clk_cell..
  Creating internal representation of mux trees.
  No muxes found in this module.
Removed 0 multiplexer ports.
<suppressed ~17 debug messages>

4.14.11. Executing OPT_REDUCE pass (consolidate $*mux and $reduce_* inputs).
  Optimizing cells in module \ct_lsu_spec_fail_predict.
  Optimizing cells in module \ct_rtu_compare_iid.
  Optimizing cells in module \gated_clk_cell.
Performed a total of 0 changes.

4.14.12. Executing OPT_MERGE pass (detect identical cells).
Finding identical cells in module `\ct_lsu_spec_fail_predict'.
Computing hashes of 70 cells of `\ct_lsu_spec_fail_predict'.
Finding duplicate cells in `\ct_lsu_spec_fail_predict'.
Finding identical cells in module `\ct_rtu_compare_iid'.
Computing hashes of 17 cells of `\ct_rtu_compare_iid'.
Finding duplicate cells in `\ct_rtu_compare_iid'.
Finding identical cells in module `\gated_clk_cell'.
Computing hashes of 0 cells of `\gated_clk_cell'.
Finding duplicate cells in `\gated_clk_cell'.
Removed a total of 0 cells.

4.14.13. Executing OPT_DFF pass (perform DFF optimizations).

4.14.14. Executing OPT_CLEAN pass (remove unused cells and wires).
Finding unused cells or wires in module \ct_lsu_spec_fail_predict..
Finding unused cells or wires in module \ct_rtu_compare_iid..
Finding unused cells or wires in module \gated_clk_cell..

4.14.15. Executing OPT_EXPR pass (perform const folding).
Optimizing module ct_lsu_spec_fail_predict.
Optimizing module ct_rtu_compare_iid.
Optimizing module gated_clk_cell.

4.14.16. Finished fast OPT passes. (There is nothing left to do.)

4.15. Executing MEMORY pass.

4.15.1. Executing OPT_MEM pass (optimize memories).
Performed a total of 0 transformations.

4.15.2. Executing OPT_MEM_PRIORITY pass (removing unnecessary memory write priority relations).
Performed a total of 0 transformations.

4.15.3. Executing OPT_MEM_FEEDBACK pass (finding memory read-to-write feedback paths).

4.15.4. Executing MEMORY_BMUX2ROM pass (converting muxes to ROMs).

4.15.5. Executing MEMORY_DFF pass (merging $dff cells to $memrd).

4.15.6. Executing OPT_CLEAN pass (remove unused cells and wires).
Finding unused cells or wires in module \ct_lsu_spec_fail_predict..
Finding unused cells or wires in module \ct_rtu_compare_iid..
Finding unused cells or wires in module \gated_clk_cell..

4.15.7. Executing MEMORY_SHARE pass (consolidating $memrd/$memwr cells).

4.15.8. Executing OPT_MEM_WIDEN pass (optimize memories where all ports are wide).
Performed a total of 0 transformations.

4.15.9. Executing OPT_CLEAN pass (remove unused cells and wires).
Finding unused cells or wires in module \ct_lsu_spec_fail_predict..
Finding unused cells or wires in module \ct_rtu_compare_iid..
Finding unused cells or wires in module \gated_clk_cell..

4.15.10. Executing MEMORY_COLLECT pass (generating $mem cells).

4.16. Executing OPT_CLEAN pass (remove unused cells and wires).
Finding unused cells or wires in module \ct_lsu_spec_fail_predict..
Finding unused cells or wires in module \ct_rtu_compare_iid..
Finding unused cells or wires in module \gated_clk_cell..

4.17. Executing OPT pass (performing simple optimizations).

4.17.1. Executing OPT_EXPR pass (perform const folding).
Optimizing module ct_lsu_spec_fail_predict.
<suppressed ~9 debug messages>
Optimizing module ct_rtu_compare_iid.
Optimizing module gated_clk_cell.

4.17.2. Executing OPT_MERGE pass (detect identical cells).
Finding identical cells in module `\ct_lsu_spec_fail_predict'.
Computing hashes of 63 cells of `\ct_lsu_spec_fail_predict'.
Finding duplicate cells in `\ct_lsu_spec_fail_predict'.
Finding identical cells in module `\ct_rtu_compare_iid'.
Computing hashes of 17 cells of `\ct_rtu_compare_iid'.
Finding duplicate cells in `\ct_rtu_compare_iid'.
Finding identical cells in module `\gated_clk_cell'.
Computing hashes of 0 cells of `\gated_clk_cell'.
Finding duplicate cells in `\gated_clk_cell'.
Removed a total of 0 cells.

4.17.3. Executing OPT_DFF pass (perform DFF optimizations).

4.17.4. Executing OPT_CLEAN pass (remove unused cells and wires).
Finding unused cells or wires in module \ct_lsu_spec_fail_predict..
Finding unused cells or wires in module \ct_rtu_compare_iid..
Finding unused cells or wires in module \gated_clk_cell..
Removed 0 unused cells and 7 unused wires.
<suppressed ~1 debug messages>

4.17.5. Finished fast OPT passes.

4.18. Executing MEMORY_MAP pass (converting memories to logic and flip-flops).

4.19. Executing OPT pass (performing simple optimizations).

4.19.1. Executing OPT_EXPR pass (perform const folding).
Optimizing module ct_lsu_spec_fail_predict.
<suppressed ~1 debug messages>
Optimizing module ct_rtu_compare_iid.
Optimizing module gated_clk_cell.

4.19.2. Executing OPT_MERGE pass (detect identical cells).
Finding identical cells in module `\ct_lsu_spec_fail_predict'.
Computing hashes of 63 cells of `\ct_lsu_spec_fail_predict'.
Finding duplicate cells in `\ct_lsu_spec_fail_predict'.
Finding identical cells in module `\ct_rtu_compare_iid'.
Computing hashes of 17 cells of `\ct_rtu_compare_iid'.
Finding duplicate cells in `\ct_rtu_compare_iid'.
Finding identical cells in module `\gated_clk_cell'.
Computing hashes of 0 cells of `\gated_clk_cell'.
Finding duplicate cells in `\gated_clk_cell'.
Removed a total of 0 cells.

4.19.3. Executing OPT_MUXTREE pass (detect dead branches in mux trees).
Running muxtree optimizer on module \ct_lsu_spec_fail_predict..
  Creating internal representation of mux trees.
  Evaluating internal representation of mux trees.
  Analyzing evaluation results.
Running muxtree optimizer on module \ct_rtu_compare_iid..
  Creating internal representation of mux trees.
  Evaluating internal representation of mux trees.
  Analyzing evaluation results.
Running muxtree optimizer on module \gated_clk_cell..
  Creating internal representation of mux trees.
  No muxes found in this module.
Removed 0 multiplexer ports.
<suppressed ~6 debug messages>

4.19.4. Executing OPT_REDUCE pass (consolidate $*mux and $reduce_* inputs).
  Optimizing cells in module \ct_lsu_spec_fail_predict.
  Optimizing cells in module \ct_rtu_compare_iid.
  Optimizing cells in module \gated_clk_cell.
Performed a total of 0 changes.

4.19.5. Executing OPT_MERGE pass (detect identical cells).
Finding identical cells in module `\ct_lsu_spec_fail_predict'.
Computing hashes of 63 cells of `\ct_lsu_spec_fail_predict'.
Finding duplicate cells in `\ct_lsu_spec_fail_predict'.
Finding identical cells in module `\ct_rtu_compare_iid'.
Computing hashes of 17 cells of `\ct_rtu_compare_iid'.
Finding duplicate cells in `\ct_rtu_compare_iid'.
Finding identical cells in module `\gated_clk_cell'.
Computing hashes of 0 cells of `\gated_clk_cell'.
Finding duplicate cells in `\gated_clk_cell'.
Removed a total of 0 cells.

4.19.6. Executing OPT_SHARE pass.

4.19.7. Executing OPT_DFF pass (perform DFF optimizations).

4.19.8. Executing OPT_CLEAN pass (remove unused cells and wires).
Finding unused cells or wires in module \ct_lsu_spec_fail_predict..
Finding unused cells or wires in module \ct_rtu_compare_iid..
Finding unused cells or wires in module \gated_clk_cell..

4.19.9. Executing OPT_EXPR pass (perform const folding).
Optimizing module ct_lsu_spec_fail_predict.
Optimizing module ct_rtu_compare_iid.
Optimizing module gated_clk_cell.

4.19.10. Finished fast OPT passes. (There is nothing left to do.)

4.20. Executing TECHMAP pass (map to technology primitives).

4.20.1. Executing Verilog-2005 frontend: yosys-share/techmap.v
Parsing Verilog input from `yosys-share/techmap.v' to AST representation.
Generating RTLIL representation for module `\_90_simplemap_bool_ops'.
Generating RTLIL representation for module `\_90_simplemap_reduce_ops'.
Generating RTLIL representation for module `\_90_simplemap_logic_ops'.
Generating RTLIL representation for module `\_90_simplemap_compare_ops'.
Generating RTLIL representation for module `\_90_simplemap_various'.
Generating RTLIL representation for module `\_90_simplemap_registers'.
Generating RTLIL representation for module `\_90_shift_ops_shr_shl_sshl_sshr'.
Generating RTLIL representation for module `\_90_shift_shiftx'.
Generating RTLIL representation for module `\_90_fa'.
Generating RTLIL representation for module `\_90_lcu_brent_kung'.
Generating RTLIL representation for module `\_90_alu'.
Generating RTLIL representation for module `\_90_macc'.
Generating RTLIL representation for module `\_90_alumacc'.
Generating RTLIL representation for module `$__div_mod_u'.
Generating RTLIL representation for module `$__div_mod_trunc'.
Generating RTLIL representation for module `\_90_div'.
Generating RTLIL representation for module `\_90_mod'.
Generating RTLIL representation for module `$__div_mod_floor'.
Generating RTLIL representation for module `\_90_divfloor'.
Generating RTLIL representation for module `\_90_modfloor'.
Generating RTLIL representation for module `\_90_pow'.
Generating RTLIL representation for module `\_90_demux'.
Generating RTLIL representation for module `\_90_lut'.
Generating RTLIL representation for module `$connect'.
Generating RTLIL representation for module `$input_port'.
Successfully finished Verilog frontend.

4.20.2. Continuing TECHMAP pass.
Using template $paramod$dbcdc7e8aa1a4080cea2deda6fdc8772064f4d90\_90_alu for cells of type $alu.
Using extmapper simplemap for cells of type $not.
Using extmapper simplemap for cells of type $or.
Using extmapper simplemap for cells of type $reduce_and.
Using template $paramod$00298f3f8094950cb9a5ff2fda48d0d8bde8806c\_90_alu for cells of type $alu.
Using extmapper simplemap for cells of type $eq.
Using extmapper simplemap for cells of type $mux.
Using extmapper simplemap for cells of type $xor.
Using extmapper simplemap for cells of type $and.
Using extmapper simplemap for cells of type $reduce_xor.
Using template $paramod\_90_fa\WIDTH=32'00000000000000000000000000000111 for cells of type $fa.
Using template $paramod\_90_lcu_brent_kung\WIDTH=32'00000000000000000000000000000111 for cells of type $lcu.
Using extmapper simplemap for cells of type $pos.
Using template $paramod\_90_fa\WIDTH=32'00000000000000000000000000000110 for cells of type $fa.
Using template $paramod\_90_lcu_brent_kung\WIDTH=32'00000000000000000000000000000110 for cells of type $lcu.
Using template $paramod$32a7b7b86c07519b7537abc18e96f0331f97914d\_90_alu for cells of type $alu.
Using extmapper simplemap for cells of type $adffe.
Using extmapper simplemap for cells of type $reduce_bool.
Using extmapper simplemap for cells of type $logic_or.
Using extmapper simplemap for cells of type $logic_and.
Using extmapper simplemap for cells of type $logic_not.
Using extmapper simplemap for cells of type $reduce_or.
Using template $paramod\_90_fa\WIDTH=32'00000000000000000000000000000100 for cells of type $fa.
Using template $paramod\_90_lcu_brent_kung\WIDTH=32'00000000000000000000000000000100 for cells of type $lcu.
No more expansions possible.
<suppressed ~752 debug messages>

4.21. Executing OPT pass (performing simple optimizations).

4.21.1. Executing OPT_EXPR pass (perform const folding).
Optimizing module ct_lsu_spec_fail_predict.
<suppressed ~74 debug messages>
Optimizing module ct_rtu_compare_iid.
<suppressed ~124 debug messages>
Optimizing module gated_clk_cell.

4.21.2. Executing OPT_MERGE pass (detect identical cells).
Finding identical cells in module `\ct_lsu_spec_fail_predict'.
Computing hashes of 432 cells of `\ct_lsu_spec_fail_predict'.
Finding duplicate cells in `\ct_lsu_spec_fail_predict'.
Computing hashes of 426 cells of `\ct_lsu_spec_fail_predict'.
Finding duplicate cells in `\ct_lsu_spec_fail_predict'.
<suppressed ~18 debug messages>
Finding identical cells in module `\ct_rtu_compare_iid'.
Computing hashes of 222 cells of `\ct_rtu_compare_iid'.
Finding duplicate cells in `\ct_rtu_compare_iid'.
Computing hashes of 206 cells of `\ct_rtu_compare_iid'.
Finding duplicate cells in `\ct_rtu_compare_iid'.
Computing hashes of 205 cells of `\ct_rtu_compare_iid'.
Finding duplicate cells in `\ct_rtu_compare_iid'.
<suppressed ~51 debug messages>
Finding identical cells in module `\gated_clk_cell'.
Computing hashes of 0 cells of `\gated_clk_cell'.
Finding duplicate cells in `\gated_clk_cell'.
Removed a total of 23 cells.

4.21.3. Executing OPT_DFF pass (perform DFF optimizations).

4.21.4. Executing OPT_CLEAN pass (remove unused cells and wires).
Finding unused cells or wires in module \ct_lsu_spec_fail_predict..
Finding unused cells or wires in module \ct_rtu_compare_iid..
Finding unused cells or wires in module \gated_clk_cell..
Removed 40 unused cells and 279 unused wires.
<suppressed ~42 debug messages>

4.21.5. Finished fast OPT passes.

4.22. Executing ABC pass (technology mapping using ABC).

4.22.1. Extracting gate netlist of module `\ct_lsu_spec_fail_predict' to `<abc-temp-dir>/input.blif'..

4.22.1.1. Executed ABC.
Extracted 286 gates and 477 wires to a netlist network with 190 inputs and 20 outputs.
Running ABC script: <abc-temp-dir>/abc.script
ABC: UC Berkeley, ABC 1.01 (compiled Jun 30 2026 04:50:19)
ABC: abc 01> empty
ABC: abc 01> source <abc-temp-dir>/abc.script
ABC: + read_blif <abc-temp-dir>/input.blif
ABC: + read_library <abc-temp-dir>/stdcells.genlib
ABC: + strash
ABC: + &get -n
ABC: + &fraig -x
ABC: + &put
ABC: + scorr
ABC: Warning: The network is combinational (run "fraig" or "fraig_sweep").
ABC: + dc2
ABC: + dretime
ABC: + strash
ABC: + &get -n
ABC: + &dch -f
ABC: + &nf
ABC: + &put
ABC: + write_blif <abc-temp-dir>/output.blif
ABC:
ABC: YOSYS_ABC_DONE

4.22.1.2. Re-integrating ABC results.
ABC RESULTS:               AND cells:      193
ABC RESULTS:            ANDNOT cells:        1
ABC RESULTS:              NAND cells:       49
ABC RESULTS:               NOR cells:        9
ABC RESULTS:               NOT cells:        3
ABC RESULTS:                OR cells:        2
ABC RESULTS:             ORNOT cells:      136
ABC RESULTS:              XNOR cells:       14
ABC RESULTS:               XOR cells:        1
ABC RESULTS:        internal signals:      267
ABC RESULTS:           input signals:      190
ABC RESULTS:          output signals:       20
Removing temp directory.

4.22.2. Extracting gate netlist of module `\ct_rtu_compare_iid' to `<abc-temp-dir>/input.blif'..

4.22.2.1. Executed ABC.
Extracted 171 gates and 185 wires to a netlist network with 14 inputs and 1 outputs.
Running ABC script: <abc-temp-dir>/abc.script
ABC: UC Berkeley, ABC 1.01 (compiled Jun 30 2026 04:50:19)
ABC: abc 01> empty
ABC: abc 01> source <abc-temp-dir>/abc.script
ABC: + read_blif <abc-temp-dir>/input.blif
ABC: + read_library <abc-temp-dir>/stdcells.genlib
ABC: + strash
ABC: + &get -n
ABC: + &fraig -x
ABC: + &put
ABC: + scorr
ABC: Warning: The network is combinational (run "fraig" or "fraig_sweep").
ABC: + dc2
ABC: + dretime
ABC: + strash
ABC: + &get -n
ABC: + &dch -f
ABC: + &nf
ABC: + &put
ABC: + write_blif <abc-temp-dir>/output.blif
ABC:
ABC: YOSYS_ABC_DONE

4.22.2.2. Re-integrating ABC results.
ABC RESULTS:               AND cells:       24
ABC RESULTS:            ANDNOT cells:        6
ABC RESULTS:               MUX cells:        2
ABC RESULTS:              NAND cells:       39
ABC RESULTS:               NOR cells:        3
ABC RESULTS:               NOT cells:        1
ABC RESULTS:                OR cells:       15
ABC RESULTS:             ORNOT cells:       11
ABC RESULTS:              XNOR cells:       28
ABC RESULTS:               XOR cells:       13
ABC RESULTS:        internal signals:      170
ABC RESULTS:           input signals:       14
ABC RESULTS:          output signals:        1
Removing temp directory.

4.22.3. Extracting gate netlist of module `\gated_clk_cell' to `<abc-temp-dir>/input.blif'..

4.22.3.1. Executed ABC.
Extracted 0 gates and 0 wires to a netlist network with 0 inputs and 0 outputs.
Don't call ABC as there is nothing to map.
Removing temp directory.
Removing global temp directory.

4.23. Executing OPT pass (performing simple optimizations).

4.23.1. Executing OPT_EXPR pass (perform const folding).
Optimizing module ct_lsu_spec_fail_predict.
Optimizing module ct_rtu_compare_iid.
Optimizing module gated_clk_cell.

4.23.2. Executing OPT_MERGE pass (detect identical cells).
Finding identical cells in module `\ct_lsu_spec_fail_predict'.
Computing hashes of 542 cells of `\ct_lsu_spec_fail_predict'.
Finding duplicate cells in `\ct_lsu_spec_fail_predict'.
Finding identical cells in module `\ct_rtu_compare_iid'.
Computing hashes of 142 cells of `\ct_rtu_compare_iid'.
Finding duplicate cells in `\ct_rtu_compare_iid'.
Finding identical cells in module `\gated_clk_cell'.
Computing hashes of 0 cells of `\gated_clk_cell'.
Finding duplicate cells in `\gated_clk_cell'.
Removed a total of 0 cells.

4.23.3. Executing OPT_DFF pass (perform DFF optimizations).

4.23.4. Executing OPT_CLEAN pass (remove unused cells and wires).
Finding unused cells or wires in module \ct_lsu_spec_fail_predict..
Finding unused cells or wires in module \ct_rtu_compare_iid..
Finding unused cells or wires in module \gated_clk_cell..
Removed 0 unused cells and 366 unused wires.
<suppressed ~14 debug messages>

4.23.5. Finished fast OPT passes.

4.24. Executing HIERARCHY pass (managing design hierarchy).
Attribute `top' found on module `ct_lsu_spec_fail_predict'. Setting top module to ct_lsu_spec_fail_predict.

4.24.1. Analyzing design hierarchy..
Top module:  \ct_lsu_spec_fail_predict
Used module:     \ct_rtu_compare_iid
Used module:     \gated_clk_cell

4.24.2. Analyzing design hierarchy..
Top module:  \ct_lsu_spec_fail_predict
Used module:     \ct_rtu_compare_iid
Used module:     \gated_clk_cell
Removed 0 unused modules.

4.25. Printing statistics.

=== ct_lsu_spec_fail_predict ===

        +----------Local Count, excluding submodules.
        |
      440 wires
      676 wire bits
       44 public wires
      274 public wire bits
       19 ports
      131 port bits
      537 cells
        1   $_ANDNOT_
      193   $_AND_
      129   $_DFFE_PN0P_
       49   $_NAND_
        9   $_NOR_
        3   $_NOT_
      136   $_ORNOT_
        2   $_OR_
       14   $_XNOR_
        1   $_XOR_
        5 submodules
        2   ct_rtu_compare_iid
        3   gated_clk_cell

=== ct_rtu_compare_iid ===

        +----------Local Count, excluding submodules.
        |
      144 wires
      156 wire bits
        3 public wires
       15 public wire bits
        3 ports
       15 port bits
      142 cells
        6   $_ANDNOT_
       24   $_AND_
        2   $_MUX_
       39   $_NAND_
        3   $_NOR_
        1   $_NOT_
       11   $_ORNOT_
       15   $_OR_
       28   $_XNOR_
       13   $_XOR_

=== gated_clk_cell ===

        +----------Local Count, excluding submodules.
        |
        8 wires
        8 wire bits
        8 public wires
        8 public wire bits
        7 ports
        7 port bits

=== design hierarchy ===

        +----------Count including submodules.
        |
      821 ct_lsu_spec_fail_predict
      142 ct_rtu_compare_iid

        +----------Count including submodules.
        |
      752 wires
     1012 wire bits
       74 public wires
      328 public wire bits
       46 ports
      182 port bits
        - memories
        - memory bits
        - processes
      821 cells
       13   $_ANDNOT_
      241   $_AND_
      129   $_DFFE_PN0P_
        4   $_MUX_
      127   $_NAND_
       15   $_NOR_
        5   $_NOT_
      158   $_ORNOT_
       32   $_OR_
       70   $_XNOR_
       27   $_XOR_
        5 submodules
        2   ct_rtu_compare_iid
        3   gated_clk_cell

4.26. Executing CHECK pass (checking for obvious problems).
Checking module ct_lsu_spec_fail_predict...
Checking module ct_rtu_compare_iid...
Checking module gated_clk_cell...
Found and reported 0 problems.

5. Executing DFFLIBMAP pass (mapping DFF cells to sequential cells from liberty file).
  cell sky130_fd_sc_hd__dfxtp_1 (noninv, pins=3, area=20.02) is a direct match for cell type $_DFF_P_.
  cell sky130_fd_sc_hd__dfrtn_1 (noninv, pins=4, area=25.02) is a direct match for cell type $_DFF_NN0_.
  cell sky130_fd_sc_hd__dfrtp_1 (noninv, pins=4, area=25.02) is a direct match for cell type $_DFF_PN0_.
  cell sky130_fd_sc_hd__dfstp_2 (noninv, pins=4, area=26.28) is a direct match for cell type $_DFF_PN1_.
  cell sky130_fd_sc_hd__edfxtp_1 (noninv, pins=4, area=30.03) is a direct match for cell type $_DFFE_PP_.
  cell sky130_fd_sc_hd__dfbbn_1 (noninv, pins=6, area=32.53) is a direct match for cell type $_DFFSR_NNN_.
  cell sky130_fd_sc_hd__dfbbp_1 (noninv, pins=6, area=32.53) is a direct match for cell type $_DFFSR_PNN_.
  final dff cell mappings:
    unmapped dff cell: $_DFF_N_
    \sky130_fd_sc_hd__dfxtp_1 _DFF_P_ (.CLK( C), .D( D), .Q( Q));
    \sky130_fd_sc_hd__dfrtn_1 _DFF_NN0_ (.CLK_N( C), .D( D), .Q( Q), .RESET_B( R));
    unmapped dff cell: $_DFF_NN1_
    unmapped dff cell: $_DFF_NP0_
    unmapped dff cell: $_DFF_NP1_
    \sky130_fd_sc_hd__dfrtp_1 _DFF_PN0_ (.CLK( C), .D( D), .Q( Q), .RESET_B( R));
    \sky130_fd_sc_hd__dfstp_2 _DFF_PN1_ (.CLK( C), .D( D), .Q( Q), .SET_B( R));
    unmapped dff cell: $_DFF_PP0_
    unmapped dff cell: $_DFF_PP1_
    unmapped dff cell: $_DFFE_NN_
    unmapped dff cell: $_DFFE_NP_
    unmapped dff cell: $_DFFE_PN_
    \sky130_fd_sc_hd__edfxtp_1 _DFFE_PP_ (.CLK( C), .D( D), .DE( E), .Q( Q));
    \sky130_fd_sc_hd__dfbbn_1 _DFFSR_NNN_ (.CLK_N( C), .D( D), .Q( Q), .Q_N(~Q), .RESET_B( R), .SET_B( S));
    unmapped dff cell: $_DFFSR_NNP_
    unmapped dff cell: $_DFFSR_NPN_
    unmapped dff cell: $_DFFSR_NPP_
    \sky130_fd_sc_hd__dfbbp_1 _DFFSR_PNN_ (.CLK( C), .D( D), .Q( Q), .Q_N(~Q), .RESET_B( R), .SET_B( S));
    unmapped dff cell: $_DFFSR_PNP_
    unmapped dff cell: $_DFFSR_PPN_
    unmapped dff cell: $_DFFSR_PPP_

5.1. Executing DFFLEGALIZE pass (convert FFs to types supported by the target).
<suppressed ~24 debug messages>
Mapping DFF cells in module `\ct_lsu_spec_fail_predict':
  mapped 129 $_DFF_PN0_ cells to \sky130_fd_sc_hd__dfrtp_1 cells.
Mapping DFF cells in module `\ct_rtu_compare_iid':
Mapping DFF cells in module `\gated_clk_cell':

6. Executing ABC pass (technology mapping using ABC).

6.1. Extracting gate netlist of module `\ct_lsu_spec_fail_predict' to `<abc-temp-dir>/input.blif'..
ABC: using cached merged SCL: yosys-liberty-scl-cache/yosys_merged_43cd9ec4.scl (1 files)

6.1.1. Executed ABC.
Extracted 537 gates and 793 wires to a netlist network with 256 inputs and 132 outputs.
Running ABC script: <abc-temp-dir>/abc.script
ABC: UC Berkeley, ABC 1.01 (compiled Jun 30 2026 04:50:19)
ABC: abc 01> empty
ABC: abc 01> source <abc-temp-dir>/abc.script
ABC: + read_blif <abc-temp-dir>/input.blif
ABC: + read_scl yosys-liberty-scl-cache/yosys_merged_43cd9ec4.scl
ABC: Warning: Detected 9 multi-output cells (for example, "sky130_fd_sc_hd__fa_1").
ABC: + strash
ABC: + &get -n
ABC: + &fraig -x
ABC: + &put
ABC: + scorr
ABC: Warning: The network is combinational (run "fraig" or "fraig_sweep").
ABC: + dc2
ABC: + dretime
ABC: + strash
ABC: + &get -n
ABC: + &dch -f
ABC: + &nf
ABC: + &put
ABC: + write_blif <abc-temp-dir>/output.blif
ABC:
ABC: YOSYS_ABC_DONE

6.1.2. Re-integrating ABC results.
ABC RESULTS:   sky130_fd_sc_hd__a2111oi_0 cells:        7
ABC RESULTS:   sky130_fd_sc_hd__a211o_1 cells:        1
ABC RESULTS:   sky130_fd_sc_hd__a211oi_1 cells:        4
ABC RESULTS:   sky130_fd_sc_hd__a21o_1 cells:        1
ABC RESULTS:   sky130_fd_sc_hd__a21oi_1 cells:        8
ABC RESULTS:   sky130_fd_sc_hd__a221o_1 cells:        3
ABC RESULTS:   sky130_fd_sc_hd__a222oi_1 cells:        7
ABC RESULTS:   sky130_fd_sc_hd__a22o_1 cells:        2
ABC RESULTS:   sky130_fd_sc_hd__a22oi_1 cells:        7
ABC RESULTS:   sky130_fd_sc_hd__a2bb2oi_1 cells:        2
ABC RESULTS:   sky130_fd_sc_hd__a311oi_1 cells:        1
ABC RESULTS:   sky130_fd_sc_hd__and2_0 cells:        2
ABC RESULTS:   sky130_fd_sc_hd__and3_1 cells:        6
ABC RESULTS:   sky130_fd_sc_hd__and4_1 cells:        1
ABC RESULTS:   sky130_fd_sc_hd__and4b_1 cells:        1
ABC RESULTS:   sky130_fd_sc_hd__clkinv_1 cells:       35
ABC RESULTS:   sky130_fd_sc_hd__lpflow_inputiso1p_1 cells:        1
ABC RESULTS:   sky130_fd_sc_hd__lpflow_isobufsrc_1 cells:       41
ABC RESULTS:   sky130_fd_sc_hd__mux2_1 cells:       55
ABC RESULTS:   sky130_fd_sc_hd__nand2_1 cells:      171
ABC RESULTS:   sky130_fd_sc_hd__nand2b_1 cells:       30
ABC RESULTS:   sky130_fd_sc_hd__nand3_1 cells:        8
ABC RESULTS:   sky130_fd_sc_hd__nand3b_1 cells:        1
ABC RESULTS:   sky130_fd_sc_hd__nand4_1 cells:       11
ABC RESULTS:   sky130_fd_sc_hd__nand4b_1 cells:        1
ABC RESULTS:   sky130_fd_sc_hd__nor2_1 cells:       13
ABC RESULTS:   sky130_fd_sc_hd__nor2b_1 cells:        1
ABC RESULTS:   sky130_fd_sc_hd__nor3_1 cells:       13
ABC RESULTS:   sky130_fd_sc_hd__nor3b_1 cells:        1
ABC RESULTS:   sky130_fd_sc_hd__nor4_1 cells:       15
ABC RESULTS:   sky130_fd_sc_hd__nor4b_1 cells:        1
ABC RESULTS:   sky130_fd_sc_hd__o2111a_1 cells:        4
ABC RESULTS:   sky130_fd_sc_hd__o2111ai_1 cells:        3
ABC RESULTS:   sky130_fd_sc_hd__o21a_1 cells:        1
ABC RESULTS:   sky130_fd_sc_hd__o21ai_0 cells:       19
ABC RESULTS:   sky130_fd_sc_hd__o221ai_1 cells:        4
ABC RESULTS:   sky130_fd_sc_hd__o22ai_1 cells:        7
ABC RESULTS:   sky130_fd_sc_hd__o2bb2ai_1 cells:        2
ABC RESULTS:   sky130_fd_sc_hd__o41ai_1 cells:        1
ABC RESULTS:   sky130_fd_sc_hd__or4_1 cells:        2
ABC RESULTS:   sky130_fd_sc_hd__xnor2_1 cells:        7
ABC RESULTS:   sky130_fd_sc_hd__xor2_1 cells:       11
ABC RESULTS:        internal signals:      405
ABC RESULTS:           input signals:      256
ABC RESULTS:          output signals:      132
Removing temp directory.

6.2. Extracting gate netlist of module `\ct_rtu_compare_iid' to `<abc-temp-dir>/input.blif'..
ABC: using cached merged SCL: yosys-liberty-scl-cache/yosys_merged_43cd9ec4.scl (1 files)

6.2.1. Executed ABC.
Extracted 142 gates and 156 wires to a netlist network with 14 inputs and 1 outputs.
Running ABC script: <abc-temp-dir>/abc.script
ABC: UC Berkeley, ABC 1.01 (compiled Jun 30 2026 04:50:19)
ABC: abc 01> empty
ABC: abc 01> source <abc-temp-dir>/abc.script
ABC: + read_blif <abc-temp-dir>/input.blif
ABC: + read_scl yosys-liberty-scl-cache/yosys_merged_43cd9ec4.scl
ABC: Warning: Detected 9 multi-output cells (for example, "sky130_fd_sc_hd__fa_1").
ABC: + strash
ABC: + &get -n
ABC: + &fraig -x
ABC: + &put
ABC: + scorr
ABC: Warning: The network is combinational (run "fraig" or "fraig_sweep").
ABC: + dc2
ABC: + dretime
ABC: + strash
ABC: + &get -n
ABC: + &dch -f
ABC: + &nf
ABC: + &put
ABC: + write_blif <abc-temp-dir>/output.blif
ABC:
ABC: YOSYS_ABC_DONE

6.2.2. Re-integrating ABC results.
ABC RESULTS:   sky130_fd_sc_hd__a211oi_1 cells:        3
ABC RESULTS:   sky130_fd_sc_hd__a21boi_0 cells:        2
ABC RESULTS:   sky130_fd_sc_hd__a21o_1 cells:        1
ABC RESULTS:   sky130_fd_sc_hd__a21oi_1 cells:        7
ABC RESULTS:   sky130_fd_sc_hd__a221oi_1 cells:        1
ABC RESULTS:   sky130_fd_sc_hd__a311o_1 cells:        1
ABC RESULTS:   sky130_fd_sc_hd__a311oi_1 cells:        1
ABC RESULTS:   sky130_fd_sc_hd__a31oi_1 cells:        4
ABC RESULTS:   sky130_fd_sc_hd__a32oi_1 cells:        1
ABC RESULTS:   sky130_fd_sc_hd__and2_0 cells:        3
ABC RESULTS:   sky130_fd_sc_hd__and3_1 cells:        1
ABC RESULTS:   sky130_fd_sc_hd__clkinv_1 cells:        9
ABC RESULTS:   sky130_fd_sc_hd__lpflow_inputiso1p_1 cells:        2
ABC RESULTS:   sky130_fd_sc_hd__lpflow_isobufsrc_1 cells:        3
ABC RESULTS:   sky130_fd_sc_hd__maj3_1 cells:        2
ABC RESULTS:   sky130_fd_sc_hd__nand2_1 cells:       13
ABC RESULTS:   sky130_fd_sc_hd__nand2b_1 cells:        2
ABC RESULTS:   sky130_fd_sc_hd__nand3_1 cells:        2
ABC RESULTS:   sky130_fd_sc_hd__nand3b_1 cells:        1
ABC RESULTS:   sky130_fd_sc_hd__nand4_1 cells:        2
ABC RESULTS:   sky130_fd_sc_hd__nor2_1 cells:        9
ABC RESULTS:   sky130_fd_sc_hd__nor3_1 cells:        2
ABC RESULTS:   sky130_fd_sc_hd__nor4_1 cells:        2
ABC RESULTS:   sky130_fd_sc_hd__nor4b_1 cells:        1
ABC RESULTS:   sky130_fd_sc_hd__o211ai_1 cells:        1
ABC RESULTS:   sky130_fd_sc_hd__o21ai_0 cells:        4
ABC RESULTS:   sky130_fd_sc_hd__o221ai_1 cells:        1
ABC RESULTS:   sky130_fd_sc_hd__o22ai_1 cells:        1
ABC RESULTS:   sky130_fd_sc_hd__o311a_1 cells:        1
ABC RESULTS:   sky130_fd_sc_hd__o311ai_0 cells:        2
ABC RESULTS:   sky130_fd_sc_hd__o31a_1 cells:        1
ABC RESULTS:   sky130_fd_sc_hd__o31ai_1 cells:        3
ABC RESULTS:   sky130_fd_sc_hd__o32ai_1 cells:        1
ABC RESULTS:   sky130_fd_sc_hd__xnor2_1 cells:       17
ABC RESULTS:   sky130_fd_sc_hd__xnor3_1 cells:        6
ABC RESULTS:   sky130_fd_sc_hd__xor2_1 cells:       11
ABC RESULTS:        internal signals:      141
ABC RESULTS:           input signals:       14
ABC RESULTS:          output signals:        1
Removing temp directory.

6.3. Extracting gate netlist of module `\gated_clk_cell' to `<abc-temp-dir>/input.blif'..
ABC: using cached merged SCL: yosys-liberty-scl-cache/yosys_merged_43cd9ec4.scl (1 files)

6.3.1. Executed ABC.
Extracted 0 gates and 0 wires to a netlist network with 0 inputs and 0 outputs.
Don't call ABC as there is nothing to map.
Removing temp directory.
Removing global temp directory.
Removed 0 unused cells and 944 unused wires.

7. Printing statistics.

=== ct_lsu_spec_fail_predict ===

        +----------Local Count, excluding submodules.
        |        +-Local Area, excluding submodules.
        |        |
      549        - wires
      779        - wire bits
       40        - public wires
      270        - public wire bits
       19        - ports
      131        - port bits
      641 6.29E+03 cells
        7   61.309   sky130_fd_sc_hd__a2111oi_0
        1    8.758   sky130_fd_sc_hd__a211o_1
        4   30.029   sky130_fd_sc_hd__a211oi_1
        1    7.507   sky130_fd_sc_hd__a21o_1
        8   40.038   sky130_fd_sc_hd__a21oi_1
        3   30.029   sky130_fd_sc_hd__a221o_1
        7   70.067   sky130_fd_sc_hd__a222oi_1
        2   17.517   sky130_fd_sc_hd__a22o_1
        7    52.55   sky130_fd_sc_hd__a22oi_1
        2   17.517   sky130_fd_sc_hd__a2bb2oi_1
        1    8.758   sky130_fd_sc_hd__a311oi_1
        2   12.512   sky130_fd_sc_hd__and2_0
        6   37.536   sky130_fd_sc_hd__and3_1
        1    8.758   sky130_fd_sc_hd__and4_1
        1    10.01   sky130_fd_sc_hd__and4b_1
       35  131.376   sky130_fd_sc_hd__clkinv_1
      129 3.23E+03   sky130_fd_sc_hd__dfrtp_1
        1    6.256   sky130_fd_sc_hd__lpflow_inputiso1p_1
       41  256.496   sky130_fd_sc_hd__lpflow_isobufsrc_1
       55  619.344   sky130_fd_sc_hd__mux2_1
      171  641.866   sky130_fd_sc_hd__nand2_1
       30   187.68   sky130_fd_sc_hd__nand2b_1
        8   40.038   sky130_fd_sc_hd__nand3_1
        1    7.507   sky130_fd_sc_hd__nand3b_1
       11   68.816   sky130_fd_sc_hd__nand4_1
        1    8.758   sky130_fd_sc_hd__nand4b_1
       13   48.797   sky130_fd_sc_hd__nor2_1
        1    6.256   sky130_fd_sc_hd__nor2b_1
       13   65.062   sky130_fd_sc_hd__nor3_1
        1    7.507   sky130_fd_sc_hd__nor3b_1
       15    93.84   sky130_fd_sc_hd__nor4_1
        1    8.758   sky130_fd_sc_hd__nor4b_1
        4   45.043   sky130_fd_sc_hd__o2111a_1
        3   26.275   sky130_fd_sc_hd__o2111ai_1
        1    7.507   sky130_fd_sc_hd__o21a_1
       19   95.091   sky130_fd_sc_hd__o21ai_0
        4   35.034   sky130_fd_sc_hd__o221ai_1
        7   43.792   sky130_fd_sc_hd__o22ai_1
        2   17.517   sky130_fd_sc_hd__o2bb2ai_1
        1    8.758   sky130_fd_sc_hd__o41ai_1
        2   15.014   sky130_fd_sc_hd__or4_1
        7   61.309   sky130_fd_sc_hd__xnor2_1
       11   96.342   sky130_fd_sc_hd__xor2_1
        5        - submodules
        2        -   ct_rtu_compare_iid
        3        -   gated_clk_cell

   Chip area for module '\ct_lsu_spec_fail_predict': 6291.033600
     of which used for sequential elements: 3228.096000 (51.31%)

=== ct_rtu_compare_iid ===

        +----------Local Count, excluding submodules.
        |        +-Local Area, excluding submodules.
        |        |
      126        - wires
      138        - wire bits
        3        - public wires
       15        - public wire bits
        3        - ports
       15        - port bits
      124  898.362 cells
        3   22.522   sky130_fd_sc_hd__a211oi_1
        2   15.014   sky130_fd_sc_hd__a21boi_0
        1    7.507   sky130_fd_sc_hd__a21o_1
        7   35.034   sky130_fd_sc_hd__a21oi_1
        1    8.758   sky130_fd_sc_hd__a221oi_1
        1    10.01   sky130_fd_sc_hd__a311o_1
        1    8.758   sky130_fd_sc_hd__a311oi_1
        4   25.024   sky130_fd_sc_hd__a31oi_1
        1    8.758   sky130_fd_sc_hd__a32oi_1
        3   18.768   sky130_fd_sc_hd__and2_0
        1    6.256   sky130_fd_sc_hd__and3_1
        9   33.782   sky130_fd_sc_hd__clkinv_1
        2   12.512   sky130_fd_sc_hd__lpflow_inputiso1p_1
        3   18.768   sky130_fd_sc_hd__lpflow_isobufsrc_1
        2   20.019   sky130_fd_sc_hd__maj3_1
       13   48.797   sky130_fd_sc_hd__nand2_1
        2   12.512   sky130_fd_sc_hd__nand2b_1
        2    10.01   sky130_fd_sc_hd__nand3_1
        1    7.507   sky130_fd_sc_hd__nand3b_1
        2   12.512   sky130_fd_sc_hd__nand4_1
        9   33.782   sky130_fd_sc_hd__nor2_1
        2    10.01   sky130_fd_sc_hd__nor3_1
        2   12.512   sky130_fd_sc_hd__nor4_1
        1    8.758   sky130_fd_sc_hd__nor4b_1
        1    7.507   sky130_fd_sc_hd__o211ai_1
        4   20.019   sky130_fd_sc_hd__o21ai_0
        1    8.758   sky130_fd_sc_hd__o221ai_1
        1    6.256   sky130_fd_sc_hd__o22ai_1
        1    10.01   sky130_fd_sc_hd__o311a_1
        2   17.517   sky130_fd_sc_hd__o311ai_0
        1    8.758   sky130_fd_sc_hd__o31a_1
        3   22.522   sky130_fd_sc_hd__o31ai_1
        1    8.758   sky130_fd_sc_hd__o32ai_1
       17  148.893   sky130_fd_sc_hd__xnor2_1
        6   135.13   sky130_fd_sc_hd__xnor3_1
       11   96.342   sky130_fd_sc_hd__xor2_1

   Chip area for module '\ct_rtu_compare_iid': 898.361600
     of which used for sequential elements: 0.000000 (0.00%)

=== gated_clk_cell ===

        +----------Local Count, excluding submodules.
        |        +-Local Area, excluding submodules.
        |        |
        8        - wires
        8        - wire bits
        8        - public wires
        8        - public wire bits
        7        - ports
        7        - port bits

=== design hierarchy ===

        +----------Count including submodules.
        |        +-Area including submodules.
        |        |
      889 8.09E+03 ct_lsu_spec_fail_predict
      124  898.362 ct_rtu_compare_iid

        +----------Count including submodules.
        |        +-Area including submodules.
        |        |
      825        - wires
     1079        - wire bits
       70        - public wires
      324        - public wire bits
       46        - ports
      182        - port bits
        -        - memories
        -        - memory bits
        -        - processes
      889 8.09E+03 cells
        7   61.309   sky130_fd_sc_hd__a2111oi_0
        1    8.758   sky130_fd_sc_hd__a211o_1
       10   75.072   sky130_fd_sc_hd__a211oi_1
        4   30.029   sky130_fd_sc_hd__a21boi_0
        3   22.522   sky130_fd_sc_hd__a21o_1
       22  110.106   sky130_fd_sc_hd__a21oi_1
        3   30.029   sky130_fd_sc_hd__a221o_1
        2   17.517   sky130_fd_sc_hd__a221oi_1
        7   70.067   sky130_fd_sc_hd__a222oi_1
        2   17.517   sky130_fd_sc_hd__a22o_1
        7    52.55   sky130_fd_sc_hd__a22oi_1
        2   17.517   sky130_fd_sc_hd__a2bb2oi_1
        2   20.019   sky130_fd_sc_hd__a311o_1
        3   26.275   sky130_fd_sc_hd__a311oi_1
        8   50.048   sky130_fd_sc_hd__a31oi_1
        2   17.517   sky130_fd_sc_hd__a32oi_1
        8   50.048   sky130_fd_sc_hd__and2_0
        8   50.048   sky130_fd_sc_hd__and3_1
        1    8.758   sky130_fd_sc_hd__and4_1
        1    10.01   sky130_fd_sc_hd__and4b_1
       53  198.941   sky130_fd_sc_hd__clkinv_1
      129 3.23E+03   sky130_fd_sc_hd__dfrtp_1
        5    31.28   sky130_fd_sc_hd__lpflow_inputiso1p_1
       47  294.032   sky130_fd_sc_hd__lpflow_isobufsrc_1
        4   40.038   sky130_fd_sc_hd__maj3_1
       55  619.344   sky130_fd_sc_hd__mux2_1
      197  739.459   sky130_fd_sc_hd__nand2_1
       34  212.704   sky130_fd_sc_hd__nand2b_1
       12   60.058   sky130_fd_sc_hd__nand3_1
        3   22.522   sky130_fd_sc_hd__nand3b_1
       15    93.84   sky130_fd_sc_hd__nand4_1
        1    8.758   sky130_fd_sc_hd__nand4b_1
       31  116.362   sky130_fd_sc_hd__nor2_1
        1    6.256   sky130_fd_sc_hd__nor2b_1
       17   85.082   sky130_fd_sc_hd__nor3_1
        1    7.507   sky130_fd_sc_hd__nor3b_1
       19  118.864   sky130_fd_sc_hd__nor4_1
        3   26.275   sky130_fd_sc_hd__nor4b_1
        4   45.043   sky130_fd_sc_hd__o2111a_1
        3   26.275   sky130_fd_sc_hd__o2111ai_1
        2   15.014   sky130_fd_sc_hd__o211ai_1
        1    7.507   sky130_fd_sc_hd__o21a_1
       27   135.13   sky130_fd_sc_hd__o21ai_0
        6    52.55   sky130_fd_sc_hd__o221ai_1
        9   56.304   sky130_fd_sc_hd__o22ai_1
        2   17.517   sky130_fd_sc_hd__o2bb2ai_1
        2   20.019   sky130_fd_sc_hd__o311a_1
        4   35.034   sky130_fd_sc_hd__o311ai_0
        2   17.517   sky130_fd_sc_hd__o31a_1
        6   45.043   sky130_fd_sc_hd__o31ai_1
        2   17.517   sky130_fd_sc_hd__o32ai_1
        1    8.758   sky130_fd_sc_hd__o41ai_1
        2   15.014   sky130_fd_sc_hd__or4_1
       41  359.094   sky130_fd_sc_hd__xnor2_1
       12  270.259   sky130_fd_sc_hd__xnor3_1
       33  289.027   sky130_fd_sc_hd__xor2_1
        5  1.8E+03 submodules
        2  1.8E+03   ct_rtu_compare_iid
        3        -   gated_clk_cell

   Chip area for top module '\ct_lsu_spec_fail_predict': 8087.756800
     of which used for sequential elements: 3228.096000 (39.91%)

8. Executing Verilog backend.

8.1. Executing BMUXMAP pass.

8.2. Executing DEMUXMAP pass.
Dumping module `\ct_lsu_spec_fail_predict'.
Dumping module `\ct_rtu_compare_iid'.
Dumping module `\gated_clk_cell'.

End of script. Logfile hash: 743e23da4b, time: 0.52s, user: 0.15s, system: 0.04s, MEM: 45.75 MB peak
Yosys 0.66+181 (git sha1 afe6b18f2, Release, Clang /usr/bin/clang++ 18.1.8)
Time spent: 67% 2x abc (0 sec), 8% 2x stat (0 sec), ...
