OpenSTA 2.2.0 02b129d48f Copyright (c) 2019, Parallax Software, Inc.
License GPLv3: GNU GPL version 3 <http://gnu.org/licenses/gpl.html>

This is free software, and you are free to change and redistribute it
under certain conditions; type `show_copying' for details. 
This program comes with ABSOLUTELY NO WARRANTY; for details type `show_warranty'.
Error: replay_out/ct_iu_div_gold.mapped.v, line 155059 syntax error.
Error: replay_out/ct_iu_div_gold.mapped.v, line 155061 syntax error.
Error: replay_out/ct_iu_div_gold.mapped.v, line 155062 syntax error.
Error: replay_out/ct_iu_div_gold.mapped.v, line 155063 syntax error.
Error: replay_out/ct_iu_div_gold.mapped.v, line 155068 syntax error.
Error: replay_out/ct_iu_div_gold.mapped.v, line 155069 syntax error.
Error: replay_out/ct_iu_div_gold.mapped.v, line 155070 syntax error.
Error: replay_out/ct_iu_div_gold.mapped.v, line 155071 syntax error.
Error: replay_out/ct_iu_div_gold.mapped.v, line 155072 syntax error.
Error: replay_out/ct_iu_div_gold.mapped.v, line 155091 syntax error.
Error: replay_out/ct_iu_div_gold.mapped.v, line 155095 syntax error.
Error: replay_out/ct_iu_div_gold.mapped.v, line 155115 syntax error.
Error: replay_out/ct_iu_div_gold.mapped.v, line 155120 syntax error.
Error: replay_out/ct_iu_div_gold.mapped.v, line 155124 syntax error.
Error: replay_out/ct_iu_div_gold.mapped.v, line 155176 syntax error.
Error: replay_out/ct_iu_div_gold.mapped.v, line 155231 syntax error.
Error: replay_out/ct_iu_div_gold.mapped.v, line 155232 syntax error.
Error: replay_out/ct_iu_div_gold.mapped.v, line 155250 syntax error.
Error: replay_out/ct_iu_div_gold.mapped.v, line 155276 syntax error.
Error: replay_out/ct_iu_div_gold.mapped.v, line 155334 syntax error.
Error: replay_out/ct_iu_div_gold.mapped.v, line 155350 syntax error.
Startpoint: _43970_ (rising edge-triggered flip-flop clocked by forever_cpuclk)
Endpoint: _43132_ (rising edge-triggered flip-flop clocked by forever_cpuclk)
Path Group: forever_cpuclk
Path Type: max

  Delay    Time   Description
---------------------------------------------------------
   0.00    0.00   clock forever_cpuclk (rise edge)
   0.00    0.00   clock network delay (ideal)
   0.00    0.00 ^ _43970_/CLK (sky130_fd_sc_hd__dfrtp_1)
   6.94    6.94 ^ _43970_/Q (sky130_fd_sc_hd__dfrtp_1)
   2.01    8.95 v _23563_/X (sky130_fd_sc_hd__xor2_1)
   0.66    9.61 ^ _24036_/Y (sky130_fd_sc_hd__o22ai_1)
   0.15    9.75 v _24038_/Y (sky130_fd_sc_hd__a31oi_1)
   0.25   10.01 ^ _24042_/Y (sky130_fd_sc_hd__a221oi_1)
   0.14   10.14 v _24049_/Y (sky130_fd_sc_hd__nor4_1)
  10.64   20.78 ^ _24052_/Y (sky130_fd_sc_hd__nor4_1)
  11.87   32.65 v _24054_/Y (sky130_fd_sc_hd__nor4_1)
   4.10   36.75 ^ _27535_/Y (sky130_fd_sc_hd__nand2_1)
   0.95   37.70 v _27537_/Y (sky130_fd_sc_hd__nand2_1)
   0.46   38.15 ^ _27540_/Y (sky130_fd_sc_hd__nand2_1)
   0.18   38.33 v _34846_/Y (sky130_fd_sc_hd__o221ai_1)
   0.40   38.73 ^ _34847_/Y (sky130_fd_sc_hd__a2111oi_0)
   0.15   38.88 v _34848_/Y (sky130_fd_sc_hd__o211ai_1)
   0.29   39.17 ^ _34849_/Y (sky130_fd_sc_hd__nor2_1)
   0.12   39.29 v _34850_/Y (sky130_fd_sc_hd__o21ai_0)
   0.38   39.66 v _34851_/X (sky130_fd_sc_hd__o32a_1)
   0.00   39.67 v _43132_/D (sky130_fd_sc_hd__dfrtp_1)
          39.67   data arrival time

  10.00   10.00   clock forever_cpuclk (rise edge)
   0.00   10.00   clock network delay (ideal)
   0.00   10.00   clock reconvergence pessimism
          10.00 ^ _43132_/CLK (sky130_fd_sc_hd__dfrtp_1)
  -0.15    9.85   library setup time
           9.85   data required time
---------------------------------------------------------
           9.85   data required time
         -39.67   data arrival time
---------------------------------------------------------
         -29.82   slack (VIOLATED)


tns -10827.58
wns -29.82
Group                  Internal  Switching    Leakage      Total
                          Power      Power      Power      Power
----------------------------------------------------------------
Sequential             2.72e-03   4.97e-04   1.05e-08   3.22e-03  45.6%
Combinational          1.65e-03   2.19e-03   4.06e-08   3.84e-03  54.4%
Macro                  0.00e+00   0.00e+00   0.00e+00   0.00e+00   0.0%
Pad                    0.00e+00   0.00e+00   0.00e+00   0.00e+00   0.0%
----------------------------------------------------------------
Total                  4.37e-03   2.69e-03   5.12e-08   7.06e-03 100.0%
                          61.9%      38.1%       0.0%
