
 /----------------------------------------------------------------------------\
 |  yosys -- Yosys Open SYnthesis Suite                                       |
 |  Copyright (C) 2012 - 2026  Claire Xenia Wolf <claire@yosyshq.com>         |
 |  Distributed under an ISC-like license, type "license" to see terms        |
 \----------------------------------------------------------------------------/
 Yosys 0.66+181 (git sha1 afe6b18f2, Release, Clang /usr/bin/clang++ 18.1.8)

-- Running command `read_liberty -lib sky130_fd_sc_hd__tt_025C_1v80.lib; read_verilog -sv .scratch/dexter_plic_granu_scout/plic_granu_arb_gate_balanced.v; hierarchy -top plic_granu_arb_gate -chparam SEL_NUM 9 -chparam SEL_BIT 4 -chparam ID_NUM 10 -chparam PRIO_BIT 5; synth -top plic_granu_arb_gate; abc -liberty sky130_fd_sc_hd__tt_025C_1v80.lib; clean -purge; rename -unescape; stat -liberty sky130_fd_sc_hd__tt_025C_1v80.lib; write_verilog -simple-lhs -noattr .scratch/dexter_plic_granu_scout/out/helper_gate_balanced.mapped.v' --

1. Executing Liberty frontend: sky130_fd_sc_hd__tt_025C_1v80.lib
Imported 428 cell types from liberty file.

2. Executing Verilog-2005 frontend: .scratch/dexter_plic_granu_scout/plic_granu_arb_gate_balanced.v
Parsing SystemVerilog input from `.scratch/dexter_plic_granu_scout/plic_granu_arb_gate_balanced.v' to AST representation.
Generating RTLIL representation for module `\plic_granu_arb_gate'.
Successfully finished Verilog frontend.

3. Executing HIERARCHY pass (managing design hierarchy).
Parameter \SEL_NUM = 9
Parameter \SEL_BIT = 4
Parameter \ID_NUM = 10
Parameter \PRIO_BIT = 5

4. Executing AST frontend in derive mode using pre-parsed AST for module `\plic_granu_arb_gate'.
Parameter \SEL_NUM = 9
Parameter \SEL_BIT = 4
Parameter \ID_NUM = 10
Parameter \PRIO_BIT = 5
Generating RTLIL representation for module `$paramod$ac47a829d5a5016f7acf5c296fb2fa05401ccaf2\plic_granu_arb_gate'.

4.1. Analyzing design hierarchy..
Top module:  \plic_granu_arb_gate

4.2. Analyzing design hierarchy..
Top module:  \plic_granu_arb_gate
Removing unused module `$paramod$ac47a829d5a5016f7acf5c296fb2fa05401ccaf2\plic_granu_arb_gate'.
Removed 1 unused modules.

5. Executing SYNTH pass.

5.1. Executing HIERARCHY pass (managing design hierarchy).

5.1.1. Analyzing design hierarchy..
Top module:  \plic_granu_arb_gate

5.1.2. Analyzing design hierarchy..
Top module:  \plic_granu_arb_gate
Removed 0 unused modules.

5.2. Executing PROC pass (convert processes to netlists).

5.2.1. Executing PROC_CLEAN pass (remove empty switches from decision trees).
Cleaned up 0 empty switches.

5.2.2. Executing PROC_RMDEAD pass (remove dead branches from decision trees).
Marked 2 switch rules as full_case in process $proc$.scratch/dexter_plic_granu_scout/plic_granu_arb_gate_balanced.v:49$169 in module plic_granu_arb_gate.
Marked 2 switch rules as full_case in process $proc$.scratch/dexter_plic_granu_scout/plic_granu_arb_gate_balanced.v:51$186 in module plic_granu_arb_gate.
Marked 2 switch rules as full_case in process $proc$.scratch/dexter_plic_granu_scout/plic_granu_arb_gate_balanced.v:53$203 in module plic_granu_arb_gate.
Marked 2 switch rules as full_case in process $proc$.scratch/dexter_plic_granu_scout/plic_granu_arb_gate_balanced.v:55$220 in module plic_granu_arb_gate.
Marked 2 switch rules as full_case in process $proc$.scratch/dexter_plic_granu_scout/plic_granu_arb_gate_balanced.v:59$237 in module plic_granu_arb_gate.
Marked 2 switch rules as full_case in process $proc$.scratch/dexter_plic_granu_scout/plic_granu_arb_gate_balanced.v:61$254 in module plic_granu_arb_gate.
Marked 2 switch rules as full_case in process $proc$.scratch/dexter_plic_granu_scout/plic_granu_arb_gate_balanced.v:63$271 in module plic_granu_arb_gate.
Marked 2 switch rules as full_case in process $proc$.scratch/dexter_plic_granu_scout/plic_granu_arb_gate_balanced.v:65$288 in module plic_granu_arb_gate.
Removed a total of 0 dead cases.

5.2.3. Executing PROC_PRUNE pass (remove redundant assignments in processes).
Removed 0 redundant assignments.
Promoted 64 assignments to connections.

5.2.4. Executing PROC_INIT pass (extract init attributes).

5.2.5. Executing PROC_ARST pass (detect async resets in processes).

5.2.6. Executing PROC_ROM pass (convert switches to ROMs).
Converted 0 switches.
<suppressed ~16 debug messages>

5.2.7. Executing PROC_MUX pass (convert decision trees to multiplexers).
Creating decoders for process `\plic_granu_arb_gate.$proc$.scratch/dexter_plic_granu_scout/plic_granu_arb_gate_balanced.v:49$169'.
     1/2: $2\pick2$func$.scratch/dexter_plic_granu_scout/plic_granu_arb_gate_balanced.v:49$161.$result[15:0]$185
     2/2: $1\pick2$func$.scratch/dexter_plic_granu_scout/plic_granu_arb_gate_balanced.v:49$161.$result[15:0]$184
Creating decoders for process `\plic_granu_arb_gate.$proc$.scratch/dexter_plic_granu_scout/plic_granu_arb_gate_balanced.v:51$186'.
     1/2: $2\pick2$func$.scratch/dexter_plic_granu_scout/plic_granu_arb_gate_balanced.v:51$162.$result[15:0]$202
     2/2: $1\pick2$func$.scratch/dexter_plic_granu_scout/plic_granu_arb_gate_balanced.v:51$162.$result[15:0]$201
Creating decoders for process `\plic_granu_arb_gate.$proc$.scratch/dexter_plic_granu_scout/plic_granu_arb_gate_balanced.v:53$203'.
     1/2: $2\pick2$func$.scratch/dexter_plic_granu_scout/plic_granu_arb_gate_balanced.v:53$163.$result[15:0]$219
     2/2: $1\pick2$func$.scratch/dexter_plic_granu_scout/plic_granu_arb_gate_balanced.v:53$163.$result[15:0]$218
Creating decoders for process `\plic_granu_arb_gate.$proc$.scratch/dexter_plic_granu_scout/plic_granu_arb_gate_balanced.v:55$220'.
     1/2: $2\pick2$func$.scratch/dexter_plic_granu_scout/plic_granu_arb_gate_balanced.v:55$164.$result[15:0]$236
     2/2: $1\pick2$func$.scratch/dexter_plic_granu_scout/plic_granu_arb_gate_balanced.v:55$164.$result[15:0]$235
Creating decoders for process `\plic_granu_arb_gate.$proc$.scratch/dexter_plic_granu_scout/plic_granu_arb_gate_balanced.v:59$237'.
     1/2: $2\pick2$func$.scratch/dexter_plic_granu_scout/plic_granu_arb_gate_balanced.v:59$165.$result[15:0]$253
     2/2: $1\pick2$func$.scratch/dexter_plic_granu_scout/plic_granu_arb_gate_balanced.v:59$165.$result[15:0]$252
Creating decoders for process `\plic_granu_arb_gate.$proc$.scratch/dexter_plic_granu_scout/plic_granu_arb_gate_balanced.v:61$254'.
     1/2: $2\pick2$func$.scratch/dexter_plic_granu_scout/plic_granu_arb_gate_balanced.v:61$166.$result[15:0]$270
     2/2: $1\pick2$func$.scratch/dexter_plic_granu_scout/plic_granu_arb_gate_balanced.v:61$166.$result[15:0]$269
Creating decoders for process `\plic_granu_arb_gate.$proc$.scratch/dexter_plic_granu_scout/plic_granu_arb_gate_balanced.v:63$271'.
     1/2: $2\pick2$func$.scratch/dexter_plic_granu_scout/plic_granu_arb_gate_balanced.v:63$167.$result[15:0]$287
     2/2: $1\pick2$func$.scratch/dexter_plic_granu_scout/plic_granu_arb_gate_balanced.v:63$167.$result[15:0]$286
Creating decoders for process `\plic_granu_arb_gate.$proc$.scratch/dexter_plic_granu_scout/plic_granu_arb_gate_balanced.v:65$288'.
     1/2: $2\pick2$func$.scratch/dexter_plic_granu_scout/plic_granu_arb_gate_balanced.v:65$168.$result[15:0]$304
     2/2: $1\pick2$func$.scratch/dexter_plic_granu_scout/plic_granu_arb_gate_balanced.v:65$168.$result[15:0]$303

5.2.8. Executing PROC_DLATCH pass (convert process syncs to latches).
No latch inferred for signal `\plic_granu_arb_gate.\pick2$func$.scratch/dexter_plic_granu_scout/plic_granu_arb_gate_balanced.v:49$153.$result' from process `\plic_granu_arb_gate.$proc$.scratch/dexter_plic_granu_scout/plic_granu_arb_gate_balanced.v:49$169'.
No latch inferred for signal `\plic_granu_arb_gate.\pick2$func$.scratch/dexter_plic_granu_scout/plic_granu_arb_gate_balanced.v:51$154.$result' from process `\plic_granu_arb_gate.$proc$.scratch/dexter_plic_granu_scout/plic_granu_arb_gate_balanced.v:51$186'.
No latch inferred for signal `\plic_granu_arb_gate.\pick2$func$.scratch/dexter_plic_granu_scout/plic_granu_arb_gate_balanced.v:53$155.$result' from process `\plic_granu_arb_gate.$proc$.scratch/dexter_plic_granu_scout/plic_granu_arb_gate_balanced.v:53$203'.
No latch inferred for signal `\plic_granu_arb_gate.\pick2$func$.scratch/dexter_plic_granu_scout/plic_granu_arb_gate_balanced.v:55$156.$result' from process `\plic_granu_arb_gate.$proc$.scratch/dexter_plic_granu_scout/plic_granu_arb_gate_balanced.v:55$220'.
No latch inferred for signal `\plic_granu_arb_gate.\pick2$func$.scratch/dexter_plic_granu_scout/plic_granu_arb_gate_balanced.v:59$157.$result' from process `\plic_granu_arb_gate.$proc$.scratch/dexter_plic_granu_scout/plic_granu_arb_gate_balanced.v:59$237'.
No latch inferred for signal `\plic_granu_arb_gate.\pick2$func$.scratch/dexter_plic_granu_scout/plic_granu_arb_gate_balanced.v:61$158.$result' from process `\plic_granu_arb_gate.$proc$.scratch/dexter_plic_granu_scout/plic_granu_arb_gate_balanced.v:61$254'.
No latch inferred for signal `\plic_granu_arb_gate.\pick2$func$.scratch/dexter_plic_granu_scout/plic_granu_arb_gate_balanced.v:63$159.$result' from process `\plic_granu_arb_gate.$proc$.scratch/dexter_plic_granu_scout/plic_granu_arb_gate_balanced.v:63$271'.
No latch inferred for signal `\plic_granu_arb_gate.\pick2$func$.scratch/dexter_plic_granu_scout/plic_granu_arb_gate_balanced.v:65$160.$result' from process `\plic_granu_arb_gate.$proc$.scratch/dexter_plic_granu_scout/plic_granu_arb_gate_balanced.v:65$288'.

5.2.9. Executing PROC_DFF pass (convert process syncs to FFs).

5.2.10. Executing PROC_MEMWR pass (convert process memory writes to cells).

5.2.11. Executing PROC_CLEAN pass (remove empty switches from decision trees).
Found and cleaned up 2 empty switches in `\plic_granu_arb_gate.$proc$.scratch/dexter_plic_granu_scout/plic_granu_arb_gate_balanced.v:49$169'.
Removing empty process `plic_granu_arb_gate.$proc$.scratch/dexter_plic_granu_scout/plic_granu_arb_gate_balanced.v:49$169'.
Found and cleaned up 2 empty switches in `\plic_granu_arb_gate.$proc$.scratch/dexter_plic_granu_scout/plic_granu_arb_gate_balanced.v:51$186'.
Removing empty process `plic_granu_arb_gate.$proc$.scratch/dexter_plic_granu_scout/plic_granu_arb_gate_balanced.v:51$186'.
Found and cleaned up 2 empty switches in `\plic_granu_arb_gate.$proc$.scratch/dexter_plic_granu_scout/plic_granu_arb_gate_balanced.v:53$203'.
Removing empty process `plic_granu_arb_gate.$proc$.scratch/dexter_plic_granu_scout/plic_granu_arb_gate_balanced.v:53$203'.
Found and cleaned up 2 empty switches in `\plic_granu_arb_gate.$proc$.scratch/dexter_plic_granu_scout/plic_granu_arb_gate_balanced.v:55$220'.
Removing empty process `plic_granu_arb_gate.$proc$.scratch/dexter_plic_granu_scout/plic_granu_arb_gate_balanced.v:55$220'.
Found and cleaned up 2 empty switches in `\plic_granu_arb_gate.$proc$.scratch/dexter_plic_granu_scout/plic_granu_arb_gate_balanced.v:59$237'.
Removing empty process `plic_granu_arb_gate.$proc$.scratch/dexter_plic_granu_scout/plic_granu_arb_gate_balanced.v:59$237'.
Found and cleaned up 2 empty switches in `\plic_granu_arb_gate.$proc$.scratch/dexter_plic_granu_scout/plic_granu_arb_gate_balanced.v:61$254'.
Removing empty process `plic_granu_arb_gate.$proc$.scratch/dexter_plic_granu_scout/plic_granu_arb_gate_balanced.v:61$254'.
Found and cleaned up 2 empty switches in `\plic_granu_arb_gate.$proc$.scratch/dexter_plic_granu_scout/plic_granu_arb_gate_balanced.v:63$271'.
Removing empty process `plic_granu_arb_gate.$proc$.scratch/dexter_plic_granu_scout/plic_granu_arb_gate_balanced.v:63$271'.
Found and cleaned up 2 empty switches in `\plic_granu_arb_gate.$proc$.scratch/dexter_plic_granu_scout/plic_granu_arb_gate_balanced.v:65$288'.
Removing empty process `plic_granu_arb_gate.$proc$.scratch/dexter_plic_granu_scout/plic_granu_arb_gate_balanced.v:65$288'.
Cleaned up 16 empty switches.

5.2.12. Executing OPT_EXPR pass (perform const folding).
Optimizing module plic_granu_arb_gate.

5.3. Executing OPT_EXPR pass (perform const folding).
Optimizing module plic_granu_arb_gate.

5.4. Executing OPT_CLEAN pass (remove unused cells and wires).
Finding unused cells or wires in module \plic_granu_arb_gate..
Removed 0 unused cells and 120 unused wires.
<suppressed ~1 debug messages>

5.5. Executing CHECK pass (checking for obvious problems).
Checking module plic_granu_arb_gate...
Found and reported 0 problems.

5.6. Executing OPT pass (performing simple optimizations).

5.6.1. Executing OPT_EXPR pass (perform const folding).
Optimizing module plic_granu_arb_gate.

5.6.2. Executing OPT_MERGE pass (detect identical cells).
Finding identical cells in module `\plic_granu_arb_gate'.
Computing hashes of 72 cells of `\plic_granu_arb_gate'.
Finding duplicate cells in `\plic_granu_arb_gate'.
Removed a total of 0 cells.

5.6.3. Executing OPT_MUXTREE pass (detect dead branches in mux trees).
Running muxtree optimizer on module \plic_granu_arb_gate..
  Creating internal representation of mux trees.
  Evaluating internal representation of mux trees.
  Analyzing evaluation results.
    dead port 1/2 on $mux $procmux$372.
    dead port 1/2 on $mux $procmux$363.
    dead port 1/2 on $mux $procmux$354.
    dead port 1/2 on $mux $procmux$345.
    dead port 1/2 on $mux $procmux$336.
    dead port 1/2 on $mux $procmux$327.
    dead port 1/2 on $mux $procmux$318.
    dead port 1/2 on $mux $procmux$309.
Removed 8 multiplexer ports.
<suppressed ~32 debug messages>

5.6.4. Executing OPT_REDUCE pass (consolidate $*mux and $reduce_* inputs).
  Optimizing cells in module \plic_granu_arb_gate.
Performed a total of 0 changes.

5.6.5. Executing OPT_MERGE pass (detect identical cells).
Finding identical cells in module `\plic_granu_arb_gate'.
Computing hashes of 64 cells of `\plic_granu_arb_gate'.
Finding duplicate cells in `\plic_granu_arb_gate'.
Removed a total of 0 cells.

5.6.6. Executing OPT_DFF pass (perform DFF optimizations).

5.6.7. Executing OPT_CLEAN pass (remove unused cells and wires).
Finding unused cells or wires in module \plic_granu_arb_gate..
Removed 0 unused cells and 8 unused wires.
<suppressed ~1 debug messages>

5.6.8. Executing OPT_EXPR pass (perform const folding).
Optimizing module plic_granu_arb_gate.

5.6.9. Rerunning OPT passes. (Maybe there is more to do..)

5.6.10. Executing OPT_MUXTREE pass (detect dead branches in mux trees).
Running muxtree optimizer on module \plic_granu_arb_gate..
  Creating internal representation of mux trees.
  Evaluating internal representation of mux trees.
  Analyzing evaluation results.
Removed 0 multiplexer ports.
<suppressed ~24 debug messages>

5.6.11. Executing OPT_REDUCE pass (consolidate $*mux and $reduce_* inputs).
  Optimizing cells in module \plic_granu_arb_gate.
Performed a total of 0 changes.

5.6.12. Executing OPT_MERGE pass (detect identical cells).
Finding identical cells in module `\plic_granu_arb_gate'.
Computing hashes of 64 cells of `\plic_granu_arb_gate'.
Finding duplicate cells in `\plic_granu_arb_gate'.
Removed a total of 0 cells.

5.6.13. Executing OPT_DFF pass (perform DFF optimizations).

5.6.14. Executing OPT_CLEAN pass (remove unused cells and wires).
Finding unused cells or wires in module \plic_granu_arb_gate..

5.6.15. Executing OPT_EXPR pass (perform const folding).
Optimizing module plic_granu_arb_gate.

5.6.16. Finished fast OPT passes. (There is nothing left to do.)

5.7. Executing FSM pass (extract and optimize FSM).

5.7.1. Executing FSM_DETECT pass (finding FSMs in design).

5.7.2. Executing FSM_EXTRACT pass (extracting FSM from design).

5.7.3. Executing FSM_OPT pass (simple optimizations of FSMs).

5.7.4. Executing OPT_CLEAN pass (remove unused cells and wires).
Finding unused cells or wires in module \plic_granu_arb_gate..

5.7.5. Executing FSM_OPT pass (simple optimizations of FSMs).

5.7.6. Executing FSM_RECODE pass (re-assigning FSM state encoding).

5.7.7. Executing FSM_INFO pass (dumping all available information on FSM cells).

5.7.8. Executing FSM_MAP pass (mapping FSMs to basic logic).

5.8. Executing OPT pass (performing simple optimizations).

5.8.1. Executing OPT_EXPR pass (perform const folding).
Optimizing module plic_granu_arb_gate.

5.8.2. Executing OPT_MERGE pass (detect identical cells).
Finding identical cells in module `\plic_granu_arb_gate'.
Computing hashes of 64 cells of `\plic_granu_arb_gate'.
Finding duplicate cells in `\plic_granu_arb_gate'.
Removed a total of 0 cells.

5.8.3. Executing OPT_MUXTREE pass (detect dead branches in mux trees).
Running muxtree optimizer on module \plic_granu_arb_gate..
  Creating internal representation of mux trees.
  Evaluating internal representation of mux trees.
  Analyzing evaluation results.
Removed 0 multiplexer ports.
<suppressed ~24 debug messages>

5.8.4. Executing OPT_REDUCE pass (consolidate $*mux and $reduce_* inputs).
  Optimizing cells in module \plic_granu_arb_gate.
Performed a total of 0 changes.

5.8.5. Executing OPT_MERGE pass (detect identical cells).
Finding identical cells in module `\plic_granu_arb_gate'.
Computing hashes of 64 cells of `\plic_granu_arb_gate'.
Finding duplicate cells in `\plic_granu_arb_gate'.
Removed a total of 0 cells.

5.8.6. Executing OPT_DFF pass (perform DFF optimizations).

5.8.7. Executing OPT_CLEAN pass (remove unused cells and wires).
Finding unused cells or wires in module \plic_granu_arb_gate..

5.8.8. Executing OPT_EXPR pass (perform const folding).
Optimizing module plic_granu_arb_gate.

5.8.9. Finished fast OPT passes. (There is nothing left to do.)

5.9. Executing WREDUCE pass (reducing word size of cells).

5.10. Executing PEEPOPT pass (run peephole optimizers).

5.11. Executing OPT_CLEAN pass (remove unused cells and wires).
Finding unused cells or wires in module \plic_granu_arb_gate..

5.12. Executing ALUMACC pass (create $alu and $macc cells).
Extracting $alu and $macc cells in module plic_granu_arb_gate:
  creating $alu model for $ge$.scratch/dexter_plic_granu_scout/plic_granu_arb_gate_balanced.v:30$181 ($ge): new $alu
  creating $alu model for $ge$.scratch/dexter_plic_granu_scout/plic_granu_arb_gate_balanced.v:30$198 ($ge): new $alu
  creating $alu model for $ge$.scratch/dexter_plic_granu_scout/plic_granu_arb_gate_balanced.v:30$215 ($ge): new $alu
  creating $alu model for $ge$.scratch/dexter_plic_granu_scout/plic_granu_arb_gate_balanced.v:30$232 ($ge): new $alu
  creating $alu model for $ge$.scratch/dexter_plic_granu_scout/plic_granu_arb_gate_balanced.v:30$249 ($ge): new $alu
  creating $alu model for $ge$.scratch/dexter_plic_granu_scout/plic_granu_arb_gate_balanced.v:30$266 ($ge): new $alu
  creating $alu model for $ge$.scratch/dexter_plic_granu_scout/plic_granu_arb_gate_balanced.v:30$283 ($ge): new $alu
  creating $alu model for $ge$.scratch/dexter_plic_granu_scout/plic_granu_arb_gate_balanced.v:30$300 ($ge): new $alu
  creating $alu cell for $ge$.scratch/dexter_plic_granu_scout/plic_granu_arb_gate_balanced.v:30$300: $auto$alumacc.cc:512:replace_alu$385
  creating $alu cell for $ge$.scratch/dexter_plic_granu_scout/plic_granu_arb_gate_balanced.v:30$283: $auto$alumacc.cc:512:replace_alu$398
  creating $alu cell for $ge$.scratch/dexter_plic_granu_scout/plic_granu_arb_gate_balanced.v:30$266: $auto$alumacc.cc:512:replace_alu$411
  creating $alu cell for $ge$.scratch/dexter_plic_granu_scout/plic_granu_arb_gate_balanced.v:30$249: $auto$alumacc.cc:512:replace_alu$424
  creating $alu cell for $ge$.scratch/dexter_plic_granu_scout/plic_granu_arb_gate_balanced.v:30$232: $auto$alumacc.cc:512:replace_alu$437
  creating $alu cell for $ge$.scratch/dexter_plic_granu_scout/plic_granu_arb_gate_balanced.v:30$215: $auto$alumacc.cc:512:replace_alu$450
  creating $alu cell for $ge$.scratch/dexter_plic_granu_scout/plic_granu_arb_gate_balanced.v:30$198: $auto$alumacc.cc:512:replace_alu$463
  creating $alu cell for $ge$.scratch/dexter_plic_granu_scout/plic_granu_arb_gate_balanced.v:30$181: $auto$alumacc.cc:512:replace_alu$476
  created 8 $alu and 0 $macc cells.

5.13. Executing SHARE pass (SAT-based resource sharing).

5.14. Executing OPT pass (performing simple optimizations).

5.14.1. Executing OPT_EXPR pass (perform const folding).
Optimizing module plic_granu_arb_gate.

5.14.2. Executing OPT_MERGE pass (detect identical cells).
Finding identical cells in module `\plic_granu_arb_gate'.
Computing hashes of 104 cells of `\plic_granu_arb_gate'.
Finding duplicate cells in `\plic_granu_arb_gate'.
Removed a total of 0 cells.

5.14.3. Executing OPT_MUXTREE pass (detect dead branches in mux trees).
Running muxtree optimizer on module \plic_granu_arb_gate..
  Creating internal representation of mux trees.
  Evaluating internal representation of mux trees.
  Analyzing evaluation results.
Removed 0 multiplexer ports.
<suppressed ~24 debug messages>

5.14.4. Executing OPT_REDUCE pass (consolidate $*mux and $reduce_* inputs).
  Optimizing cells in module \plic_granu_arb_gate.
Performed a total of 0 changes.

5.14.5. Executing OPT_MERGE pass (detect identical cells).
Finding identical cells in module `\plic_granu_arb_gate'.
Computing hashes of 104 cells of `\plic_granu_arb_gate'.
Finding duplicate cells in `\plic_granu_arb_gate'.
Removed a total of 0 cells.

5.14.6. Executing OPT_DFF pass (perform DFF optimizations).

5.14.7. Executing OPT_CLEAN pass (remove unused cells and wires).
Finding unused cells or wires in module \plic_granu_arb_gate..
Removed 0 unused cells and 8 unused wires.
<suppressed ~1 debug messages>

5.14.8. Executing OPT_EXPR pass (perform const folding).
Optimizing module plic_granu_arb_gate.

5.14.9. Rerunning OPT passes. (Maybe there is more to do..)

5.14.10. Executing OPT_MUXTREE pass (detect dead branches in mux trees).
Running muxtree optimizer on module \plic_granu_arb_gate..
  Creating internal representation of mux trees.
  Evaluating internal representation of mux trees.
  Analyzing evaluation results.
Removed 0 multiplexer ports.
<suppressed ~24 debug messages>

5.14.11. Executing OPT_REDUCE pass (consolidate $*mux and $reduce_* inputs).
  Optimizing cells in module \plic_granu_arb_gate.
Performed a total of 0 changes.

5.14.12. Executing OPT_MERGE pass (detect identical cells).
Finding identical cells in module `\plic_granu_arb_gate'.
Computing hashes of 104 cells of `\plic_granu_arb_gate'.
Finding duplicate cells in `\plic_granu_arb_gate'.
Removed a total of 0 cells.

5.14.13. Executing OPT_DFF pass (perform DFF optimizations).

5.14.14. Executing OPT_CLEAN pass (remove unused cells and wires).
Finding unused cells or wires in module \plic_granu_arb_gate..

5.14.15. Executing OPT_EXPR pass (perform const folding).
Optimizing module plic_granu_arb_gate.

5.14.16. Finished fast OPT passes. (There is nothing left to do.)

5.15. Executing MEMORY pass.

5.15.1. Executing OPT_MEM pass (optimize memories).
Performed a total of 0 transformations.

5.15.2. Executing OPT_MEM_PRIORITY pass (removing unnecessary memory write priority relations).
Performed a total of 0 transformations.

5.15.3. Executing OPT_MEM_FEEDBACK pass (finding memory read-to-write feedback paths).

5.15.4. Executing MEMORY_BMUX2ROM pass (converting muxes to ROMs).

5.15.5. Executing MEMORY_DFF pass (merging $dff cells to $memrd).

5.15.6. Executing OPT_CLEAN pass (remove unused cells and wires).
Finding unused cells or wires in module \plic_granu_arb_gate..

5.15.7. Executing MEMORY_SHARE pass (consolidating $memrd/$memwr cells).

5.15.8. Executing OPT_MEM_WIDEN pass (optimize memories where all ports are wide).
Performed a total of 0 transformations.

5.15.9. Executing OPT_CLEAN pass (remove unused cells and wires).
Finding unused cells or wires in module \plic_granu_arb_gate..

5.15.10. Executing MEMORY_COLLECT pass (generating $mem cells).

5.16. Executing OPT_CLEAN pass (remove unused cells and wires).
Finding unused cells or wires in module \plic_granu_arb_gate..

5.17. Executing OPT pass (performing simple optimizations).

5.17.1. Executing OPT_EXPR pass (perform const folding).
Optimizing module plic_granu_arb_gate.

5.17.2. Executing OPT_MERGE pass (detect identical cells).
Finding identical cells in module `\plic_granu_arb_gate'.
Computing hashes of 104 cells of `\plic_granu_arb_gate'.
Finding duplicate cells in `\plic_granu_arb_gate'.
Removed a total of 0 cells.

5.17.3. Executing OPT_DFF pass (perform DFF optimizations).

5.17.4. Executing OPT_CLEAN pass (remove unused cells and wires).
Finding unused cells or wires in module \plic_granu_arb_gate..

5.17.5. Finished fast OPT passes.

5.18. Executing MEMORY_MAP pass (converting memories to logic and flip-flops).

5.19. Executing OPT pass (performing simple optimizations).

5.19.1. Executing OPT_EXPR pass (perform const folding).
Optimizing module plic_granu_arb_gate.

5.19.2. Executing OPT_MERGE pass (detect identical cells).
Finding identical cells in module `\plic_granu_arb_gate'.
Computing hashes of 104 cells of `\plic_granu_arb_gate'.
Finding duplicate cells in `\plic_granu_arb_gate'.
Removed a total of 0 cells.

5.19.3. Executing OPT_MUXTREE pass (detect dead branches in mux trees).
Running muxtree optimizer on module \plic_granu_arb_gate..
  Creating internal representation of mux trees.
  Evaluating internal representation of mux trees.
  Analyzing evaluation results.
Removed 0 multiplexer ports.
<suppressed ~24 debug messages>

5.19.4. Executing OPT_REDUCE pass (consolidate $*mux and $reduce_* inputs).
  Optimizing cells in module \plic_granu_arb_gate.
Performed a total of 0 changes.

5.19.5. Executing OPT_MERGE pass (detect identical cells).
Finding identical cells in module `\plic_granu_arb_gate'.
Computing hashes of 104 cells of `\plic_granu_arb_gate'.
Finding duplicate cells in `\plic_granu_arb_gate'.
Removed a total of 0 cells.

5.19.6. Executing OPT_SHARE pass.

5.19.7. Executing OPT_DFF pass (perform DFF optimizations).

5.19.8. Executing OPT_CLEAN pass (remove unused cells and wires).
Finding unused cells or wires in module \plic_granu_arb_gate..

5.19.9. Executing OPT_EXPR pass (perform const folding).
Optimizing module plic_granu_arb_gate.

5.19.10. Finished fast OPT passes. (There is nothing left to do.)

5.20. Executing TECHMAP pass (map to technology primitives).

5.20.1. Executing Verilog-2005 frontend: oss-cad-suite/share/yosys/techmap.v
Parsing Verilog input from `oss-cad-suite/share/yosys/techmap.v' to AST representation.
Generating RTLIL representation for module `\_90_simplemap_bool_ops'.
Generating RTLIL representation for module `\_90_simplemap_reduce_ops'.
Generating RTLIL representation for module `\_90_simplemap_logic_ops'.
Generating RTLIL representation for module `\_90_simplemap_compare_ops'.
Generating RTLIL representation for module `\_90_simplemap_various'.
Generating RTLIL representation for module `\_90_simplemap_registers'.
Generating RTLIL representation for module `\_90_shift_ops_shr_shl_sshl_sshr'.
Generating RTLIL representation for module `\_90_shift_shiftx'.
Generating RTLIL representation for module `\_90_fa'.
Generating RTLIL representation for module `\_90_lcu_brent_kung'.
Generating RTLIL representation for module `\_90_alu'.
Generating RTLIL representation for module `\_90_macc'.
Generating RTLIL representation for module `\_90_alumacc'.
Generating RTLIL representation for module `$__div_mod_u'.
Generating RTLIL representation for module `$__div_mod_trunc'.
Generating RTLIL representation for module `\_90_div'.
Generating RTLIL representation for module `\_90_mod'.
Generating RTLIL representation for module `$__div_mod_floor'.
Generating RTLIL representation for module `\_90_divfloor'.
Generating RTLIL representation for module `\_90_modfloor'.
Generating RTLIL representation for module `\_90_pow'.
Generating RTLIL representation for module `\_90_demux'.
Generating RTLIL representation for module `\_90_lut'.
Generating RTLIL representation for module `$connect'.
Generating RTLIL representation for module `$input_port'.
Successfully finished Verilog frontend.

5.20.2. Continuing TECHMAP pass.
Using extmapper simplemap for cells of type $reduce_or.
Using extmapper simplemap for cells of type $not.
Using extmapper simplemap for cells of type $or.
Using extmapper simplemap for cells of type $reduce_and.
Using template $paramod$b18e16801adf491a64caa0542270798e5d4ac6b6\_90_alu for cells of type $alu.
Using extmapper simplemap for cells of type $logic_not.
Using extmapper simplemap for cells of type $logic_and.
Using extmapper simplemap for cells of type $logic_or.
Using extmapper simplemap for cells of type $mux.
Using extmapper simplemap for cells of type $pos.
Using template $paramod\_90_fa\WIDTH=32'00000000000000000000000000000101 for cells of type $fa.
Using template $paramod\_90_lcu_brent_kung\WIDTH=32'00000000000000000000000000000101 for cells of type $lcu.
Using extmapper simplemap for cells of type $xor.
Using extmapper simplemap for cells of type $and.
No more expansions possible.
<suppressed ~523 debug messages>

5.21. Executing OPT pass (performing simple optimizations).

5.21.1. Executing OPT_EXPR pass (perform const folding).
Optimizing module plic_granu_arb_gate.
<suppressed ~192 debug messages>

5.21.2. Executing OPT_MERGE pass (detect identical cells).
Finding identical cells in module `\plic_granu_arb_gate'.
Computing hashes of 608 cells of `\plic_granu_arb_gate'.
Finding duplicate cells in `\plic_granu_arb_gate'.
Computing hashes of 600 cells of `\plic_granu_arb_gate'.
Finding duplicate cells in `\plic_granu_arb_gate'.
<suppressed ~24 debug messages>
Removed a total of 8 cells.

5.21.3. Executing OPT_DFF pass (perform DFF optimizations).

5.21.4. Executing OPT_CLEAN pass (remove unused cells and wires).
Finding unused cells or wires in module \plic_granu_arb_gate..
Removed 56 unused cells and 352 unused wires.
<suppressed ~57 debug messages>

5.21.5. Finished fast OPT passes.

5.22. Executing ABC pass (technology mapping using ABC).

5.22.1. Extracting gate netlist of module `\plic_granu_arb_gate' to `<abc-temp-dir>/input.blif'..

5.22.1.1. Executed ABC.
Extracted 544 gates and 690 wires to a netlist network with 144 inputs and 16 outputs.
Running ABC script: <abc-temp-dir>/abc.script
ABC: UC Berkeley, ABC 1.01 (compiled Jun 30 2026 04:50:19)
ABC: abc 01> empty
ABC: abc 01> source <abc-temp-dir>/abc.script
ABC: + read_blif <abc-temp-dir>/input.blif 
ABC: + read_library <abc-temp-dir>/stdcells.genlib 
ABC: + strash 
ABC: + &get -n 
ABC: + &fraig -x 
ABC: + &put 
ABC: + scorr 
ABC: Warning: The network is combinational (run "fraig" or "fraig_sweep").
ABC: + dc2 
ABC: + dretime 
ABC: + strash 
ABC: + &get -n 
ABC: + &dch -f 
ABC: + &nf 
ABC: + &put 
ABC: + write_blif <abc-temp-dir>/output.blif 
ABC: 
ABC: YOSYS_ABC_DONE 

5.22.1.2. Re-integrating ABC results.
ABC RESULTS:               AND cells:       55
ABC RESULTS:            ANDNOT cells:        7
ABC RESULTS:               MUX cells:       42
ABC RESULTS:              NAND cells:      252
ABC RESULTS:               NOR cells:        4
ABC RESULTS:               NOT cells:        1
ABC RESULTS:                OR cells:        7
ABC RESULTS:             ORNOT cells:       65
ABC RESULTS:        internal signals:      530
ABC RESULTS:           input signals:      144
ABC RESULTS:          output signals:       16
Removing temp directory.
Removing global temp directory.

5.23. Executing OPT pass (performing simple optimizations).

5.23.1. Executing OPT_EXPR pass (perform const folding).
Optimizing module plic_granu_arb_gate.

5.23.2. Executing OPT_MERGE pass (detect identical cells).
Finding identical cells in module `\plic_granu_arb_gate'.
Computing hashes of 433 cells of `\plic_granu_arb_gate'.
Finding duplicate cells in `\plic_granu_arb_gate'.
Removed a total of 0 cells.

5.23.3. Executing OPT_DFF pass (perform DFF optimizations).

5.23.4. Executing OPT_CLEAN pass (remove unused cells and wires).
Finding unused cells or wires in module \plic_granu_arb_gate..
Removed 0 unused cells and 351 unused wires.
<suppressed ~8 debug messages>

5.23.5. Finished fast OPT passes.

5.24. Executing HIERARCHY pass (managing design hierarchy).
Attribute `top' found on module `plic_granu_arb_gate'. Setting top module to plic_granu_arb_gate.

5.24.1. Analyzing design hierarchy..
Top module:  \plic_granu_arb_gate

5.24.2. Analyzing design hierarchy..
Top module:  \plic_granu_arb_gate
Removed 0 unused modules.

5.25. Printing statistics.

=== plic_granu_arb_gate ===

        +----------Local Count, excluding submodules.
        | 
      473 wires
      865 wire bits
       56 public wires
      448 public wire bits
        6 ports
      160 port bits
      433 cells
        7   $_ANDNOT_
       55   $_AND_
       42   $_MUX_
      252   $_NAND_
        4   $_NOR_
        1   $_NOT_
       65   $_ORNOT_
        7   $_OR_

5.26. Executing CHECK pass (checking for obvious problems).
Checking module plic_granu_arb_gate...
Found and reported 0 problems.

6. Executing ABC pass (technology mapping using ABC).

6.1. Extracting gate netlist of module `\plic_granu_arb_gate' to `<abc-temp-dir>/input.blif'..
ABC: using cached merged SCL: yosys-liberty-scl-cache/yosys_merged_33924531.scl (1 files)

6.1.1. Executed ABC.
Extracted 433 gates and 577 wires to a netlist network with 144 inputs and 16 outputs.
Running ABC script: <abc-temp-dir>/abc.script
ABC: UC Berkeley, ABC 1.01 (compiled Jun 30 2026 04:50:19)
ABC: abc 01> empty
ABC: abc 01> source <abc-temp-dir>/abc.script
ABC: + read_blif <abc-temp-dir>/input.blif 
ABC: + read_scl yosys-liberty-scl-cache/yosys_merged_33924531.scl 
ABC: Warning: Detected 9 multi-output cells (for example, "sky130_fd_sc_hd__fa_1").
ABC: + strash 
ABC: + &get -n 
ABC: + &fraig -x 
ABC: + &put 
ABC: + scorr 
ABC: Warning: The network is combinational (run "fraig" or "fraig_sweep").
ABC: + dc2 
ABC: + dretime 
ABC: + strash 
ABC: + &get -n 
ABC: + &dch -f 
ABC: + &nf 
ABC: + &put 
ABC: + write_blif <abc-temp-dir>/output.blif 
ABC: 
ABC: YOSYS_ABC_DONE 

6.1.2. Re-integrating ABC results.
ABC RESULTS:   sky130_fd_sc_hd__a211o_1 cells:        1
ABC RESULTS:   sky130_fd_sc_hd__a21boi_0 cells:        2
ABC RESULTS:   sky130_fd_sc_hd__a21o_1 cells:        2
ABC RESULTS:   sky130_fd_sc_hd__a21oi_1 cells:        5
ABC RESULTS:   sky130_fd_sc_hd__a221oi_1 cells:       33
ABC RESULTS:   sky130_fd_sc_hd__a222oi_1 cells:        2
ABC RESULTS:   sky130_fd_sc_hd__a22o_1 cells:       14
ABC RESULTS:   sky130_fd_sc_hd__a22oi_1 cells:        7
ABC RESULTS:   sky130_fd_sc_hd__a2bb2oi_1 cells:        2
ABC RESULTS:   sky130_fd_sc_hd__a311oi_1 cells:        1
ABC RESULTS:   sky130_fd_sc_hd__a31oi_1 cells:        7
ABC RESULTS:   sky130_fd_sc_hd__a32o_1 cells:       10
ABC RESULTS:   sky130_fd_sc_hd__and2_0 cells:        4
ABC RESULTS:   sky130_fd_sc_hd__and3_1 cells:       12
ABC RESULTS:   sky130_fd_sc_hd__clkinv_1 cells:       22
ABC RESULTS:   sky130_fd_sc_hd__lpflow_inputiso1p_1 cells:        2
ABC RESULTS:   sky130_fd_sc_hd__lpflow_isobufsrc_1 cells:       11
ABC RESULTS:   sky130_fd_sc_hd__maj3_1 cells:        1
ABC RESULTS:   sky130_fd_sc_hd__mux2i_1 cells:        4
ABC RESULTS:   sky130_fd_sc_hd__nand2_1 cells:       28
ABC RESULTS:   sky130_fd_sc_hd__nand2b_1 cells:       10
ABC RESULTS:   sky130_fd_sc_hd__nand3_1 cells:        3
ABC RESULTS:   sky130_fd_sc_hd__nor2_1 cells:        7
ABC RESULTS:   sky130_fd_sc_hd__nor2b_1 cells:        1
ABC RESULTS:   sky130_fd_sc_hd__nor3_1 cells:        2
ABC RESULTS:   sky130_fd_sc_hd__o211a_1 cells:        3
ABC RESULTS:   sky130_fd_sc_hd__o211ai_1 cells:        7
ABC RESULTS:   sky130_fd_sc_hd__o21a_1 cells:        4
ABC RESULTS:   sky130_fd_sc_hd__o21ai_0 cells:       31
ABC RESULTS:   sky130_fd_sc_hd__o221ai_1 cells:        2
ABC RESULTS:   sky130_fd_sc_hd__o22a_1 cells:        2
ABC RESULTS:   sky130_fd_sc_hd__o22ai_1 cells:        6
ABC RESULTS:   sky130_fd_sc_hd__o2bb2ai_1 cells:        1
ABC RESULTS:   sky130_fd_sc_hd__o311a_1 cells:        1
ABC RESULTS:   sky130_fd_sc_hd__o311ai_0 cells:        3
ABC RESULTS:   sky130_fd_sc_hd__o31ai_1 cells:        2
ABC RESULTS:   sky130_fd_sc_hd__or3_1 cells:        1
ABC RESULTS:   sky130_fd_sc_hd__or4_1 cells:        1
ABC RESULTS:        internal signals:      417
ABC RESULTS:           input signals:      144
ABC RESULTS:          output signals:       16
Removing temp directory.
Removing global temp directory.
Removed 0 unused cells and 627 unused wires.

7. Printing statistics.

=== plic_granu_arb_gate ===

        +----------Local Count, excluding submodules.
        |        +-Local Area, excluding submodules.
        |        | 
      247        - wires
      401        - wire bits
        6        - public wires
      160        - public wire bits
        6        - ports
      160        - port bits
      257 1.67E+03 cells
        1    8.758   sky130_fd_sc_hd__a211o_1
        2   15.014   sky130_fd_sc_hd__a21boi_0
        2   15.014   sky130_fd_sc_hd__a21o_1
        5   25.024   sky130_fd_sc_hd__a21oi_1
       33  289.027   sky130_fd_sc_hd__a221oi_1
        2   20.019   sky130_fd_sc_hd__a222oi_1
       14  122.618   sky130_fd_sc_hd__a22o_1
        7    52.55   sky130_fd_sc_hd__a22oi_1
        2   17.517   sky130_fd_sc_hd__a2bb2oi_1
        1    8.758   sky130_fd_sc_hd__a311oi_1
        7   43.792   sky130_fd_sc_hd__a31oi_1
       10  100.096   sky130_fd_sc_hd__a32o_1
        4   25.024   sky130_fd_sc_hd__and2_0
       12   75.072   sky130_fd_sc_hd__and3_1
       22   82.579   sky130_fd_sc_hd__clkinv_1
        2   12.512   sky130_fd_sc_hd__lpflow_inputiso1p_1
       11   68.816   sky130_fd_sc_hd__lpflow_isobufsrc_1
        1    10.01   sky130_fd_sc_hd__maj3_1
        4   40.038   sky130_fd_sc_hd__mux2i_1
       28  105.101   sky130_fd_sc_hd__nand2_1
       10    62.56   sky130_fd_sc_hd__nand2b_1
        3   15.014   sky130_fd_sc_hd__nand3_1
        7   26.275   sky130_fd_sc_hd__nor2_1
        1    6.256   sky130_fd_sc_hd__nor2b_1
        2    10.01   sky130_fd_sc_hd__nor3_1
        3   30.029   sky130_fd_sc_hd__o211a_1
        7    52.55   sky130_fd_sc_hd__o211ai_1
        4   30.029   sky130_fd_sc_hd__o21a_1
       31  155.149   sky130_fd_sc_hd__o21ai_0
        2   17.517   sky130_fd_sc_hd__o221ai_1
        2   17.517   sky130_fd_sc_hd__o22a_1
        6   37.536   sky130_fd_sc_hd__o22ai_1
        1    8.758   sky130_fd_sc_hd__o2bb2ai_1
        1    10.01   sky130_fd_sc_hd__o311a_1
        3   26.275   sky130_fd_sc_hd__o311ai_0
        2   15.014   sky130_fd_sc_hd__o31ai_1
        1    6.256   sky130_fd_sc_hd__or3_1
        1    7.507   sky130_fd_sc_hd__or4_1

   Chip area for module '\plic_granu_arb_gate': 1671.603200
     of which used for sequential elements: 0.000000 (0.00%)

8. Executing Verilog backend.

8.1. Executing BMUXMAP pass.

8.2. Executing DEMUXMAP pass.
Dumping module `\plic_granu_arb_gate'.

End of script. Logfile hash: da4e4a5cff, time: 0.81s, user: 0.24s, system: 0.38s, MEM: 45.88 MB peak
Yosys 0.66+181 (git sha1 afe6b18f2, Release, Clang /usr/bin/clang++ 18.1.8)
Time spent: 25% 2x abc (0 sec), 21% 1x synth (0 sec), ...
