Warning: parent_gate_balanced_opensta_realclk.tcl, 5 set_input_delay relative to a clock defined on the same port/pin not allowed.
Startpoint: plicrst_b (input port clocked by arb_clk)
Endpoint: _288_ (recovery check against rising-edge clock arb_clk)
Path Group: **async_default**
Path Type: max

  Delay    Time   Description
---------------------------------------------------------
   0.00    0.00   clock arb_clk (rise edge)
   0.00    0.00   clock network delay (ideal)
   0.00    0.00 ^ input external delay
   0.00    0.00 ^ plicrst_b (in)
   0.00    0.00 ^ _288_/RESET_B (sky130_fd_sc_hd__dfrtp_1)
           0.00   data arrival time

  10.00   10.00   clock arb_clk (rise edge)
   0.00   10.00   clock network delay (ideal)
   0.00   10.00   clock reconvergence pessimism
          10.00 ^ _288_/CLK (sky130_fd_sc_hd__dfrtp_1)
   0.23   10.23   library recovery time
          10.23   data required time
---------------------------------------------------------
          10.23   data required time
          -0.00   data arrival time
---------------------------------------------------------
          10.23   slack (MET)


Startpoint: _427_ (rising edge-triggered flip-flop clocked by arb_clk)
Endpoint: _336_ (rising edge-triggered flip-flop clocked by arb_clk)
Path Group: arb_clk
Path Type: max

  Delay    Time   Description
---------------------------------------------------------
   0.00    0.00   clock arb_clk (rise edge)
   0.00    0.00   clock network delay (ideal)
   0.00    0.00 ^ _427_/CLK (sky130_fd_sc_hd__dfrtp_1)
   0.35    0.35 v _427_/Q (sky130_fd_sc_hd__dfrtp_1)
   0.14    0.49 v x_secd_prio_selection10/_364_/Y (sky130_fd_sc_hd__nand2b_1)
   0.26    0.76 ^ x_secd_prio_selection10/_366_/Y (sky130_fd_sc_hd__a221oi_1)
   0.22    0.97 ^ x_secd_prio_selection10/_368_/Y (sky130_fd_sc_hd__a2bb2oi_1)
   0.13    1.11 v x_secd_prio_selection10/_371_/Y (sky130_fd_sc_hd__o211ai_1)
   0.85    1.95 ^ x_secd_prio_selection10/_373_/Y (sky130_fd_sc_hd__a21boi_0)
   0.30    2.25 ^ x_secd_prio_selection10/_406_/X (sky130_fd_sc_hd__a22o_1)
   0.08    2.33 v x_secd_prio_selection10/_408_/Y (sky130_fd_sc_hd__o22ai_1)
   0.18    2.51 v x_secd_prio_selection10/_410_/X (sky130_fd_sc_hd__o21a_1)
   0.94    3.45 ^ x_secd_prio_selection10/_412_/Y (sky130_fd_sc_hd__o22ai_1)
   0.35    3.80 ^ x_secd_prio_selection10/_417_/Y (sky130_fd_sc_hd__mux2i_1)
   0.10    3.90 v x_secd_prio_selection10/_419_/Y (sky130_fd_sc_hd__a22oi_1)
   0.24    4.14 ^ x_secd_prio_selection10/_425_/Y (sky130_fd_sc_hd__a211oi_1)
   0.32    4.46 ^ x_secd_prio_selection10/_427_/Y (sky130_fd_sc_hd__a2bb2oi_1)
   0.47    4.93 ^ x_secd_prio_selection10/_428_/X (sky130_fd_sc_hd__lpflow_inputiso1p_1)
   0.23    5.16 v x_secd_prio_selection10/_441_/Y (sky130_fd_sc_hd__o21ai_0)
   0.18    5.34 v x_secd_prio_selection10/_443_/Y (sky130_fd_sc_hd__a2bb2oi_1)
   1.11    6.45 ^ x_secd_prio_selection10/_446_/Y (sky130_fd_sc_hd__a222oi_1)
   0.51    6.96 ^ x_secd_prio_selection10/_448_/X (sky130_fd_sc_hd__o21a_1)
   0.12    7.09 v x_secd_prio_selection10/_568_/Y (sky130_fd_sc_hd__o32ai_1)
   0.30    7.38 v _210_/X (sky130_fd_sc_hd__mux2_1)
   0.00    7.39 v _336_/D (sky130_fd_sc_hd__dfrtp_1)
           7.39   data arrival time

  10.00   10.00   clock arb_clk (rise edge)
   0.00   10.00   clock network delay (ideal)
   0.00   10.00   clock reconvergence pessimism
          10.00 ^ _336_/CLK (sky130_fd_sc_hd__dfrtp_1)
  -0.13    9.87   library setup time
           9.87   data required time
---------------------------------------------------------
           9.87   data required time
          -7.39   data arrival time
---------------------------------------------------------
           2.48   slack (MET)


tns 0.00
wns 0.00
Group                  Internal  Switching    Leakage      Total
                          Power      Power      Power      Power
----------------------------------------------------------------
Sequential             3.19e-04   1.54e-05   1.26e-09   3.35e-04   9.3%
Combinational          1.65e-03   1.61e-03   3.98e-08   3.26e-03  90.7%
Macro                  0.00e+00   0.00e+00   0.00e+00   0.00e+00   0.0%
Pad                    0.00e+00   0.00e+00   0.00e+00   0.00e+00   0.0%
----------------------------------------------------------------
Total                  1.97e-03   1.63e-03   4.10e-08   3.59e-03 100.0%
                          54.7%      45.3%       0.0%
