
 /----------------------------------------------------------------------------\
 |  yosys -- Yosys Open SYnthesis Suite                                       |
 |  Copyright (C) 2012 - 2026  Claire Xenia Wolf <claire@yosyshq.com>         |
 |  Distributed under an ISC-like license, type "license" to see terms        |
 \----------------------------------------------------------------------------/
 Yosys 0.66+181 (git sha1 afe6b18f2, Release, Clang /usr/bin/clang++ 18.1.8)

-- Running command `read_liberty -lib sky130_fd_sc_hd__tt_025C_1v80.lib; read_verilog ct_rtu_pst_preg_metric_negative.mapped.v; hierarchy -top ct_rtu_pst_preg; stat -liberty sky130_fd_sc_hd__tt_025C_1v80.lib' --

1. Executing Liberty frontend: sky130_fd_sc_hd__tt_025C_1v80.lib
Imported 428 cell types from liberty file.

2. Executing Verilog-2005 frontend: ct_rtu_pst_preg_metric_negative.mapped.v
Parsing Verilog input from `ct_rtu_pst_preg_metric_negative.mapped.v' to AST representation.
Generating RTLIL representation for module `\ct_rtu_encode_96'.
Generating RTLIL representation for module `\ct_rtu_expand_32'.
Generating RTLIL representation for module `\ct_rtu_expand_96'.
Generating RTLIL representation for module `\ct_rtu_pst_preg'.
Generating RTLIL representation for module `\ct_rtu_pst_preg_entry'.
Generating RTLIL representation for module `\gated_clk_cell'.
Successfully finished Verilog frontend.

3. Executing HIERARCHY pass (managing design hierarchy).

3.1. Analyzing design hierarchy..
Top module:  \ct_rtu_pst_preg
Used module:     \ct_rtu_pst_preg_entry
Used module:         \gated_clk_cell
Used module:         \ct_rtu_expand_96
Used module:         \ct_rtu_expand_32
Used module:     \ct_rtu_encode_96

3.2. Analyzing design hierarchy..
Top module:  \ct_rtu_pst_preg
Used module:     \ct_rtu_pst_preg_entry
Used module:         \gated_clk_cell
Used module:         \ct_rtu_expand_96
Used module:         \ct_rtu_expand_32
Used module:     \ct_rtu_encode_96
Removed 0 unused modules.

4. Printing statistics.

=== gated_clk_cell ===

        +----------Local Count, excluding submodules.
        |        +-Local Area, excluding submodules.
        |        | 
        8        - wires
        8        - wire bits
        8        - public wires
        8        - public wire bits
        7        - ports
        7        - port bits

=== ct_rtu_pst_preg_entry ===

        +----------Local Count, excluding submodules.
        |        +-Local Area, excluding submodules.
        |        | 
      233        - wires
      601        - wire bits
      233        - public wires
      601        - public wire bits
       41        - ports
      256        - port bits
      334 2.68E+03 cells
        2   17.517   sky130_fd_sc_hd__a2111oi_0
        2   15.014   sky130_fd_sc_hd__a211oi_1
        2   15.014   sky130_fd_sc_hd__a21o_1
        3   15.014   sky130_fd_sc_hd__a21oi_1
        5   50.048   sky130_fd_sc_hd__a221o_1
        3   26.275   sky130_fd_sc_hd__a221oi_1
       16  160.154   sky130_fd_sc_hd__a222oi_1
       19   166.41   sky130_fd_sc_hd__a22o_1
        1    7.507   sky130_fd_sc_hd__a22oi_1
        1    10.01   sky130_fd_sc_hd__a32o_1
      128  800.768   sky130_fd_sc_hd__and2_0
       10   37.536   sky130_fd_sc_hd__clkinv_1
       27  675.648   sky130_fd_sc_hd__dfrtp_1
        1   26.275   sky130_fd_sc_hd__dfstp_2
        3   18.768   sky130_fd_sc_hd__lpflow_inputiso1p_1
        7   43.792   sky130_fd_sc_hd__lpflow_isobufsrc_1
        3   30.029   sky130_fd_sc_hd__mux2i_1
       36   135.13   sky130_fd_sc_hd__nand2_1
        2   12.512   sky130_fd_sc_hd__nand2b_1
        1    5.005   sky130_fd_sc_hd__nand3_1
        1    7.507   sky130_fd_sc_hd__nand3b_1
        3   18.768   sky130_fd_sc_hd__nand4_1
        1    8.758   sky130_fd_sc_hd__nand4b_1
        9   33.782   sky130_fd_sc_hd__nor2_1
        5   25.024   sky130_fd_sc_hd__nor3_1
        2   15.014   sky130_fd_sc_hd__nor3b_1
        2   12.512   sky130_fd_sc_hd__nor4_1
        3   26.275   sky130_fd_sc_hd__nor4b_1
        1    10.01   sky130_fd_sc_hd__o211a_1
        8   40.038   sky130_fd_sc_hd__o21ai_0
        1    7.507   sky130_fd_sc_hd__o21bai_1
        5    31.28   sky130_fd_sc_hd__o22ai_1
        1    8.758   sky130_fd_sc_hd__o2bb2ai_1
        3   22.522   sky130_fd_sc_hd__o31ai_1
        1    8.758   sky130_fd_sc_hd__o32ai_1
        2   12.512   sky130_fd_sc_hd__or3_1
        1    8.758   sky130_fd_sc_hd__or3b_1
        2   15.014   sky130_fd_sc_hd__or4_1
        3   26.275   sky130_fd_sc_hd__xnor2_1
        8   70.067   sky130_fd_sc_hd__xor2_1
        4        - submodules
        1        -   ct_rtu_expand_32
        1        -   ct_rtu_expand_96
        2        -   gated_clk_cell

   Chip area for module '\ct_rtu_pst_preg_entry': 2677.568000
     of which used for sequential elements: 701.923200 (26.21%)

=== ct_rtu_pst_preg ===

        +----------Local Count, excluding submodules.
        |        +-Local Area, excluding submodules.
        |        | 
     5457        - wires
    24514        - wire bits
     5457        - public wires
    24514        - public wire bits
       66        - ports
      801        - port bits
     5219 3.38E+04 cells
        2   22.522   sky130_fd_sc_hd__a2111o_1
        5   43.792   sky130_fd_sc_hd__a2111oi_0
        3   22.522   sky130_fd_sc_hd__a211oi_1
        9   67.565   sky130_fd_sc_hd__a21boi_0
        6   45.043   sky130_fd_sc_hd__a21o_1
       57  285.274   sky130_fd_sc_hd__a21oi_1
        4   40.038   sky130_fd_sc_hd__a221o_1
       95  950.912   sky130_fd_sc_hd__a222oi_1
       24  210.202   sky130_fd_sc_hd__a22o_1
        9   67.565   sky130_fd_sc_hd__a22oi_1
        1    8.758   sky130_fd_sc_hd__a2bb2oi_1
        1    10.01   sky130_fd_sc_hd__a311o_1
        3   26.275   sky130_fd_sc_hd__a31o_1
        7   43.792   sky130_fd_sc_hd__a31oi_1
        3   30.029   sky130_fd_sc_hd__a32o_1
       16  140.134   sky130_fd_sc_hd__a32oi_1
      433 2.71E+03   sky130_fd_sc_hd__and2_0
       60   375.36   sky130_fd_sc_hd__and3_1
        6    52.55   sky130_fd_sc_hd__and4_1
        3   30.029   sky130_fd_sc_hd__and4b_1
       96 2.64E+03   sky130_fd_sc_hd__buf_16
      165  619.344   sky130_fd_sc_hd__clkinv_1
       32  800.768   sky130_fd_sc_hd__dfrtp_1
       20   125.12   sky130_fd_sc_hd__lpflow_inputiso1p_1
       31  193.936   sky130_fd_sc_hd__lpflow_isobufsrc_1
        1    10.01   sky130_fd_sc_hd__maj3_1
      274 1.03E+03   sky130_fd_sc_hd__nand2_1
       30   187.68   sky130_fd_sc_hd__nand2b_1
       77   385.37   sky130_fd_sc_hd__nand3_1
        7    52.55   sky130_fd_sc_hd__nand3b_1
      635  3972.56   sky130_fd_sc_hd__nand4_1
       23  201.443   sky130_fd_sc_hd__nand4b_1
        1   11.261   sky130_fd_sc_hd__nand4bb_1
      357 1.34E+03   sky130_fd_sc_hd__nor2_1
        5    31.28   sky130_fd_sc_hd__nor2b_1
      171  855.821   sky130_fd_sc_hd__nor3_1
       19  142.637   sky130_fd_sc_hd__nor3b_1
     2340 1.46E+04   sky130_fd_sc_hd__nor4_1
        7   61.309   sky130_fd_sc_hd__nor4b_1
        4   40.038   sky130_fd_sc_hd__nor4bb_1
        2   17.517   sky130_fd_sc_hd__o2111ai_1
       30  225.216   sky130_fd_sc_hd__o211ai_1
        5   37.536   sky130_fd_sc_hd__o21a_1
       44  220.211   sky130_fd_sc_hd__o21ai_0
        1    7.507   sky130_fd_sc_hd__o21bai_1
       13  113.859   sky130_fd_sc_hd__o221ai_1
       17  106.352   sky130_fd_sc_hd__o22ai_1
        2   17.517   sky130_fd_sc_hd__o2bb2ai_1
        7   61.309   sky130_fd_sc_hd__o311ai_0
        1    8.758   sky130_fd_sc_hd__o31a_1
       10   75.072   sky130_fd_sc_hd__o31ai_1
        1    8.758   sky130_fd_sc_hd__o32ai_1
       18  157.651   sky130_fd_sc_hd__o41ai_1
       17  106.352   sky130_fd_sc_hd__or3_1
        7    52.55   sky130_fd_sc_hd__or4_1
        2   20.019   sky130_fd_sc_hd__or4b_1
      135        - submodules
       35        -   ct_rtu_encode_96
        4        -   ct_rtu_expand_96
       95        -   ct_rtu_pst_preg_entry
        1        -   gated_clk_cell

   Chip area for module '\ct_rtu_pst_preg': 33758.627200
     of which used for sequential elements: 800.768000 (2.37%)

=== ct_rtu_expand_96 ===

        +----------Local Count, excluding submodules.
        |        +-Local Area, excluding submodules.
        |        | 
       24        - wires
      125        - wire bits
       24        - public wires
      125        - public wire bits
        2        - ports
      103        - port bits
      118  564.291 cells
        2   15.014   sky130_fd_sc_hd__nand3b_1
        1    6.256   sky130_fd_sc_hd__nand4_1
        4   35.034   sky130_fd_sc_hd__nand4b_1
        6   67.565   sky130_fd_sc_hd__nand4bb_1
       96  360.346   sky130_fd_sc_hd__nor2_1
        1    6.256   sky130_fd_sc_hd__or3_1
        3   26.275   sky130_fd_sc_hd__or3b_1
        1    7.507   sky130_fd_sc_hd__or4_1
        4   40.038   sky130_fd_sc_hd__or4b_1

   Chip area for module '\ct_rtu_expand_96': 564.291200
     of which used for sequential elements: 0.000000 (0.00%)

=== ct_rtu_expand_32 ===

        +----------Local Count, excluding submodules.
        |        +-Local Area, excluding submodules.
        |        | 
       16        - wires
       51        - wire bits
       16        - public wires
       51        - public wire bits
        2        - ports
       37        - port bits
       46  269.008 cells
        2   12.512   sky130_fd_sc_hd__and2_0
       16  100.096   sky130_fd_sc_hd__and3_1
        1    8.758   sky130_fd_sc_hd__and3b_1
        4   25.024   sky130_fd_sc_hd__lpflow_isobufsrc_1
        2    7.507   sky130_fd_sc_hd__nand2_1
        4   25.024   sky130_fd_sc_hd__nand2b_1
        2    7.507   sky130_fd_sc_hd__nor2_1
        9   45.043   sky130_fd_sc_hd__nor3_1
        6   37.536   sky130_fd_sc_hd__nor4_1

   Chip area for module '\ct_rtu_expand_32': 269.008000
     of which used for sequential elements: 0.000000 (0.00%)

=== ct_rtu_encode_96 ===

        +----------Local Count, excluding submodules.
        |        +-Local Area, excluding submodules.
        |        | 
       72        - wires
      173        - wire bits
       72        - public wires
      173        - public wire bits
        2        - ports
      103        - port bits
       77  465.446 cells
        1    8.758   sky130_fd_sc_hd__and4_1
        7   26.275   sky130_fd_sc_hd__nand2_1
        1    6.256   sky130_fd_sc_hd__nand2b_1
        3   15.014   sky130_fd_sc_hd__nand3_1
        1    7.507   sky130_fd_sc_hd__nand3b_1
        6   37.536   sky130_fd_sc_hd__nand4_1
        2   17.517   sky130_fd_sc_hd__nand4b_1
        3   11.261   sky130_fd_sc_hd__nor2_1
        3   15.014   sky130_fd_sc_hd__nor3_1
       43  269.008   sky130_fd_sc_hd__nor4_1
        1    6.256   sky130_fd_sc_hd__or3_1
        6   45.043   sky130_fd_sc_hd__or4_1

   Chip area for module '\ct_rtu_encode_96': 465.446400
     of which used for sequential elements: 0.000000 (0.00%)

=== design hierarchy ===

        +----------Count including submodules.
        |        +-Area including submodules.
        |        | 
    55696 3.86E+05 ct_rtu_pst_preg
       77  465.446 ct_rtu_encode_96
      118  564.291 ct_rtu_expand_96
      334 2.68E+03 ct_rtu_pst_preg_entry
       46  269.008   ct_rtu_expand_32
      118  564.291   ct_rtu_expand_96

        +----------Count including submodules.
        |        +-Area including submodules.
        |        | 
    35536        - wires
   106412        - wire bits
    35536        - public wires
   106412        - public wire bits
     5756        - ports
    43775        - port bits
        -        - memories
        -        - memory bits
        -        - processes
    55696 3.86E+05 cells
        2   22.522   sky130_fd_sc_hd__a2111o_1
      195 1.71E+03   sky130_fd_sc_hd__a2111oi_0
      193  1448.89   sky130_fd_sc_hd__a211oi_1
        9   67.565   sky130_fd_sc_hd__a21boi_0
      196 1.47E+03   sky130_fd_sc_hd__a21o_1
      342 1.71E+03   sky130_fd_sc_hd__a21oi_1
      479 4.79E+03   sky130_fd_sc_hd__a221o_1
      285  2.5E+03   sky130_fd_sc_hd__a221oi_1
     1615 1.62E+04   sky130_fd_sc_hd__a222oi_1
     1829  1.6E+04   sky130_fd_sc_hd__a22o_1
      104  780.749   sky130_fd_sc_hd__a22oi_1
        1    8.758   sky130_fd_sc_hd__a2bb2oi_1
        1    10.01   sky130_fd_sc_hd__a311o_1
        3   26.275   sky130_fd_sc_hd__a31o_1
        7   43.792   sky130_fd_sc_hd__a31oi_1
       98  980.941   sky130_fd_sc_hd__a32o_1
       16  140.134   sky130_fd_sc_hd__a32oi_1
    12783    8E+04   sky130_fd_sc_hd__and2_0
     1580  9884.48   sky130_fd_sc_hd__and3_1
       95  832.048   sky130_fd_sc_hd__and3b_1
       41  359.094   sky130_fd_sc_hd__and4_1
        3   30.029   sky130_fd_sc_hd__and4b_1
       96 2.64E+03   sky130_fd_sc_hd__buf_16
     1115 4.19E+03   sky130_fd_sc_hd__clkinv_1
     2597  6.5E+04   sky130_fd_sc_hd__dfrtp_1
       95  2.5E+03   sky130_fd_sc_hd__dfstp_2
      305  1908.08   sky130_fd_sc_hd__lpflow_inputiso1p_1
     1076 6.73E+03   sky130_fd_sc_hd__lpflow_isobufsrc_1
        1    10.01   sky130_fd_sc_hd__maj3_1
      285 2.85E+03   sky130_fd_sc_hd__mux2i_1
     4129 1.55E+04   sky130_fd_sc_hd__nand2_1
      635  3972.56   sky130_fd_sc_hd__nand2b_1
      277  1386.33   sky130_fd_sc_hd__nand3_1
      335 2.51E+03   sky130_fd_sc_hd__nand3b_1
     1229 7.69E+03   sky130_fd_sc_hd__nand4_1
      584 5.11E+03   sky130_fd_sc_hd__nand4b_1
      595  6.7E+03   sky130_fd_sc_hd__nand4bb_1
    11011 4.13E+04   sky130_fd_sc_hd__nor2_1
        5    31.28   sky130_fd_sc_hd__nor2b_1
     1606 8.04E+03   sky130_fd_sc_hd__nor3_1
      209 1.57E+03   sky130_fd_sc_hd__nor3b_1
     4605 2.88E+04   sky130_fd_sc_hd__nor4_1
      292 2.56E+03   sky130_fd_sc_hd__nor4b_1
        4   40.038   sky130_fd_sc_hd__nor4bb_1
        2   17.517   sky130_fd_sc_hd__o2111ai_1
       95  950.912   sky130_fd_sc_hd__o211a_1
       30  225.216   sky130_fd_sc_hd__o211ai_1
        5   37.536   sky130_fd_sc_hd__o21a_1
      804 4.02E+03   sky130_fd_sc_hd__o21ai_0
       96  720.691   sky130_fd_sc_hd__o21bai_1
       13  113.859   sky130_fd_sc_hd__o221ai_1
      492 3.08E+03   sky130_fd_sc_hd__o22ai_1
       97  849.565   sky130_fd_sc_hd__o2bb2ai_1
        7   61.309   sky130_fd_sc_hd__o311ai_0
        1    8.758   sky130_fd_sc_hd__o31a_1
      295 2.21E+03   sky130_fd_sc_hd__o31ai_1
       96  840.806   sky130_fd_sc_hd__o32ai_1
       18  157.651   sky130_fd_sc_hd__o41ai_1
      341 2.13E+03   sky130_fd_sc_hd__or3_1
      392 3.43E+03   sky130_fd_sc_hd__or3b_1
      506  3.8E+03   sky130_fd_sc_hd__or4_1
      398 3.98E+03   sky130_fd_sc_hd__or4b_1
      285  2.5E+03   sky130_fd_sc_hd__xnor2_1
      760 6.66E+03   sky130_fd_sc_hd__xor2_1
      135 3.52E+05 submodules
       35 1.63E+04   ct_rtu_encode_96
        4 5.59E+04   ct_rtu_expand_96
       95 3.34E+05   ct_rtu_pst_preg_entry
        1        -   gated_clk_cell

   Chip area for top module '\ct_rtu_pst_preg': 385838.800000
     of which used for sequential elements: 67483.472000 (17.49%)

End of script. Logfile hash: f9df28f239, time: 0.89s, user: 0.83s, system: 0.07s, MEM: 109.62 MB peak
Yosys 0.66+181 (git sha1 afe6b18f2, Release, Clang /usr/bin/clang++ 18.1.8)
Time spent: 86% 2x read_verilog (0 sec), 7% 1x stat (0 sec), ...
