OpenSTA 2.2.0 02b129d48f Copyright (c) 2019, Parallax Software, Inc.
License GPLv3: GNU GPL version 3 <http://gnu.org/licenses/gpl.html>

This is free software, and you are free to change and redistribute it
under certain conditions; type `show_copying' for details. 
This program comes with ABSOLUTELY NO WARRANTY; for details type `show_warranty'.
Startpoint: onehot[30] (input port clocked by virtual_clk)
Endpoint: result[45] (output port clocked by virtual_clk)
Path Group: virtual_clk
Path Type: max

  Delay    Time   Description
---------------------------------------------------------
   0.00    0.00   clock virtual_clk (rise edge)
   0.00    0.00   clock network delay (ideal)
   0.00    0.00 v input external delay
   0.00    0.00 v onehot[30] (in)
   0.30    0.30 ^ _1374_/Y (sky130_fd_sc_hd__a222oi_1)
   0.10    0.40 v _1377_/Y (sky130_fd_sc_hd__nand3_1)
   0.36    0.76 v _1384_/X (sky130_fd_sc_hd__or3_1)
   0.28    1.03 v _1385_/X (sky130_fd_sc_hd__or3_1)
   0.00    1.03 v result[45] (out)
           1.03   data arrival time

  10.00   10.00   clock virtual_clk (rise edge)
   0.00   10.00   clock network delay (ideal)
   0.00   10.00   clock reconvergence pessimism
   0.00   10.00   output external delay
          10.00   data required time
---------------------------------------------------------
          10.00   data required time
          -1.03   data arrival time
---------------------------------------------------------
           8.97   slack (MET)


tns 0.00
wns 0.00
Group                  Internal  Switching    Leakage      Total
                          Power      Power      Power      Power
----------------------------------------------------------------
Sequential             0.00e+00   0.00e+00   0.00e+00   0.00e+00   0.0%
Combinational          8.58e-05   3.34e-05   1.83e-09   1.19e-04 100.0%
Macro                  0.00e+00   0.00e+00   0.00e+00   0.00e+00   0.0%
Pad                    0.00e+00   0.00e+00   0.00e+00   0.00e+00   0.0%
----------------------------------------------------------------
Total                  8.58e-05   3.34e-05   1.83e-09   1.19e-04 100.0%
                          72.0%      28.0%       0.0%
