OpenSTA 2.2.0 02b129d48f Copyright (c) 2019, Parallax Software, Inc.
License GPLv3: GNU GPL version 3 <http://gnu.org/licenses/gpl.html>

This is free software, and you are free to change and redistribute it
under certain conditions; type `show_copying' for details. 
This program comes with ABSOLUTELY NO WARRANTY; for details type `show_warranty'.
Startpoint: onehot[16] (input port clocked by virtual_clk)
Endpoint: result[26] (output port clocked by virtual_clk)
Path Group: virtual_clk
Path Type: max

  Delay    Time   Description
---------------------------------------------------------
   0.00    0.00   clock virtual_clk (rise edge)
   0.00    0.00   clock network delay (ideal)
   0.00    0.00 v input external delay
   0.00    0.00 v onehot[16] (in)
   0.56    0.56 v _1053_/X (sky130_fd_sc_hd__or4_1)
   0.70    1.27 v _1058_/X (sky130_fd_sc_hd__or4_1)
   0.49    1.76 ^ _1073_/Y (sky130_fd_sc_hd__nor4_1)
   3.89    5.66 ^ _1097_/Y (sky130_fd_sc_hd__nor4bb_1)
   0.13    5.79 v _1132_/Y (sky130_fd_sc_hd__nor4_1)
   0.22    6.01 ^ _1162_/Y (sky130_fd_sc_hd__nand4_1)
   0.50    6.51 v _1204_/Y (sky130_fd_sc_hd__nor3_1)
   0.56    7.07 v _1283_/X (sky130_fd_sc_hd__a2111o_1)
   0.00    7.07 v result[26] (out)
           7.07   data arrival time

  10.00   10.00   clock virtual_clk (rise edge)
   0.00   10.00   clock network delay (ideal)
   0.00   10.00   clock reconvergence pessimism
   0.00   10.00   output external delay
          10.00   data required time
---------------------------------------------------------
          10.00   data required time
          -7.07   data arrival time
---------------------------------------------------------
           2.93   slack (MET)


tns 0.00
wns 0.00
Group                  Internal  Switching    Leakage      Total
                          Power      Power      Power      Power
----------------------------------------------------------------
Sequential             0.00e+00   0.00e+00   0.00e+00   0.00e+00   0.0%
Combinational          1.13e-04   1.13e-04   2.43e-09   2.25e-04 100.0%
Macro                  0.00e+00   0.00e+00   0.00e+00   0.00e+00   0.0%
Pad                    0.00e+00   0.00e+00   0.00e+00   0.00e+00   0.0%
----------------------------------------------------------------
Total                  1.13e-04   1.13e-04   2.43e-09   2.25e-04 100.0%
                          50.0%      50.0%       0.0%
