
 /----------------------------------------------------------------------------\
 |  yosys -- Yosys Open SYnthesis Suite                                       |
 |  Copyright (C) 2012 - 2026  Claire Xenia Wolf <claire@yosyshq.com>         |
 |  Distributed under an ISC-like license, type "license" to see terms        |
 \----------------------------------------------------------------------------/
 Yosys 0.66+181 (git sha1 afe6b18f2, Release, Clang /usr/bin/clang++ 18.1.8)

-- Running command `read_verilog gated_clk_cell.v ct_rtu_expand_32.v ct_rtu_expand_64.v ct_rtu_pst_vreg_entry_gate_candidate.v; synth -top ct_rtu_pst_vreg_entry_gate; dfflibmap -liberty sky130_fd_sc_hd__tt_025C_1v80.lib; abc -liberty sky130_fd_sc_hd__tt_025C_1v80.lib; clean; stat -liberty sky130_fd_sc_hd__tt_025C_1v80.lib; write_verilog -noattr ct_rtu_pst_vreg_entry_gate_candidate.mapped.v' --

1. Executing Verilog-2005 frontend: gated_clk_cell.v
Parsing Verilog input from `gated_clk_cell.v' to AST representation.
Generating RTLIL representation for module `\gated_clk_cell'.
Successfully finished Verilog frontend.

2. Executing Verilog-2005 frontend: ct_rtu_expand_32.v
Parsing Verilog input from `ct_rtu_expand_32.v' to AST representation.
Generating RTLIL representation for module `\ct_rtu_expand_32'.
Successfully finished Verilog frontend.

3. Executing Verilog-2005 frontend: ct_rtu_expand_64.v
Parsing Verilog input from `ct_rtu_expand_64.v' to AST representation.
Generating RTLIL representation for module `\ct_rtu_expand_64'.
Successfully finished Verilog frontend.

4. Executing Verilog-2005 frontend: ct_rtu_pst_vreg_entry_gate_candidate.v
Parsing Verilog input from `ct_rtu_pst_vreg_entry_gate_candidate.v' to AST representation.
Generating RTLIL representation for module `\ct_rtu_pst_vreg_entry_gate'.
Note: Assuming pure combinatorial block at ct_rtu_pst_vreg_entry_gate_candidate.v:282.1-324.4 in
compliance with IEC 62142(E):2005 / IEEE Std. 1364.1(E):2002. Recommending
use of @* instead of @(...) for better match of synthesis and simulation.
Note: Assuming pure combinatorial block at ct_rtu_pst_vreg_entry_gate_candidate.v:365.1-381.4 in
compliance with IEC 62142(E):2005 / IEEE Std. 1364.1(E):2002. Recommending
use of @* instead of @(...) for better match of synthesis and simulation.
Note: Assuming pure combinatorial block at ct_rtu_pst_vreg_entry_gate_candidate.v:397.1-439.4 in
compliance with IEC 62142(E):2005 / IEEE Std. 1364.1(E):2002. Recommending
use of @* instead of @(...) for better match of synthesis and simulation.
Successfully finished Verilog frontend.

5. Executing SYNTH pass.

5.1. Executing HIERARCHY pass (managing design hierarchy).

5.1.1. Analyzing design hierarchy..
Top module:  \ct_rtu_pst_vreg_entry_gate
Used module:     \ct_rtu_expand_32
Used module:     \ct_rtu_expand_64
Used module:     \gated_clk_cell

5.1.2. Analyzing design hierarchy..
Top module:  \ct_rtu_pst_vreg_entry_gate
Used module:     \ct_rtu_expand_32
Used module:     \ct_rtu_expand_64
Used module:     \gated_clk_cell
Removed 0 unused modules.

5.2. Executing PROC pass (convert processes to netlists).

5.2.1. Executing PROC_CLEAN pass (remove empty switches from decision trees).
Cleaned up 0 empty switches.

5.2.2. Executing PROC_RMDEAD pass (remove dead branches from decision trees).
Marked 3 switch rules as full_case in process $proc$ct_rtu_pst_vreg_entry_gate_candidate.v:511$152 in module ct_rtu_pst_vreg_entry_gate.
Marked 3 switch rules as full_case in process $proc$ct_rtu_pst_vreg_entry_gate_candidate.v:499$150 in module ct_rtu_pst_vreg_entry_gate.
Marked 3 switch rules as full_case in process $proc$ct_rtu_pst_vreg_entry_gate_candidate.v:487$148 in module ct_rtu_pst_vreg_entry_gate.
Marked 3 switch rules as full_case in process $proc$ct_rtu_pst_vreg_entry_gate_candidate.v:444$138 in module ct_rtu_pst_vreg_entry_gate.
Marked 1 switch rules as full_case in process $proc$ct_rtu_pst_vreg_entry_gate_candidate.v:397$137 in module ct_rtu_pst_vreg_entry_gate.
Removed 1 dead cases from process $proc$ct_rtu_pst_vreg_entry_gate_candidate.v:365$131 in module ct_rtu_pst_vreg_entry_gate.
Marked 3 switch rules as full_case in process $proc$ct_rtu_pst_vreg_entry_gate_candidate.v:365$131 in module ct_rtu_pst_vreg_entry_gate.
Marked 4 switch rules as full_case in process $proc$ct_rtu_pst_vreg_entry_gate_candidate.v:350$129 in module ct_rtu_pst_vreg_entry_gate.
Marked 11 switch rules as full_case in process $proc$ct_rtu_pst_vreg_entry_gate_candidate.v:282$122 in module ct_rtu_pst_vreg_entry_gate.
Marked 2 switch rules as full_case in process $proc$ct_rtu_pst_vreg_entry_gate_candidate.v:271$120 in module ct_rtu_pst_vreg_entry_gate.
Removed a total of 1 dead cases.

5.2.3. Executing PROC_PRUNE pass (remove redundant assignments in processes).
Removed 8 redundant assignments.
Promoted 5 assignments to connections.

5.2.4. Executing PROC_INIT pass (extract init attributes).

5.2.5. Executing PROC_ARST pass (detect async resets in processes).
Found async reset \cpurst_b in `\ct_rtu_pst_vreg_entry_gate.$proc$ct_rtu_pst_vreg_entry_gate_candidate.v:511$152'.
Found async reset \cpurst_b in `\ct_rtu_pst_vreg_entry_gate.$proc$ct_rtu_pst_vreg_entry_gate_candidate.v:499$150'.
Found async reset \cpurst_b in `\ct_rtu_pst_vreg_entry_gate.$proc$ct_rtu_pst_vreg_entry_gate_candidate.v:487$148'.
Found async reset \cpurst_b in `\ct_rtu_pst_vreg_entry_gate.$proc$ct_rtu_pst_vreg_entry_gate_candidate.v:444$138'.
Found async reset \cpurst_b in `\ct_rtu_pst_vreg_entry_gate.$proc$ct_rtu_pst_vreg_entry_gate_candidate.v:350$129'.
Found async reset \cpurst_b in `\ct_rtu_pst_vreg_entry_gate.$proc$ct_rtu_pst_vreg_entry_gate_candidate.v:271$120'.

5.2.6. Executing PROC_ROM pass (convert switches to ROMs).
Converted 0 switches.
<suppressed ~27 debug messages>

5.2.7. Executing PROC_MUX pass (convert decision trees to multiplexers).
Creating decoders for process `\ct_rtu_pst_vreg_entry_gate.$proc$ct_rtu_pst_vreg_entry_gate_candidate.v:511$152'.
     1/1: $0\retire_inst2_iid_match[0:0]
Creating decoders for process `\ct_rtu_pst_vreg_entry_gate.$proc$ct_rtu_pst_vreg_entry_gate_candidate.v:499$150'.
     1/1: $0\retire_inst1_iid_match[0:0]
Creating decoders for process `\ct_rtu_pst_vreg_entry_gate.$proc$ct_rtu_pst_vreg_entry_gate_candidate.v:487$148'.
     1/1: $0\retire_inst0_iid_match[0:0]
Creating decoders for process `\ct_rtu_pst_vreg_entry_gate.$proc$ct_rtu_pst_vreg_entry_gate_candidate.v:444$138'.
     1/3: $0\rel_vreg[5:0]
     2/3: $0\dstv_reg[4:0]
     3/3: $0\iid[6:0]
Creating decoders for process `\ct_rtu_pst_vreg_entry_gate.$proc$ct_rtu_pst_vreg_entry_gate_candidate.v:397$137'.
     1/3: $1\create_rel_vreg[5:0]
     2/3: $1\create_dstv_reg[4:0]
     3/3: $1\create_iid[6:0]
Creating decoders for process `\ct_rtu_pst_vreg_entry_gate.$proc$ct_rtu_pst_vreg_entry_gate_candidate.v:365$131'.
     1/3: $3\wb_next_state[0:0]
     2/3: $2\wb_next_state[0:0]
     3/3: $1\wb_next_state[0:0]
Creating decoders for process `\ct_rtu_pst_vreg_entry_gate.$proc$ct_rtu_pst_vreg_entry_gate_candidate.v:350$129'.
     1/1: $0\wb_cur_state[0:0]
Creating decoders for process `\ct_rtu_pst_vreg_entry_gate.$proc$ct_rtu_pst_vreg_entry_gate_candidate.v:282$122'.
     1/11: $11\lifecycle_next_state[3:0]
     2/11: $10\lifecycle_next_state[3:0]
     3/11: $9\lifecycle_next_state[3:0]
     4/11: $8\lifecycle_next_state[3:0]
     5/11: $7\lifecycle_next_state[3:0]
     6/11: $6\lifecycle_next_state[3:0]
     7/11: $5\lifecycle_next_state[3:0]
     8/11: $4\lifecycle_next_state[3:0]
     9/11: $3\lifecycle_next_state[3:0]
    10/11: $2\lifecycle_next_state[3:0]
    11/11: $1\lifecycle_next_state[3:0]
Creating decoders for process `\ct_rtu_pst_vreg_entry_gate.$proc$ct_rtu_pst_vreg_entry_gate_candidate.v:271$120'.
     1/1: $0\lifecycle_cur_state[3:0]

5.2.8. Executing PROC_DLATCH pass (convert process syncs to latches).
No latch inferred for signal `\ct_rtu_pst_vreg_entry_gate.\create_dstv_reg' from process `\ct_rtu_pst_vreg_entry_gate.$proc$ct_rtu_pst_vreg_entry_gate_candidate.v:397$137'.
No latch inferred for signal `\ct_rtu_pst_vreg_entry_gate.\create_iid' from process `\ct_rtu_pst_vreg_entry_gate.$proc$ct_rtu_pst_vreg_entry_gate_candidate.v:397$137'.
No latch inferred for signal `\ct_rtu_pst_vreg_entry_gate.\create_rel_vreg' from process `\ct_rtu_pst_vreg_entry_gate.$proc$ct_rtu_pst_vreg_entry_gate_candidate.v:397$137'.
No latch inferred for signal `\ct_rtu_pst_vreg_entry_gate.\wb_next_state' from process `\ct_rtu_pst_vreg_entry_gate.$proc$ct_rtu_pst_vreg_entry_gate_candidate.v:365$131'.
No latch inferred for signal `\ct_rtu_pst_vreg_entry_gate.\lifecycle_next_state' from process `\ct_rtu_pst_vreg_entry_gate.$proc$ct_rtu_pst_vreg_entry_gate_candidate.v:282$122'.

5.2.9. Executing PROC_DFF pass (convert process syncs to FFs).
Creating register for signal `\ct_rtu_pst_vreg_entry_gate.\retire_inst2_iid_match' using process `\ct_rtu_pst_vreg_entry_gate.$proc$ct_rtu_pst_vreg_entry_gate_candidate.v:511$152'.
  created $adff cell `$procdff$363' with positive edge clock and positive level reset.
Creating register for signal `\ct_rtu_pst_vreg_entry_gate.\retire_inst1_iid_match' using process `\ct_rtu_pst_vreg_entry_gate.$proc$ct_rtu_pst_vreg_entry_gate_candidate.v:499$150'.
  created $adff cell `$procdff$368' with positive edge clock and positive level reset.
Creating register for signal `\ct_rtu_pst_vreg_entry_gate.\retire_inst0_iid_match' using process `\ct_rtu_pst_vreg_entry_gate.$proc$ct_rtu_pst_vreg_entry_gate_candidate.v:487$148'.
  created $adff cell `$procdff$373' with positive edge clock and positive level reset.
Creating register for signal `\ct_rtu_pst_vreg_entry_gate.\dstv_reg' using process `\ct_rtu_pst_vreg_entry_gate.$proc$ct_rtu_pst_vreg_entry_gate_candidate.v:444$138'.
  created $adff cell `$procdff$378' with positive edge clock and positive level reset.
Creating register for signal `\ct_rtu_pst_vreg_entry_gate.\iid' using process `\ct_rtu_pst_vreg_entry_gate.$proc$ct_rtu_pst_vreg_entry_gate_candidate.v:444$138'.
  created $adff cell `$procdff$383' with positive edge clock and positive level reset.
Creating register for signal `\ct_rtu_pst_vreg_entry_gate.\rel_vreg' using process `\ct_rtu_pst_vreg_entry_gate.$proc$ct_rtu_pst_vreg_entry_gate_candidate.v:444$138'.
  created $adff cell `$procdff$388' with positive edge clock and positive level reset.
Creating register for signal `\ct_rtu_pst_vreg_entry_gate.\wb_cur_state' using process `\ct_rtu_pst_vreg_entry_gate.$proc$ct_rtu_pst_vreg_entry_gate_candidate.v:350$129'.
  created $adff cell `$procdff$393' with positive edge clock and positive level reset.
Creating register for signal `\ct_rtu_pst_vreg_entry_gate.\lifecycle_cur_state' using process `\ct_rtu_pst_vreg_entry_gate.$proc$ct_rtu_pst_vreg_entry_gate_candidate.v:271$120'.
  created $adff cell `$procdff$398' with positive edge clock and positive level reset.

5.2.10. Executing PROC_MEMWR pass (convert process memory writes to cells).

5.2.11. Executing PROC_CLEAN pass (remove empty switches from decision trees).
Found and cleaned up 2 empty switches in `\ct_rtu_pst_vreg_entry_gate.$proc$ct_rtu_pst_vreg_entry_gate_candidate.v:511$152'.
Removing empty process `ct_rtu_pst_vreg_entry_gate.$proc$ct_rtu_pst_vreg_entry_gate_candidate.v:511$152'.
Found and cleaned up 2 empty switches in `\ct_rtu_pst_vreg_entry_gate.$proc$ct_rtu_pst_vreg_entry_gate_candidate.v:499$150'.
Removing empty process `ct_rtu_pst_vreg_entry_gate.$proc$ct_rtu_pst_vreg_entry_gate_candidate.v:499$150'.
Found and cleaned up 2 empty switches in `\ct_rtu_pst_vreg_entry_gate.$proc$ct_rtu_pst_vreg_entry_gate_candidate.v:487$148'.
Removing empty process `ct_rtu_pst_vreg_entry_gate.$proc$ct_rtu_pst_vreg_entry_gate_candidate.v:487$148'.
Found and cleaned up 2 empty switches in `\ct_rtu_pst_vreg_entry_gate.$proc$ct_rtu_pst_vreg_entry_gate_candidate.v:444$138'.
Removing empty process `ct_rtu_pst_vreg_entry_gate.$proc$ct_rtu_pst_vreg_entry_gate_candidate.v:444$138'.
Found and cleaned up 1 empty switch in `\ct_rtu_pst_vreg_entry_gate.$proc$ct_rtu_pst_vreg_entry_gate_candidate.v:397$137'.
Removing empty process `ct_rtu_pst_vreg_entry_gate.$proc$ct_rtu_pst_vreg_entry_gate_candidate.v:397$137'.
Found and cleaned up 3 empty switches in `\ct_rtu_pst_vreg_entry_gate.$proc$ct_rtu_pst_vreg_entry_gate_candidate.v:365$131'.
Removing empty process `ct_rtu_pst_vreg_entry_gate.$proc$ct_rtu_pst_vreg_entry_gate_candidate.v:365$131'.
Found and cleaned up 3 empty switches in `\ct_rtu_pst_vreg_entry_gate.$proc$ct_rtu_pst_vreg_entry_gate_candidate.v:350$129'.
Removing empty process `ct_rtu_pst_vreg_entry_gate.$proc$ct_rtu_pst_vreg_entry_gate_candidate.v:350$129'.
Found and cleaned up 11 empty switches in `\ct_rtu_pst_vreg_entry_gate.$proc$ct_rtu_pst_vreg_entry_gate_candidate.v:282$122'.
Removing empty process `ct_rtu_pst_vreg_entry_gate.$proc$ct_rtu_pst_vreg_entry_gate_candidate.v:282$122'.
Found and cleaned up 1 empty switch in `\ct_rtu_pst_vreg_entry_gate.$proc$ct_rtu_pst_vreg_entry_gate_candidate.v:271$120'.
Removing empty process `ct_rtu_pst_vreg_entry_gate.$proc$ct_rtu_pst_vreg_entry_gate_candidate.v:271$120'.
Cleaned up 27 empty switches.

5.2.12. Executing OPT_EXPR pass (perform const folding).
Optimizing module ct_rtu_pst_vreg_entry_gate.
<suppressed ~25 debug messages>
Optimizing module ct_rtu_expand_64.
<suppressed ~1 debug messages>
Optimizing module ct_rtu_expand_32.
<suppressed ~1 debug messages>
Optimizing module gated_clk_cell.

5.3. Executing OPT_EXPR pass (perform const folding).
Optimizing module ct_rtu_pst_vreg_entry_gate.
Optimizing module ct_rtu_expand_64.
Optimizing module ct_rtu_expand_32.
Optimizing module gated_clk_cell.

5.4. Executing OPT_CLEAN pass (remove unused cells and wires).
Finding unused cells or wires in module \ct_rtu_pst_vreg_entry_gate..
Finding unused cells or wires in module \ct_rtu_expand_64..
Finding unused cells or wires in module \ct_rtu_expand_32..
Finding unused cells or wires in module \gated_clk_cell..
Removed 18 unused cells and 215 unused wires.
<suppressed ~23 debug messages>

5.5. Executing CHECK pass (checking for obvious problems).
Checking module ct_rtu_pst_vreg_entry_gate...
Checking module ct_rtu_expand_64...
Checking module ct_rtu_expand_32...
Checking module gated_clk_cell...
Found and reported 0 problems.

5.6. Executing OPT pass (performing simple optimizations).

5.6.1. Executing OPT_EXPR pass (perform const folding).
Optimizing module ct_rtu_pst_vreg_entry_gate.
Optimizing module ct_rtu_expand_64.
Optimizing module ct_rtu_expand_32.
Optimizing module gated_clk_cell.

5.6.2. Executing OPT_MERGE pass (detect identical cells).
Finding identical cells in module `\ct_rtu_pst_vreg_entry_gate'.
Computing hashes of 144 cells of `\ct_rtu_pst_vreg_entry_gate'.
Finding duplicate cells in `\ct_rtu_pst_vreg_entry_gate'.
Computing hashes of 122 cells of `\ct_rtu_pst_vreg_entry_gate'.
Finding duplicate cells in `\ct_rtu_pst_vreg_entry_gate'.
<suppressed ~66 debug messages>
Finding identical cells in module `\ct_rtu_expand_64'.
Computing hashes of 64 cells of `\ct_rtu_expand_64'.
Finding duplicate cells in `\ct_rtu_expand_64'.
Finding identical cells in module `\ct_rtu_expand_32'.
Computing hashes of 32 cells of `\ct_rtu_expand_32'.
Finding duplicate cells in `\ct_rtu_expand_32'.
Finding identical cells in module `\gated_clk_cell'.
Computing hashes of 0 cells of `\gated_clk_cell'.
Finding duplicate cells in `\gated_clk_cell'.
Removed a total of 22 cells.

5.6.3. Executing OPT_MUXTREE pass (detect dead branches in mux trees).
Running muxtree optimizer on module \ct_rtu_pst_vreg_entry_gate..
  Creating internal representation of mux trees.
  Evaluating internal representation of mux trees.
  Analyzing evaluation results.
    dead port 2/2 on $mux $procmux$297.
    dead port 1/2 on $mux $procmux$295.
    dead port 1/2 on $mux $procmux$292.
    dead port 2/2 on $mux $procmux$283.
    dead port 2/2 on $mux $procmux$347.
    dead port 1/2 on $mux $procmux$281.
    dead port 1/2 on $mux $procmux$278.
    dead port 1/2 on $mux $procmux$275.
    dead port 2/2 on $mux $procmux$266.
    dead port 2/2 on $mux $procmux$259.
    dead port 1/2 on $mux $procmux$257.
    dead port 2/2 on $mux $procmux$249.
    dead port 2/2 on $mux $procmux$337.
    dead port 1/2 on $mux $procmux$231.
    dead port 2/2 on $mux $procmux$225.
    dead port 2/2 on $mux $procmux$328.
    dead port 1/2 on $mux $procmux$326.
    dead port 2/2 on $mux $procmux$316.
    dead port 2/2 on $mux $procmux$308.
    dead port 1/2 on $mux $procmux$306.
Running muxtree optimizer on module \ct_rtu_expand_64..
  Creating internal representation of mux trees.
  No muxes found in this module.
Running muxtree optimizer on module \ct_rtu_expand_32..
  Creating internal representation of mux trees.
  No muxes found in this module.
Running muxtree optimizer on module \gated_clk_cell..
  Creating internal representation of mux trees.
  No muxes found in this module.
Removed 20 multiplexer ports.
<suppressed ~65 debug messages>

5.6.4. Executing OPT_REDUCE pass (consolidate $*mux and $reduce_* inputs).
  Optimizing cells in module \ct_rtu_pst_vreg_entry_gate.
  Optimizing cells in module \ct_rtu_expand_64.
  Optimizing cells in module \ct_rtu_expand_32.
  Optimizing cells in module \gated_clk_cell.
Performed a total of 0 changes.

5.6.5. Executing OPT_MERGE pass (detect identical cells).
Finding identical cells in module `\ct_rtu_pst_vreg_entry_gate'.
Computing hashes of 102 cells of `\ct_rtu_pst_vreg_entry_gate'.
Finding duplicate cells in `\ct_rtu_pst_vreg_entry_gate'.
Finding identical cells in module `\ct_rtu_expand_64'.
Computing hashes of 64 cells of `\ct_rtu_expand_64'.
Finding duplicate cells in `\ct_rtu_expand_64'.
Finding identical cells in module `\ct_rtu_expand_32'.
Computing hashes of 32 cells of `\ct_rtu_expand_32'.
Finding duplicate cells in `\ct_rtu_expand_32'.
Finding identical cells in module `\gated_clk_cell'.
Computing hashes of 0 cells of `\gated_clk_cell'.
Finding duplicate cells in `\gated_clk_cell'.
Removed a total of 0 cells.

5.6.6. Executing OPT_DFF pass (perform DFF optimizations).

5.6.7. Executing OPT_CLEAN pass (remove unused cells and wires).
Finding unused cells or wires in module \ct_rtu_pst_vreg_entry_gate..
Finding unused cells or wires in module \ct_rtu_expand_64..
Finding unused cells or wires in module \ct_rtu_expand_32..
Finding unused cells or wires in module \gated_clk_cell..
Removed 0 unused cells and 42 unused wires.
<suppressed ~1 debug messages>

5.6.8. Executing OPT_EXPR pass (perform const folding).
Optimizing module ct_rtu_pst_vreg_entry_gate.
Optimizing module ct_rtu_expand_64.
Optimizing module ct_rtu_expand_32.
Optimizing module gated_clk_cell.

5.6.9. Rerunning OPT passes. (Maybe there is more to do..)

5.6.10. Executing OPT_MUXTREE pass (detect dead branches in mux trees).
Running muxtree optimizer on module \ct_rtu_pst_vreg_entry_gate..
  Creating internal representation of mux trees.
  Evaluating internal representation of mux trees.
  Analyzing evaluation results.
Running muxtree optimizer on module \ct_rtu_expand_64..
  Creating internal representation of mux trees.
  No muxes found in this module.
Running muxtree optimizer on module \ct_rtu_expand_32..
  Creating internal representation of mux trees.
  No muxes found in this module.
Running muxtree optimizer on module \gated_clk_cell..
  Creating internal representation of mux trees.
  No muxes found in this module.
Removed 0 multiplexer ports.
<suppressed ~45 debug messages>

5.6.11. Executing OPT_REDUCE pass (consolidate $*mux and $reduce_* inputs).
  Optimizing cells in module \ct_rtu_pst_vreg_entry_gate.
  Optimizing cells in module \ct_rtu_expand_64.
  Optimizing cells in module \ct_rtu_expand_32.
  Optimizing cells in module \gated_clk_cell.
Performed a total of 0 changes.

5.6.12. Executing OPT_MERGE pass (detect identical cells).
Finding identical cells in module `\ct_rtu_pst_vreg_entry_gate'.
Computing hashes of 102 cells of `\ct_rtu_pst_vreg_entry_gate'.
Finding duplicate cells in `\ct_rtu_pst_vreg_entry_gate'.
Finding identical cells in module `\ct_rtu_expand_64'.
Computing hashes of 64 cells of `\ct_rtu_expand_64'.
Finding duplicate cells in `\ct_rtu_expand_64'.
Finding identical cells in module `\ct_rtu_expand_32'.
Computing hashes of 32 cells of `\ct_rtu_expand_32'.
Finding duplicate cells in `\ct_rtu_expand_32'.
Finding identical cells in module `\gated_clk_cell'.
Computing hashes of 0 cells of `\gated_clk_cell'.
Finding duplicate cells in `\gated_clk_cell'.
Removed a total of 0 cells.

5.6.13. Executing OPT_DFF pass (perform DFF optimizations).

5.6.14. Executing OPT_CLEAN pass (remove unused cells and wires).
Finding unused cells or wires in module \ct_rtu_pst_vreg_entry_gate..
Finding unused cells or wires in module \ct_rtu_expand_64..
Finding unused cells or wires in module \ct_rtu_expand_32..
Finding unused cells or wires in module \gated_clk_cell..

5.6.15. Executing OPT_EXPR pass (perform const folding).
Optimizing module ct_rtu_pst_vreg_entry_gate.
Optimizing module ct_rtu_expand_64.
Optimizing module ct_rtu_expand_32.
Optimizing module gated_clk_cell.

5.6.16. Finished fast OPT passes. (There is nothing left to do.)

5.7. Executing FSM pass (extract and optimize FSM).

5.7.1. Executing FSM_DETECT pass (finding FSMs in design).
Not marking ct_rtu_pst_vreg_entry_gate.lifecycle_cur_state as FSM state register:
    Register is connected to module port.
    Users of register don't seem to benefit from recoding.

5.7.2. Executing FSM_EXTRACT pass (extracting FSM from design).

5.7.3. Executing FSM_OPT pass (simple optimizations of FSMs).

5.7.4. Executing OPT_CLEAN pass (remove unused cells and wires).
Finding unused cells or wires in module \ct_rtu_pst_vreg_entry_gate..
Finding unused cells or wires in module \ct_rtu_expand_64..
Finding unused cells or wires in module \ct_rtu_expand_32..
Finding unused cells or wires in module \gated_clk_cell..

5.7.5. Executing FSM_OPT pass (simple optimizations of FSMs).

5.7.6. Executing FSM_RECODE pass (re-assigning FSM state encoding).

5.7.7. Executing FSM_INFO pass (dumping all available information on FSM cells).

5.7.8. Executing FSM_MAP pass (mapping FSMs to basic logic).

5.8. Executing OPT pass (performing simple optimizations).

5.8.1. Executing OPT_EXPR pass (perform const folding).
Optimizing module ct_rtu_pst_vreg_entry_gate.
Optimizing module ct_rtu_expand_64.
Optimizing module ct_rtu_expand_32.
Optimizing module gated_clk_cell.

5.8.2. Executing OPT_MERGE pass (detect identical cells).
Finding identical cells in module `\ct_rtu_pst_vreg_entry_gate'.
Computing hashes of 102 cells of `\ct_rtu_pst_vreg_entry_gate'.
Finding duplicate cells in `\ct_rtu_pst_vreg_entry_gate'.
Finding identical cells in module `\ct_rtu_expand_64'.
Computing hashes of 64 cells of `\ct_rtu_expand_64'.
Finding duplicate cells in `\ct_rtu_expand_64'.
Finding identical cells in module `\ct_rtu_expand_32'.
Computing hashes of 32 cells of `\ct_rtu_expand_32'.
Finding duplicate cells in `\ct_rtu_expand_32'.
Finding identical cells in module `\gated_clk_cell'.
Computing hashes of 0 cells of `\gated_clk_cell'.
Finding duplicate cells in `\gated_clk_cell'.
Removed a total of 0 cells.

5.8.3. Executing OPT_MUXTREE pass (detect dead branches in mux trees).
Running muxtree optimizer on module \ct_rtu_pst_vreg_entry_gate..
  Creating internal representation of mux trees.
  Evaluating internal representation of mux trees.
  Analyzing evaluation results.
Running muxtree optimizer on module \ct_rtu_expand_64..
  Creating internal representation of mux trees.
  No muxes found in this module.
Running muxtree optimizer on module \ct_rtu_expand_32..
  Creating internal representation of mux trees.
  No muxes found in this module.
Running muxtree optimizer on module \gated_clk_cell..
  Creating internal representation of mux trees.
  No muxes found in this module.
Removed 0 multiplexer ports.
<suppressed ~45 debug messages>

5.8.4. Executing OPT_REDUCE pass (consolidate $*mux and $reduce_* inputs).
  Optimizing cells in module \ct_rtu_pst_vreg_entry_gate.
  Optimizing cells in module \ct_rtu_expand_64.
  Optimizing cells in module \ct_rtu_expand_32.
  Optimizing cells in module \gated_clk_cell.
Performed a total of 0 changes.

5.8.5. Executing OPT_MERGE pass (detect identical cells).
Finding identical cells in module `\ct_rtu_pst_vreg_entry_gate'.
Computing hashes of 102 cells of `\ct_rtu_pst_vreg_entry_gate'.
Finding duplicate cells in `\ct_rtu_pst_vreg_entry_gate'.
Finding identical cells in module `\ct_rtu_expand_64'.
Computing hashes of 64 cells of `\ct_rtu_expand_64'.
Finding duplicate cells in `\ct_rtu_expand_64'.
Finding identical cells in module `\ct_rtu_expand_32'.
Computing hashes of 32 cells of `\ct_rtu_expand_32'.
Finding duplicate cells in `\ct_rtu_expand_32'.
Finding identical cells in module `\gated_clk_cell'.
Computing hashes of 0 cells of `\gated_clk_cell'.
Finding duplicate cells in `\gated_clk_cell'.
Removed a total of 0 cells.

5.8.6. Executing OPT_DFF pass (perform DFF optimizations).
Adding EN signal on $procdff$368 ($adff) from module ct_rtu_pst_vreg_entry_gate (D = $0\retire_inst1_iid_match[0:0], Q = \retire_inst1_iid_match).
Adding EN signal on $procdff$388 ($adff) from module ct_rtu_pst_vreg_entry_gate (D = $0\rel_vreg[5:0], Q = \rel_vreg).
Adding EN signal on $procdff$378 ($adff) from module ct_rtu_pst_vreg_entry_gate (D = $0\dstv_reg[4:0], Q = \dstv_reg).
Adding EN signal on $procdff$383 ($adff) from module ct_rtu_pst_vreg_entry_gate (D = $0\iid[6:0], Q = \iid).
Adding EN signal on $procdff$363 ($adff) from module ct_rtu_pst_vreg_entry_gate (D = $0\retire_inst2_iid_match[0:0], Q = \retire_inst2_iid_match).
Adding EN signal on $procdff$373 ($adff) from module ct_rtu_pst_vreg_entry_gate (D = $0\retire_inst0_iid_match[0:0], Q = \retire_inst0_iid_match).

5.8.7. Executing OPT_CLEAN pass (remove unused cells and wires).
Finding unused cells or wires in module \ct_rtu_pst_vreg_entry_gate..
Finding unused cells or wires in module \ct_rtu_expand_64..
Finding unused cells or wires in module \ct_rtu_expand_32..
Finding unused cells or wires in module \gated_clk_cell..

5.8.8. Executing OPT_EXPR pass (perform const folding).
Optimizing module ct_rtu_pst_vreg_entry_gate.
<suppressed ~6 debug messages>
Optimizing module ct_rtu_expand_64.
Optimizing module ct_rtu_expand_32.
Optimizing module gated_clk_cell.

5.8.9. Rerunning OPT passes. (Maybe there is more to do..)

5.8.10. Executing OPT_MUXTREE pass (detect dead branches in mux trees).
Running muxtree optimizer on module \ct_rtu_pst_vreg_entry_gate..
  Creating internal representation of mux trees.
  Evaluating internal representation of mux trees.
  Analyzing evaluation results.
Running muxtree optimizer on module \ct_rtu_expand_64..
  Creating internal representation of mux trees.
  No muxes found in this module.
Running muxtree optimizer on module \ct_rtu_expand_32..
  Creating internal representation of mux trees.
  No muxes found in this module.
Running muxtree optimizer on module \gated_clk_cell..
  Creating internal representation of mux trees.
  No muxes found in this module.
Removed 0 multiplexer ports.
<suppressed ~45 debug messages>

5.8.11. Executing OPT_REDUCE pass (consolidate $*mux and $reduce_* inputs).
  Optimizing cells in module \ct_rtu_pst_vreg_entry_gate.
  Optimizing cells in module \ct_rtu_expand_64.
  Optimizing cells in module \ct_rtu_expand_32.
  Optimizing cells in module \gated_clk_cell.
Performed a total of 0 changes.

5.8.12. Executing OPT_MERGE pass (detect identical cells).
Finding identical cells in module `\ct_rtu_pst_vreg_entry_gate'.
Computing hashes of 108 cells of `\ct_rtu_pst_vreg_entry_gate'.
Finding duplicate cells in `\ct_rtu_pst_vreg_entry_gate'.
Computing hashes of 106 cells of `\ct_rtu_pst_vreg_entry_gate'.
Finding duplicate cells in `\ct_rtu_pst_vreg_entry_gate'.
<suppressed ~6 debug messages>
Finding identical cells in module `\ct_rtu_expand_64'.
Computing hashes of 64 cells of `\ct_rtu_expand_64'.
Finding duplicate cells in `\ct_rtu_expand_64'.
Finding identical cells in module `\ct_rtu_expand_32'.
Computing hashes of 32 cells of `\ct_rtu_expand_32'.
Finding duplicate cells in `\ct_rtu_expand_32'.
Finding identical cells in module `\gated_clk_cell'.
Computing hashes of 0 cells of `\gated_clk_cell'.
Finding duplicate cells in `\gated_clk_cell'.
Removed a total of 2 cells.

5.8.13. Executing OPT_DFF pass (perform DFF optimizations).

5.8.14. Executing OPT_CLEAN pass (remove unused cells and wires).
Finding unused cells or wires in module \ct_rtu_pst_vreg_entry_gate..
Finding unused cells or wires in module \ct_rtu_expand_64..
Finding unused cells or wires in module \ct_rtu_expand_32..
Finding unused cells or wires in module \gated_clk_cell..
Removed 0 unused cells and 2 unused wires.
<suppressed ~1 debug messages>

5.8.15. Executing OPT_EXPR pass (perform const folding).
Optimizing module ct_rtu_pst_vreg_entry_gate.
Optimizing module ct_rtu_expand_64.
Optimizing module ct_rtu_expand_32.
Optimizing module gated_clk_cell.

5.8.16. Rerunning OPT passes. (Maybe there is more to do..)

5.8.17. Executing OPT_MUXTREE pass (detect dead branches in mux trees).
Running muxtree optimizer on module \ct_rtu_pst_vreg_entry_gate..
  Creating internal representation of mux trees.
  Evaluating internal representation of mux trees.
  Analyzing evaluation results.
Running muxtree optimizer on module \ct_rtu_expand_64..
  Creating internal representation of mux trees.
  No muxes found in this module.
Running muxtree optimizer on module \ct_rtu_expand_32..
  Creating internal representation of mux trees.
  No muxes found in this module.
Running muxtree optimizer on module \gated_clk_cell..
  Creating internal representation of mux trees.
  No muxes found in this module.
Removed 0 multiplexer ports.
<suppressed ~45 debug messages>

5.8.18. Executing OPT_REDUCE pass (consolidate $*mux and $reduce_* inputs).
  Optimizing cells in module \ct_rtu_pst_vreg_entry_gate.
  Optimizing cells in module \ct_rtu_expand_64.
  Optimizing cells in module \ct_rtu_expand_32.
  Optimizing cells in module \gated_clk_cell.
Performed a total of 0 changes.

5.8.19. Executing OPT_MERGE pass (detect identical cells).
Finding identical cells in module `\ct_rtu_pst_vreg_entry_gate'.
Computing hashes of 106 cells of `\ct_rtu_pst_vreg_entry_gate'.
Finding duplicate cells in `\ct_rtu_pst_vreg_entry_gate'.
Finding identical cells in module `\ct_rtu_expand_64'.
Computing hashes of 64 cells of `\ct_rtu_expand_64'.
Finding duplicate cells in `\ct_rtu_expand_64'.
Finding identical cells in module `\ct_rtu_expand_32'.
Computing hashes of 32 cells of `\ct_rtu_expand_32'.
Finding duplicate cells in `\ct_rtu_expand_32'.
Finding identical cells in module `\gated_clk_cell'.
Computing hashes of 0 cells of `\gated_clk_cell'.
Finding duplicate cells in `\gated_clk_cell'.
Removed a total of 0 cells.

5.8.20. Executing OPT_DFF pass (perform DFF optimizations).

5.8.21. Executing OPT_CLEAN pass (remove unused cells and wires).
Finding unused cells or wires in module \ct_rtu_pst_vreg_entry_gate..
Finding unused cells or wires in module \ct_rtu_expand_64..
Finding unused cells or wires in module \ct_rtu_expand_32..
Finding unused cells or wires in module \gated_clk_cell..

5.8.22. Executing OPT_EXPR pass (perform const folding).
Optimizing module ct_rtu_pst_vreg_entry_gate.
Optimizing module ct_rtu_expand_64.
Optimizing module ct_rtu_expand_32.
Optimizing module gated_clk_cell.

5.8.23. Finished fast OPT passes. (There is nothing left to do.)

5.9. Executing WREDUCE pass (reducing word size of cells).
Removed top 1 bits (of 4) from mux cell ct_rtu_pst_vreg_entry_gate.$ternary$ct_rtu_pst_vreg_entry_gate_candidate.v:258$119 ($mux).
Removed top 1 bits (of 4) from port B of cell ct_rtu_pst_vreg_entry_gate.$procmux$219_CMP0 ($eq).
Removed top 2 bits (of 4) from port B of cell ct_rtu_pst_vreg_entry_gate.$procmux$220_CMP0 ($eq).
Removed top 3 bits (of 4) from port B of cell ct_rtu_pst_vreg_entry_gate.$procmux$221_CMP0 ($eq).
Removed top 1 bits (of 4) from mux cell ct_rtu_pst_vreg_entry_gate.$procmux$272 ($mux).
Removed top 2 bits (of 4) from mux cell ct_rtu_pst_vreg_entry_gate.$procmux$323 ($mux).
Removed top 2 bits (of 4) from mux cell ct_rtu_pst_vreg_entry_gate.$procmux$335 ($mux).
Removed top 3 bits (of 4) from mux cell ct_rtu_pst_vreg_entry_gate.$procmux$345 ($mux).
Removed top 1 bits (of 4) from port B of cell ct_rtu_pst_vreg_entry_gate.$procmux$352_CMP0 ($eq).
Removed top 2 bits (of 4) from port B of cell ct_rtu_pst_vreg_entry_gate.$procmux$353_CMP0 ($eq).
Removed top 3 bits (of 4) from port B of cell ct_rtu_pst_vreg_entry_gate.$procmux$355_CMP0 ($eq).
Removed top 1 bits (of 4) from wire ct_rtu_pst_vreg_entry_gate.$8\lifecycle_next_state[3:0].
Removed top 2 bits (of 4) from wire ct_rtu_pst_vreg_entry_gate.$4\lifecycle_next_state[3:0].
Removed top 2 bits (of 4) from wire ct_rtu_pst_vreg_entry_gate.$3\lifecycle_next_state[3:0].
Removed top 3 bits (of 4) from wire ct_rtu_pst_vreg_entry_gate.$2\lifecycle_next_state[3:0].
Removed top 1 bits (of 4) from wire ct_rtu_pst_vreg_entry_gate.reset_lifecycle_state.
Removed top 5 bits (of 6) from port B of cell ct_rtu_expand_64.$eq$ct_rtu_expand_64.v:37$37 ($eq).
Removed top 4 bits (of 6) from port B of cell ct_rtu_expand_64.$eq$ct_rtu_expand_64.v:38$38 ($eq).
Removed top 4 bits (of 6) from port B of cell ct_rtu_expand_64.$eq$ct_rtu_expand_64.v:39$39 ($eq).
Removed top 3 bits (of 6) from port B of cell ct_rtu_expand_64.$eq$ct_rtu_expand_64.v:40$40 ($eq).
Removed top 3 bits (of 6) from port B of cell ct_rtu_expand_64.$eq$ct_rtu_expand_64.v:41$41 ($eq).
Removed top 3 bits (of 6) from port B of cell ct_rtu_expand_64.$eq$ct_rtu_expand_64.v:42$42 ($eq).
Removed top 3 bits (of 6) from port B of cell ct_rtu_expand_64.$eq$ct_rtu_expand_64.v:43$43 ($eq).
Removed top 2 bits (of 6) from port B of cell ct_rtu_expand_64.$eq$ct_rtu_expand_64.v:44$44 ($eq).
Removed top 2 bits (of 6) from port B of cell ct_rtu_expand_64.$eq$ct_rtu_expand_64.v:45$45 ($eq).
Removed top 2 bits (of 6) from port B of cell ct_rtu_expand_64.$eq$ct_rtu_expand_64.v:46$46 ($eq).
Removed top 2 bits (of 6) from port B of cell ct_rtu_expand_64.$eq$ct_rtu_expand_64.v:47$47 ($eq).
Removed top 2 bits (of 6) from port B of cell ct_rtu_expand_64.$eq$ct_rtu_expand_64.v:48$48 ($eq).
Removed top 2 bits (of 6) from port B of cell ct_rtu_expand_64.$eq$ct_rtu_expand_64.v:49$49 ($eq).
Removed top 2 bits (of 6) from port B of cell ct_rtu_expand_64.$eq$ct_rtu_expand_64.v:50$50 ($eq).
Removed top 2 bits (of 6) from port B of cell ct_rtu_expand_64.$eq$ct_rtu_expand_64.v:51$51 ($eq).
Removed top 1 bits (of 6) from port B of cell ct_rtu_expand_64.$eq$ct_rtu_expand_64.v:52$52 ($eq).
Removed top 1 bits (of 6) from port B of cell ct_rtu_expand_64.$eq$ct_rtu_expand_64.v:53$53 ($eq).
Removed top 1 bits (of 6) from port B of cell ct_rtu_expand_64.$eq$ct_rtu_expand_64.v:54$54 ($eq).
Removed top 1 bits (of 6) from port B of cell ct_rtu_expand_64.$eq$ct_rtu_expand_64.v:55$55 ($eq).
Removed top 1 bits (of 6) from port B of cell ct_rtu_expand_64.$eq$ct_rtu_expand_64.v:56$56 ($eq).
Removed top 1 bits (of 6) from port B of cell ct_rtu_expand_64.$eq$ct_rtu_expand_64.v:57$57 ($eq).
Removed top 1 bits (of 6) from port B of cell ct_rtu_expand_64.$eq$ct_rtu_expand_64.v:58$58 ($eq).
Removed top 1 bits (of 6) from port B of cell ct_rtu_expand_64.$eq$ct_rtu_expand_64.v:59$59 ($eq).
Removed top 1 bits (of 6) from port B of cell ct_rtu_expand_64.$eq$ct_rtu_expand_64.v:60$60 ($eq).
Removed top 1 bits (of 6) from port B of cell ct_rtu_expand_64.$eq$ct_rtu_expand_64.v:61$61 ($eq).
Removed top 1 bits (of 6) from port B of cell ct_rtu_expand_64.$eq$ct_rtu_expand_64.v:62$62 ($eq).
Removed top 1 bits (of 6) from port B of cell ct_rtu_expand_64.$eq$ct_rtu_expand_64.v:63$63 ($eq).
Removed top 1 bits (of 6) from port B of cell ct_rtu_expand_64.$eq$ct_rtu_expand_64.v:64$64 ($eq).
Removed top 1 bits (of 6) from port B of cell ct_rtu_expand_64.$eq$ct_rtu_expand_64.v:65$65 ($eq).
Removed top 1 bits (of 6) from port B of cell ct_rtu_expand_64.$eq$ct_rtu_expand_64.v:66$66 ($eq).
Removed top 1 bits (of 6) from port B of cell ct_rtu_expand_64.$eq$ct_rtu_expand_64.v:67$67 ($eq).
Removed top 4 bits (of 5) from port B of cell ct_rtu_expand_32.$eq$ct_rtu_expand_32.v:37$5 ($eq).
Removed top 3 bits (of 5) from port B of cell ct_rtu_expand_32.$eq$ct_rtu_expand_32.v:38$6 ($eq).
Removed top 3 bits (of 5) from port B of cell ct_rtu_expand_32.$eq$ct_rtu_expand_32.v:39$7 ($eq).
Removed top 2 bits (of 5) from port B of cell ct_rtu_expand_32.$eq$ct_rtu_expand_32.v:40$8 ($eq).
Removed top 2 bits (of 5) from port B of cell ct_rtu_expand_32.$eq$ct_rtu_expand_32.v:41$9 ($eq).
Removed top 2 bits (of 5) from port B of cell ct_rtu_expand_32.$eq$ct_rtu_expand_32.v:42$10 ($eq).
Removed top 2 bits (of 5) from port B of cell ct_rtu_expand_32.$eq$ct_rtu_expand_32.v:43$11 ($eq).
Removed top 1 bits (of 5) from port B of cell ct_rtu_expand_32.$eq$ct_rtu_expand_32.v:44$12 ($eq).
Removed top 1 bits (of 5) from port B of cell ct_rtu_expand_32.$eq$ct_rtu_expand_32.v:45$13 ($eq).
Removed top 1 bits (of 5) from port B of cell ct_rtu_expand_32.$eq$ct_rtu_expand_32.v:46$14 ($eq).
Removed top 1 bits (of 5) from port B of cell ct_rtu_expand_32.$eq$ct_rtu_expand_32.v:47$15 ($eq).
Removed top 1 bits (of 5) from port B of cell ct_rtu_expand_32.$eq$ct_rtu_expand_32.v:48$16 ($eq).
Removed top 1 bits (of 5) from port B of cell ct_rtu_expand_32.$eq$ct_rtu_expand_32.v:49$17 ($eq).
Removed top 1 bits (of 5) from port B of cell ct_rtu_expand_32.$eq$ct_rtu_expand_32.v:50$18 ($eq).
Removed top 1 bits (of 5) from port B of cell ct_rtu_expand_32.$eq$ct_rtu_expand_32.v:51$19 ($eq).

5.10. Executing PEEPOPT pass (run peephole optimizers).

5.11. Executing OPT_CLEAN pass (remove unused cells and wires).
Finding unused cells or wires in module \ct_rtu_pst_vreg_entry_gate..
Finding unused cells or wires in module \ct_rtu_expand_64..
Finding unused cells or wires in module \ct_rtu_expand_32..
Finding unused cells or wires in module \gated_clk_cell..
Removed 0 unused cells and 5 unused wires.
<suppressed ~1 debug messages>

5.12. Executing ALUMACC pass (create $alu and $macc cells).
Extracting $alu and $macc cells in module ct_rtu_pst_vreg_entry_gate:
  created 0 $alu and 0 $macc cells.
Extracting $alu and $macc cells in module ct_rtu_expand_64:
  created 0 $alu and 0 $macc cells.
Extracting $alu and $macc cells in module ct_rtu_expand_32:
  created 0 $alu and 0 $macc cells.
Extracting $alu and $macc cells in module gated_clk_cell:
  created 0 $alu and 0 $macc cells.

5.13. Executing SHARE pass (SAT-based resource sharing).

5.14. Executing OPT pass (performing simple optimizations).

5.14.1. Executing OPT_EXPR pass (perform const folding).
Optimizing module ct_rtu_pst_vreg_entry_gate.
Optimizing module ct_rtu_expand_64.
Optimizing module ct_rtu_expand_32.
Optimizing module gated_clk_cell.

5.14.2. Executing OPT_MERGE pass (detect identical cells).
Finding identical cells in module `\ct_rtu_pst_vreg_entry_gate'.
Computing hashes of 106 cells of `\ct_rtu_pst_vreg_entry_gate'.
Finding duplicate cells in `\ct_rtu_pst_vreg_entry_gate'.
Finding identical cells in module `\ct_rtu_expand_64'.
Computing hashes of 64 cells of `\ct_rtu_expand_64'.
Finding duplicate cells in `\ct_rtu_expand_64'.
Finding identical cells in module `\ct_rtu_expand_32'.
Computing hashes of 32 cells of `\ct_rtu_expand_32'.
Finding duplicate cells in `\ct_rtu_expand_32'.
Finding identical cells in module `\gated_clk_cell'.
Computing hashes of 0 cells of `\gated_clk_cell'.
Finding duplicate cells in `\gated_clk_cell'.
Removed a total of 0 cells.

5.14.3. Executing OPT_MUXTREE pass (detect dead branches in mux trees).
Running muxtree optimizer on module \ct_rtu_pst_vreg_entry_gate..
  Creating internal representation of mux trees.
  Evaluating internal representation of mux trees.
  Analyzing evaluation results.
Running muxtree optimizer on module \ct_rtu_expand_64..
  Creating internal representation of mux trees.
  No muxes found in this module.
Running muxtree optimizer on module \ct_rtu_expand_32..
  Creating internal representation of mux trees.
  No muxes found in this module.
Running muxtree optimizer on module \gated_clk_cell..
  Creating internal representation of mux trees.
  No muxes found in this module.
Removed 0 multiplexer ports.
<suppressed ~45 debug messages>

5.14.4. Executing OPT_REDUCE pass (consolidate $*mux and $reduce_* inputs).
  Optimizing cells in module \ct_rtu_pst_vreg_entry_gate.
  Optimizing cells in module \ct_rtu_expand_64.
  Optimizing cells in module \ct_rtu_expand_32.
  Optimizing cells in module \gated_clk_cell.
Performed a total of 0 changes.

5.14.5. Executing OPT_MERGE pass (detect identical cells).
Finding identical cells in module `\ct_rtu_pst_vreg_entry_gate'.
Computing hashes of 106 cells of `\ct_rtu_pst_vreg_entry_gate'.
Finding duplicate cells in `\ct_rtu_pst_vreg_entry_gate'.
Finding identical cells in module `\ct_rtu_expand_64'.
Computing hashes of 64 cells of `\ct_rtu_expand_64'.
Finding duplicate cells in `\ct_rtu_expand_64'.
Finding identical cells in module `\ct_rtu_expand_32'.
Computing hashes of 32 cells of `\ct_rtu_expand_32'.
Finding duplicate cells in `\ct_rtu_expand_32'.
Finding identical cells in module `\gated_clk_cell'.
Computing hashes of 0 cells of `\gated_clk_cell'.
Finding duplicate cells in `\gated_clk_cell'.
Removed a total of 0 cells.

5.14.6. Executing OPT_DFF pass (perform DFF optimizations).

5.14.7. Executing OPT_CLEAN pass (remove unused cells and wires).
Finding unused cells or wires in module \ct_rtu_pst_vreg_entry_gate..
Finding unused cells or wires in module \ct_rtu_expand_64..
Finding unused cells or wires in module \ct_rtu_expand_32..
Finding unused cells or wires in module \gated_clk_cell..

5.14.8. Executing OPT_EXPR pass (perform const folding).
Optimizing module ct_rtu_pst_vreg_entry_gate.
Optimizing module ct_rtu_expand_64.
Optimizing module ct_rtu_expand_32.
Optimizing module gated_clk_cell.

5.14.9. Finished fast OPT passes. (There is nothing left to do.)

5.15. Executing MEMORY pass.

5.15.1. Executing OPT_MEM pass (optimize memories).
Performed a total of 0 transformations.

5.15.2. Executing OPT_MEM_PRIORITY pass (removing unnecessary memory write priority relations).
Performed a total of 0 transformations.

5.15.3. Executing OPT_MEM_FEEDBACK pass (finding memory read-to-write feedback paths).

5.15.4. Executing MEMORY_BMUX2ROM pass (converting muxes to ROMs).

5.15.5. Executing MEMORY_DFF pass (merging $dff cells to $memrd).

5.15.6. Executing OPT_CLEAN pass (remove unused cells and wires).
Finding unused cells or wires in module \ct_rtu_pst_vreg_entry_gate..
Finding unused cells or wires in module \ct_rtu_expand_64..
Finding unused cells or wires in module \ct_rtu_expand_32..
Finding unused cells or wires in module \gated_clk_cell..

5.15.7. Executing MEMORY_SHARE pass (consolidating $memrd/$memwr cells).

5.15.8. Executing OPT_MEM_WIDEN pass (optimize memories where all ports are wide).
Performed a total of 0 transformations.

5.15.9. Executing OPT_CLEAN pass (remove unused cells and wires).
Finding unused cells or wires in module \ct_rtu_pst_vreg_entry_gate..
Finding unused cells or wires in module \ct_rtu_expand_64..
Finding unused cells or wires in module \ct_rtu_expand_32..
Finding unused cells or wires in module \gated_clk_cell..

5.15.10. Executing MEMORY_COLLECT pass (generating $mem cells).

5.16. Executing OPT_CLEAN pass (remove unused cells and wires).
Finding unused cells or wires in module \ct_rtu_pst_vreg_entry_gate..
Finding unused cells or wires in module \ct_rtu_expand_64..
Finding unused cells or wires in module \ct_rtu_expand_32..
Finding unused cells or wires in module \gated_clk_cell..

5.17. Executing OPT pass (performing simple optimizations).

5.17.1. Executing OPT_EXPR pass (perform const folding).
Optimizing module ct_rtu_pst_vreg_entry_gate.
<suppressed ~15 debug messages>
Optimizing module ct_rtu_expand_64.
Optimizing module ct_rtu_expand_32.
Optimizing module gated_clk_cell.

5.17.2. Executing OPT_MERGE pass (detect identical cells).
Finding identical cells in module `\ct_rtu_pst_vreg_entry_gate'.
Computing hashes of 98 cells of `\ct_rtu_pst_vreg_entry_gate'.
Finding duplicate cells in `\ct_rtu_pst_vreg_entry_gate'.
Finding identical cells in module `\ct_rtu_expand_64'.
Computing hashes of 64 cells of `\ct_rtu_expand_64'.
Finding duplicate cells in `\ct_rtu_expand_64'.
Finding identical cells in module `\ct_rtu_expand_32'.
Computing hashes of 32 cells of `\ct_rtu_expand_32'.
Finding duplicate cells in `\ct_rtu_expand_32'.
Finding identical cells in module `\gated_clk_cell'.
Computing hashes of 0 cells of `\gated_clk_cell'.
Finding duplicate cells in `\gated_clk_cell'.
Removed a total of 0 cells.

5.17.3. Executing OPT_DFF pass (perform DFF optimizations).

5.17.4. Executing OPT_CLEAN pass (remove unused cells and wires).
Finding unused cells or wires in module \ct_rtu_pst_vreg_entry_gate..
Finding unused cells or wires in module \ct_rtu_expand_64..
Finding unused cells or wires in module \ct_rtu_expand_32..
Finding unused cells or wires in module \gated_clk_cell..
Removed 2 unused cells and 9 unused wires.
<suppressed ~3 debug messages>

5.17.5. Finished fast OPT passes.

5.18. Executing MEMORY_MAP pass (converting memories to logic and flip-flops).

5.19. Executing OPT pass (performing simple optimizations).

5.19.1. Executing OPT_EXPR pass (perform const folding).
Optimizing module ct_rtu_pst_vreg_entry_gate.
Optimizing module ct_rtu_expand_64.
Optimizing module ct_rtu_expand_32.
Optimizing module gated_clk_cell.

5.19.2. Executing OPT_MERGE pass (detect identical cells).
Finding identical cells in module `\ct_rtu_pst_vreg_entry_gate'.
Computing hashes of 96 cells of `\ct_rtu_pst_vreg_entry_gate'.
Finding duplicate cells in `\ct_rtu_pst_vreg_entry_gate'.
Finding identical cells in module `\ct_rtu_expand_64'.
Computing hashes of 64 cells of `\ct_rtu_expand_64'.
Finding duplicate cells in `\ct_rtu_expand_64'.
Finding identical cells in module `\ct_rtu_expand_32'.
Computing hashes of 32 cells of `\ct_rtu_expand_32'.
Finding duplicate cells in `\ct_rtu_expand_32'.
Finding identical cells in module `\gated_clk_cell'.
Computing hashes of 0 cells of `\gated_clk_cell'.
Finding duplicate cells in `\gated_clk_cell'.
Removed a total of 0 cells.

5.19.3. Executing OPT_MUXTREE pass (detect dead branches in mux trees).
Running muxtree optimizer on module \ct_rtu_pst_vreg_entry_gate..
  Creating internal representation of mux trees.
  Evaluating internal representation of mux trees.
  Analyzing evaluation results.
Running muxtree optimizer on module \ct_rtu_expand_64..
  Creating internal representation of mux trees.
  No muxes found in this module.
Running muxtree optimizer on module \ct_rtu_expand_32..
  Creating internal representation of mux trees.
  No muxes found in this module.
Running muxtree optimizer on module \gated_clk_cell..
  Creating internal representation of mux trees.
  No muxes found in this module.
Removed 0 multiplexer ports.
<suppressed ~34 debug messages>

5.19.4. Executing OPT_REDUCE pass (consolidate $*mux and $reduce_* inputs).
  Optimizing cells in module \ct_rtu_pst_vreg_entry_gate.
    Consolidated identical input bits for $mux cell $procmux$323:
      Old ports: A=2'00, B=2'10, Y=$4\lifecycle_next_state[3:0]
      New ports: A=1'0, B=1'1, Y=$4\lifecycle_next_state[3:0] [1]
      New connections: $4\lifecycle_next_state[3:0] [0] = 1'0
    Consolidated identical input bits for $mux cell $procmux$247:
      Old ports: A=4'1000, B=4'0001, Y=$11\lifecycle_next_state[3:0]
      New ports: A=2'10, B=2'01, Y={ $11\lifecycle_next_state[3:0] [3] $11\lifecycle_next_state[3:0] [0] }
      New connections: $11\lifecycle_next_state[3:0] [2:1] = 2'00
    Consolidated identical input bits for $mux cell $procmux$254:
      Old ports: A=4'0100, B=4'1000, Y=$10\lifecycle_next_state[3:0]
      New ports: A=2'01, B=2'10, Y=$10\lifecycle_next_state[3:0] [3:2]
      New connections: $10\lifecycle_next_state[3:0] [1:0] = 2'00
    Consolidated identical input bits for $mux cell $ternary$ct_rtu_pst_vreg_entry_gate_candidate.v:258$119:
      Old ports: A=3'001, B=3'100, Y=\reset_lifecycle_state
      New ports: A=2'01, B=2'10, Y={ \reset_lifecycle_state [2] \reset_lifecycle_state [0] }
      New connections: \reset_lifecycle_state [1] = 1'0
    Consolidated identical input bits for $mux cell $procmux$272:
      Old ports: A=3'010, B=3'100, Y=$8\lifecycle_next_state[3:0]
      New ports: A=2'01, B=2'10, Y=$8\lifecycle_next_state[3:0] [2:1]
      New connections: $8\lifecycle_next_state[3:0] [0] = 1'0
  Optimizing cells in module \ct_rtu_pst_vreg_entry_gate.
    Consolidated identical input bits for $mux cell $procmux$264:
      Old ports: A=$10\lifecycle_next_state[3:0], B=4'0001, Y=$9\lifecycle_next_state[3:0]
      New ports: A={ $10\lifecycle_next_state[3:0] [3:2] 1'0 }, B=3'001, Y={ $9\lifecycle_next_state[3:0] [3:2] $9\lifecycle_next_state[3:0] [0] }
      New connections: $9\lifecycle_next_state[3:0] [1] = 1'0
    Consolidated identical input bits for $mux cell $procmux$289:
      Old ports: A={ 1'0 $8\lifecycle_next_state[3:0] }, B=4'1000, Y=$7\lifecycle_next_state[3:0]
      New ports: A={ 1'0 $8\lifecycle_next_state[3:0] [2:1] }, B=3'100, Y=$7\lifecycle_next_state[3:0] [3:1]
      New connections: $7\lifecycle_next_state[3:0] [0] = 1'0
  Optimizing cells in module \ct_rtu_pst_vreg_entry_gate.
  Optimizing cells in module \ct_rtu_expand_64.
  Optimizing cells in module \ct_rtu_expand_32.
  Optimizing cells in module \gated_clk_cell.
Performed a total of 7 changes.

5.19.5. Executing OPT_MERGE pass (detect identical cells).
Finding identical cells in module `\ct_rtu_pst_vreg_entry_gate'.
Computing hashes of 96 cells of `\ct_rtu_pst_vreg_entry_gate'.
Finding duplicate cells in `\ct_rtu_pst_vreg_entry_gate'.
Finding identical cells in module `\ct_rtu_expand_64'.
Computing hashes of 64 cells of `\ct_rtu_expand_64'.
Finding duplicate cells in `\ct_rtu_expand_64'.
Finding identical cells in module `\ct_rtu_expand_32'.
Computing hashes of 32 cells of `\ct_rtu_expand_32'.
Finding duplicate cells in `\ct_rtu_expand_32'.
Finding identical cells in module `\gated_clk_cell'.
Computing hashes of 0 cells of `\gated_clk_cell'.
Finding duplicate cells in `\gated_clk_cell'.
Removed a total of 0 cells.

5.19.6. Executing OPT_SHARE pass.

5.19.7. Executing OPT_DFF pass (perform DFF optimizations).

5.19.8. Executing OPT_CLEAN pass (remove unused cells and wires).
Finding unused cells or wires in module \ct_rtu_pst_vreg_entry_gate..
Finding unused cells or wires in module \ct_rtu_expand_64..
Finding unused cells or wires in module \ct_rtu_expand_32..
Finding unused cells or wires in module \gated_clk_cell..

5.19.9. Executing OPT_EXPR pass (perform const folding).
Optimizing module ct_rtu_pst_vreg_entry_gate.
<suppressed ~1 debug messages>
Optimizing module ct_rtu_expand_64.
Optimizing module ct_rtu_expand_32.
Optimizing module gated_clk_cell.

5.19.10. Rerunning OPT passes. (Maybe there is more to do..)

5.19.11. Executing OPT_MUXTREE pass (detect dead branches in mux trees).
Running muxtree optimizer on module \ct_rtu_pst_vreg_entry_gate..
  Creating internal representation of mux trees.
  Evaluating internal representation of mux trees.
  Analyzing evaluation results.
Running muxtree optimizer on module \ct_rtu_expand_64..
  Creating internal representation of mux trees.
  No muxes found in this module.
Running muxtree optimizer on module \ct_rtu_expand_32..
  Creating internal representation of mux trees.
  No muxes found in this module.
Running muxtree optimizer on module \gated_clk_cell..
  Creating internal representation of mux trees.
  No muxes found in this module.
Removed 0 multiplexer ports.
<suppressed ~33 debug messages>

5.19.12. Executing OPT_REDUCE pass (consolidate $*mux and $reduce_* inputs).
  Optimizing cells in module \ct_rtu_pst_vreg_entry_gate.
  Optimizing cells in module \ct_rtu_expand_64.
  Optimizing cells in module \ct_rtu_expand_32.
  Optimizing cells in module \gated_clk_cell.
Performed a total of 0 changes.

5.19.13. Executing OPT_MERGE pass (detect identical cells).
Finding identical cells in module `\ct_rtu_pst_vreg_entry_gate'.
Computing hashes of 95 cells of `\ct_rtu_pst_vreg_entry_gate'.
Finding duplicate cells in `\ct_rtu_pst_vreg_entry_gate'.
Finding identical cells in module `\ct_rtu_expand_64'.
Computing hashes of 64 cells of `\ct_rtu_expand_64'.
Finding duplicate cells in `\ct_rtu_expand_64'.
Finding identical cells in module `\ct_rtu_expand_32'.
Computing hashes of 32 cells of `\ct_rtu_expand_32'.
Finding duplicate cells in `\ct_rtu_expand_32'.
Finding identical cells in module `\gated_clk_cell'.
Computing hashes of 0 cells of `\gated_clk_cell'.
Finding duplicate cells in `\gated_clk_cell'.
Removed a total of 0 cells.

5.19.14. Executing OPT_SHARE pass.

5.19.15. Executing OPT_DFF pass (perform DFF optimizations).

5.19.16. Executing OPT_CLEAN pass (remove unused cells and wires).
Finding unused cells or wires in module \ct_rtu_pst_vreg_entry_gate..
Finding unused cells or wires in module \ct_rtu_expand_64..
Finding unused cells or wires in module \ct_rtu_expand_32..
Finding unused cells or wires in module \gated_clk_cell..
Removed 0 unused cells and 1 unused wires.
<suppressed ~1 debug messages>

5.19.17. Executing OPT_EXPR pass (perform const folding).
Optimizing module ct_rtu_pst_vreg_entry_gate.
Optimizing module ct_rtu_expand_64.
Optimizing module ct_rtu_expand_32.
Optimizing module gated_clk_cell.

5.19.18. Rerunning OPT passes. (Maybe there is more to do..)

5.19.19. Executing OPT_MUXTREE pass (detect dead branches in mux trees).
Running muxtree optimizer on module \ct_rtu_pst_vreg_entry_gate..
  Creating internal representation of mux trees.
  Evaluating internal representation of mux trees.
  Analyzing evaluation results.
Running muxtree optimizer on module \ct_rtu_expand_64..
  Creating internal representation of mux trees.
  No muxes found in this module.
Running muxtree optimizer on module \ct_rtu_expand_32..
  Creating internal representation of mux trees.
  No muxes found in this module.
Running muxtree optimizer on module \gated_clk_cell..
  Creating internal representation of mux trees.
  No muxes found in this module.
Removed 0 multiplexer ports.
<suppressed ~33 debug messages>

5.19.20. Executing OPT_REDUCE pass (consolidate $*mux and $reduce_* inputs).
  Optimizing cells in module \ct_rtu_pst_vreg_entry_gate.
  Optimizing cells in module \ct_rtu_expand_64.
  Optimizing cells in module \ct_rtu_expand_32.
  Optimizing cells in module \gated_clk_cell.
Performed a total of 0 changes.

5.19.21. Executing OPT_MERGE pass (detect identical cells).
Finding identical cells in module `\ct_rtu_pst_vreg_entry_gate'.
Computing hashes of 95 cells of `\ct_rtu_pst_vreg_entry_gate'.
Finding duplicate cells in `\ct_rtu_pst_vreg_entry_gate'.
Finding identical cells in module `\ct_rtu_expand_64'.
Computing hashes of 64 cells of `\ct_rtu_expand_64'.
Finding duplicate cells in `\ct_rtu_expand_64'.
Finding identical cells in module `\ct_rtu_expand_32'.
Computing hashes of 32 cells of `\ct_rtu_expand_32'.
Finding duplicate cells in `\ct_rtu_expand_32'.
Finding identical cells in module `\gated_clk_cell'.
Computing hashes of 0 cells of `\gated_clk_cell'.
Finding duplicate cells in `\gated_clk_cell'.
Removed a total of 0 cells.

5.19.22. Executing OPT_SHARE pass.

5.19.23. Executing OPT_DFF pass (perform DFF optimizations).

5.19.24. Executing OPT_CLEAN pass (remove unused cells and wires).
Finding unused cells or wires in module \ct_rtu_pst_vreg_entry_gate..
Finding unused cells or wires in module \ct_rtu_expand_64..
Finding unused cells or wires in module \ct_rtu_expand_32..
Finding unused cells or wires in module \gated_clk_cell..

5.19.25. Executing OPT_EXPR pass (perform const folding).
Optimizing module ct_rtu_pst_vreg_entry_gate.
Optimizing module ct_rtu_expand_64.
Optimizing module ct_rtu_expand_32.
Optimizing module gated_clk_cell.

5.19.26. Finished fast OPT passes. (There is nothing left to do.)

5.20. Executing TECHMAP pass (map to technology primitives).

5.20.1. Executing Verilog-2005 frontend: oss-cad-suite-20260630/share/yosys/techmap.v
Parsing Verilog input from `oss-cad-suite-20260630/share/yosys/techmap.v' to AST representation.
Generating RTLIL representation for module `\_90_simplemap_bool_ops'.
Generating RTLIL representation for module `\_90_simplemap_reduce_ops'.
Generating RTLIL representation for module `\_90_simplemap_logic_ops'.
Generating RTLIL representation for module `\_90_simplemap_compare_ops'.
Generating RTLIL representation for module `\_90_simplemap_various'.
Generating RTLIL representation for module `\_90_simplemap_registers'.
Generating RTLIL representation for module `\_90_shift_ops_shr_shl_sshl_sshr'.
Generating RTLIL representation for module `\_90_shift_shiftx'.
Generating RTLIL representation for module `\_90_fa'.
Generating RTLIL representation for module `\_90_lcu_brent_kung'.
Generating RTLIL representation for module `\_90_alu'.
Generating RTLIL representation for module `\_90_macc'.
Generating RTLIL representation for module `\_90_alumacc'.
Generating RTLIL representation for module `$__div_mod_u'.
Generating RTLIL representation for module `$__div_mod_trunc'.
Generating RTLIL representation for module `\_90_div'.
Generating RTLIL representation for module `\_90_mod'.
Generating RTLIL representation for module `$__div_mod_floor'.
Generating RTLIL representation for module `\_90_divfloor'.
Generating RTLIL representation for module `\_90_modfloor'.
Generating RTLIL representation for module `\_90_pow'.
Generating RTLIL representation for module `\_90_demux'.
Generating RTLIL representation for module `\_90_lut'.
Generating RTLIL representation for module `$connect'.
Generating RTLIL representation for module `$input_port'.
Successfully finished Verilog frontend.

5.20.2. Continuing TECHMAP pass.
Using extmapper simplemap for cells of type $logic_not.
Using extmapper simplemap for cells of type $eq.
Using extmapper simplemap for cells of type $reduce_bool.
Using extmapper simplemap for cells of type $adffe.
Using extmapper simplemap for cells of type $logic_or.
Using extmapper simplemap for cells of type $logic_and.
Using extmapper simplemap for cells of type $mux.
Using extmapper simplemap for cells of type $reduce_or.
Using extmapper simplemap for cells of type $and.
Using extmapper simplemap for cells of type $pmux.
Using extmapper simplemap for cells of type $not.
Using extmapper simplemap for cells of type $or.
Using extmapper simplemap for cells of type $adff.
No more expansions possible.
<suppressed ~264 debug messages>

5.21. Executing OPT pass (performing simple optimizations).

5.21.1. Executing OPT_EXPR pass (perform const folding).
Optimizing module ct_rtu_pst_vreg_entry_gate.
<suppressed ~52 debug messages>
Optimizing module ct_rtu_expand_64.
<suppressed ~378 debug messages>
Optimizing module ct_rtu_expand_32.
<suppressed ~155 debug messages>
Optimizing module gated_clk_cell.

5.21.2. Executing OPT_MERGE pass (detect identical cells).
Finding identical cells in module `\ct_rtu_pst_vreg_entry_gate'.
Computing hashes of 442 cells of `\ct_rtu_pst_vreg_entry_gate'.
Finding duplicate cells in `\ct_rtu_pst_vreg_entry_gate'.
Computing hashes of 430 cells of `\ct_rtu_pst_vreg_entry_gate'.
Finding duplicate cells in `\ct_rtu_pst_vreg_entry_gate'.
Computing hashes of 428 cells of `\ct_rtu_pst_vreg_entry_gate'.
Finding duplicate cells in `\ct_rtu_pst_vreg_entry_gate'.
<suppressed ~42 debug messages>
Finding identical cells in module `\ct_rtu_expand_64'.
Computing hashes of 576 cells of `\ct_rtu_expand_64'.
Finding duplicate cells in `\ct_rtu_expand_64'.
Computing hashes of 345 cells of `\ct_rtu_expand_64'.
Finding duplicate cells in `\ct_rtu_expand_64'.
Computing hashes of 207 cells of `\ct_rtu_expand_64'.
Finding duplicate cells in `\ct_rtu_expand_64'.
Computing hashes of 162 cells of `\ct_rtu_expand_64'.
Finding duplicate cells in `\ct_rtu_expand_64'.
<suppressed ~1242 debug messages>
Finding identical cells in module `\ct_rtu_expand_32'.
Computing hashes of 240 cells of `\ct_rtu_expand_32'.
Finding duplicate cells in `\ct_rtu_expand_32'.
Computing hashes of 151 cells of `\ct_rtu_expand_32'.
Finding duplicate cells in `\ct_rtu_expand_32'.
Computing hashes of 108 cells of `\ct_rtu_expand_32'.
Finding duplicate cells in `\ct_rtu_expand_32'.
Computing hashes of 93 cells of `\ct_rtu_expand_32'.
Finding duplicate cells in `\ct_rtu_expand_32'.
<suppressed ~441 debug messages>
Finding identical cells in module `\gated_clk_cell'.
Computing hashes of 0 cells of `\gated_clk_cell'.
Finding duplicate cells in `\gated_clk_cell'.
Removed a total of 575 cells.

5.21.3. Executing OPT_DFF pass (perform DFF optimizations).

5.21.4. Executing OPT_CLEAN pass (remove unused cells and wires).
Finding unused cells or wires in module \ct_rtu_pst_vreg_entry_gate..
Finding unused cells or wires in module \ct_rtu_expand_64..
Finding unused cells or wires in module \ct_rtu_expand_32..
Finding unused cells or wires in module \gated_clk_cell..
Removed 0 unused cells and 639 unused wires.
<suppressed ~3 debug messages>

5.21.5. Finished fast OPT passes.

5.22. Executing ABC pass (technology mapping using ABC).

5.22.1. Extracting gate netlist of module `\ct_rtu_pst_vreg_entry_gate' to `<abc-temp-dir>/input.blif'..

5.22.1.1. Executed ABC.
Extracted 398 gates and 628 wires to a netlist network with 228 inputs and 129 outputs.
Running ABC script: <abc-temp-dir>/abc.script
ABC: UC Berkeley, ABC 1.01 (compiled Jun 30 2026 04:50:19)
ABC: abc 01> empty
ABC: abc 01> source <abc-temp-dir>/abc.script
ABC: + read_blif <abc-temp-dir>/input.blif 
ABC: + read_library <abc-temp-dir>/stdcells.genlib 
ABC: + strash 
ABC: + &get -n 
ABC: + &fraig -x 
ABC: + &put 
ABC: + scorr 
ABC: Warning: The network is combinational (run "fraig" or "fraig_sweep").
ABC: + dc2 
ABC: + dretime 
ABC: + strash 
ABC: + &get -n 
ABC: + &dch -f 
ABC: + &nf 
ABC: + &put 
ABC: + write_blif <abc-temp-dir>/output.blif 
ABC: 
ABC: YOSYS_ABC_DONE 

5.22.1.2. Re-integrating ABC results.
ABC RESULTS:               AND cells:      202
ABC RESULTS:            ANDNOT cells:       13
ABC RESULTS:               MUX cells:        1
ABC RESULTS:              NAND cells:      101
ABC RESULTS:               NOR cells:       32
ABC RESULTS:               NOT cells:        1
ABC RESULTS:                OR cells:       11
ABC RESULTS:             ORNOT cells:       20
ABC RESULTS:              XNOR cells:       15
ABC RESULTS:        internal signals:      271
ABC RESULTS:           input signals:      228
ABC RESULTS:          output signals:      129
Removing temp directory.

5.22.2. Extracting gate netlist of module `\ct_rtu_expand_64' to `<abc-temp-dir>/input.blif'..

5.22.2.1. Executed ABC.
Extracted 162 gates and 168 wires to a netlist network with 6 inputs and 64 outputs.
Running ABC script: <abc-temp-dir>/abc.script
ABC: UC Berkeley, ABC 1.01 (compiled Jun 30 2026 04:50:19)
ABC: abc 01> empty
ABC: abc 01> source <abc-temp-dir>/abc.script
ABC: + read_blif <abc-temp-dir>/input.blif 
ABC: + read_library <abc-temp-dir>/stdcells.genlib 
ABC: + strash 
ABC: + &get -n 
ABC: + &fraig -x 
ABC: + &put 
ABC: + scorr 
ABC: Warning: The network is combinational (run "fraig" or "fraig_sweep").
ABC: + dc2 
ABC: + dretime 
ABC: + strash 
ABC: + &get -n 
ABC: + &dch -f 
ABC: + &nf 
ABC: + &put 
ABC: + write_blif <abc-temp-dir>/output.blif 
ABC: 
ABC: YOSYS_ABC_DONE 

5.22.2.2. Re-integrating ABC results.
ABC RESULTS:               AND cells:       83
ABC RESULTS:            ANDNOT cells:        6
ABC RESULTS:               NOR cells:        3
ABC RESULTS:        internal signals:       98
ABC RESULTS:           input signals:        6
ABC RESULTS:          output signals:       64
Removing temp directory.

5.22.3. Extracting gate netlist of module `\ct_rtu_expand_32' to `<abc-temp-dir>/input.blif'..

5.22.3.1. Executed ABC.
Extracted 93 gates and 98 wires to a netlist network with 5 inputs and 32 outputs.
Running ABC script: <abc-temp-dir>/abc.script
ABC: UC Berkeley, ABC 1.01 (compiled Jun 30 2026 04:50:19)
ABC: abc 01> empty
ABC: abc 01> source <abc-temp-dir>/abc.script
ABC: + read_blif <abc-temp-dir>/input.blif 
ABC: + read_library <abc-temp-dir>/stdcells.genlib 
ABC: + strash 
ABC: + &get -n 
ABC: + &fraig -x 
ABC: + &put 
ABC: + scorr 
ABC: Warning: The network is combinational (run "fraig" or "fraig_sweep").
ABC: + dc2 
ABC: + dretime 
ABC: + strash 
ABC: + &get -n 
ABC: + &dch -f 
ABC: + &nf 
ABC: + &put 
ABC: + write_blif <abc-temp-dir>/output.blif 
ABC: 
ABC: YOSYS_ABC_DONE 

5.22.3.2. Re-integrating ABC results.
ABC RESULTS:               AND cells:       34
ABC RESULTS:            ANDNOT cells:       20
ABC RESULTS:               NOR cells:        2
ABC RESULTS:        internal signals:       61
ABC RESULTS:           input signals:        5
ABC RESULTS:          output signals:       32
Removing temp directory.

5.22.4. Extracting gate netlist of module `\gated_clk_cell' to `<abc-temp-dir>/input.blif'..

5.22.4.1. Executed ABC.
Extracted 0 gates and 0 wires to a netlist network with 0 inputs and 0 outputs.
Don't call ABC as there is nothing to map.
Removing temp directory.
Removing global temp directory.

5.23. Executing OPT pass (performing simple optimizations).

5.23.1. Executing OPT_EXPR pass (perform const folding).
Optimizing module ct_rtu_pst_vreg_entry_gate.
Optimizing module ct_rtu_expand_64.
Optimizing module ct_rtu_expand_32.
Optimizing module gated_clk_cell.

5.23.2. Executing OPT_MERGE pass (detect identical cells).
Finding identical cells in module `\ct_rtu_pst_vreg_entry_gate'.
Computing hashes of 426 cells of `\ct_rtu_pst_vreg_entry_gate'.
Finding duplicate cells in `\ct_rtu_pst_vreg_entry_gate'.
Finding identical cells in module `\ct_rtu_expand_64'.
Computing hashes of 92 cells of `\ct_rtu_expand_64'.
Finding duplicate cells in `\ct_rtu_expand_64'.
Finding identical cells in module `\ct_rtu_expand_32'.
Computing hashes of 56 cells of `\ct_rtu_expand_32'.
Finding duplicate cells in `\ct_rtu_expand_32'.
Finding identical cells in module `\gated_clk_cell'.
Computing hashes of 0 cells of `\gated_clk_cell'.
Finding duplicate cells in `\gated_clk_cell'.
Removed a total of 0 cells.

5.23.3. Executing OPT_DFF pass (perform DFF optimizations).

5.23.4. Executing OPT_CLEAN pass (remove unused cells and wires).
Finding unused cells or wires in module \ct_rtu_pst_vreg_entry_gate..
Finding unused cells or wires in module \ct_rtu_expand_64..
Finding unused cells or wires in module \ct_rtu_expand_32..
Finding unused cells or wires in module \gated_clk_cell..
Removed 0 unused cells and 827 unused wires.
<suppressed ~17 debug messages>

5.23.5. Finished fast OPT passes.

5.24. Executing HIERARCHY pass (managing design hierarchy).
Attribute `top' found on module `ct_rtu_pst_vreg_entry_gate'. Setting top module to ct_rtu_pst_vreg_entry_gate.

5.24.1. Analyzing design hierarchy..
Top module:  \ct_rtu_pst_vreg_entry_gate
Used module:     \ct_rtu_expand_64
Used module:     \gated_clk_cell
Used module:     \ct_rtu_expand_32

5.24.2. Analyzing design hierarchy..
Top module:  \ct_rtu_pst_vreg_entry_gate
Used module:     \ct_rtu_expand_64
Used module:     \gated_clk_cell
Used module:     \ct_rtu_expand_32
Removed 0 unused modules.

5.25. Printing statistics.

=== ct_rtu_pst_vreg_entry_gate ===

        +----------Local Count, excluding submodules.
        | 
      341 wires
      652 wire bits
       63 public wires
      356 public wire bits
       42 ports
      221 port bits
      422 cells
       13   $_ANDNOT_
      202   $_AND_
       21   $_DFFE_PN0P_
        4   $_DFF_PN0_
        1   $_DFF_PN1_
        1   $_MUX_
      101   $_NAND_
       32   $_NOR_
        1   $_NOT_
       20   $_ORNOT_
       11   $_OR_
       15   $_XNOR_
        4 submodules
        1   ct_rtu_expand_32
        1   ct_rtu_expand_64
        2   gated_clk_cell

=== ct_rtu_expand_64 ===

        +----------Local Count, excluding submodules.
        | 
       30 wires
       98 wire bits
        2 public wires
       70 public wire bits
        2 ports
       70 port bits
       92 cells
        6   $_ANDNOT_
       83   $_AND_
        3   $_NOR_

=== ct_rtu_expand_32 ===

        +----------Local Count, excluding submodules.
        | 
       26 wires
       61 wire bits
        2 public wires
       37 public wire bits
        2 ports
       37 port bits
       56 cells
       20   $_ANDNOT_
       34   $_AND_
        2   $_NOR_

=== gated_clk_cell ===

        +----------Local Count, excluding submodules.
        | 
        8 wires
        8 wire bits
        8 public wires
        8 public wire bits
        7 ports
        7 port bits

=== design hierarchy ===

        +----------Count including submodules.
        | 
      570 ct_rtu_pst_vreg_entry_gate
       56 ct_rtu_expand_32
       92 ct_rtu_expand_64

        +----------Count including submodules.
        | 
      413 wires
      827 wire bits
       83 public wires
      479 public wire bits
       60 ports
      342 port bits
        - memories
        - memory bits
        - processes
      570 cells
       39   $_ANDNOT_
      319   $_AND_
       21   $_DFFE_PN0P_
        4   $_DFF_PN0_
        1   $_DFF_PN1_
        1   $_MUX_
      101   $_NAND_
       37   $_NOR_
        1   $_NOT_
       20   $_ORNOT_
       11   $_OR_
       15   $_XNOR_
        4 submodules
        1   ct_rtu_expand_32
        1   ct_rtu_expand_64
        2   gated_clk_cell

5.26. Executing CHECK pass (checking for obvious problems).
Checking module ct_rtu_pst_vreg_entry_gate...
Checking module ct_rtu_expand_64...
Checking module ct_rtu_expand_32...
Checking module gated_clk_cell...
Found and reported 0 problems.

6. Executing DFFLIBMAP pass (mapping DFF cells to sequential cells from liberty file).
  cell sky130_fd_sc_hd__dfxtp_1 (noninv, pins=3, area=20.02) is a direct match for cell type $_DFF_P_.
  cell sky130_fd_sc_hd__dfrtn_1 (noninv, pins=4, area=25.02) is a direct match for cell type $_DFF_NN0_.
  cell sky130_fd_sc_hd__dfrtp_1 (noninv, pins=4, area=25.02) is a direct match for cell type $_DFF_PN0_.
  cell sky130_fd_sc_hd__dfstp_2 (noninv, pins=4, area=26.28) is a direct match for cell type $_DFF_PN1_.
  cell sky130_fd_sc_hd__edfxtp_1 (noninv, pins=4, area=30.03) is a direct match for cell type $_DFFE_PP_.
  cell sky130_fd_sc_hd__dfbbn_1 (noninv, pins=6, area=32.53) is a direct match for cell type $_DFFSR_NNN_.
  cell sky130_fd_sc_hd__dfbbp_1 (noninv, pins=6, area=32.53) is a direct match for cell type $_DFFSR_PNN_.
  final dff cell mappings:
    unmapped dff cell: $_DFF_N_
    \sky130_fd_sc_hd__dfxtp_1 _DFF_P_ (.CLK( C), .D( D), .Q( Q));
    \sky130_fd_sc_hd__dfrtn_1 _DFF_NN0_ (.CLK_N( C), .D( D), .Q( Q), .RESET_B( R));
    unmapped dff cell: $_DFF_NN1_
    unmapped dff cell: $_DFF_NP0_
    unmapped dff cell: $_DFF_NP1_
    \sky130_fd_sc_hd__dfrtp_1 _DFF_PN0_ (.CLK( C), .D( D), .Q( Q), .RESET_B( R));
    \sky130_fd_sc_hd__dfstp_2 _DFF_PN1_ (.CLK( C), .D( D), .Q( Q), .SET_B( R));
    unmapped dff cell: $_DFF_PP0_
    unmapped dff cell: $_DFF_PP1_
    unmapped dff cell: $_DFFE_NN_
    unmapped dff cell: $_DFFE_NP_
    unmapped dff cell: $_DFFE_PN_
    \sky130_fd_sc_hd__edfxtp_1 _DFFE_PP_ (.CLK( C), .D( D), .DE( E), .Q( Q));
    \sky130_fd_sc_hd__dfbbn_1 _DFFSR_NNN_ (.CLK_N( C), .D( D), .Q( Q), .Q_N(~Q), .RESET_B( R), .SET_B( S));
    unmapped dff cell: $_DFFSR_NNP_
    unmapped dff cell: $_DFFSR_NPN_
    unmapped dff cell: $_DFFSR_NPP_
    \sky130_fd_sc_hd__dfbbp_1 _DFFSR_PNN_ (.CLK( C), .D( D), .Q( Q), .Q_N(~Q), .RESET_B( R), .SET_B( S));
    unmapped dff cell: $_DFFSR_PNP_
    unmapped dff cell: $_DFFSR_PPN_
    unmapped dff cell: $_DFFSR_PPP_

6.1. Executing DFFLEGALIZE pass (convert FFs to types supported by the target).
<suppressed ~24 debug messages>
Mapping DFF cells in module `\ct_rtu_pst_vreg_entry_gate':
  mapped 25 $_DFF_PN0_ cells to \sky130_fd_sc_hd__dfrtp_1 cells.
  mapped 1 $_DFF_PN1_ cells to \sky130_fd_sc_hd__dfstp_2 cells.
Mapping DFF cells in module `\ct_rtu_expand_64':
Mapping DFF cells in module `\ct_rtu_expand_32':
Mapping DFF cells in module `\gated_clk_cell':

7. Executing ABC pass (technology mapping using ABC).

7.1. Extracting gate netlist of module `\ct_rtu_pst_vreg_entry_gate' to `<abc-temp-dir>/input.blif'..
ABC: using cached merged SCL: yosys-liberty-scl-cache/yosys_merged_c33d1237.scl (1 files)

7.1.1. Executed ABC.
Extracted 417 gates and 656 wires to a netlist network with 239 inputs and 126 outputs.
Running ABC script: <abc-temp-dir>/abc.script
ABC: UC Berkeley, ABC 1.01 (compiled Jun 30 2026 04:50:19)
ABC: abc 01> empty
ABC: abc 01> source <abc-temp-dir>/abc.script
ABC: + read_blif <abc-temp-dir>/input.blif 
ABC: + read_scl yosys-liberty-scl-cache/yosys_merged_c33d1237.scl 
ABC: Warning: Detected 9 multi-output cells (for example, "sky130_fd_sc_hd__fa_1").
ABC: + strash 
ABC: + &get -n 
ABC: + &fraig -x 
ABC: + &put 
ABC: + scorr 
ABC: Warning: The network is combinational (run "fraig" or "fraig_sweep").
ABC: + dc2 
ABC: + dretime 
ABC: + strash 
ABC: + &get -n 
ABC: + &dch -f 
ABC: + &nf 
ABC: + &put 
ABC: + write_blif <abc-temp-dir>/output.blif 
ABC: 
ABC: YOSYS_ABC_DONE 

7.1.2. Re-integrating ABC results.
ABC RESULTS:   sky130_fd_sc_hd__a2111oi_0 cells:        2
ABC RESULTS:   sky130_fd_sc_hd__a211o_1 cells:        1
ABC RESULTS:   sky130_fd_sc_hd__a211oi_1 cells:        4
ABC RESULTS:   sky130_fd_sc_hd__a21boi_0 cells:       13
ABC RESULTS:   sky130_fd_sc_hd__a21o_1 cells:        6
ABC RESULTS:   sky130_fd_sc_hd__a21oi_1 cells:        1
ABC RESULTS:   sky130_fd_sc_hd__a221o_1 cells:        1
ABC RESULTS:   sky130_fd_sc_hd__a221oi_1 cells:        3
ABC RESULTS:   sky130_fd_sc_hd__a222oi_1 cells:       13
ABC RESULTS:   sky130_fd_sc_hd__a22o_1 cells:        5
ABC RESULTS:   sky130_fd_sc_hd__a22oi_1 cells:        3
ABC RESULTS:   sky130_fd_sc_hd__a31o_1 cells:        1
ABC RESULTS:   sky130_fd_sc_hd__a32oi_1 cells:        1
ABC RESULTS:   sky130_fd_sc_hd__and2_0 cells:       32
ABC RESULTS:   sky130_fd_sc_hd__and3_1 cells:       64
ABC RESULTS:   sky130_fd_sc_hd__clkinv_1 cells:        5
ABC RESULTS:   sky130_fd_sc_hd__lpflow_inputiso1p_1 cells:        1
ABC RESULTS:   sky130_fd_sc_hd__lpflow_isobufsrc_1 cells:        7
ABC RESULTS:   sky130_fd_sc_hd__nand2_1 cells:       24
ABC RESULTS:   sky130_fd_sc_hd__nand2b_1 cells:        3
ABC RESULTS:   sky130_fd_sc_hd__nand3_1 cells:        1
ABC RESULTS:   sky130_fd_sc_hd__nand4_1 cells:        4
ABC RESULTS:   sky130_fd_sc_hd__nor2_1 cells:        3
ABC RESULTS:   sky130_fd_sc_hd__nor3_1 cells:        5
ABC RESULTS:   sky130_fd_sc_hd__nor3b_1 cells:        2
ABC RESULTS:   sky130_fd_sc_hd__nor4_1 cells:        2
ABC RESULTS:   sky130_fd_sc_hd__nor4b_1 cells:        4
ABC RESULTS:   sky130_fd_sc_hd__o211ai_1 cells:        1
ABC RESULTS:   sky130_fd_sc_hd__o21ai_0 cells:       17
ABC RESULTS:   sky130_fd_sc_hd__o21bai_1 cells:        1
ABC RESULTS:   sky130_fd_sc_hd__o22ai_1 cells:        3
ABC RESULTS:   sky130_fd_sc_hd__o31a_1 cells:        2
ABC RESULTS:   sky130_fd_sc_hd__o31ai_1 cells:        5
ABC RESULTS:   sky130_fd_sc_hd__o41ai_1 cells:        1
ABC RESULTS:   sky130_fd_sc_hd__or4_1 cells:        2
ABC RESULTS:   sky130_fd_sc_hd__or4b_1 cells:        1
ABC RESULTS:   sky130_fd_sc_hd__xnor2_1 cells:       12
ABC RESULTS:   sky130_fd_sc_hd__xor2_1 cells:        5
ABC RESULTS:        internal signals:      291
ABC RESULTS:           input signals:      239
ABC RESULTS:          output signals:      126
Removing temp directory.

7.2. Extracting gate netlist of module `\ct_rtu_expand_64' to `<abc-temp-dir>/input.blif'..
ABC: using cached merged SCL: yosys-liberty-scl-cache/yosys_merged_c33d1237.scl (1 files)

7.2.1. Executed ABC.
Extracted 92 gates and 98 wires to a netlist network with 6 inputs and 64 outputs.
Running ABC script: <abc-temp-dir>/abc.script
ABC: UC Berkeley, ABC 1.01 (compiled Jun 30 2026 04:50:19)
ABC: abc 01> empty
ABC: abc 01> source <abc-temp-dir>/abc.script
ABC: + read_blif <abc-temp-dir>/input.blif 
ABC: + read_scl yosys-liberty-scl-cache/yosys_merged_c33d1237.scl 
ABC: Warning: Detected 9 multi-output cells (for example, "sky130_fd_sc_hd__fa_1").
ABC: + strash 
ABC: + &get -n 
ABC: + &fraig -x 
ABC: + &put 
ABC: + scorr 
ABC: Warning: The network is combinational (run "fraig" or "fraig_sweep").
ABC: + dc2 
ABC: + dretime 
ABC: + strash 
ABC: + &get -n 
ABC: + &dch -f 
ABC: + &nf 
ABC: + &put 
ABC: + write_blif <abc-temp-dir>/output.blif 
ABC: 
ABC: YOSYS_ABC_DONE 

7.2.2. Re-integrating ABC results.
ABC RESULTS:   sky130_fd_sc_hd__lpflow_inputiso1p_1 cells:        1
ABC RESULTS:   sky130_fd_sc_hd__nand2_1 cells:        1
ABC RESULTS:   sky130_fd_sc_hd__nand2b_1 cells:        2
ABC RESULTS:   sky130_fd_sc_hd__nand4_1 cells:        1
ABC RESULTS:   sky130_fd_sc_hd__nand4b_1 cells:        4
ABC RESULTS:   sky130_fd_sc_hd__nand4bb_1 cells:        6
ABC RESULTS:   sky130_fd_sc_hd__nor2_1 cells:       64
ABC RESULTS:   sky130_fd_sc_hd__or4_1 cells:        1
ABC RESULTS:   sky130_fd_sc_hd__or4b_1 cells:        4
ABC RESULTS:        internal signals:       28
ABC RESULTS:           input signals:        6
ABC RESULTS:          output signals:       64
Removing temp directory.

7.3. Extracting gate netlist of module `\ct_rtu_expand_32' to `<abc-temp-dir>/input.blif'..
ABC: using cached merged SCL: yosys-liberty-scl-cache/yosys_merged_c33d1237.scl (1 files)

7.3.1. Executed ABC.
Extracted 56 gates and 61 wires to a netlist network with 5 inputs and 32 outputs.
Running ABC script: <abc-temp-dir>/abc.script
ABC: UC Berkeley, ABC 1.01 (compiled Jun 30 2026 04:50:19)
ABC: abc 01> empty
ABC: abc 01> source <abc-temp-dir>/abc.script
ABC: + read_blif <abc-temp-dir>/input.blif 
ABC: + read_scl yosys-liberty-scl-cache/yosys_merged_c33d1237.scl 
ABC: Warning: Detected 9 multi-output cells (for example, "sky130_fd_sc_hd__fa_1").
ABC: + strash 
ABC: + &get -n 
ABC: + &fraig -x 
ABC: + &put 
ABC: + scorr 
ABC: Warning: The network is combinational (run "fraig" or "fraig_sweep").
ABC: + dc2 
ABC: + dretime 
ABC: + strash 
ABC: + &get -n 
ABC: + &dch -f 
ABC: + &nf 
ABC: + &put 
ABC: + write_blif <abc-temp-dir>/output.blif 
ABC: 
ABC: YOSYS_ABC_DONE 

7.3.2. Re-integrating ABC results.
ABC RESULTS:   sky130_fd_sc_hd__and2_0 cells:        2
ABC RESULTS:   sky130_fd_sc_hd__and3_1 cells:       16
ABC RESULTS:   sky130_fd_sc_hd__and3b_1 cells:        1
ABC RESULTS:   sky130_fd_sc_hd__lpflow_isobufsrc_1 cells:        4
ABC RESULTS:   sky130_fd_sc_hd__nand2_1 cells:        2
ABC RESULTS:   sky130_fd_sc_hd__nand2b_1 cells:        4
ABC RESULTS:   sky130_fd_sc_hd__nor2_1 cells:        2
ABC RESULTS:   sky130_fd_sc_hd__nor3_1 cells:        9
ABC RESULTS:   sky130_fd_sc_hd__nor4_1 cells:        6
ABC RESULTS:        internal signals:       24
ABC RESULTS:           input signals:        5
ABC RESULTS:          output signals:       32
Removing temp directory.

7.4. Extracting gate netlist of module `\gated_clk_cell' to `<abc-temp-dir>/input.blif'..
ABC: using cached merged SCL: yosys-liberty-scl-cache/yosys_merged_c33d1237.scl (1 files)

7.4.1. Executed ABC.
Extracted 0 gates and 0 wires to a netlist network with 0 inputs and 0 outputs.
Don't call ABC as there is nothing to map.
Removing temp directory.
Removing global temp directory.
Removed 0 unused cells and 800 unused wires.

8. Printing statistics.

=== ct_rtu_pst_vreg_entry_gate ===

        +----------Local Count, excluding submodules.
        |        +-Local Area, excluding submodules.
        |        | 
      221        - wires
      517        - wire bits
       63        - public wires
      356        - public wire bits
       42        - ports
      221        - port bits
      287 2.37E+03 cells
        2   17.517   sky130_fd_sc_hd__a2111oi_0
        1    8.758   sky130_fd_sc_hd__a211o_1
        4   30.029   sky130_fd_sc_hd__a211oi_1
       13   97.594   sky130_fd_sc_hd__a21boi_0
        6   45.043   sky130_fd_sc_hd__a21o_1
        1    5.005   sky130_fd_sc_hd__a21oi_1
        1    10.01   sky130_fd_sc_hd__a221o_1
        3   26.275   sky130_fd_sc_hd__a221oi_1
       13  130.125   sky130_fd_sc_hd__a222oi_1
        5   43.792   sky130_fd_sc_hd__a22o_1
        3   22.522   sky130_fd_sc_hd__a22oi_1
        1    8.758   sky130_fd_sc_hd__a31o_1
        1    8.758   sky130_fd_sc_hd__a32oi_1
       32  200.192   sky130_fd_sc_hd__and2_0
       64  400.384   sky130_fd_sc_hd__and3_1
        5   18.768   sky130_fd_sc_hd__clkinv_1
       25    625.6   sky130_fd_sc_hd__dfrtp_1
        1   26.275   sky130_fd_sc_hd__dfstp_2
        1    6.256   sky130_fd_sc_hd__lpflow_inputiso1p_1
        7   43.792   sky130_fd_sc_hd__lpflow_isobufsrc_1
       24   90.086   sky130_fd_sc_hd__nand2_1
        3   18.768   sky130_fd_sc_hd__nand2b_1
        1    5.005   sky130_fd_sc_hd__nand3_1
        4   25.024   sky130_fd_sc_hd__nand4_1
        3   11.261   sky130_fd_sc_hd__nor2_1
        5   25.024   sky130_fd_sc_hd__nor3_1
        2   15.014   sky130_fd_sc_hd__nor3b_1
        2   12.512   sky130_fd_sc_hd__nor4_1
        4   35.034   sky130_fd_sc_hd__nor4b_1
        1    7.507   sky130_fd_sc_hd__o211ai_1
       17   85.082   sky130_fd_sc_hd__o21ai_0
        1    7.507   sky130_fd_sc_hd__o21bai_1
        3   18.768   sky130_fd_sc_hd__o22ai_1
        2   17.517   sky130_fd_sc_hd__o31a_1
        5   37.536   sky130_fd_sc_hd__o31ai_1
        1    8.758   sky130_fd_sc_hd__o41ai_1
        2   15.014   sky130_fd_sc_hd__or4_1
        1    10.01   sky130_fd_sc_hd__or4b_1
       12  105.101   sky130_fd_sc_hd__xnor2_1
        5   43.792   sky130_fd_sc_hd__xor2_1
        4        - submodules
        1        -   ct_rtu_expand_32
        1        -   ct_rtu_expand_64
        2        -   gated_clk_cell

   Chip area for module '\ct_rtu_pst_vreg_entry_gate': 2369.772800
     of which used for sequential elements: 651.875200 (27.51%)

=== ct_rtu_expand_64 ===

        +----------Local Count, excluding submodules.
        |        +-Local Area, excluding submodules.
        |        | 
       22        - wires
       90        - wire bits
        2        - public wires
       70        - public wire bits
        2        - ports
       70        - port bits
       84  419.152 cells
        1    6.256   sky130_fd_sc_hd__lpflow_inputiso1p_1
        1    3.754   sky130_fd_sc_hd__nand2_1
        2   12.512   sky130_fd_sc_hd__nand2b_1
        1    6.256   sky130_fd_sc_hd__nand4_1
        4   35.034   sky130_fd_sc_hd__nand4b_1
        6   67.565   sky130_fd_sc_hd__nand4bb_1
       64   240.23   sky130_fd_sc_hd__nor2_1
        1    7.507   sky130_fd_sc_hd__or4_1
        4   40.038   sky130_fd_sc_hd__or4b_1

   Chip area for module '\ct_rtu_expand_64': 419.152000
     of which used for sequential elements: 0.000000 (0.00%)

=== ct_rtu_expand_32 ===

        +----------Local Count, excluding submodules.
        |        +-Local Area, excluding submodules.
        |        | 
       16        - wires
       51        - wire bits
        2        - public wires
       37        - public wire bits
        2        - ports
       37        - port bits
       46  269.008 cells
        2   12.512   sky130_fd_sc_hd__and2_0
       16  100.096   sky130_fd_sc_hd__and3_1
        1    8.758   sky130_fd_sc_hd__and3b_1
        4   25.024   sky130_fd_sc_hd__lpflow_isobufsrc_1
        2    7.507   sky130_fd_sc_hd__nand2_1
        4   25.024   sky130_fd_sc_hd__nand2b_1
        2    7.507   sky130_fd_sc_hd__nor2_1
        9   45.043   sky130_fd_sc_hd__nor3_1
        6   37.536   sky130_fd_sc_hd__nor4_1

   Chip area for module '\ct_rtu_expand_32': 269.008000
     of which used for sequential elements: 0.000000 (0.00%)

=== gated_clk_cell ===

        +----------Local Count, excluding submodules.
        |        +-Local Area, excluding submodules.
        |        | 
        8        - wires
        8        - wire bits
        8        - public wires
        8        - public wire bits
        7        - ports
        7        - port bits

=== design hierarchy ===

        +----------Count including submodules.
        |        +-Area including submodules.
        |        | 
      417 3.06E+03 ct_rtu_pst_vreg_entry_gate
       46  269.008 ct_rtu_expand_32
       84  419.152 ct_rtu_expand_64

        +----------Count including submodules.
        |        +-Area including submodules.
        |        | 
      275        - wires
      674        - wire bits
       83        - public wires
      479        - public wire bits
       60        - ports
      342        - port bits
        -        - memories
        -        - memory bits
        -        - processes
      417 3.06E+03 cells
        2   17.517   sky130_fd_sc_hd__a2111oi_0
        1    8.758   sky130_fd_sc_hd__a211o_1
        4   30.029   sky130_fd_sc_hd__a211oi_1
       13   97.594   sky130_fd_sc_hd__a21boi_0
        6   45.043   sky130_fd_sc_hd__a21o_1
        1    5.005   sky130_fd_sc_hd__a21oi_1
        1    10.01   sky130_fd_sc_hd__a221o_1
        3   26.275   sky130_fd_sc_hd__a221oi_1
       13  130.125   sky130_fd_sc_hd__a222oi_1
        5   43.792   sky130_fd_sc_hd__a22o_1
        3   22.522   sky130_fd_sc_hd__a22oi_1
        1    8.758   sky130_fd_sc_hd__a31o_1
        1    8.758   sky130_fd_sc_hd__a32oi_1
       34  212.704   sky130_fd_sc_hd__and2_0
       80   500.48   sky130_fd_sc_hd__and3_1
        1    8.758   sky130_fd_sc_hd__and3b_1
        5   18.768   sky130_fd_sc_hd__clkinv_1
       25    625.6   sky130_fd_sc_hd__dfrtp_1
        1   26.275   sky130_fd_sc_hd__dfstp_2
        2   12.512   sky130_fd_sc_hd__lpflow_inputiso1p_1
       11   68.816   sky130_fd_sc_hd__lpflow_isobufsrc_1
       27  101.347   sky130_fd_sc_hd__nand2_1
        9   56.304   sky130_fd_sc_hd__nand2b_1
        1    5.005   sky130_fd_sc_hd__nand3_1
        5    31.28   sky130_fd_sc_hd__nand4_1
        4   35.034   sky130_fd_sc_hd__nand4b_1
        6   67.565   sky130_fd_sc_hd__nand4bb_1
       69  258.998   sky130_fd_sc_hd__nor2_1
       14   70.067   sky130_fd_sc_hd__nor3_1
        2   15.014   sky130_fd_sc_hd__nor3b_1
        8   50.048   sky130_fd_sc_hd__nor4_1
        4   35.034   sky130_fd_sc_hd__nor4b_1
        1    7.507   sky130_fd_sc_hd__o211ai_1
       17   85.082   sky130_fd_sc_hd__o21ai_0
        1    7.507   sky130_fd_sc_hd__o21bai_1
        3   18.768   sky130_fd_sc_hd__o22ai_1
        2   17.517   sky130_fd_sc_hd__o31a_1
        5   37.536   sky130_fd_sc_hd__o31ai_1
        1    8.758   sky130_fd_sc_hd__o41ai_1
        3   22.522   sky130_fd_sc_hd__or4_1
        5   50.048   sky130_fd_sc_hd__or4b_1
       12  105.101   sky130_fd_sc_hd__xnor2_1
        5   43.792   sky130_fd_sc_hd__xor2_1
        4   688.16 submodules
        1  269.008   ct_rtu_expand_32
        1  419.152   ct_rtu_expand_64
        2        -   gated_clk_cell

   Chip area for top module '\ct_rtu_pst_vreg_entry_gate': 3057.932800
     of which used for sequential elements: 651.875200 (21.32%)

9. Executing Verilog backend.

9.1. Executing BMUXMAP pass.

9.2. Executing DEMUXMAP pass.
Dumping module `\ct_rtu_expand_32'.
Dumping module `\ct_rtu_expand_64'.
Dumping module `\ct_rtu_pst_vreg_entry_gate'.
Dumping module `\gated_clk_cell'.

End of script. Logfile hash: f647d24140, time: 0.49s, user: 0.18s, system: 0.03s, MEM: 45.88 MB peak
Yosys 0.66+181 (git sha1 afe6b18f2, Release, Clang /usr/bin/clang++ 18.1.8)
Time spent: 63% 2x abc (0 sec), 9% 1x dfflibmap (0 sec), ...
