OpenSTA 2.2.0 02b129d48f Copyright (c) 2019, Parallax Software, Inc.
License GPLv3: GNU GPL version 3 <http://gnu.org/licenses/gpl.html>

This is free software, and you are free to change and redistribute it
under certain conditions; type `show_copying' for details. 
This program comes with ABSOLUTELY NO WARRANTY; for details type `show_warranty'.
Warning: gold_opensta.tcl, 6 port 'x_num[4]' not found.
Warning: gold_opensta.tcl, 7 port 'x_num[3]' not found.
Warning: gold_opensta.tcl, 8 port 'x_num[2]' not found.
Warning: gold_opensta.tcl, 9 port 'x_num[1]' not found.
Warning: gold_opensta.tcl, 10 port 'x_num[0]' not found.
Warning: gold_opensta.tcl, 11 port 'x_num[5]' not found.
Warning: gold_opensta.tcl, 12 port 'x_num[4]' not found.
Warning: gold_opensta.tcl, 13 port 'x_num[3]' not found.
Warning: gold_opensta.tcl, 14 port 'x_num[2]' not found.
Warning: gold_opensta.tcl, 15 port 'x_num[1]' not found.
Warning: gold_opensta.tcl, 16 port 'x_num[0]' not found.
Warning: gold_opensta.tcl, 137 port 'clk_in' not found.
Warning: gold_opensta.tcl, 138 port 'global_en' not found.
Warning: gold_opensta.tcl, 139 port 'module_en' not found.
Warning: gold_opensta.tcl, 140 port 'local_en' not found.
Warning: gold_opensta.tcl, 141 port 'external_en' not found.
Warning: gold_opensta.tcl, 143 port 'x_num_expand[31]' not found.
Warning: gold_opensta.tcl, 144 port 'x_num_expand[30]' not found.
Warning: gold_opensta.tcl, 145 port 'x_num_expand[29]' not found.
Warning: gold_opensta.tcl, 146 port 'x_num_expand[28]' not found.
Warning: gold_opensta.tcl, 147 port 'x_num_expand[27]' not found.
Warning: gold_opensta.tcl, 148 port 'x_num_expand[26]' not found.
Warning: gold_opensta.tcl, 149 port 'x_num_expand[25]' not found.
Warning: gold_opensta.tcl, 150 port 'x_num_expand[24]' not found.
Warning: gold_opensta.tcl, 151 port 'x_num_expand[23]' not found.
Warning: gold_opensta.tcl, 152 port 'x_num_expand[22]' not found.
Warning: gold_opensta.tcl, 153 port 'x_num_expand[21]' not found.
Warning: gold_opensta.tcl, 154 port 'x_num_expand[20]' not found.
Warning: gold_opensta.tcl, 155 port 'x_num_expand[19]' not found.
Warning: gold_opensta.tcl, 156 port 'x_num_expand[18]' not found.
Warning: gold_opensta.tcl, 157 port 'x_num_expand[17]' not found.
Warning: gold_opensta.tcl, 158 port 'x_num_expand[16]' not found.
Warning: gold_opensta.tcl, 159 port 'x_num_expand[15]' not found.
Warning: gold_opensta.tcl, 160 port 'x_num_expand[14]' not found.
Warning: gold_opensta.tcl, 161 port 'x_num_expand[13]' not found.
Warning: gold_opensta.tcl, 162 port 'x_num_expand[12]' not found.
Warning: gold_opensta.tcl, 163 port 'x_num_expand[11]' not found.
Warning: gold_opensta.tcl, 164 port 'x_num_expand[10]' not found.
Warning: gold_opensta.tcl, 165 port 'x_num_expand[9]' not found.
Warning: gold_opensta.tcl, 166 port 'x_num_expand[8]' not found.
Warning: gold_opensta.tcl, 167 port 'x_num_expand[7]' not found.
Warning: gold_opensta.tcl, 168 port 'x_num_expand[6]' not found.
Warning: gold_opensta.tcl, 169 port 'x_num_expand[5]' not found.
Warning: gold_opensta.tcl, 170 port 'x_num_expand[4]' not found.
Warning: gold_opensta.tcl, 171 port 'x_num_expand[3]' not found.
Warning: gold_opensta.tcl, 172 port 'x_num_expand[2]' not found.
Warning: gold_opensta.tcl, 173 port 'x_num_expand[1]' not found.
Warning: gold_opensta.tcl, 174 port 'x_num_expand[0]' not found.
Warning: gold_opensta.tcl, 175 port 'x_num_expand[63]' not found.
Warning: gold_opensta.tcl, 176 port 'x_num_expand[62]' not found.
Warning: gold_opensta.tcl, 177 port 'x_num_expand[61]' not found.
Warning: gold_opensta.tcl, 178 port 'x_num_expand[60]' not found.
Warning: gold_opensta.tcl, 179 port 'x_num_expand[59]' not found.
Warning: gold_opensta.tcl, 180 port 'x_num_expand[58]' not found.
Warning: gold_opensta.tcl, 181 port 'x_num_expand[57]' not found.
Warning: gold_opensta.tcl, 182 port 'x_num_expand[56]' not found.
Warning: gold_opensta.tcl, 183 port 'x_num_expand[55]' not found.
Warning: gold_opensta.tcl, 184 port 'x_num_expand[54]' not found.
Warning: gold_opensta.tcl, 185 port 'x_num_expand[53]' not found.
Warning: gold_opensta.tcl, 186 port 'x_num_expand[52]' not found.
Warning: gold_opensta.tcl, 187 port 'x_num_expand[51]' not found.
Warning: gold_opensta.tcl, 188 port 'x_num_expand[50]' not found.
Warning: gold_opensta.tcl, 189 port 'x_num_expand[49]' not found.
Warning: gold_opensta.tcl, 190 port 'x_num_expand[48]' not found.
Warning: gold_opensta.tcl, 191 port 'x_num_expand[47]' not found.
Warning: gold_opensta.tcl, 192 port 'x_num_expand[46]' not found.
Warning: gold_opensta.tcl, 193 port 'x_num_expand[45]' not found.
Warning: gold_opensta.tcl, 194 port 'x_num_expand[44]' not found.
Warning: gold_opensta.tcl, 195 port 'x_num_expand[43]' not found.
Warning: gold_opensta.tcl, 196 port 'x_num_expand[42]' not found.
Warning: gold_opensta.tcl, 197 port 'x_num_expand[41]' not found.
Warning: gold_opensta.tcl, 198 port 'x_num_expand[40]' not found.
Warning: gold_opensta.tcl, 199 port 'x_num_expand[39]' not found.
Warning: gold_opensta.tcl, 200 port 'x_num_expand[38]' not found.
Warning: gold_opensta.tcl, 201 port 'x_num_expand[37]' not found.
Warning: gold_opensta.tcl, 202 port 'x_num_expand[36]' not found.
Warning: gold_opensta.tcl, 203 port 'x_num_expand[35]' not found.
Warning: gold_opensta.tcl, 204 port 'x_num_expand[34]' not found.
Warning: gold_opensta.tcl, 205 port 'x_num_expand[33]' not found.
Warning: gold_opensta.tcl, 206 port 'x_num_expand[32]' not found.
Warning: gold_opensta.tcl, 207 port 'x_num_expand[31]' not found.
Warning: gold_opensta.tcl, 208 port 'x_num_expand[30]' not found.
Warning: gold_opensta.tcl, 209 port 'x_num_expand[29]' not found.
Warning: gold_opensta.tcl, 210 port 'x_num_expand[28]' not found.
Warning: gold_opensta.tcl, 211 port 'x_num_expand[27]' not found.
Warning: gold_opensta.tcl, 212 port 'x_num_expand[26]' not found.
Warning: gold_opensta.tcl, 213 port 'x_num_expand[25]' not found.
Warning: gold_opensta.tcl, 214 port 'x_num_expand[24]' not found.
Warning: gold_opensta.tcl, 215 port 'x_num_expand[23]' not found.
Warning: gold_opensta.tcl, 216 port 'x_num_expand[22]' not found.
Warning: gold_opensta.tcl, 217 port 'x_num_expand[21]' not found.
Warning: gold_opensta.tcl, 218 port 'x_num_expand[20]' not found.
Warning: gold_opensta.tcl, 219 port 'x_num_expand[19]' not found.
Warning: gold_opensta.tcl, 220 port 'x_num_expand[18]' not found.
Warning: gold_opensta.tcl, 221 port 'x_num_expand[17]' not found.
Warning: gold_opensta.tcl, 222 port 'x_num_expand[16]' not found.
Warning: gold_opensta.tcl, 223 port 'x_num_expand[15]' not found.
Warning: gold_opensta.tcl, 224 port 'x_num_expand[14]' not found.
Warning: gold_opensta.tcl, 225 port 'x_num_expand[13]' not found.
Warning: gold_opensta.tcl, 226 port 'x_num_expand[12]' not found.
Warning: gold_opensta.tcl, 227 port 'x_num_expand[11]' not found.
Warning: gold_opensta.tcl, 228 port 'x_num_expand[10]' not found.
Warning: gold_opensta.tcl, 229 port 'x_num_expand[9]' not found.
Warning: gold_opensta.tcl, 230 port 'x_num_expand[8]' not found.
Warning: gold_opensta.tcl, 231 port 'x_num_expand[7]' not found.
Warning: gold_opensta.tcl, 232 port 'x_num_expand[6]' not found.
Warning: gold_opensta.tcl, 233 port 'x_num_expand[5]' not found.
Warning: gold_opensta.tcl, 234 port 'x_num_expand[4]' not found.
Warning: gold_opensta.tcl, 235 port 'x_num_expand[3]' not found.
Warning: gold_opensta.tcl, 236 port 'x_num_expand[2]' not found.
Warning: gold_opensta.tcl, 237 port 'x_num_expand[1]' not found.
Warning: gold_opensta.tcl, 238 port 'x_num_expand[0]' not found.
Warning: gold_opensta.tcl, 338 port 'clk_out' not found.
 time 1ns
 capacitance 1pF
 resistance 1kohm
 voltage 1v
 current 1mA
 power 1nW
 distance 1um
Startpoint: rtu_yy_xx_flush (input port clocked by clk)
Endpoint: _473_ (rising edge-triggered flip-flop clocked by clk)
Path Group: clk
Path Type: min

  Delay    Time   Description
---------------------------------------------------------
   0.00    0.00   clock clk (rise edge)
   0.00    0.00   clock network delay (ideal)
   0.00    0.00 ^ input external delay
   0.00    0.00 ^ rtu_yy_xx_flush (in)
   0.03    0.03 v _206_/Y (sky130_fd_sc_hd__nor3_1)
   0.00    0.03 v _473_/D (sky130_fd_sc_hd__dfrtp_1)
           0.03   data arrival time

   0.00    0.00   clock clk (rise edge)
   0.00    0.00   clock network delay (ideal)
   0.00    0.00   clock reconvergence pessimism
           0.00 ^ _473_/CLK (sky130_fd_sc_hd__dfrtp_1)
  -0.05   -0.05   library hold time
          -0.05   data required time
---------------------------------------------------------
          -0.05   data required time
          -0.03   data arrival time
---------------------------------------------------------
           0.08   slack (MET)


Startpoint: x_create_vld[0] (input port clocked by clk)
Endpoint: _460_ (rising edge-triggered flip-flop clocked by clk)
Path Group: clk
Path Type: max

  Delay    Time   Description
---------------------------------------------------------
   0.00    0.00   clock clk (rise edge)
   0.00    0.00   clock network delay (ideal)
   0.00    0.00 v input external delay
   0.00    0.00 v x_create_vld[0] (in)
   1.60    1.60 ^ _335_/Y (sky130_fd_sc_hd__nor4b_1)
   0.64    2.24 v _338_/Y (sky130_fd_sc_hd__nor3_1)
   0.46    2.71 ^ _418_/Y (sky130_fd_sc_hd__a222oi_1)
   0.11    2.82 v _420_/Y (sky130_fd_sc_hd__a21oi_1)
   0.00    2.82 v _460_/D (sky130_fd_sc_hd__dfrtp_1)
           2.82   data arrival time

  10.00   10.00   clock clk (rise edge)
   0.00   10.00   clock network delay (ideal)
   0.00   10.00   clock reconvergence pessimism
          10.00 ^ _460_/CLK (sky130_fd_sc_hd__dfrtp_1)
  -0.13    9.87   library setup time
           9.87   data required time
---------------------------------------------------------
           9.87   data required time
          -2.82   data arrival time
---------------------------------------------------------
           7.04   slack (MET)


tns 0.00
wns 0.00
Group                  Internal  Switching    Leakage      Total
                          Power      Power      Power      Power
----------------------------------------------------------------
Sequential             5.89e-05   1.12e-05   2.35e-10   7.00e-05  54.5%
Combinational          3.17e-05   2.66e-05   1.07e-09   5.84e-05  45.5%
Macro                  0.00e+00   0.00e+00   0.00e+00   0.00e+00   0.0%
Pad                    0.00e+00   0.00e+00   0.00e+00   0.00e+00   0.0%
----------------------------------------------------------------
Total                  9.06e-05   3.78e-05   1.30e-09   1.28e-04 100.0%
                          70.6%      29.4%       0.0%
