
 /----------------------------------------------------------------------------\
 |  yosys -- Yosys Open SYnthesis Suite                                       |
 |  Copyright (C) 2012 - 2026  Claire Xenia Wolf <claire@yosyshq.com>         |
 |  Distributed under an ISC-like license, type "license" to see terms        |
 \----------------------------------------------------------------------------/
 Yosys 0.66+181 (git sha1 afe6b18f2, Release, Clang /usr/bin/clang++ 18.1.8)

-- Running command `read_liberty -lib sky130_fd_sc_hd__tt_025C_1v80.lib; read_verilog ct_rtu_pst_vreg_entry_metric_negative.mapped.v; hierarchy -top ct_rtu_pst_vreg_entry_gate; stat -liberty sky130_fd_sc_hd__tt_025C_1v80.lib' --

1. Executing Liberty frontend: sky130_fd_sc_hd__tt_025C_1v80.lib
Imported 428 cell types from liberty file.

2. Executing Verilog-2005 frontend: ct_rtu_pst_vreg_entry_metric_negative.mapped.v
Parsing Verilog input from `ct_rtu_pst_vreg_entry_metric_negative.mapped.v' to AST representation.
Generating RTLIL representation for module `\ct_rtu_expand_32'.
Generating RTLIL representation for module `\ct_rtu_expand_64'.
Generating RTLIL representation for module `\ct_rtu_pst_vreg_entry_gate'.
Generating RTLIL representation for module `\gated_clk_cell'.
Successfully finished Verilog frontend.

3. Executing HIERARCHY pass (managing design hierarchy).

3.1. Analyzing design hierarchy..
Top module:  \ct_rtu_pst_vreg_entry_gate
Used module:     \gated_clk_cell
Used module:     \ct_rtu_expand_64
Used module:     \ct_rtu_expand_32

3.2. Analyzing design hierarchy..
Top module:  \ct_rtu_pst_vreg_entry_gate
Used module:     \gated_clk_cell
Used module:     \ct_rtu_expand_64
Used module:     \ct_rtu_expand_32
Removed 0 unused modules.

4. Printing statistics.

=== gated_clk_cell ===

        +----------Local Count, excluding submodules.
        |        +-Local Area, excluding submodules.
        |        | 
        8        - wires
        8        - wire bits
        8        - public wires
        8        - public wire bits
        7        - ports
        7        - port bits

=== ct_rtu_pst_vreg_entry_gate ===

        +----------Local Count, excluding submodules.
        |        +-Local Area, excluding submodules.
        |        | 
      302        - wires
      598        - wire bits
      302        - public wires
      598        - public wire bits
       42        - ports
      221        - port bits
      368  4.6E+03 cells
        2   17.517   sky130_fd_sc_hd__a2111oi_0
        1    8.758   sky130_fd_sc_hd__a211o_1
        4   30.029   sky130_fd_sc_hd__a211oi_1
       13   97.594   sky130_fd_sc_hd__a21boi_0
        6   45.043   sky130_fd_sc_hd__a21o_1
        1    5.005   sky130_fd_sc_hd__a21oi_1
        1    10.01   sky130_fd_sc_hd__a221o_1
        3   26.275   sky130_fd_sc_hd__a221oi_1
       13  130.125   sky130_fd_sc_hd__a222oi_1
        5   43.792   sky130_fd_sc_hd__a22o_1
        3   22.522   sky130_fd_sc_hd__a22oi_1
        1    8.758   sky130_fd_sc_hd__a31o_1
        1    8.758   sky130_fd_sc_hd__a32oi_1
       32  200.192   sky130_fd_sc_hd__and2_0
       64  400.384   sky130_fd_sc_hd__and3_1
       81 2.23E+03   sky130_fd_sc_hd__buf_16
        5   18.768   sky130_fd_sc_hd__clkinv_1
       25    625.6   sky130_fd_sc_hd__dfrtp_1
        1   26.275   sky130_fd_sc_hd__dfstp_2
        1    6.256   sky130_fd_sc_hd__lpflow_inputiso1p_1
        7   43.792   sky130_fd_sc_hd__lpflow_isobufsrc_1
       24   90.086   sky130_fd_sc_hd__nand2_1
        3   18.768   sky130_fd_sc_hd__nand2b_1
        1    5.005   sky130_fd_sc_hd__nand3_1
        4   25.024   sky130_fd_sc_hd__nand4_1
        3   11.261   sky130_fd_sc_hd__nor2_1
        5   25.024   sky130_fd_sc_hd__nor3_1
        2   15.014   sky130_fd_sc_hd__nor3b_1
        2   12.512   sky130_fd_sc_hd__nor4_1
        4   35.034   sky130_fd_sc_hd__nor4b_1
        1    7.507   sky130_fd_sc_hd__o211ai_1
       17   85.082   sky130_fd_sc_hd__o21ai_0
        1    7.507   sky130_fd_sc_hd__o21bai_1
        3   18.768   sky130_fd_sc_hd__o22ai_1
        2   17.517   sky130_fd_sc_hd__o31a_1
        5   37.536   sky130_fd_sc_hd__o31ai_1
        1    8.758   sky130_fd_sc_hd__o41ai_1
        2   15.014   sky130_fd_sc_hd__or4_1
        1    10.01   sky130_fd_sc_hd__or4b_1
       12  105.101   sky130_fd_sc_hd__xnor2_1
        5   43.792   sky130_fd_sc_hd__xor2_1
        4        - submodules
        1        -   ct_rtu_expand_32
        1        -   ct_rtu_expand_64
        2        -   gated_clk_cell

   Chip area for module '\ct_rtu_pst_vreg_entry_gate': 4599.411200
     of which used for sequential elements: 651.875200 (14.17%)

=== ct_rtu_expand_64 ===

        +----------Local Count, excluding submodules.
        |        +-Local Area, excluding submodules.
        |        | 
       22        - wires
       90        - wire bits
       22        - public wires
       90        - public wire bits
        2        - ports
       70        - port bits
       84  419.152 cells
        1    6.256   sky130_fd_sc_hd__lpflow_inputiso1p_1
        1    3.754   sky130_fd_sc_hd__nand2_1
        2   12.512   sky130_fd_sc_hd__nand2b_1
        1    6.256   sky130_fd_sc_hd__nand4_1
        4   35.034   sky130_fd_sc_hd__nand4b_1
        6   67.565   sky130_fd_sc_hd__nand4bb_1
       64   240.23   sky130_fd_sc_hd__nor2_1
        1    7.507   sky130_fd_sc_hd__or4_1
        4   40.038   sky130_fd_sc_hd__or4b_1

   Chip area for module '\ct_rtu_expand_64': 419.152000
     of which used for sequential elements: 0.000000 (0.00%)

=== ct_rtu_expand_32 ===

        +----------Local Count, excluding submodules.
        |        +-Local Area, excluding submodules.
        |        | 
       16        - wires
       51        - wire bits
       16        - public wires
       51        - public wire bits
        2        - ports
       37        - port bits
       46  269.008 cells
        2   12.512   sky130_fd_sc_hd__and2_0
       16  100.096   sky130_fd_sc_hd__and3_1
        1    8.758   sky130_fd_sc_hd__and3b_1
        4   25.024   sky130_fd_sc_hd__lpflow_isobufsrc_1
        2    7.507   sky130_fd_sc_hd__nand2_1
        4   25.024   sky130_fd_sc_hd__nand2b_1
        2    7.507   sky130_fd_sc_hd__nor2_1
        9   45.043   sky130_fd_sc_hd__nor3_1
        6   37.536   sky130_fd_sc_hd__nor4_1

   Chip area for module '\ct_rtu_expand_32': 269.008000
     of which used for sequential elements: 0.000000 (0.00%)

=== design hierarchy ===

        +----------Count including submodules.
        |        +-Area including submodules.
        |        | 
      498 5.29E+03 ct_rtu_pst_vreg_entry_gate
       46  269.008 ct_rtu_expand_32
       84  419.152 ct_rtu_expand_64

        +----------Count including submodules.
        |        +-Area including submodules.
        |        | 
      356        - wires
      755        - wire bits
      356        - public wires
      755        - public wire bits
       60        - ports
      342        - port bits
        -        - memories
        -        - memory bits
        -        - processes
      498 5.29E+03 cells
        2   17.517   sky130_fd_sc_hd__a2111oi_0
        1    8.758   sky130_fd_sc_hd__a211o_1
        4   30.029   sky130_fd_sc_hd__a211oi_1
       13   97.594   sky130_fd_sc_hd__a21boi_0
        6   45.043   sky130_fd_sc_hd__a21o_1
        1    5.005   sky130_fd_sc_hd__a21oi_1
        1    10.01   sky130_fd_sc_hd__a221o_1
        3   26.275   sky130_fd_sc_hd__a221oi_1
       13  130.125   sky130_fd_sc_hd__a222oi_1
        5   43.792   sky130_fd_sc_hd__a22o_1
        3   22.522   sky130_fd_sc_hd__a22oi_1
        1    8.758   sky130_fd_sc_hd__a31o_1
        1    8.758   sky130_fd_sc_hd__a32oi_1
       34  212.704   sky130_fd_sc_hd__and2_0
       80   500.48   sky130_fd_sc_hd__and3_1
        1    8.758   sky130_fd_sc_hd__and3b_1
       81 2.23E+03   sky130_fd_sc_hd__buf_16
        5   18.768   sky130_fd_sc_hd__clkinv_1
       25    625.6   sky130_fd_sc_hd__dfrtp_1
        1   26.275   sky130_fd_sc_hd__dfstp_2
        2   12.512   sky130_fd_sc_hd__lpflow_inputiso1p_1
       11   68.816   sky130_fd_sc_hd__lpflow_isobufsrc_1
       27  101.347   sky130_fd_sc_hd__nand2_1
        9   56.304   sky130_fd_sc_hd__nand2b_1
        1    5.005   sky130_fd_sc_hd__nand3_1
        5    31.28   sky130_fd_sc_hd__nand4_1
        4   35.034   sky130_fd_sc_hd__nand4b_1
        6   67.565   sky130_fd_sc_hd__nand4bb_1
       69  258.998   sky130_fd_sc_hd__nor2_1
       14   70.067   sky130_fd_sc_hd__nor3_1
        2   15.014   sky130_fd_sc_hd__nor3b_1
        8   50.048   sky130_fd_sc_hd__nor4_1
        4   35.034   sky130_fd_sc_hd__nor4b_1
        1    7.507   sky130_fd_sc_hd__o211ai_1
       17   85.082   sky130_fd_sc_hd__o21ai_0
        1    7.507   sky130_fd_sc_hd__o21bai_1
        3   18.768   sky130_fd_sc_hd__o22ai_1
        2   17.517   sky130_fd_sc_hd__o31a_1
        5   37.536   sky130_fd_sc_hd__o31ai_1
        1    8.758   sky130_fd_sc_hd__o41ai_1
        3   22.522   sky130_fd_sc_hd__or4_1
        5   50.048   sky130_fd_sc_hd__or4b_1
       12  105.101   sky130_fd_sc_hd__xnor2_1
        5   43.792   sky130_fd_sc_hd__xor2_1
        4   688.16 submodules
        1  269.008   ct_rtu_expand_32
        1  419.152   ct_rtu_expand_64
        2        -   gated_clk_cell

   Chip area for top module '\ct_rtu_pst_vreg_entry_gate': 5287.571200
     of which used for sequential elements: 651.875200 (12.33%)

End of script. Logfile hash: d617e69059, time: 0.13s, user: 0.11s, system: 0.03s, MEM: 43.50 MB peak
Yosys 0.66+181 (git sha1 afe6b18f2, Release, Clang /usr/bin/clang++ 18.1.8)
Time spent: 37% 2x read_liberty (0 sec), 32% 1x stat (0 sec), ...
