OpenSTA 2.2.0 02b129d48f Copyright (c) 2019, Parallax Software, Inc.
License GPLv3: GNU GPL version 3 <http://gnu.org/licenses/gpl.html>

This is free software, and you are free to change and redistribute it
under certain conditions; type `show_copying' for details. 
This program comes with ABSOLUTELY NO WARRANTY; for details type `show_warranty'.
Startpoint: x_ct_pmp_regs/_0941_
            (rising edge-triggered flip-flop clocked by forever_cpuclk)
Endpoint: x_ct_pmp_regs/_1005_
          (rising edge-triggered flip-flop clocked by forever_cpuclk)
Path Group: forever_cpuclk
Path Type: max

Fanout       Cap      Slew     Delay      Time   Description
-------------------------------------------------------------------------------------
                              0.0000    0.0000   clock forever_cpuclk (rise edge)
                              0.0013    0.0013   clock network delay (propagated)
                    0.0000    0.0000    0.0013 ^ x_ct_pmp_regs/_0941_/CLK (sky130_fd_sc_hd__dfrtp_1)
                    0.3258    0.4821    0.4833 ^ x_ct_pmp_regs/_0941_/Q (sky130_fd_sc_hd__dfrtp_1)
    13    0.0328                                 pmpcfg0_value[19] (net)
                    0.3258    0.0021    0.4854 ^ x_ct_pmp_regs/_0539_/B (sky130_fd_sc_hd__nand2_1)
                    0.0633    0.0819    0.5673 v x_ct_pmp_regs/_0539_/Y (sky130_fd_sc_hd__nand2_1)
     1    0.0019                                 x_ct_pmp_regs/_0374_ (net)
                    0.0636    0.0033    0.5707 v x_ct_pmp_regs/_0541_/A2 (sky130_fd_sc_hd__o21ai_0)
                    3.4872    2.2498    2.8205 ^ x_ct_pmp_regs/_0541_/Y (sky130_fd_sc_hd__o21ai_0)
    29    0.1060                                 x_ct_pmp_regs/_0376_ (net)
                    3.4872    0.0026    2.8231 ^ x_ct_pmp_regs/_0560_/S (sky130_fd_sc_hd__mux2_1)
                    0.0683    0.4100    3.2331 v x_ct_pmp_regs/_0560_/X (sky130_fd_sc_hd__mux2_1)
     1    0.0023                                 x_ct_pmp_regs/_0018_ (net)
                    0.0686    0.0039    3.2370 v x_ct_pmp_regs/_1005_/D (sky130_fd_sc_hd__dfrtp_1)
                                        3.2370   data arrival time

                             10.0000   10.0000   clock forever_cpuclk (rise edge)
                              0.0013   10.0013   clock network delay (propagated)
                              0.0000   10.0013   clock reconvergence pessimism
                                       10.0013 ^ x_ct_pmp_regs/_1005_/CLK (sky130_fd_sc_hd__dfrtp_1)
                             -0.1349    9.8664   library setup time
                                        9.8664   data required time
-------------------------------------------------------------------------------------
                                        9.8664   data required time
                                       -3.2370   data arrival time
-------------------------------------------------------------------------------------
                                        6.6293   slack (MET)


wns 0.00
tns 0.00
Group                  Internal  Switching    Leakage      Total
                          Power      Power      Power      Power
----------------------------------------------------------------
Sequential             5.89e-04   2.54e-04   2.45e-09   8.43e-04  44.3%
Combinational          6.11e-04   4.48e-04   1.26e-08   1.06e-03  55.7%
Macro                  0.00e+00   0.00e+00   0.00e+00   0.00e+00   0.0%
Pad                    0.00e+00   0.00e+00   0.00e+00   0.00e+00   0.0%
----------------------------------------------------------------
Total                  1.20e-03   7.01e-04   1.50e-08   1.90e-03 100.0%
                          63.1%      36.9%       0.0%
