
 /----------------------------------------------------------------------------\
 |  yosys -- Yosys Open SYnthesis Suite                                       |
 |  Copyright (C) 2012 - 2026  Claire Xenia Wolf <claire@yosyshq.com>         |
 |  Distributed under an ISC-like license, type "license" to see terms        |
 \----------------------------------------------------------------------------/
 Yosys 0.66+181 (git sha1 afe6b18f2, Release, Clang /usr/bin/clang++ 18.1.8)

-- Running command `read_liberty -lib sky130_fd_sc_hd__tt_025C_1v80.lib; read_verilog -sv cpu_cfig.h *.v; synth -top ct_pmp_top; dfflibmap -liberty sky130_fd_sc_hd__tt_025C_1v80.lib; abc -liberty sky130_fd_sc_hd__tt_025C_1v80.lib; clean -purge; rename -unescape; stat -liberty sky130_fd_sc_hd__tt_025C_1v80.lib; write_verilog -simple-lhs -noattr replay_out/ct_pmp_top_gate.mapped.v' --

1. Executing Liberty frontend: sky130_fd_sc_hd__tt_025C_1v80.lib
Imported 428 cell types from liberty file.

2. Executing Verilog-2005 frontend: cpu_cfig.h
Parsing SystemVerilog input from `cpu_cfig.h' to AST representation.
Successfully finished Verilog frontend.

3. Executing Verilog-2005 frontend: ct_pmp_acc.v
Parsing SystemVerilog input from `ct_pmp_acc.v' to AST representation.
Generating RTLIL representation for module `\ct_pmp_acc'.
Note: Assuming pure combinatorial block at ct_pmp_acc.v:259.1-301.4 in
compliance with IEC 62142(E):2005 / IEEE Std. 1364.1(E):2002. Recommending
use of @* instead of @(...) for better match of synthesis and simulation.
Successfully finished Verilog frontend.

4. Executing Verilog-2005 frontend: ct_pmp_comp_hit.v
Parsing SystemVerilog input from `ct_pmp_comp_hit.v' to AST representation.
Generating RTLIL representation for module `\ct_pmp_comp_hit'.
Note: Assuming pure combinatorial block at ct_pmp_comp_hit.v:58.1-71.4 in
compliance with IEC 62142(E):2005 / IEEE Std. 1364.1(E):2002. Recommending
use of @* instead of @(...) for better match of synthesis and simulation.
Successfully finished Verilog frontend.

5. Executing Verilog-2005 frontend: ct_pmp_regs.v
Parsing SystemVerilog input from `ct_pmp_regs.v' to AST representation.
Generating RTLIL representation for module `\ct_pmp_regs'.
Successfully finished Verilog frontend.

6. Executing Verilog-2005 frontend: ct_pmp_top.v
Parsing SystemVerilog input from `ct_pmp_top.v' to AST representation.
Generating RTLIL representation for module `\ct_pmp_top'.
Successfully finished Verilog frontend.

7. Executing Verilog-2005 frontend: gated_clk_cell.v
Parsing SystemVerilog input from `gated_clk_cell.v' to AST representation.
Generating RTLIL representation for module `\gated_clk_cell'.
Successfully finished Verilog frontend.

8. Executing SYNTH pass.

8.1. Executing HIERARCHY pass (managing design hierarchy).

8.1.1. Analyzing design hierarchy..
Top module:  \ct_pmp_top
Used module:     \ct_pmp_acc
Used module:         \ct_pmp_comp_hit
Used module:     \ct_pmp_regs
Used module:     \gated_clk_cell

8.1.2. Analyzing design hierarchy..
Top module:  \ct_pmp_top
Used module:     \ct_pmp_acc
Used module:         \ct_pmp_comp_hit
Used module:     \ct_pmp_regs
Used module:     \gated_clk_cell
Removed 0 unused modules.

8.2. Executing PROC pass (convert processes to netlists).

8.2.1. Executing PROC_CLEAN pass (remove empty switches from decision trees).
Cleaned up 0 empty switches.

8.2.2. Executing PROC_RMDEAD pass (remove dead branches from decision trees).
Marked 2 switch rules as full_case in process $proc$ct_pmp_regs.v:487$161 in module ct_pmp_regs.
Marked 2 switch rules as full_case in process $proc$ct_pmp_regs.v:475$153 in module ct_pmp_regs.
Marked 2 switch rules as full_case in process $proc$ct_pmp_regs.v:463$145 in module ct_pmp_regs.
Marked 2 switch rules as full_case in process $proc$ct_pmp_regs.v:451$137 in module ct_pmp_regs.
Marked 2 switch rules as full_case in process $proc$ct_pmp_regs.v:439$129 in module ct_pmp_regs.
Marked 2 switch rules as full_case in process $proc$ct_pmp_regs.v:427$121 in module ct_pmp_regs.
Marked 2 switch rules as full_case in process $proc$ct_pmp_regs.v:415$113 in module ct_pmp_regs.
Marked 2 switch rules as full_case in process $proc$ct_pmp_regs.v:403$105 in module ct_pmp_regs.
Marked 2 switch rules as full_case in process $proc$ct_pmp_regs.v:350$97 in module ct_pmp_regs.
Marked 2 switch rules as full_case in process $proc$ct_pmp_regs.v:321$93 in module ct_pmp_regs.
Marked 2 switch rules as full_case in process $proc$ct_pmp_regs.v:292$89 in module ct_pmp_regs.
Marked 2 switch rules as full_case in process $proc$ct_pmp_regs.v:263$85 in module ct_pmp_regs.
Marked 2 switch rules as full_case in process $proc$ct_pmp_regs.v:234$81 in module ct_pmp_regs.
Marked 2 switch rules as full_case in process $proc$ct_pmp_regs.v:205$77 in module ct_pmp_regs.
Marked 2 switch rules as full_case in process $proc$ct_pmp_regs.v:176$73 in module ct_pmp_regs.
Marked 2 switch rules as full_case in process $proc$ct_pmp_regs.v:147$69 in module ct_pmp_regs.
Removed 1 dead cases from process $proc$ct_pmp_comp_hit.v:58$5 in module ct_pmp_comp_hit.
Marked 1 switch rules as full_case in process $proc$ct_pmp_comp_hit.v:58$5 in module ct_pmp_comp_hit.
Removed 1 dead cases from process $proc$ct_pmp_acc.v:259$4 in module ct_pmp_acc.
Marked 1 switch rules as full_case in process $proc$ct_pmp_acc.v:259$4 in module ct_pmp_acc.
Removed a total of 2 dead cases.

8.2.3. Executing PROC_PRUNE pass (remove redundant assignments in processes).
Removed 48 redundant assignments.
Promoted 2 assignments to connections.

8.2.4. Executing PROC_INIT pass (extract init attributes).

8.2.5. Executing PROC_ARST pass (detect async resets in processes).
Found async reset \cpurst_b in `\ct_pmp_regs.$proc$ct_pmp_regs.v:487$161'.
Found async reset \cpurst_b in `\ct_pmp_regs.$proc$ct_pmp_regs.v:475$153'.
Found async reset \cpurst_b in `\ct_pmp_regs.$proc$ct_pmp_regs.v:463$145'.
Found async reset \cpurst_b in `\ct_pmp_regs.$proc$ct_pmp_regs.v:451$137'.
Found async reset \cpurst_b in `\ct_pmp_regs.$proc$ct_pmp_regs.v:439$129'.
Found async reset \cpurst_b in `\ct_pmp_regs.$proc$ct_pmp_regs.v:427$121'.
Found async reset \cpurst_b in `\ct_pmp_regs.$proc$ct_pmp_regs.v:415$113'.
Found async reset \cpurst_b in `\ct_pmp_regs.$proc$ct_pmp_regs.v:403$105'.
Found async reset \cpurst_b in `\ct_pmp_regs.$proc$ct_pmp_regs.v:350$97'.
Found async reset \cpurst_b in `\ct_pmp_regs.$proc$ct_pmp_regs.v:321$93'.
Found async reset \cpurst_b in `\ct_pmp_regs.$proc$ct_pmp_regs.v:292$89'.
Found async reset \cpurst_b in `\ct_pmp_regs.$proc$ct_pmp_regs.v:263$85'.
Found async reset \cpurst_b in `\ct_pmp_regs.$proc$ct_pmp_regs.v:234$81'.
Found async reset \cpurst_b in `\ct_pmp_regs.$proc$ct_pmp_regs.v:205$77'.
Found async reset \cpurst_b in `\ct_pmp_regs.$proc$ct_pmp_regs.v:176$73'.
Found async reset \cpurst_b in `\ct_pmp_regs.$proc$ct_pmp_regs.v:147$69'.

8.2.6. Executing PROC_ROM pass (convert switches to ROMs).
Converted 0 switches.
<suppressed ~18 debug messages>

8.2.7. Executing PROC_MUX pass (convert decision trees to multiplexers).
Creating decoders for process `\ct_pmp_regs.$proc$ct_pmp_regs.v:487$161'.
     1/1: $0\pmpaddr7_value[28:0]
Creating decoders for process `\ct_pmp_regs.$proc$ct_pmp_regs.v:475$153'.
     1/1: $0\pmpaddr6_value[28:0]
Creating decoders for process `\ct_pmp_regs.$proc$ct_pmp_regs.v:463$145'.
     1/1: $0\pmpaddr5_value[28:0]
Creating decoders for process `\ct_pmp_regs.$proc$ct_pmp_regs.v:451$137'.
     1/1: $0\pmpaddr4_value[28:0]
Creating decoders for process `\ct_pmp_regs.$proc$ct_pmp_regs.v:439$129'.
     1/1: $0\pmpaddr3_value[28:0]
Creating decoders for process `\ct_pmp_regs.$proc$ct_pmp_regs.v:427$121'.
     1/1: $0\pmpaddr2_value[28:0]
Creating decoders for process `\ct_pmp_regs.$proc$ct_pmp_regs.v:415$113'.
     1/1: $0\pmpaddr1_value[28:0]
Creating decoders for process `\ct_pmp_regs.$proc$ct_pmp_regs.v:403$105'.
     1/1: $0\pmpaddr0_value[28:0]
Creating decoders for process `\ct_pmp_regs.$proc$ct_pmp_regs.v:350$97'.
     1/5: $0\pmp7cfg_lock[0:0]
     2/5: $0\pmp7cfg_addr_mode[1:0]
     3/5: $0\pmp7cfg_executeable[0:0]
     4/5: $0\pmp7cfg_writable[0:0]
     5/5: $0\pmp7cfg_readable[0:0]
Creating decoders for process `\ct_pmp_regs.$proc$ct_pmp_regs.v:321$93'.
     1/5: $0\pmp6cfg_lock[0:0]
     2/5: $0\pmp6cfg_addr_mode[1:0]
     3/5: $0\pmp6cfg_executeable[0:0]
     4/5: $0\pmp6cfg_writable[0:0]
     5/5: $0\pmp6cfg_readable[0:0]
Creating decoders for process `\ct_pmp_regs.$proc$ct_pmp_regs.v:292$89'.
     1/5: $0\pmp5cfg_lock[0:0]
     2/5: $0\pmp5cfg_addr_mode[1:0]
     3/5: $0\pmp5cfg_executeable[0:0]
     4/5: $0\pmp5cfg_writable[0:0]
     5/5: $0\pmp5cfg_readable[0:0]
Creating decoders for process `\ct_pmp_regs.$proc$ct_pmp_regs.v:263$85'.
     1/5: $0\pmp4cfg_lock[0:0]
     2/5: $0\pmp4cfg_addr_mode[1:0]
     3/5: $0\pmp4cfg_executeable[0:0]
     4/5: $0\pmp4cfg_writable[0:0]
     5/5: $0\pmp4cfg_readable[0:0]
Creating decoders for process `\ct_pmp_regs.$proc$ct_pmp_regs.v:234$81'.
     1/5: $0\pmp3cfg_lock[0:0]
     2/5: $0\pmp3cfg_addr_mode[1:0]
     3/5: $0\pmp3cfg_executeable[0:0]
     4/5: $0\pmp3cfg_writable[0:0]
     5/5: $0\pmp3cfg_readable[0:0]
Creating decoders for process `\ct_pmp_regs.$proc$ct_pmp_regs.v:205$77'.
     1/5: $0\pmp2cfg_lock[0:0]
     2/5: $0\pmp2cfg_addr_mode[1:0]
     3/5: $0\pmp2cfg_executeable[0:0]
     4/5: $0\pmp2cfg_writable[0:0]
     5/5: $0\pmp2cfg_readable[0:0]
Creating decoders for process `\ct_pmp_regs.$proc$ct_pmp_regs.v:176$73'.
     1/5: $0\pmp1cfg_lock[0:0]
     2/5: $0\pmp1cfg_addr_mode[1:0]
     3/5: $0\pmp1cfg_executeable[0:0]
     4/5: $0\pmp1cfg_writable[0:0]
     5/5: $0\pmp1cfg_readable[0:0]
Creating decoders for process `\ct_pmp_regs.$proc$ct_pmp_regs.v:147$69'.
     1/5: $0\pmp0cfg_lock[0:0]
     2/5: $0\pmp0cfg_addr_mode[1:0]
     3/5: $0\pmp0cfg_executeable[0:0]
     4/5: $0\pmp0cfg_writable[0:0]
     5/5: $0\pmp0cfg_readable[0:0]
Creating decoders for process `\ct_pmp_comp_hit.$proc$ct_pmp_comp_hit.v:58$5'.
     1/1: $1\pmp_mmu_hit_x[0:0]
Creating decoders for process `\ct_pmp_acc.$proc$ct_pmp_acc.v:259$4'.
     1/1: $1\pmp_mmu_flg_y[3:0]

8.2.8. Executing PROC_DLATCH pass (convert process syncs to latches).
No latch inferred for signal `\ct_pmp_comp_hit.\pmp_mmu_hit_x' from process `\ct_pmp_comp_hit.$proc$ct_pmp_comp_hit.v:58$5'.
No latch inferred for signal `\ct_pmp_acc.\pmp_mmu_flg_y' from process `\ct_pmp_acc.$proc$ct_pmp_acc.v:259$4'.

8.2.9. Executing PROC_DFF pass (convert process syncs to FFs).
Creating register for signal `\ct_pmp_regs.\pmpaddr7_value' using process `\ct_pmp_regs.$proc$ct_pmp_regs.v:487$161'.
  created $adff cell `$procdff$394' with positive edge clock and positive level reset.
Creating register for signal `\ct_pmp_regs.\pmpaddr6_value' using process `\ct_pmp_regs.$proc$ct_pmp_regs.v:475$153'.
  created $adff cell `$procdff$399' with positive edge clock and positive level reset.
Creating register for signal `\ct_pmp_regs.\pmpaddr5_value' using process `\ct_pmp_regs.$proc$ct_pmp_regs.v:463$145'.
  created $adff cell `$procdff$404' with positive edge clock and positive level reset.
Creating register for signal `\ct_pmp_regs.\pmpaddr4_value' using process `\ct_pmp_regs.$proc$ct_pmp_regs.v:451$137'.
  created $adff cell `$procdff$409' with positive edge clock and positive level reset.
Creating register for signal `\ct_pmp_regs.\pmpaddr3_value' using process `\ct_pmp_regs.$proc$ct_pmp_regs.v:439$129'.
  created $adff cell `$procdff$414' with positive edge clock and positive level reset.
Creating register for signal `\ct_pmp_regs.\pmpaddr2_value' using process `\ct_pmp_regs.$proc$ct_pmp_regs.v:427$121'.
  created $adff cell `$procdff$419' with positive edge clock and positive level reset.
Creating register for signal `\ct_pmp_regs.\pmpaddr1_value' using process `\ct_pmp_regs.$proc$ct_pmp_regs.v:415$113'.
  created $adff cell `$procdff$424' with positive edge clock and positive level reset.
Creating register for signal `\ct_pmp_regs.\pmpaddr0_value' using process `\ct_pmp_regs.$proc$ct_pmp_regs.v:403$105'.
  created $adff cell `$procdff$429' with positive edge clock and positive level reset.
Creating register for signal `\ct_pmp_regs.\pmp7cfg_addr_mode' using process `\ct_pmp_regs.$proc$ct_pmp_regs.v:350$97'.
  created $adff cell `$procdff$434' with positive edge clock and positive level reset.
Creating register for signal `\ct_pmp_regs.\pmp7cfg_executeable' using process `\ct_pmp_regs.$proc$ct_pmp_regs.v:350$97'.
  created $adff cell `$procdff$439' with positive edge clock and positive level reset.
Creating register for signal `\ct_pmp_regs.\pmp7cfg_lock' using process `\ct_pmp_regs.$proc$ct_pmp_regs.v:350$97'.
  created $adff cell `$procdff$444' with positive edge clock and positive level reset.
Creating register for signal `\ct_pmp_regs.\pmp7cfg_readable' using process `\ct_pmp_regs.$proc$ct_pmp_regs.v:350$97'.
  created $adff cell `$procdff$449' with positive edge clock and positive level reset.
Creating register for signal `\ct_pmp_regs.\pmp7cfg_writable' using process `\ct_pmp_regs.$proc$ct_pmp_regs.v:350$97'.
  created $adff cell `$procdff$454' with positive edge clock and positive level reset.
Creating register for signal `\ct_pmp_regs.\pmp6cfg_addr_mode' using process `\ct_pmp_regs.$proc$ct_pmp_regs.v:321$93'.
  created $adff cell `$procdff$459' with positive edge clock and positive level reset.
Creating register for signal `\ct_pmp_regs.\pmp6cfg_executeable' using process `\ct_pmp_regs.$proc$ct_pmp_regs.v:321$93'.
  created $adff cell `$procdff$464' with positive edge clock and positive level reset.
Creating register for signal `\ct_pmp_regs.\pmp6cfg_lock' using process `\ct_pmp_regs.$proc$ct_pmp_regs.v:321$93'.
  created $adff cell `$procdff$469' with positive edge clock and positive level reset.
Creating register for signal `\ct_pmp_regs.\pmp6cfg_readable' using process `\ct_pmp_regs.$proc$ct_pmp_regs.v:321$93'.
  created $adff cell `$procdff$474' with positive edge clock and positive level reset.
Creating register for signal `\ct_pmp_regs.\pmp6cfg_writable' using process `\ct_pmp_regs.$proc$ct_pmp_regs.v:321$93'.
  created $adff cell `$procdff$479' with positive edge clock and positive level reset.
Creating register for signal `\ct_pmp_regs.\pmp5cfg_addr_mode' using process `\ct_pmp_regs.$proc$ct_pmp_regs.v:292$89'.
  created $adff cell `$procdff$484' with positive edge clock and positive level reset.
Creating register for signal `\ct_pmp_regs.\pmp5cfg_executeable' using process `\ct_pmp_regs.$proc$ct_pmp_regs.v:292$89'.
  created $adff cell `$procdff$489' with positive edge clock and positive level reset.
Creating register for signal `\ct_pmp_regs.\pmp5cfg_lock' using process `\ct_pmp_regs.$proc$ct_pmp_regs.v:292$89'.
  created $adff cell `$procdff$494' with positive edge clock and positive level reset.
Creating register for signal `\ct_pmp_regs.\pmp5cfg_readable' using process `\ct_pmp_regs.$proc$ct_pmp_regs.v:292$89'.
  created $adff cell `$procdff$499' with positive edge clock and positive level reset.
Creating register for signal `\ct_pmp_regs.\pmp5cfg_writable' using process `\ct_pmp_regs.$proc$ct_pmp_regs.v:292$89'.
  created $adff cell `$procdff$504' with positive edge clock and positive level reset.
Creating register for signal `\ct_pmp_regs.\pmp4cfg_addr_mode' using process `\ct_pmp_regs.$proc$ct_pmp_regs.v:263$85'.
  created $adff cell `$procdff$509' with positive edge clock and positive level reset.
Creating register for signal `\ct_pmp_regs.\pmp4cfg_executeable' using process `\ct_pmp_regs.$proc$ct_pmp_regs.v:263$85'.
  created $adff cell `$procdff$514' with positive edge clock and positive level reset.
Creating register for signal `\ct_pmp_regs.\pmp4cfg_lock' using process `\ct_pmp_regs.$proc$ct_pmp_regs.v:263$85'.
  created $adff cell `$procdff$519' with positive edge clock and positive level reset.
Creating register for signal `\ct_pmp_regs.\pmp4cfg_readable' using process `\ct_pmp_regs.$proc$ct_pmp_regs.v:263$85'.
  created $adff cell `$procdff$524' with positive edge clock and positive level reset.
Creating register for signal `\ct_pmp_regs.\pmp4cfg_writable' using process `\ct_pmp_regs.$proc$ct_pmp_regs.v:263$85'.
  created $adff cell `$procdff$529' with positive edge clock and positive level reset.
Creating register for signal `\ct_pmp_regs.\pmp3cfg_addr_mode' using process `\ct_pmp_regs.$proc$ct_pmp_regs.v:234$81'.
  created $adff cell `$procdff$534' with positive edge clock and positive level reset.
Creating register for signal `\ct_pmp_regs.\pmp3cfg_executeable' using process `\ct_pmp_regs.$proc$ct_pmp_regs.v:234$81'.
  created $adff cell `$procdff$539' with positive edge clock and positive level reset.
Creating register for signal `\ct_pmp_regs.\pmp3cfg_lock' using process `\ct_pmp_regs.$proc$ct_pmp_regs.v:234$81'.
  created $adff cell `$procdff$544' with positive edge clock and positive level reset.
Creating register for signal `\ct_pmp_regs.\pmp3cfg_readable' using process `\ct_pmp_regs.$proc$ct_pmp_regs.v:234$81'.
  created $adff cell `$procdff$549' with positive edge clock and positive level reset.
Creating register for signal `\ct_pmp_regs.\pmp3cfg_writable' using process `\ct_pmp_regs.$proc$ct_pmp_regs.v:234$81'.
  created $adff cell `$procdff$554' with positive edge clock and positive level reset.
Creating register for signal `\ct_pmp_regs.\pmp2cfg_addr_mode' using process `\ct_pmp_regs.$proc$ct_pmp_regs.v:205$77'.
  created $adff cell `$procdff$559' with positive edge clock and positive level reset.
Creating register for signal `\ct_pmp_regs.\pmp2cfg_executeable' using process `\ct_pmp_regs.$proc$ct_pmp_regs.v:205$77'.
  created $adff cell `$procdff$564' with positive edge clock and positive level reset.
Creating register for signal `\ct_pmp_regs.\pmp2cfg_lock' using process `\ct_pmp_regs.$proc$ct_pmp_regs.v:205$77'.
  created $adff cell `$procdff$569' with positive edge clock and positive level reset.
Creating register for signal `\ct_pmp_regs.\pmp2cfg_readable' using process `\ct_pmp_regs.$proc$ct_pmp_regs.v:205$77'.
  created $adff cell `$procdff$574' with positive edge clock and positive level reset.
Creating register for signal `\ct_pmp_regs.\pmp2cfg_writable' using process `\ct_pmp_regs.$proc$ct_pmp_regs.v:205$77'.
  created $adff cell `$procdff$579' with positive edge clock and positive level reset.
Creating register for signal `\ct_pmp_regs.\pmp1cfg_addr_mode' using process `\ct_pmp_regs.$proc$ct_pmp_regs.v:176$73'.
  created $adff cell `$procdff$584' with positive edge clock and positive level reset.
Creating register for signal `\ct_pmp_regs.\pmp1cfg_executeable' using process `\ct_pmp_regs.$proc$ct_pmp_regs.v:176$73'.
  created $adff cell `$procdff$589' with positive edge clock and positive level reset.
Creating register for signal `\ct_pmp_regs.\pmp1cfg_lock' using process `\ct_pmp_regs.$proc$ct_pmp_regs.v:176$73'.
  created $adff cell `$procdff$594' with positive edge clock and positive level reset.
Creating register for signal `\ct_pmp_regs.\pmp1cfg_readable' using process `\ct_pmp_regs.$proc$ct_pmp_regs.v:176$73'.
  created $adff cell `$procdff$599' with positive edge clock and positive level reset.
Creating register for signal `\ct_pmp_regs.\pmp1cfg_writable' using process `\ct_pmp_regs.$proc$ct_pmp_regs.v:176$73'.
  created $adff cell `$procdff$604' with positive edge clock and positive level reset.
Creating register for signal `\ct_pmp_regs.\pmp0cfg_addr_mode' using process `\ct_pmp_regs.$proc$ct_pmp_regs.v:147$69'.
  created $adff cell `$procdff$609' with positive edge clock and positive level reset.
Creating register for signal `\ct_pmp_regs.\pmp0cfg_executeable' using process `\ct_pmp_regs.$proc$ct_pmp_regs.v:147$69'.
  created $adff cell `$procdff$614' with positive edge clock and positive level reset.
Creating register for signal `\ct_pmp_regs.\pmp0cfg_lock' using process `\ct_pmp_regs.$proc$ct_pmp_regs.v:147$69'.
  created $adff cell `$procdff$619' with positive edge clock and positive level reset.
Creating register for signal `\ct_pmp_regs.\pmp0cfg_readable' using process `\ct_pmp_regs.$proc$ct_pmp_regs.v:147$69'.
  created $adff cell `$procdff$624' with positive edge clock and positive level reset.
Creating register for signal `\ct_pmp_regs.\pmp0cfg_writable' using process `\ct_pmp_regs.$proc$ct_pmp_regs.v:147$69'.
  created $adff cell `$procdff$629' with positive edge clock and positive level reset.

8.2.10. Executing PROC_MEMWR pass (convert process memory writes to cells).

8.2.11. Executing PROC_CLEAN pass (remove empty switches from decision trees).
Found and cleaned up 1 empty switch in `\ct_pmp_regs.$proc$ct_pmp_regs.v:487$161'.
Removing empty process `ct_pmp_regs.$proc$ct_pmp_regs.v:487$161'.
Found and cleaned up 1 empty switch in `\ct_pmp_regs.$proc$ct_pmp_regs.v:475$153'.
Removing empty process `ct_pmp_regs.$proc$ct_pmp_regs.v:475$153'.
Found and cleaned up 1 empty switch in `\ct_pmp_regs.$proc$ct_pmp_regs.v:463$145'.
Removing empty process `ct_pmp_regs.$proc$ct_pmp_regs.v:463$145'.
Found and cleaned up 1 empty switch in `\ct_pmp_regs.$proc$ct_pmp_regs.v:451$137'.
Removing empty process `ct_pmp_regs.$proc$ct_pmp_regs.v:451$137'.
Found and cleaned up 1 empty switch in `\ct_pmp_regs.$proc$ct_pmp_regs.v:439$129'.
Removing empty process `ct_pmp_regs.$proc$ct_pmp_regs.v:439$129'.
Found and cleaned up 1 empty switch in `\ct_pmp_regs.$proc$ct_pmp_regs.v:427$121'.
Removing empty process `ct_pmp_regs.$proc$ct_pmp_regs.v:427$121'.
Found and cleaned up 1 empty switch in `\ct_pmp_regs.$proc$ct_pmp_regs.v:415$113'.
Removing empty process `ct_pmp_regs.$proc$ct_pmp_regs.v:415$113'.
Found and cleaned up 1 empty switch in `\ct_pmp_regs.$proc$ct_pmp_regs.v:403$105'.
Removing empty process `ct_pmp_regs.$proc$ct_pmp_regs.v:403$105'.
Found and cleaned up 1 empty switch in `\ct_pmp_regs.$proc$ct_pmp_regs.v:350$97'.
Removing empty process `ct_pmp_regs.$proc$ct_pmp_regs.v:350$97'.
Found and cleaned up 1 empty switch in `\ct_pmp_regs.$proc$ct_pmp_regs.v:321$93'.
Removing empty process `ct_pmp_regs.$proc$ct_pmp_regs.v:321$93'.
Found and cleaned up 1 empty switch in `\ct_pmp_regs.$proc$ct_pmp_regs.v:292$89'.
Removing empty process `ct_pmp_regs.$proc$ct_pmp_regs.v:292$89'.
Found and cleaned up 1 empty switch in `\ct_pmp_regs.$proc$ct_pmp_regs.v:263$85'.
Removing empty process `ct_pmp_regs.$proc$ct_pmp_regs.v:263$85'.
Found and cleaned up 1 empty switch in `\ct_pmp_regs.$proc$ct_pmp_regs.v:234$81'.
Removing empty process `ct_pmp_regs.$proc$ct_pmp_regs.v:234$81'.
Found and cleaned up 1 empty switch in `\ct_pmp_regs.$proc$ct_pmp_regs.v:205$77'.
Removing empty process `ct_pmp_regs.$proc$ct_pmp_regs.v:205$77'.
Found and cleaned up 1 empty switch in `\ct_pmp_regs.$proc$ct_pmp_regs.v:176$73'.
Removing empty process `ct_pmp_regs.$proc$ct_pmp_regs.v:176$73'.
Found and cleaned up 1 empty switch in `\ct_pmp_regs.$proc$ct_pmp_regs.v:147$69'.
Removing empty process `ct_pmp_regs.$proc$ct_pmp_regs.v:147$69'.
Found and cleaned up 1 empty switch in `\ct_pmp_comp_hit.$proc$ct_pmp_comp_hit.v:58$5'.
Removing empty process `ct_pmp_comp_hit.$proc$ct_pmp_comp_hit.v:58$5'.
Found and cleaned up 1 empty switch in `\ct_pmp_acc.$proc$ct_pmp_acc.v:259$4'.
Removing empty process `ct_pmp_acc.$proc$ct_pmp_acc.v:259$4'.
Cleaned up 18 empty switches.

8.2.12. Executing OPT_EXPR pass (perform const folding).
Optimizing module gated_clk_cell.
Optimizing module ct_pmp_top.
Optimizing module ct_pmp_regs.
<suppressed ~119 debug messages>
Optimizing module ct_pmp_comp_hit.
<suppressed ~1 debug messages>
Optimizing module ct_pmp_acc.
<suppressed ~1 debug messages>

8.3. Executing OPT_EXPR pass (perform const folding).
Optimizing module gated_clk_cell.
Optimizing module ct_pmp_top.
Optimizing module ct_pmp_regs.
Optimizing module ct_pmp_comp_hit.
Optimizing module ct_pmp_acc.

8.4. Executing OPT_CLEAN pass (remove unused cells and wires).
Finding unused cells or wires in module \gated_clk_cell..
Finding unused cells or wires in module \ct_pmp_top..
Finding unused cells or wires in module \ct_pmp_regs..
Finding unused cells or wires in module \ct_pmp_comp_hit..
Finding unused cells or wires in module \ct_pmp_acc..
Removed 67 unused cells and 314 unused wires.
<suppressed ~73 debug messages>

8.5. Executing CHECK pass (checking for obvious problems).
Checking module gated_clk_cell...
Checking module ct_pmp_top...
Checking module ct_pmp_regs...
Checking module ct_pmp_comp_hit...
Checking module ct_pmp_acc...
Found and reported 0 problems.

8.6. Executing OPT pass (performing simple optimizations).

8.6.1. Executing OPT_EXPR pass (perform const folding).
Optimizing module gated_clk_cell.
Optimizing module ct_pmp_top.
<suppressed ~1 debug messages>
Optimizing module ct_pmp_regs.
Optimizing module ct_pmp_comp_hit.
Optimizing module ct_pmp_acc.
<suppressed ~8 debug messages>

8.6.2. Executing OPT_MERGE pass (detect identical cells).
Finding identical cells in module `\gated_clk_cell'.
Computing hashes of 0 cells of `\gated_clk_cell'.
Finding duplicate cells in `\gated_clk_cell'.
Finding identical cells in module `\ct_pmp_top'.
Computing hashes of 29 cells of `\ct_pmp_top'.
Finding duplicate cells in `\ct_pmp_top'.
Finding identical cells in module `\ct_pmp_regs'.
Computing hashes of 173 cells of `\ct_pmp_regs'.
Finding duplicate cells in `\ct_pmp_regs'.
Computing hashes of 165 cells of `\ct_pmp_regs'.
Finding duplicate cells in `\ct_pmp_regs'.
<suppressed ~24 debug messages>
Finding identical cells in module `\ct_pmp_comp_hit'.
Computing hashes of 66 cells of `\ct_pmp_comp_hit'.
Finding duplicate cells in `\ct_pmp_comp_hit'.
Finding identical cells in module `\ct_pmp_acc'.
Computing hashes of 20 cells of `\ct_pmp_acc'.
Finding duplicate cells in `\ct_pmp_acc'.
Removed a total of 8 cells.

8.6.3. Executing OPT_MUXTREE pass (detect dead branches in mux trees).
Running muxtree optimizer on module \gated_clk_cell..
  Creating internal representation of mux trees.
  No muxes found in this module.
Running muxtree optimizer on module \ct_pmp_top..
  Creating internal representation of mux trees.
  No muxes found in this module.
Running muxtree optimizer on module \ct_pmp_regs..
  Creating internal representation of mux trees.
  Evaluating internal representation of mux trees.
  Analyzing evaluation results.
Running muxtree optimizer on module \ct_pmp_comp_hit..
  Creating internal representation of mux trees.
  Evaluating internal representation of mux trees.
  Analyzing evaluation results.
Running muxtree optimizer on module \ct_pmp_acc..
  Creating internal representation of mux trees.
  Evaluating internal representation of mux trees.
  Analyzing evaluation results.
    dead port 2/18 on $pmux $procmux$372.
    dead port 3/18 on $pmux $procmux$372.
    dead port 4/18 on $pmux $procmux$372.
    dead port 5/18 on $pmux $procmux$372.
    dead port 6/18 on $pmux $procmux$372.
    dead port 7/18 on $pmux $procmux$372.
    dead port 8/18 on $pmux $procmux$372.
    dead port 9/18 on $pmux $procmux$372.
Removed 8 multiplexer ports.
<suppressed ~103 debug messages>

8.6.4. Executing OPT_REDUCE pass (consolidate $*mux and $reduce_* inputs).
  Optimizing cells in module \gated_clk_cell.
  Optimizing cells in module \ct_pmp_top.
  Optimizing cells in module \ct_pmp_regs.
  Optimizing cells in module \ct_pmp_comp_hit.
    New ctrl vector for $pmux cell $procmux$367: { $procmux$368_CMP $auto$opt_reduce.cc:135:opt_pmux$631 $procmux$370_CMP }
  Optimizing cells in module \ct_pmp_comp_hit.
  Optimizing cells in module \ct_pmp_acc.
Performed a total of 1 changes.

8.6.5. Executing OPT_MERGE pass (detect identical cells).
Finding identical cells in module `\gated_clk_cell'.
Computing hashes of 0 cells of `\gated_clk_cell'.
Finding duplicate cells in `\gated_clk_cell'.
Finding identical cells in module `\ct_pmp_top'.
Computing hashes of 29 cells of `\ct_pmp_top'.
Finding duplicate cells in `\ct_pmp_top'.
Finding identical cells in module `\ct_pmp_regs'.
Computing hashes of 165 cells of `\ct_pmp_regs'.
Finding duplicate cells in `\ct_pmp_regs'.
Finding identical cells in module `\ct_pmp_comp_hit'.
Computing hashes of 67 cells of `\ct_pmp_comp_hit'.
Finding duplicate cells in `\ct_pmp_comp_hit'.
Finding identical cells in module `\ct_pmp_acc'.
Computing hashes of 20 cells of `\ct_pmp_acc'.
Finding duplicate cells in `\ct_pmp_acc'.
Removed a total of 0 cells.

8.6.6. Executing OPT_DFF pass (perform DFF optimizations).

8.6.7. Executing OPT_CLEAN pass (remove unused cells and wires).
Finding unused cells or wires in module \gated_clk_cell..
Finding unused cells or wires in module \ct_pmp_top..
Finding unused cells or wires in module \ct_pmp_regs..
Finding unused cells or wires in module \ct_pmp_comp_hit..
Finding unused cells or wires in module \ct_pmp_acc..
Removed 0 unused cells and 16 unused wires.
<suppressed ~2 debug messages>

8.6.8. Executing OPT_EXPR pass (perform const folding).
Optimizing module gated_clk_cell.
Optimizing module ct_pmp_top.
Optimizing module ct_pmp_regs.
Optimizing module ct_pmp_comp_hit.
Optimizing module ct_pmp_acc.

8.6.9. Rerunning OPT passes. (Maybe there is more to do..)

8.6.10. Executing OPT_MUXTREE pass (detect dead branches in mux trees).
Running muxtree optimizer on module \gated_clk_cell..
  Creating internal representation of mux trees.
  No muxes found in this module.
Running muxtree optimizer on module \ct_pmp_top..
  Creating internal representation of mux trees.
  No muxes found in this module.
Running muxtree optimizer on module \ct_pmp_regs..
  Creating internal representation of mux trees.
  Evaluating internal representation of mux trees.
  Analyzing evaluation results.
Running muxtree optimizer on module \ct_pmp_comp_hit..
  Creating internal representation of mux trees.
  Evaluating internal representation of mux trees.
  Analyzing evaluation results.
Running muxtree optimizer on module \ct_pmp_acc..
  Creating internal representation of mux trees.
  Evaluating internal representation of mux trees.
  Analyzing evaluation results.
Removed 0 multiplexer ports.
<suppressed ~103 debug messages>

8.6.11. Executing OPT_REDUCE pass (consolidate $*mux and $reduce_* inputs).
  Optimizing cells in module \gated_clk_cell.
  Optimizing cells in module \ct_pmp_top.
  Optimizing cells in module \ct_pmp_regs.
  Optimizing cells in module \ct_pmp_comp_hit.
  Optimizing cells in module \ct_pmp_acc.
Performed a total of 0 changes.

8.6.12. Executing OPT_MERGE pass (detect identical cells).
Finding identical cells in module `\gated_clk_cell'.
Computing hashes of 0 cells of `\gated_clk_cell'.
Finding duplicate cells in `\gated_clk_cell'.
Finding identical cells in module `\ct_pmp_top'.
Computing hashes of 29 cells of `\ct_pmp_top'.
Finding duplicate cells in `\ct_pmp_top'.
Finding identical cells in module `\ct_pmp_regs'.
Computing hashes of 165 cells of `\ct_pmp_regs'.
Finding duplicate cells in `\ct_pmp_regs'.
Finding identical cells in module `\ct_pmp_comp_hit'.
Computing hashes of 67 cells of `\ct_pmp_comp_hit'.
Finding duplicate cells in `\ct_pmp_comp_hit'.
Finding identical cells in module `\ct_pmp_acc'.
Computing hashes of 20 cells of `\ct_pmp_acc'.
Finding duplicate cells in `\ct_pmp_acc'.
Removed a total of 0 cells.

8.6.13. Executing OPT_DFF pass (perform DFF optimizations).

8.6.14. Executing OPT_CLEAN pass (remove unused cells and wires).
Finding unused cells or wires in module \gated_clk_cell..
Finding unused cells or wires in module \ct_pmp_top..
Finding unused cells or wires in module \ct_pmp_regs..
Finding unused cells or wires in module \ct_pmp_comp_hit..
Finding unused cells or wires in module \ct_pmp_acc..

8.6.15. Executing OPT_EXPR pass (perform const folding).
Optimizing module gated_clk_cell.
Optimizing module ct_pmp_top.
Optimizing module ct_pmp_regs.
Optimizing module ct_pmp_comp_hit.
Optimizing module ct_pmp_acc.

8.6.16. Finished fast OPT passes. (There is nothing left to do.)

8.7. Executing FSM pass (extract and optimize FSM).

8.7.1. Executing FSM_DETECT pass (finding FSMs in design).

8.7.2. Executing FSM_EXTRACT pass (extracting FSM from design).

8.7.3. Executing FSM_OPT pass (simple optimizations of FSMs).

8.7.4. Executing OPT_CLEAN pass (remove unused cells and wires).
Finding unused cells or wires in module \gated_clk_cell..
Finding unused cells or wires in module \ct_pmp_top..
Finding unused cells or wires in module \ct_pmp_regs..
Finding unused cells or wires in module \ct_pmp_comp_hit..
Finding unused cells or wires in module \ct_pmp_acc..

8.7.5. Executing FSM_OPT pass (simple optimizations of FSMs).

8.7.6. Executing FSM_RECODE pass (re-assigning FSM state encoding).

8.7.7. Executing FSM_INFO pass (dumping all available information on FSM cells).

8.7.8. Executing FSM_MAP pass (mapping FSMs to basic logic).

8.8. Executing OPT pass (performing simple optimizations).

8.8.1. Executing OPT_EXPR pass (perform const folding).
Optimizing module gated_clk_cell.
Optimizing module ct_pmp_top.
Optimizing module ct_pmp_regs.
Optimizing module ct_pmp_comp_hit.
Optimizing module ct_pmp_acc.

8.8.2. Executing OPT_MERGE pass (detect identical cells).
Finding identical cells in module `\gated_clk_cell'.
Computing hashes of 0 cells of `\gated_clk_cell'.
Finding duplicate cells in `\gated_clk_cell'.
Finding identical cells in module `\ct_pmp_top'.
Computing hashes of 29 cells of `\ct_pmp_top'.
Finding duplicate cells in `\ct_pmp_top'.
Finding identical cells in module `\ct_pmp_regs'.
Computing hashes of 165 cells of `\ct_pmp_regs'.
Finding duplicate cells in `\ct_pmp_regs'.
Finding identical cells in module `\ct_pmp_comp_hit'.
Computing hashes of 67 cells of `\ct_pmp_comp_hit'.
Finding duplicate cells in `\ct_pmp_comp_hit'.
Finding identical cells in module `\ct_pmp_acc'.
Computing hashes of 20 cells of `\ct_pmp_acc'.
Finding duplicate cells in `\ct_pmp_acc'.
Removed a total of 0 cells.

8.8.3. Executing OPT_MUXTREE pass (detect dead branches in mux trees).
Running muxtree optimizer on module \gated_clk_cell..
  Creating internal representation of mux trees.
  No muxes found in this module.
Running muxtree optimizer on module \ct_pmp_top..
  Creating internal representation of mux trees.
  No muxes found in this module.
Running muxtree optimizer on module \ct_pmp_regs..
  Creating internal representation of mux trees.
  Evaluating internal representation of mux trees.
  Analyzing evaluation results.
Running muxtree optimizer on module \ct_pmp_comp_hit..
  Creating internal representation of mux trees.
  Evaluating internal representation of mux trees.
  Analyzing evaluation results.
Running muxtree optimizer on module \ct_pmp_acc..
  Creating internal representation of mux trees.
  Evaluating internal representation of mux trees.
  Analyzing evaluation results.
Removed 0 multiplexer ports.
<suppressed ~103 debug messages>

8.8.4. Executing OPT_REDUCE pass (consolidate $*mux and $reduce_* inputs).
  Optimizing cells in module \gated_clk_cell.
  Optimizing cells in module \ct_pmp_top.
  Optimizing cells in module \ct_pmp_regs.
  Optimizing cells in module \ct_pmp_comp_hit.
  Optimizing cells in module \ct_pmp_acc.
Performed a total of 0 changes.

8.8.5. Executing OPT_MERGE pass (detect identical cells).
Finding identical cells in module `\gated_clk_cell'.
Computing hashes of 0 cells of `\gated_clk_cell'.
Finding duplicate cells in `\gated_clk_cell'.
Finding identical cells in module `\ct_pmp_top'.
Computing hashes of 29 cells of `\ct_pmp_top'.
Finding duplicate cells in `\ct_pmp_top'.
Finding identical cells in module `\ct_pmp_regs'.
Computing hashes of 165 cells of `\ct_pmp_regs'.
Finding duplicate cells in `\ct_pmp_regs'.
Finding identical cells in module `\ct_pmp_comp_hit'.
Computing hashes of 67 cells of `\ct_pmp_comp_hit'.
Finding duplicate cells in `\ct_pmp_comp_hit'.
Finding identical cells in module `\ct_pmp_acc'.
Computing hashes of 20 cells of `\ct_pmp_acc'.
Finding duplicate cells in `\ct_pmp_acc'.
Removed a total of 0 cells.

8.8.6. Executing OPT_DFF pass (perform DFF optimizations).
Adding EN signal on $procdff$394 ($adff) from module ct_pmp_regs (D = \cp0_pmp_wdata [37:9], Q = \pmpaddr7_value).
Adding EN signal on $procdff$564 ($adff) from module ct_pmp_regs (D = \cp0_pmp_wdata [18], Q = \pmp2cfg_executeable).
Adding EN signal on $procdff$449 ($adff) from module ct_pmp_regs (D = \cp0_pmp_wdata [56], Q = \pmp7cfg_readable).
Adding EN signal on $procdff$569 ($adff) from module ct_pmp_regs (D = \cp0_pmp_wdata [23], Q = \pmp2cfg_lock).
Adding EN signal on $procdff$604 ($adff) from module ct_pmp_regs (D = \cp0_pmp_wdata [9], Q = \pmp1cfg_writable).
Adding EN signal on $procdff$429 ($adff) from module ct_pmp_regs (D = \cp0_pmp_wdata [37:9], Q = \pmpaddr0_value).
Adding EN signal on $procdff$399 ($adff) from module ct_pmp_regs (D = \cp0_pmp_wdata [37:9], Q = \pmpaddr6_value).
Adding EN signal on $procdff$629 ($adff) from module ct_pmp_regs (D = \cp0_pmp_wdata [1], Q = \pmp0cfg_writable).
Adding EN signal on $procdff$584 ($adff) from module ct_pmp_regs (D = \cp0_pmp_wdata [12:11], Q = \pmp1cfg_addr_mode).
Adding EN signal on $procdff$494 ($adff) from module ct_pmp_regs (D = \cp0_pmp_wdata [47], Q = \pmp5cfg_lock).
Adding EN signal on $procdff$554 ($adff) from module ct_pmp_regs (D = \cp0_pmp_wdata [25], Q = \pmp3cfg_writable).
Adding EN signal on $procdff$424 ($adff) from module ct_pmp_regs (D = \cp0_pmp_wdata [37:9], Q = \pmpaddr1_value).
Adding EN signal on $procdff$404 ($adff) from module ct_pmp_regs (D = \cp0_pmp_wdata [37:9], Q = \pmpaddr5_value).
Adding EN signal on $procdff$469 ($adff) from module ct_pmp_regs (D = \cp0_pmp_wdata [55], Q = \pmp6cfg_lock).
Adding EN signal on $procdff$439 ($adff) from module ct_pmp_regs (D = \cp0_pmp_wdata [58], Q = \pmp7cfg_executeable).
Adding EN signal on $procdff$444 ($adff) from module ct_pmp_regs (D = \cp0_pmp_wdata [63], Q = \pmp7cfg_lock).
Adding EN signal on $procdff$419 ($adff) from module ct_pmp_regs (D = \cp0_pmp_wdata [37:9], Q = \pmpaddr2_value).
Adding EN signal on $procdff$559 ($adff) from module ct_pmp_regs (D = \cp0_pmp_wdata [20:19], Q = \pmp2cfg_addr_mode).
Adding EN signal on $procdff$609 ($adff) from module ct_pmp_regs (D = \cp0_pmp_wdata [4:3], Q = \pmp0cfg_addr_mode).
Adding EN signal on $procdff$414 ($adff) from module ct_pmp_regs (D = \cp0_pmp_wdata [37:9], Q = \pmpaddr3_value).
Adding EN signal on $procdff$624 ($adff) from module ct_pmp_regs (D = \cp0_pmp_wdata [0], Q = \pmp0cfg_readable).
Adding EN signal on $procdff$454 ($adff) from module ct_pmp_regs (D = \cp0_pmp_wdata [57], Q = \pmp7cfg_writable).
Adding EN signal on $procdff$409 ($adff) from module ct_pmp_regs (D = \cp0_pmp_wdata [37:9], Q = \pmpaddr4_value).
Adding EN signal on $procdff$514 ($adff) from module ct_pmp_regs (D = \cp0_pmp_wdata [34], Q = \pmp4cfg_executeable).
Adding EN signal on $procdff$549 ($adff) from module ct_pmp_regs (D = \cp0_pmp_wdata [24], Q = \pmp3cfg_readable).
Adding EN signal on $procdff$474 ($adff) from module ct_pmp_regs (D = \cp0_pmp_wdata [48], Q = \pmp6cfg_readable).
Adding EN signal on $procdff$459 ($adff) from module ct_pmp_regs (D = \cp0_pmp_wdata [52:51], Q = \pmp6cfg_addr_mode).
Adding EN signal on $procdff$489 ($adff) from module ct_pmp_regs (D = \cp0_pmp_wdata [42], Q = \pmp5cfg_executeable).
Adding EN signal on $procdff$544 ($adff) from module ct_pmp_regs (D = \cp0_pmp_wdata [31], Q = \pmp3cfg_lock).
Adding EN signal on $procdff$504 ($adff) from module ct_pmp_regs (D = \cp0_pmp_wdata [41], Q = \pmp5cfg_writable).
Adding EN signal on $procdff$484 ($adff) from module ct_pmp_regs (D = \cp0_pmp_wdata [44:43], Q = \pmp5cfg_addr_mode).
Adding EN signal on $procdff$539 ($adff) from module ct_pmp_regs (D = \cp0_pmp_wdata [26], Q = \pmp3cfg_executeable).
Adding EN signal on $procdff$599 ($adff) from module ct_pmp_regs (D = \cp0_pmp_wdata [8], Q = \pmp1cfg_readable).
Adding EN signal on $procdff$499 ($adff) from module ct_pmp_regs (D = \cp0_pmp_wdata [40], Q = \pmp5cfg_readable).
Adding EN signal on $procdff$534 ($adff) from module ct_pmp_regs (D = \cp0_pmp_wdata [28:27], Q = \pmp3cfg_addr_mode).
Adding EN signal on $procdff$619 ($adff) from module ct_pmp_regs (D = \cp0_pmp_wdata [7], Q = \pmp0cfg_lock).
Adding EN signal on $procdff$464 ($adff) from module ct_pmp_regs (D = \cp0_pmp_wdata [50], Q = \pmp6cfg_executeable).
Adding EN signal on $procdff$529 ($adff) from module ct_pmp_regs (D = \cp0_pmp_wdata [33], Q = \pmp4cfg_writable).
Adding EN signal on $procdff$509 ($adff) from module ct_pmp_regs (D = \cp0_pmp_wdata [36:35], Q = \pmp4cfg_addr_mode).
Adding EN signal on $procdff$479 ($adff) from module ct_pmp_regs (D = \cp0_pmp_wdata [49], Q = \pmp6cfg_writable).
Adding EN signal on $procdff$524 ($adff) from module ct_pmp_regs (D = \cp0_pmp_wdata [32], Q = \pmp4cfg_readable).
Adding EN signal on $procdff$594 ($adff) from module ct_pmp_regs (D = \cp0_pmp_wdata [15], Q = \pmp1cfg_lock).
Adding EN signal on $procdff$579 ($adff) from module ct_pmp_regs (D = \cp0_pmp_wdata [17], Q = \pmp2cfg_writable).
Adding EN signal on $procdff$519 ($adff) from module ct_pmp_regs (D = \cp0_pmp_wdata [39], Q = \pmp4cfg_lock).
Adding EN signal on $procdff$589 ($adff) from module ct_pmp_regs (D = \cp0_pmp_wdata [10], Q = \pmp1cfg_executeable).
Adding EN signal on $procdff$574 ($adff) from module ct_pmp_regs (D = \cp0_pmp_wdata [16], Q = \pmp2cfg_readable).
Adding EN signal on $procdff$434 ($adff) from module ct_pmp_regs (D = \cp0_pmp_wdata [60:59], Q = \pmp7cfg_addr_mode).
Adding EN signal on $procdff$614 ($adff) from module ct_pmp_regs (D = \cp0_pmp_wdata [2], Q = \pmp0cfg_executeable).

8.8.7. Executing OPT_CLEAN pass (remove unused cells and wires).
Finding unused cells or wires in module \gated_clk_cell..
Finding unused cells or wires in module \ct_pmp_top..
Finding unused cells or wires in module \ct_pmp_regs..
Finding unused cells or wires in module \ct_pmp_comp_hit..
Finding unused cells or wires in module \ct_pmp_acc..
Removed 48 unused cells and 48 unused wires.
<suppressed ~49 debug messages>

8.8.8. Executing OPT_EXPR pass (perform const folding).
Optimizing module gated_clk_cell.
Optimizing module ct_pmp_top.
Optimizing module ct_pmp_regs.
Optimizing module ct_pmp_comp_hit.
Optimizing module ct_pmp_acc.

8.8.9. Rerunning OPT passes. (Maybe there is more to do..)

8.8.10. Executing OPT_MUXTREE pass (detect dead branches in mux trees).
Running muxtree optimizer on module \gated_clk_cell..
  Creating internal representation of mux trees.
  No muxes found in this module.
Running muxtree optimizer on module \ct_pmp_top..
  Creating internal representation of mux trees.
  No muxes found in this module.
Running muxtree optimizer on module \ct_pmp_regs..
  Creating internal representation of mux trees.
  No muxes found in this module.
Running muxtree optimizer on module \ct_pmp_comp_hit..
  Creating internal representation of mux trees.
  Evaluating internal representation of mux trees.
  Analyzing evaluation results.
Running muxtree optimizer on module \ct_pmp_acc..
  Creating internal representation of mux trees.
  Evaluating internal representation of mux trees.
  Analyzing evaluation results.
Removed 0 multiplexer ports.
<suppressed ~7 debug messages>

8.8.11. Executing OPT_REDUCE pass (consolidate $*mux and $reduce_* inputs).
  Optimizing cells in module \gated_clk_cell.
  Optimizing cells in module \ct_pmp_top.
  Optimizing cells in module \ct_pmp_regs.
  Optimizing cells in module \ct_pmp_comp_hit.
  Optimizing cells in module \ct_pmp_acc.
Performed a total of 0 changes.

8.8.12. Executing OPT_MERGE pass (detect identical cells).
Finding identical cells in module `\gated_clk_cell'.
Computing hashes of 0 cells of `\gated_clk_cell'.
Finding duplicate cells in `\gated_clk_cell'.
Finding identical cells in module `\ct_pmp_top'.
Computing hashes of 29 cells of `\ct_pmp_top'.
Finding duplicate cells in `\ct_pmp_top'.
Finding identical cells in module `\ct_pmp_regs'.
Computing hashes of 117 cells of `\ct_pmp_regs'.
Finding duplicate cells in `\ct_pmp_regs'.
Finding identical cells in module `\ct_pmp_comp_hit'.
Computing hashes of 67 cells of `\ct_pmp_comp_hit'.
Finding duplicate cells in `\ct_pmp_comp_hit'.
Finding identical cells in module `\ct_pmp_acc'.
Computing hashes of 20 cells of `\ct_pmp_acc'.
Finding duplicate cells in `\ct_pmp_acc'.
Removed a total of 0 cells.

8.8.13. Executing OPT_DFF pass (perform DFF optimizations).

8.8.14. Executing OPT_CLEAN pass (remove unused cells and wires).
Finding unused cells or wires in module \gated_clk_cell..
Finding unused cells or wires in module \ct_pmp_top..
Finding unused cells or wires in module \ct_pmp_regs..
Finding unused cells or wires in module \ct_pmp_comp_hit..
Finding unused cells or wires in module \ct_pmp_acc..

8.8.15. Executing OPT_EXPR pass (perform const folding).
Optimizing module gated_clk_cell.
Optimizing module ct_pmp_top.
Optimizing module ct_pmp_regs.
Optimizing module ct_pmp_comp_hit.
Optimizing module ct_pmp_acc.

8.8.16. Finished fast OPT passes. (There is nothing left to do.)

8.9. Executing WREDUCE pass (reducing word size of cells).
Removed top 3 bits (of 5) from port B of cell ct_pmp_top.$eq$ct_pmp_top.v:166$199 ($eq).
Removed top 1 bits (of 2) from port B of cell ct_pmp_regs.$eq$ct_pmp_regs.v:402$101 ($eq).
Removed top 1 bits (of 2) from port B of cell ct_pmp_regs.$eq$ct_pmp_regs.v:414$109 ($eq).
Removed top 1 bits (of 2) from port B of cell ct_pmp_regs.$eq$ct_pmp_regs.v:426$117 ($eq).
Removed top 1 bits (of 2) from port B of cell ct_pmp_regs.$eq$ct_pmp_regs.v:438$125 ($eq).
Removed top 1 bits (of 2) from port B of cell ct_pmp_regs.$eq$ct_pmp_regs.v:450$133 ($eq).
Removed top 1 bits (of 2) from port B of cell ct_pmp_regs.$eq$ct_pmp_regs.v:462$141 ($eq).
Removed top 1 bits (of 2) from port B of cell ct_pmp_regs.$eq$ct_pmp_regs.v:474$149 ($eq).
Removed top 26 bits (of 64) from port B of cell ct_pmp_regs.$and$ct_pmp_regs.v:522$166 ($and).
Removed top 26 bits (of 64) from port B of cell ct_pmp_regs.$and$ct_pmp_regs.v:523$168 ($and).
Removed top 26 bits (of 64) from port B of cell ct_pmp_regs.$and$ct_pmp_regs.v:524$170 ($and).
Removed top 26 bits (of 64) from port B of cell ct_pmp_regs.$and$ct_pmp_regs.v:525$172 ($and).
Removed top 26 bits (of 64) from port B of cell ct_pmp_regs.$and$ct_pmp_regs.v:526$174 ($and).
Removed top 26 bits (of 64) from port B of cell ct_pmp_regs.$and$ct_pmp_regs.v:527$176 ($and).
Removed top 26 bits (of 64) from port B of cell ct_pmp_regs.$and$ct_pmp_regs.v:528$178 ($and).
Removed top 26 bits (of 64) from port B of cell ct_pmp_regs.$and$ct_pmp_regs.v:529$180 ($and).
Removed top 1 bits (of 29) from port A of cell ct_pmp_comp_hit.$sub$ct_pmp_comp_hit.v:75$6 ($sub).
Removed top 1 bits (of 29) from port B of cell ct_pmp_comp_hit.$sub$ct_pmp_comp_hit.v:75$6 ($sub).
Removed top 1 bits (of 2) from port B of cell ct_pmp_comp_hit.$procmux$370_CMP0 ($eq).
Removed top 1 bits (of 4) from mux cell ct_pmp_acc.$ternary$ct_pmp_acc.v:256$3 ($mux).
Removed top 8 bits (of 16) from wire ct_pmp_acc.pmp_hit.
Removed top 1 bits (of 4) from wire ct_pmp_acc.pmp_default_flg.

8.10. Executing PEEPOPT pass (run peephole optimizers).

8.11. Executing OPT_CLEAN pass (remove unused cells and wires).
Finding unused cells or wires in module \gated_clk_cell..
Finding unused cells or wires in module \ct_pmp_top..
Finding unused cells or wires in module \ct_pmp_regs..
Finding unused cells or wires in module \ct_pmp_comp_hit..
Finding unused cells or wires in module \ct_pmp_acc..
Removed 0 unused cells and 2 unused wires.
<suppressed ~1 debug messages>

8.12. Executing ALUMACC pass (create $alu and $macc cells).
Extracting $alu and $macc cells in module gated_clk_cell:
  created 0 $alu and 0 $macc cells.
Extracting $alu and $macc cells in module ct_pmp_top:
  created 0 $alu and 0 $macc cells.
Extracting $alu and $macc cells in module ct_pmp_regs:
  created 0 $alu and 0 $macc cells.
Extracting $alu and $macc cells in module ct_pmp_comp_hit:
  creating $macc model for $sub$ct_pmp_comp_hit.v:75$6 ($sub).
  creating $alu model for $macc $sub$ct_pmp_comp_hit.v:75$6.
  creating $alu cell for $sub$ct_pmp_comp_hit.v:75$6: $auto$alumacc.cc:512:replace_alu$682
  created 1 $alu and 0 $macc cells.
Extracting $alu and $macc cells in module ct_pmp_acc:
  created 0 $alu and 0 $macc cells.

8.13. Executing SHARE pass (SAT-based resource sharing).

8.14. Executing OPT pass (performing simple optimizations).

8.14.1. Executing OPT_EXPR pass (perform const folding).
Optimizing module gated_clk_cell.
Optimizing module ct_pmp_top.
Optimizing module ct_pmp_regs.
Optimizing module ct_pmp_comp_hit.
Optimizing module ct_pmp_acc.

8.14.2. Executing OPT_MERGE pass (detect identical cells).
Finding identical cells in module `\gated_clk_cell'.
Computing hashes of 0 cells of `\gated_clk_cell'.
Finding duplicate cells in `\gated_clk_cell'.
Finding identical cells in module `\ct_pmp_top'.
Computing hashes of 29 cells of `\ct_pmp_top'.
Finding duplicate cells in `\ct_pmp_top'.
Finding identical cells in module `\ct_pmp_regs'.
Computing hashes of 117 cells of `\ct_pmp_regs'.
Finding duplicate cells in `\ct_pmp_regs'.
Finding identical cells in module `\ct_pmp_comp_hit'.
Computing hashes of 67 cells of `\ct_pmp_comp_hit'.
Finding duplicate cells in `\ct_pmp_comp_hit'.
Finding identical cells in module `\ct_pmp_acc'.
Computing hashes of 20 cells of `\ct_pmp_acc'.
Finding duplicate cells in `\ct_pmp_acc'.
Removed a total of 0 cells.

8.14.3. Executing OPT_MUXTREE pass (detect dead branches in mux trees).
Running muxtree optimizer on module \gated_clk_cell..
  Creating internal representation of mux trees.
  No muxes found in this module.
Running muxtree optimizer on module \ct_pmp_top..
  Creating internal representation of mux trees.
  No muxes found in this module.
Running muxtree optimizer on module \ct_pmp_regs..
  Creating internal representation of mux trees.
  No muxes found in this module.
Running muxtree optimizer on module \ct_pmp_comp_hit..
  Creating internal representation of mux trees.
  Evaluating internal representation of mux trees.
  Analyzing evaluation results.
Running muxtree optimizer on module \ct_pmp_acc..
  Creating internal representation of mux trees.
  Evaluating internal representation of mux trees.
  Analyzing evaluation results.
Removed 0 multiplexer ports.
<suppressed ~7 debug messages>

8.14.4. Executing OPT_REDUCE pass (consolidate $*mux and $reduce_* inputs).
  Optimizing cells in module \gated_clk_cell.
  Optimizing cells in module \ct_pmp_top.
  Optimizing cells in module \ct_pmp_regs.
  Optimizing cells in module \ct_pmp_comp_hit.
  Optimizing cells in module \ct_pmp_acc.
Performed a total of 0 changes.

8.14.5. Executing OPT_MERGE pass (detect identical cells).
Finding identical cells in module `\gated_clk_cell'.
Computing hashes of 0 cells of `\gated_clk_cell'.
Finding duplicate cells in `\gated_clk_cell'.
Finding identical cells in module `\ct_pmp_top'.
Computing hashes of 29 cells of `\ct_pmp_top'.
Finding duplicate cells in `\ct_pmp_top'.
Finding identical cells in module `\ct_pmp_regs'.
Computing hashes of 117 cells of `\ct_pmp_regs'.
Finding duplicate cells in `\ct_pmp_regs'.
Finding identical cells in module `\ct_pmp_comp_hit'.
Computing hashes of 67 cells of `\ct_pmp_comp_hit'.
Finding duplicate cells in `\ct_pmp_comp_hit'.
Finding identical cells in module `\ct_pmp_acc'.
Computing hashes of 20 cells of `\ct_pmp_acc'.
Finding duplicate cells in `\ct_pmp_acc'.
Removed a total of 0 cells.

8.14.6. Executing OPT_DFF pass (perform DFF optimizations).

8.14.7. Executing OPT_CLEAN pass (remove unused cells and wires).
Finding unused cells or wires in module \gated_clk_cell..
Finding unused cells or wires in module \ct_pmp_top..
Finding unused cells or wires in module \ct_pmp_regs..
Finding unused cells or wires in module \ct_pmp_comp_hit..
Finding unused cells or wires in module \ct_pmp_acc..

8.14.8. Executing OPT_EXPR pass (perform const folding).
Optimizing module gated_clk_cell.
Optimizing module ct_pmp_top.
Optimizing module ct_pmp_regs.
Optimizing module ct_pmp_comp_hit.
Optimizing module ct_pmp_acc.

8.14.9. Finished fast OPT passes. (There is nothing left to do.)

8.15. Executing MEMORY pass.

8.15.1. Executing OPT_MEM pass (optimize memories).
Performed a total of 0 transformations.

8.15.2. Executing OPT_MEM_PRIORITY pass (removing unnecessary memory write priority relations).
Performed a total of 0 transformations.

8.15.3. Executing OPT_MEM_FEEDBACK pass (finding memory read-to-write feedback paths).

8.15.4. Executing MEMORY_BMUX2ROM pass (converting muxes to ROMs).

8.15.5. Executing MEMORY_DFF pass (merging $dff cells to $memrd).

8.15.6. Executing OPT_CLEAN pass (remove unused cells and wires).
Finding unused cells or wires in module \gated_clk_cell..
Finding unused cells or wires in module \ct_pmp_top..
Finding unused cells or wires in module \ct_pmp_regs..
Finding unused cells or wires in module \ct_pmp_comp_hit..
Finding unused cells or wires in module \ct_pmp_acc..

8.15.7. Executing MEMORY_SHARE pass (consolidating $memrd/$memwr cells).

8.15.8. Executing OPT_MEM_WIDEN pass (optimize memories where all ports are wide).
Performed a total of 0 transformations.

8.15.9. Executing OPT_CLEAN pass (remove unused cells and wires).
Finding unused cells or wires in module \gated_clk_cell..
Finding unused cells or wires in module \ct_pmp_top..
Finding unused cells or wires in module \ct_pmp_regs..
Finding unused cells or wires in module \ct_pmp_comp_hit..
Finding unused cells or wires in module \ct_pmp_acc..

8.15.10. Executing MEMORY_COLLECT pass (generating $mem cells).

8.16. Executing OPT_CLEAN pass (remove unused cells and wires).
Finding unused cells or wires in module \gated_clk_cell..
Finding unused cells or wires in module \ct_pmp_top..
Finding unused cells or wires in module \ct_pmp_regs..
Finding unused cells or wires in module \ct_pmp_comp_hit..
Finding unused cells or wires in module \ct_pmp_acc..

8.17. Executing OPT pass (performing simple optimizations).

8.17.1. Executing OPT_EXPR pass (perform const folding).
Optimizing module gated_clk_cell.
Optimizing module ct_pmp_top.
Optimizing module ct_pmp_regs.
<suppressed ~116 debug messages>
Optimizing module ct_pmp_comp_hit.
<suppressed ~1 debug messages>
Optimizing module ct_pmp_acc.
<suppressed ~2 debug messages>

8.17.2. Executing OPT_MERGE pass (detect identical cells).
Finding identical cells in module `\gated_clk_cell'.
Computing hashes of 0 cells of `\gated_clk_cell'.
Finding duplicate cells in `\gated_clk_cell'.
Finding identical cells in module `\ct_pmp_top'.
Computing hashes of 29 cells of `\ct_pmp_top'.
Finding duplicate cells in `\ct_pmp_top'.
Finding identical cells in module `\ct_pmp_regs'.
Computing hashes of 117 cells of `\ct_pmp_regs'.
Finding duplicate cells in `\ct_pmp_regs'.
Finding identical cells in module `\ct_pmp_comp_hit'.
Computing hashes of 67 cells of `\ct_pmp_comp_hit'.
Finding duplicate cells in `\ct_pmp_comp_hit'.
Finding identical cells in module `\ct_pmp_acc'.
Computing hashes of 20 cells of `\ct_pmp_acc'.
Finding duplicate cells in `\ct_pmp_acc'.
Removed a total of 0 cells.

8.17.3. Executing OPT_DFF pass (perform DFF optimizations).

8.17.4. Executing OPT_CLEAN pass (remove unused cells and wires).
Finding unused cells or wires in module \gated_clk_cell..
Finding unused cells or wires in module \ct_pmp_top..
Finding unused cells or wires in module \ct_pmp_regs..
Finding unused cells or wires in module \ct_pmp_comp_hit..
Finding unused cells or wires in module \ct_pmp_acc..
Removed 1 unused cells and 36 unused wires.
<suppressed ~3 debug messages>

8.17.5. Finished fast OPT passes.

8.18. Executing MEMORY_MAP pass (converting memories to logic and flip-flops).

8.19. Executing OPT pass (performing simple optimizations).

8.19.1. Executing OPT_EXPR pass (perform const folding).
Optimizing module gated_clk_cell.
Optimizing module ct_pmp_top.
Optimizing module ct_pmp_regs.
Optimizing module ct_pmp_comp_hit.
Optimizing module ct_pmp_acc.

8.19.2. Executing OPT_MERGE pass (detect identical cells).
Finding identical cells in module `\gated_clk_cell'.
Computing hashes of 0 cells of `\gated_clk_cell'.
Finding duplicate cells in `\gated_clk_cell'.
Finding identical cells in module `\ct_pmp_top'.
Computing hashes of 29 cells of `\ct_pmp_top'.
Finding duplicate cells in `\ct_pmp_top'.
Finding identical cells in module `\ct_pmp_regs'.
Computing hashes of 117 cells of `\ct_pmp_regs'.
Finding duplicate cells in `\ct_pmp_regs'.
Finding identical cells in module `\ct_pmp_comp_hit'.
Computing hashes of 66 cells of `\ct_pmp_comp_hit'.
Finding duplicate cells in `\ct_pmp_comp_hit'.
Finding identical cells in module `\ct_pmp_acc'.
Computing hashes of 20 cells of `\ct_pmp_acc'.
Finding duplicate cells in `\ct_pmp_acc'.
Removed a total of 0 cells.

8.19.3. Executing OPT_MUXTREE pass (detect dead branches in mux trees).
Running muxtree optimizer on module \gated_clk_cell..
  Creating internal representation of mux trees.
  No muxes found in this module.
Running muxtree optimizer on module \ct_pmp_top..
  Creating internal representation of mux trees.
  No muxes found in this module.
Running muxtree optimizer on module \ct_pmp_regs..
  Creating internal representation of mux trees.
  No muxes found in this module.
Running muxtree optimizer on module \ct_pmp_comp_hit..
  Creating internal representation of mux trees.
  Evaluating internal representation of mux trees.
  Analyzing evaluation results.
Running muxtree optimizer on module \ct_pmp_acc..
  Creating internal representation of mux trees.
  Evaluating internal representation of mux trees.
  Analyzing evaluation results.
Removed 0 multiplexer ports.
<suppressed ~7 debug messages>

8.19.4. Executing OPT_REDUCE pass (consolidate $*mux and $reduce_* inputs).
  Optimizing cells in module \gated_clk_cell.
  Optimizing cells in module \ct_pmp_top.
  Optimizing cells in module \ct_pmp_regs.
  Optimizing cells in module \ct_pmp_comp_hit.
  Optimizing cells in module \ct_pmp_acc.
    Consolidated identical input bits for $mux cell $ternary$ct_pmp_acc.v:256$3:
      Old ports: A=3'000, B=3'111, Y=\pmp_default_flg
      New ports: A=1'0, B=1'1, Y=\pmp_default_flg [0]
      New connections: \pmp_default_flg [2:1] = { \pmp_default_flg [0] \pmp_default_flg [0] }
  Optimizing cells in module \ct_pmp_acc.
Performed a total of 1 changes.

8.19.5. Executing OPT_MERGE pass (detect identical cells).
Finding identical cells in module `\gated_clk_cell'.
Computing hashes of 0 cells of `\gated_clk_cell'.
Finding duplicate cells in `\gated_clk_cell'.
Finding identical cells in module `\ct_pmp_top'.
Computing hashes of 29 cells of `\ct_pmp_top'.
Finding duplicate cells in `\ct_pmp_top'.
Finding identical cells in module `\ct_pmp_regs'.
Computing hashes of 117 cells of `\ct_pmp_regs'.
Finding duplicate cells in `\ct_pmp_regs'.
Finding identical cells in module `\ct_pmp_comp_hit'.
Computing hashes of 66 cells of `\ct_pmp_comp_hit'.
Finding duplicate cells in `\ct_pmp_comp_hit'.
Finding identical cells in module `\ct_pmp_acc'.
Computing hashes of 20 cells of `\ct_pmp_acc'.
Finding duplicate cells in `\ct_pmp_acc'.
Removed a total of 0 cells.

8.19.6. Executing OPT_SHARE pass.

8.19.7. Executing OPT_DFF pass (perform DFF optimizations).

8.19.8. Executing OPT_CLEAN pass (remove unused cells and wires).
Finding unused cells or wires in module \gated_clk_cell..
Finding unused cells or wires in module \ct_pmp_top..
Finding unused cells or wires in module \ct_pmp_regs..
Finding unused cells or wires in module \ct_pmp_comp_hit..
Finding unused cells or wires in module \ct_pmp_acc..

8.19.9. Executing OPT_EXPR pass (perform const folding).
Optimizing module gated_clk_cell.
Optimizing module ct_pmp_top.
Optimizing module ct_pmp_regs.
Optimizing module ct_pmp_comp_hit.
Optimizing module ct_pmp_acc.
<suppressed ~1 debug messages>

8.19.10. Rerunning OPT passes. (Maybe there is more to do..)

8.19.11. Executing OPT_MUXTREE pass (detect dead branches in mux trees).
Running muxtree optimizer on module \gated_clk_cell..
  Creating internal representation of mux trees.
  No muxes found in this module.
Running muxtree optimizer on module \ct_pmp_top..
  Creating internal representation of mux trees.
  No muxes found in this module.
Running muxtree optimizer on module \ct_pmp_regs..
  Creating internal representation of mux trees.
  No muxes found in this module.
Running muxtree optimizer on module \ct_pmp_comp_hit..
  Creating internal representation of mux trees.
  Evaluating internal representation of mux trees.
  Analyzing evaluation results.
Running muxtree optimizer on module \ct_pmp_acc..
  Creating internal representation of mux trees.
  Evaluating internal representation of mux trees.
  Analyzing evaluation results.
Removed 0 multiplexer ports.
<suppressed ~6 debug messages>

8.19.12. Executing OPT_REDUCE pass (consolidate $*mux and $reduce_* inputs).
  Optimizing cells in module \gated_clk_cell.
  Optimizing cells in module \ct_pmp_top.
  Optimizing cells in module \ct_pmp_regs.
  Optimizing cells in module \ct_pmp_comp_hit.
  Optimizing cells in module \ct_pmp_acc.
Performed a total of 0 changes.

8.19.13. Executing OPT_MERGE pass (detect identical cells).
Finding identical cells in module `\gated_clk_cell'.
Computing hashes of 0 cells of `\gated_clk_cell'.
Finding duplicate cells in `\gated_clk_cell'.
Finding identical cells in module `\ct_pmp_top'.
Computing hashes of 29 cells of `\ct_pmp_top'.
Finding duplicate cells in `\ct_pmp_top'.
Finding identical cells in module `\ct_pmp_regs'.
Computing hashes of 117 cells of `\ct_pmp_regs'.
Finding duplicate cells in `\ct_pmp_regs'.
Finding identical cells in module `\ct_pmp_comp_hit'.
Computing hashes of 66 cells of `\ct_pmp_comp_hit'.
Finding duplicate cells in `\ct_pmp_comp_hit'.
Finding identical cells in module `\ct_pmp_acc'.
Computing hashes of 19 cells of `\ct_pmp_acc'.
Finding duplicate cells in `\ct_pmp_acc'.
Removed a total of 0 cells.

8.19.14. Executing OPT_SHARE pass.

8.19.15. Executing OPT_DFF pass (perform DFF optimizations).

8.19.16. Executing OPT_CLEAN pass (remove unused cells and wires).
Finding unused cells or wires in module \gated_clk_cell..
Finding unused cells or wires in module \ct_pmp_top..
Finding unused cells or wires in module \ct_pmp_regs..
Finding unused cells or wires in module \ct_pmp_comp_hit..
Finding unused cells or wires in module \ct_pmp_acc..

8.19.17. Executing OPT_EXPR pass (perform const folding).
Optimizing module gated_clk_cell.
Optimizing module ct_pmp_top.
Optimizing module ct_pmp_regs.
Optimizing module ct_pmp_comp_hit.
Optimizing module ct_pmp_acc.

8.19.18. Finished fast OPT passes. (There is nothing left to do.)

8.20. Executing TECHMAP pass (map to technology primitives).

8.20.1. Executing Verilog-2005 frontend: yosys/share/techmap.v
Parsing Verilog input from `yosys/share/techmap.v' to AST representation.
Generating RTLIL representation for module `\_90_simplemap_bool_ops'.
Generating RTLIL representation for module `\_90_simplemap_reduce_ops'.
Generating RTLIL representation for module `\_90_simplemap_logic_ops'.
Generating RTLIL representation for module `\_90_simplemap_compare_ops'.
Generating RTLIL representation for module `\_90_simplemap_various'.
Generating RTLIL representation for module `\_90_simplemap_registers'.
Generating RTLIL representation for module `\_90_shift_ops_shr_shl_sshl_sshr'.
Generating RTLIL representation for module `\_90_shift_shiftx'.
Generating RTLIL representation for module `\_90_fa'.
Generating RTLIL representation for module `\_90_lcu_brent_kung'.
Generating RTLIL representation for module `\_90_alu'.
Generating RTLIL representation for module `\_90_macc'.
Generating RTLIL representation for module `\_90_alumacc'.
Generating RTLIL representation for module `$__div_mod_u'.
Generating RTLIL representation for module `$__div_mod_trunc'.
Generating RTLIL representation for module `\_90_div'.
Generating RTLIL representation for module `\_90_mod'.
Generating RTLIL representation for module `$__div_mod_floor'.
Generating RTLIL representation for module `\_90_divfloor'.
Generating RTLIL representation for module `\_90_modfloor'.
Generating RTLIL representation for module `\_90_pow'.
Generating RTLIL representation for module `\_90_demux'.
Generating RTLIL representation for module `\_90_lut'.
Generating RTLIL representation for module `$connect'.
Generating RTLIL representation for module `$input_port'.
Successfully finished Verilog frontend.

8.20.2. Continuing TECHMAP pass.
Using extmapper simplemap for cells of type $mux.
Using extmapper simplemap for cells of type $eq.
Using extmapper simplemap for cells of type $logic_not.
Using extmapper simplemap for cells of type $pmux.
Using template $paramod$a79829ecb0e788ec7aa3f7b706e815f4dac39f02\_90_alu for cells of type $alu.
Using extmapper simplemap for cells of type $reduce_or.
Using extmapper simplemap for cells of type $logic_and.
Using extmapper simplemap for cells of type $and.
Using extmapper simplemap for cells of type $not.
Using extmapper simplemap for cells of type $reduce_and.
Using extmapper simplemap for cells of type $pos.
Using template $paramod\_90_fa\WIDTH=32'00000000000000000000000000011101 for cells of type $fa.
Using template $paramod\_90_lcu_brent_kung\WIDTH=32'00000000000000000000000000011101 for cells of type $lcu.
Using extmapper simplemap for cells of type $xor.
Using extmapper simplemap for cells of type $or.
Using extmapper simplemap for cells of type $adffe.
No more expansions possible.
<suppressed ~592 debug messages>

8.21. Executing OPT pass (performing simple optimizations).

8.21.1. Executing OPT_EXPR pass (perform const folding).
Optimizing module gated_clk_cell.
Optimizing module ct_pmp_top.
<suppressed ~85 debug messages>
Optimizing module ct_pmp_regs.
<suppressed ~14 debug messages>
Optimizing module ct_pmp_comp_hit.
<suppressed ~133 debug messages>
Optimizing module ct_pmp_acc.
<suppressed ~39 debug messages>

8.21.2. Executing OPT_MERGE pass (detect identical cells).
Finding identical cells in module `\gated_clk_cell'.
Computing hashes of 0 cells of `\gated_clk_cell'.
Finding duplicate cells in `\gated_clk_cell'.
Finding identical cells in module `\ct_pmp_top'.
Computing hashes of 183 cells of `\ct_pmp_top'.
Finding duplicate cells in `\ct_pmp_top'.
Computing hashes of 130 cells of `\ct_pmp_top'.
Finding duplicate cells in `\ct_pmp_top'.
Computing hashes of 110 cells of `\ct_pmp_top'.
Finding duplicate cells in `\ct_pmp_top'.
Computing hashes of 109 cells of `\ct_pmp_top'.
Finding duplicate cells in `\ct_pmp_top'.
<suppressed ~222 debug messages>
Finding identical cells in module `\ct_pmp_regs'.
Computing hashes of 851 cells of `\ct_pmp_regs'.
Finding duplicate cells in `\ct_pmp_regs'.
Finding identical cells in module `\ct_pmp_comp_hit'.
Computing hashes of 762 cells of `\ct_pmp_comp_hit'.
Finding duplicate cells in `\ct_pmp_comp_hit'.
Computing hashes of 580 cells of `\ct_pmp_comp_hit'.
Finding duplicate cells in `\ct_pmp_comp_hit'.
Computing hashes of 496 cells of `\ct_pmp_comp_hit'.
Finding duplicate cells in `\ct_pmp_comp_hit'.
Computing hashes of 460 cells of `\ct_pmp_comp_hit'.
Finding duplicate cells in `\ct_pmp_comp_hit'.
Computing hashes of 448 cells of `\ct_pmp_comp_hit'.
Finding duplicate cells in `\ct_pmp_comp_hit'.
<suppressed ~942 debug messages>
Finding identical cells in module `\ct_pmp_acc'.
Computing hashes of 133 cells of `\ct_pmp_acc'.
Finding duplicate cells in `\ct_pmp_acc'.
Computing hashes of 119 cells of `\ct_pmp_acc'.
Finding duplicate cells in `\ct_pmp_acc'.
Computing hashes of 115 cells of `\ct_pmp_acc'.
Finding duplicate cells in `\ct_pmp_acc'.
<suppressed ~54 debug messages>
Removed a total of 406 cells.

8.21.3. Executing OPT_DFF pass (perform DFF optimizations).

8.21.4. Executing OPT_CLEAN pass (remove unused cells and wires).
Finding unused cells or wires in module \gated_clk_cell..
Finding unused cells or wires in module \ct_pmp_top..
Finding unused cells or wires in module \ct_pmp_regs..
Finding unused cells or wires in module \ct_pmp_comp_hit..
Finding unused cells or wires in module \ct_pmp_acc..
Removed 70 unused cells and 273 unused wires.
<suppressed ~74 debug messages>

8.21.5. Finished fast OPT passes.

8.22. Executing ABC pass (technology mapping using ABC).

8.22.1. Extracting gate netlist of module `\gated_clk_cell' to `<abc-temp-dir>/input.blif'..

8.22.1.1. Executed ABC.
Extracted 0 gates and 0 wires to a netlist network with 0 inputs and 0 outputs.
Don't call ABC as there is nothing to map.
Removing temp directory.

8.22.2. Extracting gate netlist of module `\ct_pmp_top' to `<abc-temp-dir>/input.blif'..

8.22.2.1. Executed ABC.
Extracted 102 gates and 110 wires to a netlist network with 8 inputs and 38 outputs.
Running ABC script: <abc-temp-dir>/abc.script
ABC: UC Berkeley, ABC 1.01 (compiled Jun 30 2026 04:50:19)
ABC: abc 01> empty
ABC: abc 01> source <abc-temp-dir>/abc.script
ABC: + read_blif <abc-temp-dir>/input.blif 
ABC: + read_library <abc-temp-dir>/stdcells.genlib 
ABC: + strash 
ABC: + &get -n 
ABC: + &fraig -x 
ABC: + &put 
ABC: + scorr 
ABC: Warning: The network is combinational (run "fraig" or "fraig_sweep").
ABC: + dc2 
ABC: + dretime 
ABC: + strash 
ABC: + &get -n 
ABC: + &dch -f 
ABC: + &nf 
ABC: + &put 
ABC: + write_blif <abc-temp-dir>/output.blif 
ABC: 
ABC: YOSYS_ABC_DONE 

8.22.2.2. Re-integrating ABC results.
ABC RESULTS:               AND cells:       50
ABC RESULTS:            ANDNOT cells:        6
ABC RESULTS:              NAND cells:        1
ABC RESULTS:               NOR cells:       11
ABC RESULTS:        internal signals:       64
ABC RESULTS:           input signals:        8
ABC RESULTS:          output signals:       38
Removing temp directory.

8.22.3. Extracting gate netlist of module `\ct_pmp_regs' to `<abc-temp-dir>/input.blif'..

8.22.3.1. Executed ABC.
Extracted 571 gates and 869 wires to a netlist network with 298 inputs and 71 outputs.
Running ABC script: <abc-temp-dir>/abc.script
ABC: UC Berkeley, ABC 1.01 (compiled Jun 30 2026 04:50:19)
ABC: abc 01> empty
ABC: abc 01> source <abc-temp-dir>/abc.script
ABC: + read_blif <abc-temp-dir>/input.blif 
ABC: + read_library <abc-temp-dir>/stdcells.genlib 
ABC: + strash 
ABC: + &get -n 
ABC: + &fraig -x 
ABC: + &put 
ABC: + scorr 
ABC: Warning: The network is combinational (run "fraig" or "fraig_sweep").
ABC: + dc2 
ABC: + dretime 
ABC: + strash 
ABC: + &get -n 
ABC: + &dch -f 
ABC: + &nf 
ABC: + &put 
ABC: + write_blif <abc-temp-dir>/output.blif 
ABC: 
ABC: YOSYS_ABC_DONE 

8.22.3.2. Re-integrating ABC results.
ABC RESULTS:               AND cells:      229
ABC RESULTS:            ANDNOT cells:       23
ABC RESULTS:              NAND cells:      290
ABC RESULTS:        internal signals:      500
ABC RESULTS:           input signals:      298
ABC RESULTS:          output signals:       71
Removing temp directory.

8.22.4. Extracting gate netlist of module `\ct_pmp_comp_hit' to `<abc-temp-dir>/input.blif'..

8.22.4.1. Executed ABC.
Extracted 378 gates and 438 wires to a netlist network with 60 inputs and 2 outputs.
Running ABC script: <abc-temp-dir>/abc.script
ABC: UC Berkeley, ABC 1.01 (compiled Jun 30 2026 04:50:19)
ABC: abc 01> empty
ABC: abc 01> source <abc-temp-dir>/abc.script
ABC: + read_blif <abc-temp-dir>/input.blif 
ABC: + read_library <abc-temp-dir>/stdcells.genlib 
ABC: + strash 
ABC: + &get -n 
ABC: + &fraig -x 
ABC: + &put 
ABC: + scorr 
ABC: Warning: The network is combinational (run "fraig" or "fraig_sweep").
ABC: + dc2 
ABC: + dretime 
ABC: + strash 
ABC: + &get -n 
ABC: + &dch -f 
ABC: + &nf 
ABC: + &put 
ABC: + write_blif <abc-temp-dir>/output.blif 
ABC: 
ABC: YOSYS_ABC_DONE 

8.22.4.2. Re-integrating ABC results.
ABC RESULTS:               AND cells:      105
ABC RESULTS:            ANDNOT cells:        9
ABC RESULTS:              NAND cells:       39
ABC RESULTS:                OR cells:       29
ABC RESULTS:             ORNOT cells:       39
ABC RESULTS:              XNOR cells:        9
ABC RESULTS:        internal signals:      376
ABC RESULTS:           input signals:       60
ABC RESULTS:          output signals:        2
Removing temp directory.

8.22.5. Extracting gate netlist of module `\ct_pmp_acc' to `<abc-temp-dir>/input.blif'..

8.22.5.1. Executed ABC.
Extracted 107 gates and 152 wires to a netlist network with 45 inputs and 4 outputs.
Running ABC script: <abc-temp-dir>/abc.script
ABC: UC Berkeley, ABC 1.01 (compiled Jun 30 2026 04:50:19)
ABC: abc 01> empty
ABC: abc 01> source <abc-temp-dir>/abc.script
ABC: + read_blif <abc-temp-dir>/input.blif 
ABC: + read_library <abc-temp-dir>/stdcells.genlib 
ABC: + strash 
ABC: + &get -n 
ABC: + &fraig -x 
ABC: + &put 
ABC: + scorr 
ABC: Warning: The network is combinational (run "fraig" or "fraig_sweep").
ABC: + dc2 
ABC: + dretime 
ABC: + strash 
ABC: + &get -n 
ABC: + &dch -f 
ABC: + &nf 
ABC: + &put 
ABC: + write_blif <abc-temp-dir>/output.blif 
ABC: 
ABC: YOSYS_ABC_DONE 

8.22.5.2. Re-integrating ABC results.
ABC RESULTS:               AND cells:       38
ABC RESULTS:            ANDNOT cells:        5
ABC RESULTS:              NAND cells:       39
ABC RESULTS:               NOR cells:        4
ABC RESULTS:        internal signals:      103
ABC RESULTS:           input signals:       45
ABC RESULTS:          output signals:        4
Removing temp directory.
Removing global temp directory.

8.23. Executing OPT pass (performing simple optimizations).

8.23.1. Executing OPT_EXPR pass (perform const folding).
Optimizing module gated_clk_cell.
Optimizing module ct_pmp_top.
Optimizing module ct_pmp_regs.
Optimizing module ct_pmp_comp_hit.
Optimizing module ct_pmp_acc.

8.23.2. Executing OPT_MERGE pass (detect identical cells).
Finding identical cells in module `\gated_clk_cell'.
Computing hashes of 0 cells of `\gated_clk_cell'.
Finding duplicate cells in `\gated_clk_cell'.
Finding identical cells in module `\ct_pmp_top'.
Computing hashes of 75 cells of `\ct_pmp_top'.
Finding duplicate cells in `\ct_pmp_top'.
Finding identical cells in module `\ct_pmp_regs'.
Computing hashes of 822 cells of `\ct_pmp_regs'.
Finding duplicate cells in `\ct_pmp_regs'.
Finding identical cells in module `\ct_pmp_comp_hit'.
Computing hashes of 230 cells of `\ct_pmp_comp_hit'.
Finding duplicate cells in `\ct_pmp_comp_hit'.
Finding identical cells in module `\ct_pmp_acc'.
Computing hashes of 94 cells of `\ct_pmp_acc'.
Finding duplicate cells in `\ct_pmp_acc'.
Removed a total of 0 cells.

8.23.3. Executing OPT_DFF pass (perform DFF optimizations).

8.23.4. Executing OPT_CLEAN pass (remove unused cells and wires).
Finding unused cells or wires in module \gated_clk_cell..
Finding unused cells or wires in module \ct_pmp_top..
Finding unused cells or wires in module \ct_pmp_regs..
Finding unused cells or wires in module \ct_pmp_comp_hit..
Finding unused cells or wires in module \ct_pmp_acc..
Removed 0 unused cells and 884 unused wires.
<suppressed ~12 debug messages>

8.23.5. Finished fast OPT passes.

8.24. Executing HIERARCHY pass (managing design hierarchy).
Attribute `top' found on module `ct_pmp_top'. Setting top module to ct_pmp_top.

8.24.1. Analyzing design hierarchy..
Top module:  \ct_pmp_top
Used module:     \gated_clk_cell
Used module:     \ct_pmp_acc
Used module:         \ct_pmp_comp_hit
Used module:     \ct_pmp_regs

8.24.2. Analyzing design hierarchy..
Top module:  \ct_pmp_top
Used module:     \gated_clk_cell
Used module:     \ct_pmp_acc
Used module:         \ct_pmp_comp_hit
Used module:     \ct_pmp_regs
Removed 0 unused modules.

8.25. Printing statistics.

=== gated_clk_cell ===

        +----------Local Count, excluding submodules.
        | 
        8 wires
        8 wire bits
        8 public wires
        8 public wire bits
        7 ports
        7 port bits

=== ct_pmp_top ===

        +----------Local Count, excluding submodules.
        | 
       73 wires
      751 wire bits
       43 public wires
      721 public wire bits
       22 ports
      304 port bits
       68 cells
        6   $_ANDNOT_
       50   $_AND_
        1   $_NAND_
       11   $_NOR_
        7 submodules
        5   ct_pmp_acc
        1   ct_pmp_regs
        1   gated_clk_cell

=== ct_pmp_regs ===

        +----------Local Count, excluding submodules.
        | 
      551 wires
     1293 wire bits
       80 public wires
      822 public wire bits
       16 ports
      526 port bits
      822 cells
       23   $_ANDNOT_
      229   $_AND_
      280   $_DFFE_PN0P_
      290   $_NAND_

=== ct_pmp_comp_hit ===

        +----------Local Count, excluding submodules.
        | 
      235 wires
      291 wire bits
        7 public wires
       63 public wire bits
        6 ports
       62 port bits
      230 cells
        9   $_ANDNOT_
      105   $_AND_
       39   $_NAND_
       39   $_ORNOT_
       29   $_OR_
        9   $_XNOR_

=== ct_pmp_acc ===

        +----------Local Count, excluding submodules.
        | 
      130 wires
      527 wire bits
       48 public wires
      445 public wire bits
       15 ports
      397 port bits
       86 cells
        5   $_ANDNOT_
       38   $_AND_
       39   $_NAND_
        4   $_NOR_
        8 submodules
        8   ct_pmp_comp_hit

=== design hierarchy ===

        +----------Count including submodules.
        | 
    10520 ct_pmp_top
       86 ct_pmp_acc
      230   ct_pmp_comp_hit
      822 ct_pmp_regs

        +----------Count including submodules.
        | 
    10682 wires
    16327 wire bits
      651 public wires
     6296 public wire bits
      360 ports
     5302 port bits
        - memories
        - memory bits
        - processes
    10520 cells
      414   $_ANDNOT_
     4669   $_AND_
      280   $_DFFE_PN0P_
     2046   $_NAND_
       31   $_NOR_
     1560   $_ORNOT_
     1160   $_OR_
      360   $_XNOR_
        7 submodules
        5   ct_pmp_acc
        1   ct_pmp_regs
        1   gated_clk_cell

8.26. Executing CHECK pass (checking for obvious problems).
Checking module gated_clk_cell...
Checking module ct_pmp_top...
Checking module ct_pmp_regs...
Checking module ct_pmp_comp_hit...
Checking module ct_pmp_acc...
Found and reported 0 problems.

9. Executing DFFLIBMAP pass (mapping DFF cells to sequential cells from liberty file).
  cell sky130_fd_sc_hd__dfxtp_1 (noninv, pins=3, area=20.02) is a direct match for cell type $_DFF_P_.
  cell sky130_fd_sc_hd__dfrtn_1 (noninv, pins=4, area=25.02) is a direct match for cell type $_DFF_NN0_.
  cell sky130_fd_sc_hd__dfrtp_1 (noninv, pins=4, area=25.02) is a direct match for cell type $_DFF_PN0_.
  cell sky130_fd_sc_hd__dfstp_2 (noninv, pins=4, area=26.28) is a direct match for cell type $_DFF_PN1_.
  cell sky130_fd_sc_hd__edfxtp_1 (noninv, pins=4, area=30.03) is a direct match for cell type $_DFFE_PP_.
  cell sky130_fd_sc_hd__dfbbn_1 (noninv, pins=6, area=32.53) is a direct match for cell type $_DFFSR_NNN_.
  cell sky130_fd_sc_hd__dfbbp_1 (noninv, pins=6, area=32.53) is a direct match for cell type $_DFFSR_PNN_.
  final dff cell mappings:
    unmapped dff cell: $_DFF_N_
    \sky130_fd_sc_hd__dfxtp_1 _DFF_P_ (.CLK( C), .D( D), .Q( Q));
    \sky130_fd_sc_hd__dfrtn_1 _DFF_NN0_ (.CLK_N( C), .D( D), .Q( Q), .RESET_B( R));
    unmapped dff cell: $_DFF_NN1_
    unmapped dff cell: $_DFF_NP0_
    unmapped dff cell: $_DFF_NP1_
    \sky130_fd_sc_hd__dfrtp_1 _DFF_PN0_ (.CLK( C), .D( D), .Q( Q), .RESET_B( R));
    \sky130_fd_sc_hd__dfstp_2 _DFF_PN1_ (.CLK( C), .D( D), .Q( Q), .SET_B( R));
    unmapped dff cell: $_DFF_PP0_
    unmapped dff cell: $_DFF_PP1_
    unmapped dff cell: $_DFFE_NN_
    unmapped dff cell: $_DFFE_NP_
    unmapped dff cell: $_DFFE_PN_
    \sky130_fd_sc_hd__edfxtp_1 _DFFE_PP_ (.CLK( C), .D( D), .DE( E), .Q( Q));
    \sky130_fd_sc_hd__dfbbn_1 _DFFSR_NNN_ (.CLK_N( C), .D( D), .Q( Q), .Q_N(~Q), .RESET_B( R), .SET_B( S));
    unmapped dff cell: $_DFFSR_NNP_
    unmapped dff cell: $_DFFSR_NPN_
    unmapped dff cell: $_DFFSR_NPP_
    \sky130_fd_sc_hd__dfbbp_1 _DFFSR_PNN_ (.CLK( C), .D( D), .Q( Q), .Q_N(~Q), .RESET_B( R), .SET_B( S));
    unmapped dff cell: $_DFFSR_PNP_
    unmapped dff cell: $_DFFSR_PPN_
    unmapped dff cell: $_DFFSR_PPP_

9.1. Executing DFFLEGALIZE pass (convert FFs to types supported by the target).
<suppressed ~24 debug messages>
Mapping DFF cells in module `\gated_clk_cell':
Mapping DFF cells in module `\ct_pmp_top':
Mapping DFF cells in module `\ct_pmp_regs':
  mapped 280 $_DFF_PN0_ cells to \sky130_fd_sc_hd__dfrtp_1 cells.
Mapping DFF cells in module `\ct_pmp_comp_hit':
Mapping DFF cells in module `\ct_pmp_acc':

10. Executing ABC pass (technology mapping using ABC).

10.1. Extracting gate netlist of module `\gated_clk_cell' to `<abc-temp-dir>/input.blif'..
ABC: using cached merged SCL: /tmp/yosys-liberty-scl-cache/yosys_merged_33924531.scl (1 files)

10.1.1. Executed ABC.
Extracted 0 gates and 0 wires to a netlist network with 0 inputs and 0 outputs.
Don't call ABC as there is nothing to map.
Removing temp directory.

10.2. Extracting gate netlist of module `\ct_pmp_top' to `<abc-temp-dir>/input.blif'..
ABC: using cached merged SCL: /tmp/yosys-liberty-scl-cache/yosys_merged_33924531.scl (1 files)

10.2.1. Executed ABC.
Extracted 68 gates and 76 wires to a netlist network with 8 inputs and 38 outputs.
Running ABC script: <abc-temp-dir>/abc.script
ABC: UC Berkeley, ABC 1.01 (compiled Jun 30 2026 04:50:19)
ABC: abc 01> empty
ABC: abc 01> source <abc-temp-dir>/abc.script
ABC: + read_blif <abc-temp-dir>/input.blif 
ABC: + read_scl /tmp/yosys-liberty-scl-cache/yosys_merged_33924531.scl 
ABC: Warning: Detected 9 multi-output cells (for example, "sky130_fd_sc_hd__fa_1").
ABC: + strash 
ABC: + &get -n 
ABC: + &fraig -x 
ABC: + &put 
ABC: + scorr 
ABC: Warning: The network is combinational (run "fraig" or "fraig_sweep").
ABC: + dc2 
ABC: + dretime 
ABC: + strash 
ABC: + &get -n 
ABC: + &dch -f 
ABC: + &nf 
ABC: + &put 
ABC: + write_blif <abc-temp-dir>/output.blif 
ABC: 
ABC: YOSYS_ABC_DONE 

10.2.2. Re-integrating ABC results.
ABC RESULTS:   sky130_fd_sc_hd__a311oi_1 cells:        1
ABC RESULTS:   sky130_fd_sc_hd__a31oi_1 cells:        2
ABC RESULTS:   sky130_fd_sc_hd__and2_0 cells:        6
ABC RESULTS:   sky130_fd_sc_hd__and3_1 cells:        5
ABC RESULTS:   sky130_fd_sc_hd__clkinv_1 cells:        3
ABC RESULTS:   sky130_fd_sc_hd__lpflow_inputiso1p_1 cells:        1
ABC RESULTS:   sky130_fd_sc_hd__lpflow_isobufsrc_1 cells:        2
ABC RESULTS:   sky130_fd_sc_hd__nand2_1 cells:        4
ABC RESULTS:   sky130_fd_sc_hd__nand2b_1 cells:        2
ABC RESULTS:   sky130_fd_sc_hd__nand3_1 cells:        1
ABC RESULTS:   sky130_fd_sc_hd__nand3b_1 cells:        1
ABC RESULTS:   sky130_fd_sc_hd__nand4_1 cells:        2
ABC RESULTS:   sky130_fd_sc_hd__nor2_1 cells:       12
ABC RESULTS:   sky130_fd_sc_hd__nor3_1 cells:       15
ABC RESULTS:   sky130_fd_sc_hd__nor4_1 cells:        5
ABC RESULTS:   sky130_fd_sc_hd__o2111a_1 cells:        1
ABC RESULTS:   sky130_fd_sc_hd__or4_1 cells:        1
ABC RESULTS:        internal signals:       30
ABC RESULTS:           input signals:        8
ABC RESULTS:          output signals:       38
Removing temp directory.

10.3. Extracting gate netlist of module `\ct_pmp_regs' to `<abc-temp-dir>/input.blif'..
ABC: using cached merged SCL: /tmp/yosys-liberty-scl-cache/yosys_merged_33924531.scl (1 files)

10.3.1. Executed ABC.
Extracted 822 gates and 1175 wires to a netlist network with 353 inputs and 335 outputs.
Running ABC script: <abc-temp-dir>/abc.script
ABC: UC Berkeley, ABC 1.01 (compiled Jun 30 2026 04:50:19)
ABC: abc 01> empty
ABC: abc 01> source <abc-temp-dir>/abc.script
ABC: + read_blif <abc-temp-dir>/input.blif 
ABC: + read_scl /tmp/yosys-liberty-scl-cache/yosys_merged_33924531.scl 
ABC: Warning: Detected 9 multi-output cells (for example, "sky130_fd_sc_hd__fa_1").
ABC: + strash 
ABC: + &get -n 
ABC: + &fraig -x 
ABC: + &put 
ABC: + scorr 
ABC: Warning: The network is combinational (run "fraig" or "fraig_sweep").
ABC: + dc2 
ABC: + dretime 
ABC: + strash 
ABC: + &get -n 
ABC: + &dch -f 
ABC: + &nf 
ABC: + &put 
ABC: + write_blif <abc-temp-dir>/output.blif 
ABC: 
ABC: YOSYS_ABC_DONE 

10.3.2. Re-integrating ABC results.
ABC RESULTS:   sky130_fd_sc_hd__a21o_1 cells:        8
ABC RESULTS:   sky130_fd_sc_hd__a222oi_1 cells:       80
ABC RESULTS:   sky130_fd_sc_hd__a22oi_1 cells:        7
ABC RESULTS:   sky130_fd_sc_hd__and2_0 cells:       26
ABC RESULTS:   sky130_fd_sc_hd__lpflow_isobufsrc_1 cells:       16
ABC RESULTS:   sky130_fd_sc_hd__mux2_1 cells:      272
ABC RESULTS:   sky130_fd_sc_hd__nand2_1 cells:        7
ABC RESULTS:   sky130_fd_sc_hd__nand3_1 cells:       29
ABC RESULTS:   sky130_fd_sc_hd__o21ai_0 cells:        7
ABC RESULTS:        internal signals:      487
ABC RESULTS:           input signals:      353
ABC RESULTS:          output signals:      335
Removing temp directory.

10.4. Extracting gate netlist of module `\ct_pmp_comp_hit' to `<abc-temp-dir>/input.blif'..
ABC: using cached merged SCL: /tmp/yosys-liberty-scl-cache/yosys_merged_33924531.scl (1 files)

10.4.1. Executed ABC.
Extracted 230 gates and 290 wires to a netlist network with 60 inputs and 2 outputs.
Running ABC script: <abc-temp-dir>/abc.script
ABC: UC Berkeley, ABC 1.01 (compiled Jun 30 2026 04:50:19)
ABC: abc 01> empty
ABC: abc 01> source <abc-temp-dir>/abc.script
ABC: + read_blif <abc-temp-dir>/input.blif 
ABC: + read_scl /tmp/yosys-liberty-scl-cache/yosys_merged_33924531.scl 
ABC: Warning: Detected 9 multi-output cells (for example, "sky130_fd_sc_hd__fa_1").
ABC: + strash 
ABC: + &get -n 
ABC: + &fraig -x 
ABC: + &put 
ABC: + scorr 
ABC: Warning: The network is combinational (run "fraig" or "fraig_sweep").
ABC: + dc2 
ABC: + dretime 
ABC: + strash 
ABC: + &get -n 
ABC: + &dch -f 
ABC: + &nf 
ABC: + &put 
ABC: + write_blif <abc-temp-dir>/output.blif 
ABC: 
ABC: YOSYS_ABC_DONE 

10.4.2. Re-integrating ABC results.
ABC RESULTS:   sky130_fd_sc_hd__a2111oi_0 cells:        1
ABC RESULTS:   sky130_fd_sc_hd__a211o_1 cells:        1
ABC RESULTS:   sky130_fd_sc_hd__a211oi_1 cells:        2
ABC RESULTS:   sky130_fd_sc_hd__a21boi_0 cells:        2
ABC RESULTS:   sky130_fd_sc_hd__a21oi_1 cells:        9
ABC RESULTS:   sky130_fd_sc_hd__a221oi_1 cells:        2
ABC RESULTS:   sky130_fd_sc_hd__a31oi_1 cells:        5
ABC RESULTS:   sky130_fd_sc_hd__a32oi_1 cells:        1
ABC RESULTS:   sky130_fd_sc_hd__and2_0 cells:        1
ABC RESULTS:   sky130_fd_sc_hd__and3_1 cells:        1
ABC RESULTS:   sky130_fd_sc_hd__and4_1 cells:        3
ABC RESULTS:   sky130_fd_sc_hd__clkinv_1 cells:       19
ABC RESULTS:   sky130_fd_sc_hd__lpflow_isobufsrc_1 cells:        7
ABC RESULTS:   sky130_fd_sc_hd__maj3_1 cells:        6
ABC RESULTS:   sky130_fd_sc_hd__nand2_1 cells:       11
ABC RESULTS:   sky130_fd_sc_hd__nand2b_1 cells:       11
ABC RESULTS:   sky130_fd_sc_hd__nand3_1 cells:        6
ABC RESULTS:   sky130_fd_sc_hd__nand3b_1 cells:        1
ABC RESULTS:   sky130_fd_sc_hd__nand4_1 cells:        3
ABC RESULTS:   sky130_fd_sc_hd__nor2_1 cells:        6
ABC RESULTS:   sky130_fd_sc_hd__nor2b_1 cells:        3
ABC RESULTS:   sky130_fd_sc_hd__nor3_1 cells:        2
ABC RESULTS:   sky130_fd_sc_hd__nor4_1 cells:        1
ABC RESULTS:   sky130_fd_sc_hd__o2111ai_1 cells:        2
ABC RESULTS:   sky130_fd_sc_hd__o211ai_1 cells:        3
ABC RESULTS:   sky130_fd_sc_hd__o21ai_0 cells:        6
ABC RESULTS:   sky130_fd_sc_hd__o221a_1 cells:        1
ABC RESULTS:   sky130_fd_sc_hd__o221ai_1 cells:        1
ABC RESULTS:   sky130_fd_sc_hd__o22ai_1 cells:        5
ABC RESULTS:   sky130_fd_sc_hd__o2bb2ai_1 cells:        1
ABC RESULTS:   sky130_fd_sc_hd__o311ai_0 cells:        1
ABC RESULTS:   sky130_fd_sc_hd__or4_1 cells:        1
ABC RESULTS:   sky130_fd_sc_hd__xnor2_1 cells:       16
ABC RESULTS:   sky130_fd_sc_hd__xor2_1 cells:        4
ABC RESULTS:        internal signals:      228
ABC RESULTS:           input signals:       60
ABC RESULTS:          output signals:        2
Removing temp directory.

10.5. Extracting gate netlist of module `\ct_pmp_acc' to `<abc-temp-dir>/input.blif'..
ABC: using cached merged SCL: /tmp/yosys-liberty-scl-cache/yosys_merged_33924531.scl (1 files)

10.5.1. Executed ABC.
Extracted 86 gates and 131 wires to a netlist network with 45 inputs and 4 outputs.
Running ABC script: <abc-temp-dir>/abc.script
ABC: UC Berkeley, ABC 1.01 (compiled Jun 30 2026 04:50:19)
ABC: abc 01> empty
ABC: abc 01> source <abc-temp-dir>/abc.script
ABC: + read_blif <abc-temp-dir>/input.blif 
ABC: + read_scl /tmp/yosys-liberty-scl-cache/yosys_merged_33924531.scl 
ABC: Warning: Detected 9 multi-output cells (for example, "sky130_fd_sc_hd__fa_1").
ABC: + strash 
ABC: + &get -n 
ABC: + &fraig -x 
ABC: + &put 
ABC: + scorr 
ABC: Warning: The network is combinational (run "fraig" or "fraig_sweep").
ABC: + dc2 
ABC: + dretime 
ABC: + strash 
ABC: + &get -n 
ABC: + &dch -f 
ABC: + &nf 
ABC: + &put 
ABC: + write_blif <abc-temp-dir>/output.blif 
ABC: 
ABC: YOSYS_ABC_DONE 

10.5.2. Re-integrating ABC results.
ABC RESULTS:   sky130_fd_sc_hd__a211oi_1 cells:        2
ABC RESULTS:   sky130_fd_sc_hd__a21oi_1 cells:        1
ABC RESULTS:   sky130_fd_sc_hd__a221oi_1 cells:        2
ABC RESULTS:   sky130_fd_sc_hd__a222oi_1 cells:        3
ABC RESULTS:   sky130_fd_sc_hd__a22oi_1 cells:        3
ABC RESULTS:   sky130_fd_sc_hd__a32o_1 cells:        4
ABC RESULTS:   sky130_fd_sc_hd__and2_0 cells:        1
ABC RESULTS:   sky130_fd_sc_hd__and3_1 cells:        2
ABC RESULTS:   sky130_fd_sc_hd__and4b_1 cells:        1
ABC RESULTS:   sky130_fd_sc_hd__lpflow_isobufsrc_1 cells:        1
ABC RESULTS:   sky130_fd_sc_hd__nand2_1 cells:        6
ABC RESULTS:   sky130_fd_sc_hd__nand3_1 cells:        3
ABC RESULTS:   sky130_fd_sc_hd__nand4_1 cells:        2
ABC RESULTS:   sky130_fd_sc_hd__nor2_1 cells:        2
ABC RESULTS:   sky130_fd_sc_hd__nor3b_1 cells:        1
ABC RESULTS:   sky130_fd_sc_hd__nor4_1 cells:        2
ABC RESULTS:   sky130_fd_sc_hd__nor4b_1 cells:        1
ABC RESULTS:   sky130_fd_sc_hd__or4_1 cells:        1
ABC RESULTS:        internal signals:       82
ABC RESULTS:           input signals:       45
ABC RESULTS:          output signals:        4
Removing temp directory.
Removing global temp directory.
Removed 0 unused cells and 1713 unused wires.

11. Printing statistics.

=== gated_clk_cell ===

        +----------Local Count, excluding submodules.
        |        +-Local Area, excluding submodules.
        |        | 
        7        - wires
        7        - wire bits
        7        - public wires
        7        - public wire bits
        7        - ports
        7        - port bits

=== ct_pmp_top ===

        +----------Local Count, excluding submodules.
        |        +-Local Area, excluding submodules.
        |        | 
       63        - wires
      729        - wire bits
       37        - public wires
      703        - public wire bits
       22        - ports
      304        - port bits
       64  342.829 cells
        1    8.758   sky130_fd_sc_hd__a311oi_1
        2   12.512   sky130_fd_sc_hd__a31oi_1
        6   37.536   sky130_fd_sc_hd__and2_0
        5    31.28   sky130_fd_sc_hd__and3_1
        3   11.261   sky130_fd_sc_hd__clkinv_1
        1    6.256   sky130_fd_sc_hd__lpflow_inputiso1p_1
        2   12.512   sky130_fd_sc_hd__lpflow_isobufsrc_1
        4   15.014   sky130_fd_sc_hd__nand2_1
        2   12.512   sky130_fd_sc_hd__nand2b_1
        1    5.005   sky130_fd_sc_hd__nand3_1
        1    7.507   sky130_fd_sc_hd__nand3b_1
        2   12.512   sky130_fd_sc_hd__nand4_1
       12   45.043   sky130_fd_sc_hd__nor2_1
       15   75.072   sky130_fd_sc_hd__nor3_1
        5    31.28   sky130_fd_sc_hd__nor4_1
        1   11.261   sky130_fd_sc_hd__o2111a_1
        1    7.507   sky130_fd_sc_hd__or4_1
        7        - submodules
        5        -   ct_pmp_acc
        1        -   ct_pmp_regs
        1        -   gated_clk_cell

   Chip area for module '\ct_pmp_top': 342.828800
     of which used for sequential elements: 0.000000 (0.00%)

=== ct_pmp_regs ===

        +----------Local Count, excluding submodules.
        |        +-Local Area, excluding submodules.
        |        | 
      445        - wires
      955        - wire bits
       48        - public wires
      558        - public wire bits
       16        - ports
      526        - port bits
      732 1.15E+04 cells
        8   60.058   sky130_fd_sc_hd__a21o_1
       80  800.768   sky130_fd_sc_hd__a222oi_1
        7    52.55   sky130_fd_sc_hd__a22oi_1
       26  162.656   sky130_fd_sc_hd__and2_0
      280  7006.72   sky130_fd_sc_hd__dfrtp_1
       16  100.096   sky130_fd_sc_hd__lpflow_isobufsrc_1
      272 3.06E+03   sky130_fd_sc_hd__mux2_1
        7   26.275   sky130_fd_sc_hd__nand2_1
       29  145.139   sky130_fd_sc_hd__nand3_1
        7   35.034   sky130_fd_sc_hd__o21ai_0

   Chip area for module '\ct_pmp_regs': 11452.233600
     of which used for sequential elements: 7006.720000 (61.18%)

=== ct_pmp_comp_hit ===

        +----------Local Count, excluding submodules.
        |        +-Local Area, excluding submodules.
        |        | 
      149        - wires
      205        - wire bits
        6        - public wires
       62        - public wire bits
        6        - ports
       62        - port bits
      145  909.622 cells
        1    8.758   sky130_fd_sc_hd__a2111oi_0
        1    8.758   sky130_fd_sc_hd__a211o_1
        2   15.014   sky130_fd_sc_hd__a211oi_1
        2   15.014   sky130_fd_sc_hd__a21boi_0
        9   45.043   sky130_fd_sc_hd__a21oi_1
        2   17.517   sky130_fd_sc_hd__a221oi_1
        5    31.28   sky130_fd_sc_hd__a31oi_1
        1    8.758   sky130_fd_sc_hd__a32oi_1
        1    6.256   sky130_fd_sc_hd__and2_0
        1    6.256   sky130_fd_sc_hd__and3_1
        3   26.275   sky130_fd_sc_hd__and4_1
       19   71.318   sky130_fd_sc_hd__clkinv_1
        7   43.792   sky130_fd_sc_hd__lpflow_isobufsrc_1
        6   60.058   sky130_fd_sc_hd__maj3_1
       11    41.29   sky130_fd_sc_hd__nand2_1
       11   68.816   sky130_fd_sc_hd__nand2b_1
        6   30.029   sky130_fd_sc_hd__nand3_1
        1    7.507   sky130_fd_sc_hd__nand3b_1
        3   18.768   sky130_fd_sc_hd__nand4_1
        6   22.522   sky130_fd_sc_hd__nor2_1
        3   18.768   sky130_fd_sc_hd__nor2b_1
        2    10.01   sky130_fd_sc_hd__nor3_1
        1    6.256   sky130_fd_sc_hd__nor4_1
        2   17.517   sky130_fd_sc_hd__o2111ai_1
        3   22.522   sky130_fd_sc_hd__o211ai_1
        6   30.029   sky130_fd_sc_hd__o21ai_0
        1   11.261   sky130_fd_sc_hd__o221a_1
        1    8.758   sky130_fd_sc_hd__o221ai_1
        5    31.28   sky130_fd_sc_hd__o22ai_1
        1    8.758   sky130_fd_sc_hd__o2bb2ai_1
        1    8.758   sky130_fd_sc_hd__o311ai_0
        1    7.507   sky130_fd_sc_hd__or4_1
       16  140.134   sky130_fd_sc_hd__xnor2_1
        4   35.034   sky130_fd_sc_hd__xor2_1

   Chip area for module '\ct_pmp_comp_hit': 909.622400
     of which used for sequential elements: 0.000000 (0.00%)

=== ct_pmp_acc ===

        +----------Local Count, excluding submodules.
        |        +-Local Area, excluding submodules.
        |        | 
       65        - wires
      447        - wire bits
       31        - public wires
      413        - public wire bits
       15        - ports
      397        - port bits
       38  258.998 cells
        2   15.014   sky130_fd_sc_hd__a211oi_1
        1    5.005   sky130_fd_sc_hd__a21oi_1
        2   17.517   sky130_fd_sc_hd__a221oi_1
        3   30.029   sky130_fd_sc_hd__a222oi_1
        3   22.522   sky130_fd_sc_hd__a22oi_1
        4   40.038   sky130_fd_sc_hd__a32o_1
        1    6.256   sky130_fd_sc_hd__and2_0
        2   12.512   sky130_fd_sc_hd__and3_1
        1    10.01   sky130_fd_sc_hd__and4b_1
        1    6.256   sky130_fd_sc_hd__lpflow_isobufsrc_1
        6   22.522   sky130_fd_sc_hd__nand2_1
        3   15.014   sky130_fd_sc_hd__nand3_1
        2   12.512   sky130_fd_sc_hd__nand4_1
        2    7.507   sky130_fd_sc_hd__nor2_1
        1    7.507   sky130_fd_sc_hd__nor3b_1
        2   12.512   sky130_fd_sc_hd__nor4_1
        1    8.758   sky130_fd_sc_hd__nor4b_1
        1    7.507   sky130_fd_sc_hd__or4_1
        8        - submodules
        8        -   ct_pmp_comp_hit

   Chip area for module '\ct_pmp_acc': 258.998400
     of which used for sequential elements: 0.000000 (0.00%)

=== design hierarchy ===

        +----------Count including submodules.
        |        +-Area including submodules.
        |        | 
     6786 4.95E+04 ct_pmp_top
       38  258.998 ct_pmp_acc
      145  909.622   ct_pmp_comp_hit
      732 1.15E+04 ct_pmp_regs

        +----------Count including submodules.
        |        +-Area including submodules.
        |        | 
     6800        - wires
    12126        - wire bits
      487        - public wires
     5813        - public wire bits
      360        - ports
     5302        - port bits
        -        - memories
        -        - memory bits
        -        - processes
     6786 4.95E+04 cells
       40  350.336   sky130_fd_sc_hd__a2111oi_0
       40  350.336   sky130_fd_sc_hd__a211o_1
       90  675.648   sky130_fd_sc_hd__a211oi_1
       80  600.576   sky130_fd_sc_hd__a21boi_0
        8   60.058   sky130_fd_sc_hd__a21o_1
      365 1.83E+03   sky130_fd_sc_hd__a21oi_1
       90  788.256   sky130_fd_sc_hd__a221oi_1
       95  950.912   sky130_fd_sc_hd__a222oi_1
       22  165.158   sky130_fd_sc_hd__a22oi_1
        1    8.758   sky130_fd_sc_hd__a311oi_1
      202 1.26E+03   sky130_fd_sc_hd__a31oi_1
       20  200.192   sky130_fd_sc_hd__a32o_1
       40  350.336   sky130_fd_sc_hd__a32oi_1
       77  481.712   sky130_fd_sc_hd__and2_0
       55   344.08   sky130_fd_sc_hd__and3_1
      120 1.05E+03   sky130_fd_sc_hd__and4_1
        5   50.048   sky130_fd_sc_hd__and4b_1
      763 2.86E+03   sky130_fd_sc_hd__clkinv_1
      280  7006.72   sky130_fd_sc_hd__dfrtp_1
        1    6.256   sky130_fd_sc_hd__lpflow_inputiso1p_1
      303  1.9E+03   sky130_fd_sc_hd__lpflow_isobufsrc_1
      240  2.4E+03   sky130_fd_sc_hd__maj3_1
      272 3.06E+03   sky130_fd_sc_hd__mux2_1
      481 1.81E+03   sky130_fd_sc_hd__nand2_1
      442 2.77E+03   sky130_fd_sc_hd__nand2b_1
      285 1.43E+03   sky130_fd_sc_hd__nand3_1
       41  307.795   sky130_fd_sc_hd__nand3b_1
      132  825.792   sky130_fd_sc_hd__nand4_1
      262  983.443   sky130_fd_sc_hd__nor2_1
      120   750.72   sky130_fd_sc_hd__nor2b_1
       95  475.456   sky130_fd_sc_hd__nor3_1
        5   37.536   sky130_fd_sc_hd__nor3b_1
       55   344.08   sky130_fd_sc_hd__nor4_1
        5   43.792   sky130_fd_sc_hd__nor4b_1
        1   11.261   sky130_fd_sc_hd__o2111a_1
       80  700.672   sky130_fd_sc_hd__o2111ai_1
      120  900.864   sky130_fd_sc_hd__o211ai_1
      247 1.24E+03   sky130_fd_sc_hd__o21ai_0
       40  450.432   sky130_fd_sc_hd__o221a_1
       40  350.336   sky130_fd_sc_hd__o221ai_1
      200   1251.2   sky130_fd_sc_hd__o22ai_1
       40  350.336   sky130_fd_sc_hd__o2bb2ai_1
       40  350.336   sky130_fd_sc_hd__o311ai_0
       46  345.331   sky130_fd_sc_hd__or4_1
      640 5.61E+03   sky130_fd_sc_hd__xnor2_1
      160  1.4E+03   sky130_fd_sc_hd__xor2_1
        7 4.91E+04 submodules
        5 3.77E+04   ct_pmp_acc
        1 1.15E+04   ct_pmp_regs
        1        -   gated_clk_cell

   Chip area for top module '\ct_pmp_top': 49474.950400
     of which used for sequential elements: 7006.720000 (14.16%)

12. Executing Verilog backend.

12.1. Executing BMUXMAP pass.

12.2. Executing DEMUXMAP pass.
Dumping module `\ct_pmp_acc'.
Dumping module `\ct_pmp_comp_hit'.
Dumping module `\ct_pmp_regs'.
Dumping module `\ct_pmp_top'.
Dumping module `\gated_clk_cell'.

End of script. Logfile hash: dff7fadfc3, time: 1.41s, user: 0.52s, system: 0.41s, MEM: 49.12 MB peak
Yosys 0.66+181 (git sha1 afe6b18f2, Release, Clang /usr/bin/clang++ 18.1.8)
Time spent: 38% 2x abc (0 sec), 13% 1x synth (0 sec), ...
