
 /----------------------------------------------------------------------------\
 |  yosys -- Yosys Open SYnthesis Suite                                       |
 |  Copyright (C) 2012 - 2026  Claire Xenia Wolf <claire@yosyshq.com>         |
 |  Distributed under an ISC-like license, type "license" to see terms        |
 \----------------------------------------------------------------------------/
 Yosys 0.66+181 (git sha1 afe6b18f2, Release, Clang /usr/bin/clang++ 18.1.8)

-- Running command `read_verilog -sv gated_clk_cell.v ct_fifo_gold.v ct_fifo_gold_dbg.v; proc; opt; memory; opt; equiv_make ct_fifo ct_fifo_gold_dbg equiv_gold; hierarchy -top equiv_gold; clean; opt; equiv_simple; equiv_induct -seq 8; equiv_status' --

1. Executing Verilog-2005 frontend: gated_clk_cell.v
Parsing SystemVerilog input from `gated_clk_cell.v' to AST representation.
Generating RTLIL representation for module `\gated_clk_cell'.
Successfully finished Verilog frontend.

2. Executing Verilog-2005 frontend: ct_fifo_gold.v
Parsing SystemVerilog input from `ct_fifo_gold.v' to AST representation.
Generating RTLIL representation for module `\ct_fifo'.
Warning: Replacing memory \fifo_entry_cont with list of registers. See ct_fifo_gold.v:140
Successfully finished Verilog frontend.

3. Executing Verilog-2005 frontend: ct_fifo_gold_dbg.v
Parsing SystemVerilog input from `ct_fifo_gold_dbg.v' to AST representation.
Generating RTLIL representation for module `\ct_fifo_gold_dbg'.
Warning: Replacing memory \fifo_entry_cont with list of registers. See ct_fifo_gold_dbg.v:150
Successfully finished Verilog frontend.

4. Executing PROC pass (convert processes to netlists).

4.1. Executing PROC_CLEAN pass (remove empty switches from decision trees).
Cleaned up 0 empty switches.

4.2. Executing PROC_RMDEAD pass (remove dead branches from decision trees).
Removed 1 dead cases from process $proc$ct_fifo_gold_dbg.v:164$57 in module ct_fifo_gold_dbg.
Marked 1 switch rules as full_case in process $proc$ct_fifo_gold_dbg.v:164$57 in module ct_fifo_gold_dbg.
Marked 2 switch rules as full_case in process $proc$ct_fifo_gold_dbg.v:147$55 in module ct_fifo_gold_dbg.
Marked 2 switch rules as full_case in process $proc$ct_fifo_gold_dbg.v:147$53 in module ct_fifo_gold_dbg.
Marked 2 switch rules as full_case in process $proc$ct_fifo_gold_dbg.v:119$51 in module ct_fifo_gold_dbg.
Marked 2 switch rules as full_case in process $proc$ct_fifo_gold_dbg.v:119$49 in module ct_fifo_gold_dbg.
Marked 2 switch rules as full_case in process $proc$ct_fifo_gold_dbg.v:97$36 in module ct_fifo_gold_dbg.
Marked 1 switch rules as full_case in process $proc$ct_fifo_gold_dbg.v:89$34 in module ct_fifo_gold_dbg.
Removed 1 dead cases from process $proc$ct_fifo_gold.v:154$29 in module ct_fifo.
Marked 1 switch rules as full_case in process $proc$ct_fifo_gold.v:154$29 in module ct_fifo.
Marked 2 switch rules as full_case in process $proc$ct_fifo_gold.v:137$27 in module ct_fifo.
Marked 2 switch rules as full_case in process $proc$ct_fifo_gold.v:137$25 in module ct_fifo.
Marked 2 switch rules as full_case in process $proc$ct_fifo_gold.v:109$23 in module ct_fifo.
Marked 2 switch rules as full_case in process $proc$ct_fifo_gold.v:109$21 in module ct_fifo.
Marked 2 switch rules as full_case in process $proc$ct_fifo_gold.v:87$8 in module ct_fifo.
Marked 1 switch rules as full_case in process $proc$ct_fifo_gold.v:79$6 in module ct_fifo.
Removed a total of 2 dead cases.

4.3. Executing PROC_PRUNE pass (remove redundant assignments in processes).
Removed 4 redundant assignments.
Promoted 2 assignments to connections.

4.4. Executing PROC_INIT pass (extract init attributes).

4.5. Executing PROC_ARST pass (detect async resets in processes).
Found async reset \rst_b in `\ct_fifo_gold_dbg.$proc$ct_fifo_gold_dbg.v:147$55'.
Found async reset \rst_b in `\ct_fifo_gold_dbg.$proc$ct_fifo_gold_dbg.v:147$53'.
Found async reset \rst_b in `\ct_fifo_gold_dbg.$proc$ct_fifo_gold_dbg.v:119$51'.
Found async reset \rst_b in `\ct_fifo_gold_dbg.$proc$ct_fifo_gold_dbg.v:119$49'.
Found async reset \rst_b in `\ct_fifo_gold_dbg.$proc$ct_fifo_gold_dbg.v:97$36'.
Found async reset \rst_b in `\ct_fifo_gold_dbg.$proc$ct_fifo_gold_dbg.v:89$34'.
Found async reset \rst_b in `\ct_fifo.$proc$ct_fifo_gold.v:137$27'.
Found async reset \rst_b in `\ct_fifo.$proc$ct_fifo_gold.v:137$25'.
Found async reset \rst_b in `\ct_fifo.$proc$ct_fifo_gold.v:109$23'.
Found async reset \rst_b in `\ct_fifo.$proc$ct_fifo_gold.v:109$21'.
Found async reset \rst_b in `\ct_fifo.$proc$ct_fifo_gold.v:87$8'.
Found async reset \rst_b in `\ct_fifo.$proc$ct_fifo_gold.v:79$6'.

4.6. Executing PROC_ROM pass (convert switches to ROMs).
Converted 0 switches.
<suppressed ~20 debug messages>

4.7. Executing PROC_MUX pass (convert decision trees to multiplexers).
Creating decoders for process `\ct_fifo_gold_dbg.$proc$ct_fifo_gold_dbg.v:164$57'.
     1/1: $1$mem2reg_rd$\fifo_entry_cont$ct_fifo_gold_dbg.v:164$32_DATA[5:0]$59
Creating decoders for process `\ct_fifo_gold_dbg.$proc$ct_fifo_gold_dbg.v:147$55'.
     1/1: $0\fifo_entry_cont[1][5:0]
Creating decoders for process `\ct_fifo_gold_dbg.$proc$ct_fifo_gold_dbg.v:147$53'.
     1/1: $0\fifo_entry_cont[0][5:0]
Creating decoders for process `\ct_fifo_gold_dbg.$proc$ct_fifo_gold_dbg.v:119$51'.
     1/1: $0\fifo_entry_vld[1:1]
Creating decoders for process `\ct_fifo_gold_dbg.$proc$ct_fifo_gold_dbg.v:119$49'.
     1/1: $0\fifo_entry_vld[0:0]
Creating decoders for process `\ct_fifo_gold_dbg.$proc$ct_fifo_gold_dbg.v:97$36'.
     1/1: $0\fifo_pop_ptr[1:0]
Creating decoders for process `\ct_fifo_gold_dbg.$proc$ct_fifo_gold_dbg.v:89$34'.
     1/1: $0\fifo_create_ptr[1:0]
Creating decoders for process `\ct_fifo.$proc$ct_fifo_gold.v:154$29'.
     1/1: $1$mem2reg_rd$\fifo_entry_cont$ct_fifo_gold.v:154$4_DATA[5:0]$31
Creating decoders for process `\ct_fifo.$proc$ct_fifo_gold.v:137$27'.
     1/1: $0\fifo_entry_cont[1][5:0]
Creating decoders for process `\ct_fifo.$proc$ct_fifo_gold.v:137$25'.
     1/1: $0\fifo_entry_cont[0][5:0]
Creating decoders for process `\ct_fifo.$proc$ct_fifo_gold.v:109$23'.
     1/1: $0\fifo_entry_vld[1:1]
Creating decoders for process `\ct_fifo.$proc$ct_fifo_gold.v:109$21'.
     1/1: $0\fifo_entry_vld[0:0]
Creating decoders for process `\ct_fifo.$proc$ct_fifo_gold.v:87$8'.
     1/1: $0\fifo_pop_ptr[1:0]
Creating decoders for process `\ct_fifo.$proc$ct_fifo_gold.v:79$6'.
     1/1: $0\fifo_create_ptr[1:0]

4.8. Executing PROC_DLATCH pass (convert process syncs to latches).
No latch inferred for signal `\ct_fifo_gold_dbg.$mem2reg_rd$\fifo_entry_cont$ct_fifo_gold_dbg.v:164$32_DATA' from process `\ct_fifo_gold_dbg.$proc$ct_fifo_gold_dbg.v:164$57'.
No latch inferred for signal `\ct_fifo.$mem2reg_rd$\fifo_entry_cont$ct_fifo_gold.v:154$4_DATA' from process `\ct_fifo.$proc$ct_fifo_gold.v:154$29'.

4.9. Executing PROC_DFF pass (convert process syncs to FFs).
Creating register for signal `\ct_fifo_gold_dbg.\fifo_entry_cont[1]' using process `\ct_fifo_gold_dbg.$proc$ct_fifo_gold_dbg.v:147$55'.
  created $adff cell `$procdff$116' with positive edge clock and positive level reset.
Creating register for signal `\ct_fifo_gold_dbg.\fifo_entry_cont[0]' using process `\ct_fifo_gold_dbg.$proc$ct_fifo_gold_dbg.v:147$53'.
  created $adff cell `$procdff$121' with positive edge clock and positive level reset.
Creating register for signal `\ct_fifo_gold_dbg.\fifo_entry_vld [1]' using process `\ct_fifo_gold_dbg.$proc$ct_fifo_gold_dbg.v:119$51'.
  created $adff cell `$procdff$126' with positive edge clock and positive level reset.
Creating register for signal `\ct_fifo_gold_dbg.\fifo_entry_vld [0]' using process `\ct_fifo_gold_dbg.$proc$ct_fifo_gold_dbg.v:119$49'.
  created $adff cell `$procdff$131' with positive edge clock and positive level reset.
Creating register for signal `\ct_fifo_gold_dbg.\fifo_pop_ptr' using process `\ct_fifo_gold_dbg.$proc$ct_fifo_gold_dbg.v:97$36'.
  created $adff cell `$procdff$136' with positive edge clock and positive level reset.
Creating register for signal `\ct_fifo_gold_dbg.\fifo_create_ptr' using process `\ct_fifo_gold_dbg.$proc$ct_fifo_gold_dbg.v:89$34'.
  created $adff cell `$procdff$141' with positive edge clock and positive level reset.
Creating register for signal `\ct_fifo.\fifo_entry_cont[1]' using process `\ct_fifo.$proc$ct_fifo_gold.v:137$27'.
  created $adff cell `$procdff$146' with positive edge clock and positive level reset.
Creating register for signal `\ct_fifo.\fifo_entry_cont[0]' using process `\ct_fifo.$proc$ct_fifo_gold.v:137$25'.
  created $adff cell `$procdff$151' with positive edge clock and positive level reset.
Creating register for signal `\ct_fifo.\fifo_entry_vld [1]' using process `\ct_fifo.$proc$ct_fifo_gold.v:109$23'.
  created $adff cell `$procdff$156' with positive edge clock and positive level reset.
Creating register for signal `\ct_fifo.\fifo_entry_vld [0]' using process `\ct_fifo.$proc$ct_fifo_gold.v:109$21'.
  created $adff cell `$procdff$161' with positive edge clock and positive level reset.
Creating register for signal `\ct_fifo.\fifo_pop_ptr' using process `\ct_fifo.$proc$ct_fifo_gold.v:87$8'.
  created $adff cell `$procdff$166' with positive edge clock and positive level reset.
Creating register for signal `\ct_fifo.\fifo_create_ptr' using process `\ct_fifo.$proc$ct_fifo_gold.v:79$6'.
  created $adff cell `$procdff$171' with positive edge clock and positive level reset.

4.10. Executing PROC_MEMWR pass (convert process memory writes to cells).

4.11. Executing PROC_CLEAN pass (remove empty switches from decision trees).
Found and cleaned up 1 empty switch in `\ct_fifo_gold_dbg.$proc$ct_fifo_gold_dbg.v:164$57'.
Removing empty process `ct_fifo_gold_dbg.$proc$ct_fifo_gold_dbg.v:164$57'.
Found and cleaned up 1 empty switch in `\ct_fifo_gold_dbg.$proc$ct_fifo_gold_dbg.v:147$55'.
Removing empty process `ct_fifo_gold_dbg.$proc$ct_fifo_gold_dbg.v:147$55'.
Found and cleaned up 1 empty switch in `\ct_fifo_gold_dbg.$proc$ct_fifo_gold_dbg.v:147$53'.
Removing empty process `ct_fifo_gold_dbg.$proc$ct_fifo_gold_dbg.v:147$53'.
Found and cleaned up 2 empty switches in `\ct_fifo_gold_dbg.$proc$ct_fifo_gold_dbg.v:119$51'.
Removing empty process `ct_fifo_gold_dbg.$proc$ct_fifo_gold_dbg.v:119$51'.
Found and cleaned up 2 empty switches in `\ct_fifo_gold_dbg.$proc$ct_fifo_gold_dbg.v:119$49'.
Removing empty process `ct_fifo_gold_dbg.$proc$ct_fifo_gold_dbg.v:119$49'.
Found and cleaned up 2 empty switches in `\ct_fifo_gold_dbg.$proc$ct_fifo_gold_dbg.v:97$36'.
Removing empty process `ct_fifo_gold_dbg.$proc$ct_fifo_gold_dbg.v:97$36'.
Found and cleaned up 1 empty switch in `\ct_fifo_gold_dbg.$proc$ct_fifo_gold_dbg.v:89$34'.
Removing empty process `ct_fifo_gold_dbg.$proc$ct_fifo_gold_dbg.v:89$34'.
Found and cleaned up 1 empty switch in `\ct_fifo.$proc$ct_fifo_gold.v:154$29'.
Removing empty process `ct_fifo.$proc$ct_fifo_gold.v:154$29'.
Found and cleaned up 1 empty switch in `\ct_fifo.$proc$ct_fifo_gold.v:137$27'.
Removing empty process `ct_fifo.$proc$ct_fifo_gold.v:137$27'.
Found and cleaned up 1 empty switch in `\ct_fifo.$proc$ct_fifo_gold.v:137$25'.
Removing empty process `ct_fifo.$proc$ct_fifo_gold.v:137$25'.
Found and cleaned up 2 empty switches in `\ct_fifo.$proc$ct_fifo_gold.v:109$23'.
Removing empty process `ct_fifo.$proc$ct_fifo_gold.v:109$23'.
Found and cleaned up 2 empty switches in `\ct_fifo.$proc$ct_fifo_gold.v:109$21'.
Removing empty process `ct_fifo.$proc$ct_fifo_gold.v:109$21'.
Found and cleaned up 2 empty switches in `\ct_fifo.$proc$ct_fifo_gold.v:87$8'.
Removing empty process `ct_fifo.$proc$ct_fifo_gold.v:87$8'.
Found and cleaned up 1 empty switch in `\ct_fifo.$proc$ct_fifo_gold.v:79$6'.
Removing empty process `ct_fifo.$proc$ct_fifo_gold.v:79$6'.
Cleaned up 20 empty switches.

4.12. Executing OPT_EXPR pass (perform const folding).
Optimizing module ct_fifo_gold_dbg.
<suppressed ~14 debug messages>
Optimizing module ct_fifo.
<suppressed ~14 debug messages>
Optimizing module gated_clk_cell.

5. Executing OPT pass (performing simple optimizations).

5.1. Executing OPT_EXPR pass (perform const folding).
Optimizing module ct_fifo_gold_dbg.
Optimizing module ct_fifo.
Optimizing module gated_clk_cell.

5.2. Executing OPT_MERGE pass (detect identical cells).
Finding identical cells in module `\ct_fifo_gold_dbg'.
Computing hashes of 43 cells of `\ct_fifo_gold_dbg'.
Finding duplicate cells in `\ct_fifo_gold_dbg'.
Computing hashes of 32 cells of `\ct_fifo_gold_dbg'.
Finding duplicate cells in `\ct_fifo_gold_dbg'.
<suppressed ~33 debug messages>
Finding identical cells in module `\ct_fifo'.
Computing hashes of 43 cells of `\ct_fifo'.
Finding duplicate cells in `\ct_fifo'.
Computing hashes of 32 cells of `\ct_fifo'.
Finding duplicate cells in `\ct_fifo'.
<suppressed ~33 debug messages>
Finding identical cells in module `\gated_clk_cell'.
Computing hashes of 3 cells of `\gated_clk_cell'.
Finding duplicate cells in `\gated_clk_cell'.
Removed a total of 22 cells.

5.3. Executing OPT_MUXTREE pass (detect dead branches in mux trees).
Running muxtree optimizer on module \ct_fifo_gold_dbg..
  Creating internal representation of mux trees.
  Evaluating internal representation of mux trees.
  Analyzing evaluation results.
Running muxtree optimizer on module \ct_fifo..
  Creating internal representation of mux trees.
  Evaluating internal representation of mux trees.
  Analyzing evaluation results.
Running muxtree optimizer on module \gated_clk_cell..
  Creating internal representation of mux trees.
  No muxes found in this module.
Removed 0 multiplexer ports.
<suppressed ~34 debug messages>

5.4. Executing OPT_REDUCE pass (consolidate $*mux and $reduce_* inputs).
  Optimizing cells in module \ct_fifo_gold_dbg.
  Optimizing cells in module \ct_fifo.
  Optimizing cells in module \gated_clk_cell.
Performed a total of 0 changes.

5.5. Executing OPT_MERGE pass (detect identical cells).
Finding identical cells in module `\ct_fifo_gold_dbg'.
Computing hashes of 32 cells of `\ct_fifo_gold_dbg'.
Finding duplicate cells in `\ct_fifo_gold_dbg'.
Finding identical cells in module `\ct_fifo'.
Computing hashes of 32 cells of `\ct_fifo'.
Finding duplicate cells in `\ct_fifo'.
Finding identical cells in module `\gated_clk_cell'.
Computing hashes of 3 cells of `\gated_clk_cell'.
Finding duplicate cells in `\gated_clk_cell'.
Removed a total of 0 cells.

5.6. Executing OPT_DFF pass (perform DFF optimizations).
Adding EN signal on $procdff$136 ($adff) from module ct_fifo_gold_dbg (D = $procmux$82_Y, Q = \fifo_pop_ptr).
Adding EN signal on $procdff$131 ($adff) from module ct_fifo_gold_dbg (D = $procmux$77_Y, Q = \fifo_entry_vld [0]).
Adding EN signal on $procdff$116 ($adff) from module ct_fifo_gold_dbg (D = \fifo_create_data, Q = \fifo_entry_cont[1]).
Adding EN signal on $procdff$126 ($adff) from module ct_fifo_gold_dbg (D = $procmux$72_Y, Q = \fifo_entry_vld [1]).
Adding EN signal on $procdff$141 ($adff) from module ct_fifo_gold_dbg (D = { \fifo_create_ptr [0] \fifo_create_ptr [1] }, Q = \fifo_create_ptr).
Adding EN signal on $procdff$121 ($adff) from module ct_fifo_gold_dbg (D = \fifo_create_data, Q = \fifo_entry_cont[0]).
Adding EN signal on $procdff$166 ($adff) from module ct_fifo (D = $procmux$108_Y, Q = \fifo_pop_ptr).
Adding EN signal on $procdff$161 ($adff) from module ct_fifo (D = $procmux$103_Y, Q = \fifo_entry_vld [0]).
Adding EN signal on $procdff$146 ($adff) from module ct_fifo (D = \fifo_create_data, Q = \fifo_entry_cont[1]).
Adding EN signal on $procdff$156 ($adff) from module ct_fifo (D = $procmux$98_Y, Q = \fifo_entry_vld [1]).
Adding EN signal on $procdff$171 ($adff) from module ct_fifo (D = { \fifo_create_ptr [0] \fifo_create_ptr [1] }, Q = \fifo_create_ptr).
Adding EN signal on $procdff$151 ($adff) from module ct_fifo (D = \fifo_create_data, Q = \fifo_entry_cont[0]).

5.7. Executing OPT_CLEAN pass (remove unused cells and wires).
Finding unused cells or wires in module \ct_fifo_gold_dbg..
Finding unused cells or wires in module \ct_fifo..
Finding unused cells or wires in module \gated_clk_cell..
Removed 13 unused cells and 108 unused wires.
<suppressed ~17 debug messages>

5.8. Executing OPT_EXPR pass (perform const folding).
Optimizing module ct_fifo_gold_dbg.
<suppressed ~3 debug messages>
Optimizing module ct_fifo.
<suppressed ~3 debug messages>
Optimizing module gated_clk_cell.

5.9. Rerunning OPT passes. (Maybe there is more to do..)

5.10. Executing OPT_MUXTREE pass (detect dead branches in mux trees).
Running muxtree optimizer on module \ct_fifo_gold_dbg..
  Creating internal representation of mux trees.
  Evaluating internal representation of mux trees.
  Analyzing evaluation results.
Running muxtree optimizer on module \ct_fifo..
  Creating internal representation of mux trees.
  Evaluating internal representation of mux trees.
  Analyzing evaluation results.
Running muxtree optimizer on module \gated_clk_cell..
  Creating internal representation of mux trees.
  No muxes found in this module.
Removed 0 multiplexer ports.
<suppressed ~22 debug messages>

5.11. Executing OPT_REDUCE pass (consolidate $*mux and $reduce_* inputs).
  Optimizing cells in module \ct_fifo_gold_dbg.
  Optimizing cells in module \ct_fifo.
  Optimizing cells in module \gated_clk_cell.
Performed a total of 0 changes.

5.12. Executing OPT_MERGE pass (detect identical cells).
Finding identical cells in module `\ct_fifo_gold_dbg'.
Computing hashes of 30 cells of `\ct_fifo_gold_dbg'.
Finding duplicate cells in `\ct_fifo_gold_dbg'.
Finding identical cells in module `\ct_fifo'.
Computing hashes of 30 cells of `\ct_fifo'.
Finding duplicate cells in `\ct_fifo'.
Finding identical cells in module `\gated_clk_cell'.
Computing hashes of 0 cells of `\gated_clk_cell'.
Finding duplicate cells in `\gated_clk_cell'.
Removed a total of 0 cells.

5.13. Executing OPT_DFF pass (perform DFF optimizations).

5.14. Executing OPT_CLEAN pass (remove unused cells and wires).
Finding unused cells or wires in module \ct_fifo_gold_dbg..
Finding unused cells or wires in module \ct_fifo..
Finding unused cells or wires in module \gated_clk_cell..

5.15. Executing OPT_EXPR pass (perform const folding).
Optimizing module ct_fifo_gold_dbg.
Optimizing module ct_fifo.
Optimizing module gated_clk_cell.

5.16. Finished fast OPT passes. (There is nothing left to do.)

6. Executing MEMORY pass.

6.1. Executing OPT_MEM pass (optimize memories).
Performed a total of 0 transformations.

6.2. Executing OPT_MEM_PRIORITY pass (removing unnecessary memory write priority relations).
Performed a total of 0 transformations.

6.3. Executing OPT_MEM_FEEDBACK pass (finding memory read-to-write feedback paths).

6.4. Executing MEMORY_BMUX2ROM pass (converting muxes to ROMs).

6.5. Executing MEMORY_DFF pass (merging $dff cells to $memrd).

6.6. Executing OPT_CLEAN pass (remove unused cells and wires).
Finding unused cells or wires in module \ct_fifo_gold_dbg..
Finding unused cells or wires in module \ct_fifo..
Finding unused cells or wires in module \gated_clk_cell..

6.7. Executing MEMORY_SHARE pass (consolidating $memrd/$memwr cells).

6.8. Executing OPT_MEM_WIDEN pass (optimize memories where all ports are wide).
Performed a total of 0 transformations.

6.9. Executing OPT_CLEAN pass (remove unused cells and wires).
Finding unused cells or wires in module \ct_fifo_gold_dbg..
Finding unused cells or wires in module \ct_fifo..
Finding unused cells or wires in module \gated_clk_cell..

6.10. Executing MEMORY_COLLECT pass (generating $mem cells).

6.11. Executing MEMORY_MAP pass (converting memories to logic and flip-flops).

7. Executing OPT pass (performing simple optimizations).

7.1. Executing OPT_EXPR pass (perform const folding).
Optimizing module ct_fifo_gold_dbg.
Optimizing module ct_fifo.
Optimizing module gated_clk_cell.

7.2. Executing OPT_MERGE pass (detect identical cells).
Finding identical cells in module `\ct_fifo_gold_dbg'.
Computing hashes of 30 cells of `\ct_fifo_gold_dbg'.
Finding duplicate cells in `\ct_fifo_gold_dbg'.
Finding identical cells in module `\ct_fifo'.
Computing hashes of 30 cells of `\ct_fifo'.
Finding duplicate cells in `\ct_fifo'.
Finding identical cells in module `\gated_clk_cell'.
Computing hashes of 0 cells of `\gated_clk_cell'.
Finding duplicate cells in `\gated_clk_cell'.
Removed a total of 0 cells.

7.3. Executing OPT_MUXTREE pass (detect dead branches in mux trees).
Running muxtree optimizer on module \ct_fifo_gold_dbg..
  Creating internal representation of mux trees.
  Evaluating internal representation of mux trees.
  Analyzing evaluation results.
Running muxtree optimizer on module \ct_fifo..
  Creating internal representation of mux trees.
  Evaluating internal representation of mux trees.
  Analyzing evaluation results.
Running muxtree optimizer on module \gated_clk_cell..
  Creating internal representation of mux trees.
  No muxes found in this module.
Removed 0 multiplexer ports.
<suppressed ~22 debug messages>

7.4. Executing OPT_REDUCE pass (consolidate $*mux and $reduce_* inputs).
  Optimizing cells in module \ct_fifo_gold_dbg.
  Optimizing cells in module \ct_fifo.
  Optimizing cells in module \gated_clk_cell.
Performed a total of 0 changes.

7.5. Executing OPT_MERGE pass (detect identical cells).
Finding identical cells in module `\ct_fifo_gold_dbg'.
Computing hashes of 30 cells of `\ct_fifo_gold_dbg'.
Finding duplicate cells in `\ct_fifo_gold_dbg'.
Finding identical cells in module `\ct_fifo'.
Computing hashes of 30 cells of `\ct_fifo'.
Finding duplicate cells in `\ct_fifo'.
Finding identical cells in module `\gated_clk_cell'.
Computing hashes of 0 cells of `\gated_clk_cell'.
Finding duplicate cells in `\gated_clk_cell'.
Removed a total of 0 cells.

7.6. Executing OPT_DFF pass (perform DFF optimizations).

7.7. Executing OPT_CLEAN pass (remove unused cells and wires).
Finding unused cells or wires in module \ct_fifo_gold_dbg..
Finding unused cells or wires in module \ct_fifo..
Finding unused cells or wires in module \gated_clk_cell..

7.8. Executing OPT_EXPR pass (perform const folding).
Optimizing module ct_fifo_gold_dbg.
Optimizing module ct_fifo.
Optimizing module gated_clk_cell.

7.9. Finished fast OPT passes. (There is nothing left to do.)

8. Executing EQUIV_MAKE pass (creating equiv checking module).
ERROR: Can't match gate port `dbg_entry_cont1_gate' to a gold port.
