OpenSTA 2.2.0 02b129d48f Copyright (c) 2019, Parallax Software, Inc.
License GPLv3: GNU GPL version 3 <http://gnu.org/licenses/gpl.html>

This is free software, and you are free to change and redistribute it
under certain conditions; type `show_copying' for details. 
This program comes with ABSOLUTELY NO WARRANTY; for details type `show_warranty'.
Startpoint: _57_ (rising edge-triggered flip-flop clocked by clk)
Endpoint: _61_ (rising edge-triggered flip-flop clocked by clk)
Path Group: clk
Path Type: max

  Delay    Time   Description
---------------------------------------------------------
   0.00    0.00   clock clk (rise edge)
   0.00    0.00   clock network delay (ideal)
   0.00    0.00 ^ _57_/CLK (sky130_fd_sc_hd__dfrtp_1)
   0.39    0.39 v _57_/Q (sky130_fd_sc_hd__dfrtp_1)
   0.38    0.77 ^ _34_/X (sky130_fd_sc_hd__lpflow_isobufsrc_1)
   0.37    1.14 v _37_/X (sky130_fd_sc_hd__mux2_1)
   0.00    1.14 v _61_/D (sky130_fd_sc_hd__dfrtp_1)
           1.14   data arrival time

  10.00   10.00   clock clk (rise edge)
   0.00   10.00   clock network delay (ideal)
   0.00   10.00   clock reconvergence pessimism
          10.00 ^ _61_/CLK (sky130_fd_sc_hd__dfrtp_1)
  -0.13    9.87   library setup time
           9.87   data required time
---------------------------------------------------------
           9.87   data required time
          -1.14   data arrival time
---------------------------------------------------------
           8.73   slack (MET)


tns 0.00
wns 0.00
Group                  Internal  Switching    Leakage      Total
                          Power      Power      Power      Power
----------------------------------------------------------------
Sequential             3.54e-05   1.76e-06   1.40e-10   3.72e-05  88.8%
Combinational          3.12e-06   1.57e-06   1.05e-10   4.69e-06  11.2%
Macro                  0.00e+00   0.00e+00   0.00e+00   0.00e+00   0.0%
Pad                    0.00e+00   0.00e+00   0.00e+00   0.00e+00   0.0%
----------------------------------------------------------------
Total                  3.86e-05   3.33e-06   2.45e-10   4.19e-05 100.0%
                          92.1%       7.9%       0.0%
