
 /----------------------------------------------------------------------------\
 |  yosys -- Yosys Open SYnthesis Suite                                       |
 |  Copyright (C) 2012 - 2026  Claire Xenia Wolf <claire@yosyshq.com>         |
 |  Distributed under an ISC-like license, type "license" to see terms        |
 \----------------------------------------------------------------------------/
 Yosys 0.66+181 (git sha1 afe6b18f2, Release, Clang /usr/bin/clang++ 18.1.8)

-- Running command `read_verilog -sv gated_clk_cell.v ct_fifo_gate_candidate.v; synth -flatten -top ct_fifo_gate; dfflibmap -liberty /workdir/athanor-kairos-runall/src/kairos/data/liberty/sky130_fd_sc_hd__tt_025C_1v80.lib; abc -liberty /workdir/athanor-kairos-runall/src/kairos/data/liberty/sky130_fd_sc_hd__tt_025C_1v80.lib; clean; stat -liberty /workdir/athanor-kairos-runall/src/kairos/data/liberty/sky130_fd_sc_hd__tt_025C_1v80.lib' --

1. Executing Verilog-2005 frontend: gated_clk_cell.v
Parsing SystemVerilog input from `gated_clk_cell.v' to AST representation.
Generating RTLIL representation for module `\gated_clk_cell'.
Successfully finished Verilog frontend.

2. Executing Verilog-2005 frontend: ct_fifo_gate_candidate.v
Parsing SystemVerilog input from `ct_fifo_gate_candidate.v' to AST representation.
Generating RTLIL representation for module `\ct_fifo_gate'.
Warning: Replacing memory \fifo_entry_cont with list of registers. See ct_fifo_gate_candidate.v:109
Successfully finished Verilog frontend.

3. Executing SYNTH pass.

3.1. Executing HIERARCHY pass (managing design hierarchy).

3.1.1. Analyzing design hierarchy..
Top module:  \ct_fifo_gate
Used module:     \gated_clk_cell

3.1.2. Analyzing design hierarchy..
Top module:  \ct_fifo_gate
Used module:     \gated_clk_cell
Removed 0 unused modules.

3.2. Executing PROC pass (convert processes to netlists).

3.2.1. Executing PROC_CLEAN pass (remove empty switches from decision trees).
Cleaned up 0 empty switches.

3.2.2. Executing PROC_RMDEAD pass (remove dead branches from decision trees).
Marked 1 switch rules as full_case in process $proc$ct_fifo_gate_candidate.v:106$26 in module ct_fifo_gate.
Marked 2 switch rules as full_case in process $proc$ct_fifo_gate_candidate.v:86$24 in module ct_fifo_gate.
Marked 1 switch rules as full_case in process $proc$ct_fifo_gate_candidate.v:106$22 in module ct_fifo_gate.
Marked 2 switch rules as full_case in process $proc$ct_fifo_gate_candidate.v:86$20 in module ct_fifo_gate.
Marked 1 switch rules as full_case in process $proc$ct_fifo_gate_candidate.v:69$9 in module ct_fifo_gate.
Marked 1 switch rules as full_case in process $proc$ct_fifo_gate_candidate.v:61$6 in module ct_fifo_gate.
Removed a total of 0 dead cases.

3.2.3. Executing PROC_PRUNE pass (remove redundant assignments in processes).
Removed 0 redundant assignments.
Promoted 0 assignments to connections.

3.2.4. Executing PROC_INIT pass (extract init attributes).

3.2.5. Executing PROC_ARST pass (detect async resets in processes).
Found async reset \rst_b in `\ct_fifo_gate.$proc$ct_fifo_gate_candidate.v:106$26'.
Found async reset \rst_b in `\ct_fifo_gate.$proc$ct_fifo_gate_candidate.v:86$24'.
Found async reset \rst_b in `\ct_fifo_gate.$proc$ct_fifo_gate_candidate.v:106$22'.
Found async reset \rst_b in `\ct_fifo_gate.$proc$ct_fifo_gate_candidate.v:86$20'.
Found async reset \rst_b in `\ct_fifo_gate.$proc$ct_fifo_gate_candidate.v:69$9'.
Found async reset \rst_b in `\ct_fifo_gate.$proc$ct_fifo_gate_candidate.v:61$6'.

3.2.6. Executing PROC_ROM pass (convert switches to ROMs).
Converted 0 switches.
<suppressed ~8 debug messages>

3.2.7. Executing PROC_MUX pass (convert decision trees to multiplexers).
Creating decoders for process `\ct_fifo_gate.$proc$ct_fifo_gate_candidate.v:106$26'.
     1/1: $0\fifo_entry_cont[1][5:0]
Creating decoders for process `\ct_fifo_gate.$proc$ct_fifo_gate_candidate.v:86$24'.
     1/1: $0\fifo_entry_vld[1:1]
Creating decoders for process `\ct_fifo_gate.$proc$ct_fifo_gate_candidate.v:106$22'.
     1/1: $0\fifo_entry_cont[0][5:0]
Creating decoders for process `\ct_fifo_gate.$proc$ct_fifo_gate_candidate.v:86$20'.
     1/1: $0\fifo_entry_vld[0:0]
Creating decoders for process `\ct_fifo_gate.$proc$ct_fifo_gate_candidate.v:69$9'.
     1/1: $0\fifo_pop_idx[0:0]
Creating decoders for process `\ct_fifo_gate.$proc$ct_fifo_gate_candidate.v:61$6'.
     1/1: $0\fifo_create_idx[0:0]

3.2.8. Executing PROC_DLATCH pass (convert process syncs to latches).

3.2.9. Executing PROC_DFF pass (convert process syncs to FFs).
Creating register for signal `\ct_fifo_gate.\fifo_entry_cont[1]' using process `\ct_fifo_gate.$proc$ct_fifo_gate_candidate.v:106$26'.
  created $adff cell `$procdff$50' with positive edge clock and positive level reset.
Creating register for signal `\ct_fifo_gate.\fifo_entry_vld [1]' using process `\ct_fifo_gate.$proc$ct_fifo_gate_candidate.v:86$24'.
  created $adff cell `$procdff$55' with positive edge clock and positive level reset.
Creating register for signal `\ct_fifo_gate.\fifo_entry_cont[0]' using process `\ct_fifo_gate.$proc$ct_fifo_gate_candidate.v:106$22'.
  created $adff cell `$procdff$60' with positive edge clock and positive level reset.
Creating register for signal `\ct_fifo_gate.\fifo_entry_vld [0]' using process `\ct_fifo_gate.$proc$ct_fifo_gate_candidate.v:86$20'.
  created $adff cell `$procdff$65' with positive edge clock and positive level reset.
Creating register for signal `\ct_fifo_gate.\fifo_pop_idx' using process `\ct_fifo_gate.$proc$ct_fifo_gate_candidate.v:69$9'.
  created $adff cell `$procdff$70' with positive edge clock and positive level reset.
Creating register for signal `\ct_fifo_gate.\fifo_create_idx' using process `\ct_fifo_gate.$proc$ct_fifo_gate_candidate.v:61$6'.
  created $adff cell `$procdff$75' with positive edge clock and positive level reset.

3.2.10. Executing PROC_MEMWR pass (convert process memory writes to cells).

3.2.11. Executing PROC_CLEAN pass (remove empty switches from decision trees).
Found and cleaned up 1 empty switch in `\ct_fifo_gate.$proc$ct_fifo_gate_candidate.v:106$26'.
Removing empty process `ct_fifo_gate.$proc$ct_fifo_gate_candidate.v:106$26'.
Found and cleaned up 2 empty switches in `\ct_fifo_gate.$proc$ct_fifo_gate_candidate.v:86$24'.
Removing empty process `ct_fifo_gate.$proc$ct_fifo_gate_candidate.v:86$24'.
Found and cleaned up 1 empty switch in `\ct_fifo_gate.$proc$ct_fifo_gate_candidate.v:106$22'.
Removing empty process `ct_fifo_gate.$proc$ct_fifo_gate_candidate.v:106$22'.
Found and cleaned up 2 empty switches in `\ct_fifo_gate.$proc$ct_fifo_gate_candidate.v:86$20'.
Removing empty process `ct_fifo_gate.$proc$ct_fifo_gate_candidate.v:86$20'.
Found and cleaned up 1 empty switch in `\ct_fifo_gate.$proc$ct_fifo_gate_candidate.v:69$9'.
Removing empty process `ct_fifo_gate.$proc$ct_fifo_gate_candidate.v:69$9'.
Found and cleaned up 1 empty switch in `\ct_fifo_gate.$proc$ct_fifo_gate_candidate.v:61$6'.
Removing empty process `ct_fifo_gate.$proc$ct_fifo_gate_candidate.v:61$6'.
Cleaned up 8 empty switches.

3.2.12. Executing OPT_EXPR pass (perform const folding).
Optimizing module ct_fifo_gate.
<suppressed ~12 debug messages>
Optimizing module gated_clk_cell.

3.3. Executing CHECK pass (checking for obvious problems).
Checking module ct_fifo_gate...
Checking module gated_clk_cell...
Found and reported 0 problems.

3.4. Executing FLATTEN pass (flatten design).
Deleting now unused module gated_clk_cell.
<suppressed ~3 debug messages>

3.5. Executing OPT_EXPR pass (perform const folding).
Optimizing module ct_fifo_gate.
<suppressed ~6 debug messages>

3.6. Executing OPT_CLEAN pass (remove unused cells and wires).
Finding unused cells or wires in module \ct_fifo_gate..
Removed 16 unused cells and 56 unused wires.
<suppressed ~22 debug messages>

3.7. Executing CHECK pass (checking for obvious problems).
Checking module ct_fifo_gate...
Found and reported 0 problems.

3.8. Executing OPT pass (performing simple optimizations).

3.8.1. Executing OPT_EXPR pass (perform const folding).
Optimizing module ct_fifo_gate.

3.8.2. Executing OPT_MERGE pass (detect identical cells).
Finding identical cells in module `\ct_fifo_gate'.
Computing hashes of 28 cells of `\ct_fifo_gate'.
Finding duplicate cells in `\ct_fifo_gate'.
Removed a total of 0 cells.

3.8.3. Executing OPT_MUXTREE pass (detect dead branches in mux trees).
Running muxtree optimizer on module \ct_fifo_gate..
  Creating internal representation of mux trees.
  Evaluating internal representation of mux trees.
  Analyzing evaluation results.
Removed 0 multiplexer ports.
<suppressed ~20 debug messages>

3.8.4. Executing OPT_REDUCE pass (consolidate $*mux and $reduce_* inputs).
  Optimizing cells in module \ct_fifo_gate.
Performed a total of 0 changes.

3.8.5. Executing OPT_MERGE pass (detect identical cells).
Finding identical cells in module `\ct_fifo_gate'.
Computing hashes of 28 cells of `\ct_fifo_gate'.
Finding duplicate cells in `\ct_fifo_gate'.
Removed a total of 0 cells.

3.8.6. Executing OPT_DFF pass (perform DFF optimizations).

3.8.7. Executing OPT_CLEAN pass (remove unused cells and wires).
Finding unused cells or wires in module \ct_fifo_gate..

3.8.8. Executing OPT_EXPR pass (perform const folding).
Optimizing module ct_fifo_gate.

3.8.9. Finished fast OPT passes. (There is nothing left to do.)

3.9. Executing FSM pass (extract and optimize FSM).

3.9.1. Executing FSM_DETECT pass (finding FSMs in design).

3.9.2. Executing FSM_EXTRACT pass (extracting FSM from design).

3.9.3. Executing FSM_OPT pass (simple optimizations of FSMs).

3.9.4. Executing OPT_CLEAN pass (remove unused cells and wires).
Finding unused cells or wires in module \ct_fifo_gate..

3.9.5. Executing FSM_OPT pass (simple optimizations of FSMs).

3.9.6. Executing FSM_RECODE pass (re-assigning FSM state encoding).

3.9.7. Executing FSM_INFO pass (dumping all available information on FSM cells).

3.9.8. Executing FSM_MAP pass (mapping FSMs to basic logic).

3.10. Executing OPT pass (performing simple optimizations).

3.10.1. Executing OPT_EXPR pass (perform const folding).
Optimizing module ct_fifo_gate.

3.10.2. Executing OPT_MERGE pass (detect identical cells).
Finding identical cells in module `\ct_fifo_gate'.
Computing hashes of 28 cells of `\ct_fifo_gate'.
Finding duplicate cells in `\ct_fifo_gate'.
Removed a total of 0 cells.

3.10.3. Executing OPT_MUXTREE pass (detect dead branches in mux trees).
Running muxtree optimizer on module \ct_fifo_gate..
  Creating internal representation of mux trees.
  Evaluating internal representation of mux trees.
  Analyzing evaluation results.
Removed 0 multiplexer ports.
<suppressed ~20 debug messages>

3.10.4. Executing OPT_REDUCE pass (consolidate $*mux and $reduce_* inputs).
  Optimizing cells in module \ct_fifo_gate.
Performed a total of 0 changes.

3.10.5. Executing OPT_MERGE pass (detect identical cells).
Finding identical cells in module `\ct_fifo_gate'.
Computing hashes of 28 cells of `\ct_fifo_gate'.
Finding duplicate cells in `\ct_fifo_gate'.
Removed a total of 0 cells.

3.10.6. Executing OPT_DFF pass (perform DFF optimizations).
Adding EN signal on $procdff$60 ($adff) from module ct_fifo_gate (D = \fifo_create_data, Q = \fifo_entry_cont[0]).
Adding EN signal on $procdff$70 ($adff) from module ct_fifo_gate (D = $not$ct_fifo_gate_candidate.v:74$11_Y, Q = \fifo_pop_idx).
Adding EN signal on $procdff$65 ($adff) from module ct_fifo_gate (D = $0\fifo_entry_vld[0:0], Q = \fifo_entry_vld [0]).
Adding EN signal on $procdff$55 ($adff) from module ct_fifo_gate (D = $0\fifo_entry_vld[1:1], Q = \fifo_entry_vld [1]).
Adding EN signal on $procdff$75 ($adff) from module ct_fifo_gate (D = $not$ct_fifo_gate_candidate.v:66$8_Y, Q = \fifo_create_idx).
Adding EN signal on $procdff$50 ($adff) from module ct_fifo_gate (D = \fifo_create_data, Q = \fifo_entry_cont[1]).

3.10.7. Executing OPT_CLEAN pass (remove unused cells and wires).
Finding unused cells or wires in module \ct_fifo_gate..
Removed 4 unused cells and 4 unused wires.
<suppressed ~5 debug messages>

3.10.8. Executing OPT_EXPR pass (perform const folding).
Optimizing module ct_fifo_gate.
<suppressed ~2 debug messages>

3.10.9. Rerunning OPT passes. (Maybe there is more to do..)

3.10.10. Executing OPT_MUXTREE pass (detect dead branches in mux trees).
Running muxtree optimizer on module \ct_fifo_gate..
  Creating internal representation of mux trees.
  Evaluating internal representation of mux trees.
  Analyzing evaluation results.
Removed 0 multiplexer ports.
<suppressed ~12 debug messages>

3.10.11. Executing OPT_REDUCE pass (consolidate $*mux and $reduce_* inputs).
  Optimizing cells in module \ct_fifo_gate.
Performed a total of 0 changes.

3.10.12. Executing OPT_MERGE pass (detect identical cells).
Finding identical cells in module `\ct_fifo_gate'.
Computing hashes of 26 cells of `\ct_fifo_gate'.
Finding duplicate cells in `\ct_fifo_gate'.
Removed a total of 0 cells.

3.10.13. Executing OPT_DFF pass (perform DFF optimizations).

3.10.14. Executing OPT_CLEAN pass (remove unused cells and wires).
Finding unused cells or wires in module \ct_fifo_gate..

3.10.15. Executing OPT_EXPR pass (perform const folding).
Optimizing module ct_fifo_gate.

3.10.16. Finished fast OPT passes. (There is nothing left to do.)

3.11. Executing WREDUCE pass (reducing word size of cells).

3.12. Executing PEEPOPT pass (run peephole optimizers).

3.13. Executing OPT_CLEAN pass (remove unused cells and wires).
Finding unused cells or wires in module \ct_fifo_gate..

3.14. Executing ALUMACC pass (create $alu and $macc cells).
Extracting $alu and $macc cells in module ct_fifo_gate:
  created 0 $alu and 0 $macc cells.

3.15. Executing SHARE pass (SAT-based resource sharing).

3.16. Executing OPT pass (performing simple optimizations).

3.16.1. Executing OPT_EXPR pass (perform const folding).
Optimizing module ct_fifo_gate.

3.16.2. Executing OPT_MERGE pass (detect identical cells).
Finding identical cells in module `\ct_fifo_gate'.
Computing hashes of 26 cells of `\ct_fifo_gate'.
Finding duplicate cells in `\ct_fifo_gate'.
Removed a total of 0 cells.

3.16.3. Executing OPT_MUXTREE pass (detect dead branches in mux trees).
Running muxtree optimizer on module \ct_fifo_gate..
  Creating internal representation of mux trees.
  Evaluating internal representation of mux trees.
  Analyzing evaluation results.
Removed 0 multiplexer ports.
<suppressed ~12 debug messages>

3.16.4. Executing OPT_REDUCE pass (consolidate $*mux and $reduce_* inputs).
  Optimizing cells in module \ct_fifo_gate.
Performed a total of 0 changes.

3.16.5. Executing OPT_MERGE pass (detect identical cells).
Finding identical cells in module `\ct_fifo_gate'.
Computing hashes of 26 cells of `\ct_fifo_gate'.
Finding duplicate cells in `\ct_fifo_gate'.
Removed a total of 0 cells.

3.16.6. Executing OPT_DFF pass (perform DFF optimizations).

3.16.7. Executing OPT_CLEAN pass (remove unused cells and wires).
Finding unused cells or wires in module \ct_fifo_gate..

3.16.8. Executing OPT_EXPR pass (perform const folding).
Optimizing module ct_fifo_gate.

3.16.9. Finished fast OPT passes. (There is nothing left to do.)

3.17. Executing MEMORY pass.

3.17.1. Executing OPT_MEM pass (optimize memories).
Performed a total of 0 transformations.

3.17.2. Executing OPT_MEM_PRIORITY pass (removing unnecessary memory write priority relations).
Performed a total of 0 transformations.

3.17.3. Executing OPT_MEM_FEEDBACK pass (finding memory read-to-write feedback paths).

3.17.4. Executing MEMORY_BMUX2ROM pass (converting muxes to ROMs).

3.17.5. Executing MEMORY_DFF pass (merging $dff cells to $memrd).

3.17.6. Executing OPT_CLEAN pass (remove unused cells and wires).
Finding unused cells or wires in module \ct_fifo_gate..

3.17.7. Executing MEMORY_SHARE pass (consolidating $memrd/$memwr cells).

3.17.8. Executing OPT_MEM_WIDEN pass (optimize memories where all ports are wide).
Performed a total of 0 transformations.

3.17.9. Executing OPT_CLEAN pass (remove unused cells and wires).
Finding unused cells or wires in module \ct_fifo_gate..

3.17.10. Executing MEMORY_COLLECT pass (generating $mem cells).

3.18. Executing OPT_CLEAN pass (remove unused cells and wires).
Finding unused cells or wires in module \ct_fifo_gate..

3.19. Executing OPT pass (performing simple optimizations).

3.19.1. Executing OPT_EXPR pass (perform const folding).
Optimizing module ct_fifo_gate.
<suppressed ~6 debug messages>

3.19.2. Executing OPT_MERGE pass (detect identical cells).
Finding identical cells in module `\ct_fifo_gate'.
Computing hashes of 22 cells of `\ct_fifo_gate'.
Finding duplicate cells in `\ct_fifo_gate'.
Removed a total of 0 cells.

3.19.3. Executing OPT_DFF pass (perform DFF optimizations).

3.19.4. Executing OPT_CLEAN pass (remove unused cells and wires).
Finding unused cells or wires in module \ct_fifo_gate..
Removed 0 unused cells and 4 unused wires.
<suppressed ~1 debug messages>

3.19.5. Finished fast OPT passes.

3.20. Executing MEMORY_MAP pass (converting memories to logic and flip-flops).

3.21. Executing OPT pass (performing simple optimizations).

3.21.1. Executing OPT_EXPR pass (perform const folding).
Optimizing module ct_fifo_gate.

3.21.2. Executing OPT_MERGE pass (detect identical cells).
Finding identical cells in module `\ct_fifo_gate'.
Computing hashes of 22 cells of `\ct_fifo_gate'.
Finding duplicate cells in `\ct_fifo_gate'.
Removed a total of 0 cells.

3.21.3. Executing OPT_MUXTREE pass (detect dead branches in mux trees).
Running muxtree optimizer on module \ct_fifo_gate..
  Creating internal representation of mux trees.
  Evaluating internal representation of mux trees.
  Analyzing evaluation results.
Removed 0 multiplexer ports.
<suppressed ~6 debug messages>

3.21.4. Executing OPT_REDUCE pass (consolidate $*mux and $reduce_* inputs).
  Optimizing cells in module \ct_fifo_gate.
Performed a total of 0 changes.

3.21.5. Executing OPT_MERGE pass (detect identical cells).
Finding identical cells in module `\ct_fifo_gate'.
Computing hashes of 22 cells of `\ct_fifo_gate'.
Finding duplicate cells in `\ct_fifo_gate'.
Removed a total of 0 cells.

3.21.6. Executing OPT_SHARE pass.

3.21.7. Executing OPT_DFF pass (perform DFF optimizations).

3.21.8. Executing OPT_CLEAN pass (remove unused cells and wires).
Finding unused cells or wires in module \ct_fifo_gate..

3.21.9. Executing OPT_EXPR pass (perform const folding).
Optimizing module ct_fifo_gate.

3.21.10. Finished fast OPT passes. (There is nothing left to do.)

3.22. Executing TECHMAP pass (map to technology primitives).

3.22.1. Executing Verilog-2005 frontend: /workdir/_tools/oss-cad-suite-20260630/lib/../share/yosys/techmap.v
Parsing Verilog input from `/workdir/_tools/oss-cad-suite-20260630/lib/../share/yosys/techmap.v' to AST representation.
Generating RTLIL representation for module `\_90_simplemap_bool_ops'.
Generating RTLIL representation for module `\_90_simplemap_reduce_ops'.
Generating RTLIL representation for module `\_90_simplemap_logic_ops'.
Generating RTLIL representation for module `\_90_simplemap_compare_ops'.
Generating RTLIL representation for module `\_90_simplemap_various'.
Generating RTLIL representation for module `\_90_simplemap_registers'.
Generating RTLIL representation for module `\_90_shift_ops_shr_shl_sshl_sshr'.
Generating RTLIL representation for module `\_90_shift_shiftx'.
Generating RTLIL representation for module `\_90_fa'.
Generating RTLIL representation for module `\_90_lcu_brent_kung'.
Generating RTLIL representation for module `\_90_alu'.
Generating RTLIL representation for module `\_90_macc'.
Generating RTLIL representation for module `\_90_alumacc'.
Generating RTLIL representation for module `$__div_mod_u'.
Generating RTLIL representation for module `$__div_mod_trunc'.
Generating RTLIL representation for module `\_90_div'.
Generating RTLIL representation for module `\_90_mod'.
Generating RTLIL representation for module `$__div_mod_floor'.
Generating RTLIL representation for module `\_90_divfloor'.
Generating RTLIL representation for module `\_90_modfloor'.
Generating RTLIL representation for module `\_90_pow'.
Generating RTLIL representation for module `\_90_demux'.
Generating RTLIL representation for module `\_90_lut'.
Generating RTLIL representation for module `$connect'.
Generating RTLIL representation for module `$input_port'.
Successfully finished Verilog frontend.

3.22.2. Continuing TECHMAP pass.
Using extmapper simplemap for cells of type $adffe.
Using extmapper simplemap for cells of type $reduce_bool.
Using extmapper simplemap for cells of type $reduce_or.
Using extmapper simplemap for cells of type $not.
Using extmapper simplemap for cells of type $mux.
Using extmapper simplemap for cells of type $and.
Using extmapper simplemap for cells of type $reduce_and.
No more expansions possible.
<suppressed ~96 debug messages>

3.23. Executing OPT pass (performing simple optimizations).

3.23.1. Executing OPT_EXPR pass (perform const folding).
Optimizing module ct_fifo_gate.
<suppressed ~2 debug messages>

3.23.2. Executing OPT_MERGE pass (detect identical cells).
Finding identical cells in module `\ct_fifo_gate'.
Computing hashes of 40 cells of `\ct_fifo_gate'.
Finding duplicate cells in `\ct_fifo_gate'.
Computing hashes of 38 cells of `\ct_fifo_gate'.
Finding duplicate cells in `\ct_fifo_gate'.
<suppressed ~6 debug messages>
Removed a total of 2 cells.

3.23.3. Executing OPT_DFF pass (perform DFF optimizations).

3.23.4. Executing OPT_CLEAN pass (remove unused cells and wires).
Finding unused cells or wires in module \ct_fifo_gate..
Removed 0 unused cells and 6 unused wires.
<suppressed ~1 debug messages>

3.23.5. Finished fast OPT passes.

3.24. Executing ABC pass (technology mapping using ABC).

3.24.1. Extracting gate netlist of module `\ct_fifo_gate' to `<abc-temp-dir>/input.blif'..

3.24.1.1. Executed ABC.
Extracted 19 gates and 38 wires to a netlist network with 19 inputs and 17 outputs.
Running ABC script: <abc-temp-dir>/abc.script
ABC: UC Berkeley, ABC 1.01 (compiled Jun 30 2026 04:50:19)
ABC: abc 01> empty
ABC: abc 01> source <abc-temp-dir>/abc.script
ABC: + read_blif <abc-temp-dir>/input.blif 
ABC: + read_library <abc-temp-dir>/stdcells.genlib 
ABC: + strash 
ABC: + &get -n 
ABC: + &fraig -x 
ABC: + &put 
ABC: + scorr 
ABC: Warning: The network is combinational (run "fraig" or "fraig_sweep").
ABC: + dc2 
ABC: + dretime 
ABC: + strash 
ABC: + &get -n 
ABC: + &dch -f 
ABC: + &nf 
ABC: + &put 
ABC: + write_blif <abc-temp-dir>/output.blif 
ABC: 
ABC: YOSYS_ABC_DONE 

3.24.1.2. Re-integrating ABC results.
ABC RESULTS:               AND cells:        4
ABC RESULTS:            ANDNOT cells:        3
ABC RESULTS:               MUX cells:        6
ABC RESULTS:               NOR cells:        1
ABC RESULTS:               NOT cells:        3
ABC RESULTS:                OR cells:        2
ABC RESULTS:        internal signals:        2
ABC RESULTS:           input signals:       19
ABC RESULTS:          output signals:       17
Removing temp directory.
Removing global temp directory.

3.25. Executing OPT pass (performing simple optimizations).

3.25.1. Executing OPT_EXPR pass (perform const folding).
Optimizing module ct_fifo_gate.

3.25.2. Executing OPT_MERGE pass (detect identical cells).
Finding identical cells in module `\ct_fifo_gate'.
Computing hashes of 38 cells of `\ct_fifo_gate'.
Finding duplicate cells in `\ct_fifo_gate'.
Removed a total of 0 cells.

3.25.3. Executing OPT_DFF pass (perform DFF optimizations).

3.25.4. Executing OPT_CLEAN pass (remove unused cells and wires).
Finding unused cells or wires in module \ct_fifo_gate..
Removed 0 unused cells and 37 unused wires.
<suppressed ~2 debug messages>

3.25.5. Finished fast OPT passes.

3.26. Executing HIERARCHY pass (managing design hierarchy).
Attribute `top' found on module `ct_fifo_gate'. Setting top module to ct_fifo_gate.

3.26.1. Analyzing design hierarchy..
Top module:  \ct_fifo_gate

3.26.2. Analyzing design hierarchy..
Top module:  \ct_fifo_gate
Removed 0 unused modules.

3.27. Printing statistics.

=== ct_fifo_gate ===

        +----------Local Count, excluding submodules.
        | 
       51 wires
       77 wire bits
       47 public wires
       73 public wire bits
       12 ports
       22 port bits
       38 cells
        3   $_ANDNOT_
        4   $_AND_
       16   $_DFFE_PN0P_
        6   $_MUX_
        1   $_NOR_
        3   $_NOT_
        2   $_OR_
        3   $scopeinfo

3.28. Executing CHECK pass (checking for obvious problems).
Checking module ct_fifo_gate...
Found and reported 0 problems.

4. Executing DFFLIBMAP pass (mapping DFF cells to sequential cells from liberty file).
  cell sky130_fd_sc_hd__dfxtp_1 (noninv, pins=3, area=20.02) is a direct match for cell type $_DFF_P_.
  cell sky130_fd_sc_hd__dfrtn_1 (noninv, pins=4, area=25.02) is a direct match for cell type $_DFF_NN0_.
  cell sky130_fd_sc_hd__dfrtp_1 (noninv, pins=4, area=25.02) is a direct match for cell type $_DFF_PN0_.
  cell sky130_fd_sc_hd__dfstp_2 (noninv, pins=4, area=26.28) is a direct match for cell type $_DFF_PN1_.
  cell sky130_fd_sc_hd__edfxtp_1 (noninv, pins=4, area=30.03) is a direct match for cell type $_DFFE_PP_.
  cell sky130_fd_sc_hd__dfbbn_1 (noninv, pins=6, area=32.53) is a direct match for cell type $_DFFSR_NNN_.
  cell sky130_fd_sc_hd__dfbbp_1 (noninv, pins=6, area=32.53) is a direct match for cell type $_DFFSR_PNN_.
  final dff cell mappings:
    unmapped dff cell: $_DFF_N_
    \sky130_fd_sc_hd__dfxtp_1 _DFF_P_ (.CLK( C), .D( D), .Q( Q));
    \sky130_fd_sc_hd__dfrtn_1 _DFF_NN0_ (.CLK_N( C), .D( D), .Q( Q), .RESET_B( R));
    unmapped dff cell: $_DFF_NN1_
    unmapped dff cell: $_DFF_NP0_
    unmapped dff cell: $_DFF_NP1_
    \sky130_fd_sc_hd__dfrtp_1 _DFF_PN0_ (.CLK( C), .D( D), .Q( Q), .RESET_B( R));
    \sky130_fd_sc_hd__dfstp_2 _DFF_PN1_ (.CLK( C), .D( D), .Q( Q), .SET_B( R));
    unmapped dff cell: $_DFF_PP0_
    unmapped dff cell: $_DFF_PP1_
    unmapped dff cell: $_DFFE_NN_
    unmapped dff cell: $_DFFE_NP_
    unmapped dff cell: $_DFFE_PN_
    \sky130_fd_sc_hd__edfxtp_1 _DFFE_PP_ (.CLK( C), .D( D), .DE( E), .Q( Q));
    \sky130_fd_sc_hd__dfbbn_1 _DFFSR_NNN_ (.CLK_N( C), .D( D), .Q( Q), .Q_N(~Q), .RESET_B( R), .SET_B( S));
    unmapped dff cell: $_DFFSR_NNP_
    unmapped dff cell: $_DFFSR_NPN_
    unmapped dff cell: $_DFFSR_NPP_
    \sky130_fd_sc_hd__dfbbp_1 _DFFSR_PNN_ (.CLK( C), .D( D), .Q( Q), .Q_N(~Q), .RESET_B( R), .SET_B( S));
    unmapped dff cell: $_DFFSR_PNP_
    unmapped dff cell: $_DFFSR_PPN_
    unmapped dff cell: $_DFFSR_PPP_

4.1. Executing DFFLEGALIZE pass (convert FFs to types supported by the target).
<suppressed ~24 debug messages>
Mapping DFF cells in module `\ct_fifo_gate':
  mapped 16 $_DFF_PN0_ cells to \sky130_fd_sc_hd__dfrtp_1 cells.

5. Executing ABC pass (technology mapping using ABC).

5.1. Extracting gate netlist of module `\ct_fifo_gate' to `<abc-temp-dir>/input.blif'..
ABC: using cached merged SCL: /tmp/yosys-liberty-scl-cache/yosys_merged_33924531.scl (1 files)

5.1.1. Executed ABC.
Extracted 35 gates and 60 wires to a netlist network with 25 inputs and 25 outputs.
Running ABC script: <abc-temp-dir>/abc.script
ABC: UC Berkeley, ABC 1.01 (compiled Jun 30 2026 04:50:19)
ABC: abc 01> empty
ABC: abc 01> source <abc-temp-dir>/abc.script
ABC: + read_blif <abc-temp-dir>/input.blif 
ABC: + read_scl /tmp/yosys-liberty-scl-cache/yosys_merged_33924531.scl 
ABC: Warning: Detected 9 multi-output cells (for example, "sky130_fd_sc_hd__fa_1").
ABC: + strash 
ABC: + &get -n 
ABC: + &fraig -x 
ABC: + &put 
ABC: + scorr 
ABC: Warning: The network is combinational (run "fraig" or "fraig_sweep").
ABC: + dc2 
ABC: + dretime 
ABC: + strash 
ABC: + &get -n 
ABC: + &dch -f 
ABC: + &nf 
ABC: + &put 
ABC: + write_blif <abc-temp-dir>/output.blif 
ABC: 
ABC: YOSYS_ABC_DONE 

5.1.2. Re-integrating ABC results.
ABC RESULTS:   sky130_fd_sc_hd__a22o_1 cells:        2
ABC RESULTS:   sky130_fd_sc_hd__and2_0 cells:        1
ABC RESULTS:   sky130_fd_sc_hd__clkinv_1 cells:        2
ABC RESULTS:   sky130_fd_sc_hd__lpflow_inputiso1p_1 cells:        1
ABC RESULTS:   sky130_fd_sc_hd__lpflow_isobufsrc_1 cells:        1
ABC RESULTS:   sky130_fd_sc_hd__mux2_1 cells:       18
ABC RESULTS:   sky130_fd_sc_hd__nand2_1 cells:        2
ABC RESULTS:   sky130_fd_sc_hd__nand2b_1 cells:        1
ABC RESULTS:   sky130_fd_sc_hd__xor2_1 cells:        2
ABC RESULTS:        internal signals:       10
ABC RESULTS:           input signals:       25
ABC RESULTS:          output signals:       25
Removing temp directory.
Removing global temp directory.
Removed 0 unused cells and 58 unused wires.

6. Printing statistics.

=== ct_fifo_gate ===

        +----------Local Count, excluding submodules.
        |        +-Local Area, excluding submodules.
        |        | 
       64        - wires
       88        - wire bits
       43        - public wires
       67        - public wire bits
       12        - ports
       22        - port bits
       49   678.15 cells
        3        -   $scopeinfo
        2   17.517   sky130_fd_sc_hd__a22o_1
        1    6.256   sky130_fd_sc_hd__and2_0
        2    7.507   sky130_fd_sc_hd__clkinv_1
       16  400.384   sky130_fd_sc_hd__dfrtp_1
        1    6.256   sky130_fd_sc_hd__lpflow_inputiso1p_1
        1    6.256   sky130_fd_sc_hd__lpflow_isobufsrc_1
       18  202.694   sky130_fd_sc_hd__mux2_1
        2    7.507   sky130_fd_sc_hd__nand2_1
        1    6.256   sky130_fd_sc_hd__nand2b_1
        2   17.517   sky130_fd_sc_hd__xor2_1

   Area for cell type $scopeinfo is unknown!

   Chip area for module '\ct_fifo_gate': 678.150400
     of which used for sequential elements: 400.384000 (59.04%)

Warnings: 1 unique messages, 1 total
End of script. Logfile hash: eb4eb443c6, time: 0.29s, user: 0.12s, system: 0.03s, MEM: 44.25 MB peak
Yosys 0.66+181 (git sha1 afe6b18f2, Release, Clang /usr/bin/clang++ 18.1.8)
Time spent: 47% 2x abc (0 sec), 23% 2x stat (0 sec), ...
