OpenSTA 2.2.0 02b129d48f Copyright (c) 2019, Parallax Software, Inc.
License GPLv3: GNU GPL version 3 <http://gnu.org/licenses/gpl.html>

This is free software, and you are free to change and redistribute it
under certain conditions; type `show_copying' for details. 
This program comes with ABSOLUTELY NO WARRANTY; for details type `show_warranty'.
Startpoint: _57_ (rising edge-triggered flip-flop clocked by clk)
Endpoint: _60_ (rising edge-triggered flip-flop clocked by clk)
Path Group: clk
Path Type: max

  Delay    Time   Description
---------------------------------------------------------
   0.00    0.00   clock clk (rise edge)
   0.00    0.00   clock network delay (ideal)
   0.00    0.00 ^ _57_/CLK (sky130_fd_sc_hd__dfstp_2)
   0.52    0.52 ^ _57_/Q (sky130_fd_sc_hd__dfstp_2)
   0.15    0.67 v _36_/Y (sky130_fd_sc_hd__nand2_1)
   0.35    1.02 v _41_/X (sky130_fd_sc_hd__mux2_1)
   0.00    1.02 v _60_/D (sky130_fd_sc_hd__dfrtp_1)
           1.02   data arrival time

  10.00   10.00   clock clk (rise edge)
   0.00   10.00   clock network delay (ideal)
   0.00   10.00   clock reconvergence pessimism
          10.00 ^ _60_/CLK (sky130_fd_sc_hd__dfrtp_1)
  -0.13    9.87   library setup time
           9.87   data required time
---------------------------------------------------------
           9.87   data required time
          -1.02   data arrival time
---------------------------------------------------------
           8.85   slack (MET)


tns 0.00
wns 0.00
Group                  Internal  Switching    Leakage      Total
                          Power      Power      Power      Power
----------------------------------------------------------------
Sequential             3.79e-05   1.83e-06   1.48e-10   3.97e-05  89.2%
Combinational          3.23e-06   1.57e-06   1.07e-10   4.80e-06  10.8%
Macro                  0.00e+00   0.00e+00   0.00e+00   0.00e+00   0.0%
Pad                    0.00e+00   0.00e+00   0.00e+00   0.00e+00   0.0%
----------------------------------------------------------------
Total                  4.11e-05   3.40e-06   2.55e-10   4.45e-05 100.0%
                          92.4%       7.6%       0.0%
