OpenSTA 2.2.0 02b129d48f Copyright (c) 2019, Parallax Software, Inc.
License GPLv3: GNU GPL version 3 <http://gnu.org/licenses/gpl.html>

This is free software, and you are free to change and redistribute it
under certain conditions; type `show_copying' for details. 
This program comes with ABSOLUTELY NO WARRANTY; for details type `show_warranty'.
Startpoint: _79_ (rising edge-triggered flip-flop clocked by clk)
Endpoint: _83_ (rising edge-triggered flip-flop clocked by clk)
Path Group: clk
Path Type: max

  Delay    Time   Description
---------------------------------------------------------
   0.00    0.00   clock clk (rise edge)
   0.00    0.00   clock network delay (ideal)
   0.00    0.00 ^ _79_/CLK (sky130_fd_sc_hd__dfrtp_1)
   0.38    0.38 v _79_/Q (sky130_fd_sc_hd__dfrtp_1)
   0.26    0.64 v _55_/Y (sky130_fd_sc_hd__nand2b_1)
   0.35    1.00 v _64_/X (sky130_fd_sc_hd__mux2_1)
   0.00    1.00 v _83_/D (sky130_fd_sc_hd__dfrtp_1)
           1.00   data arrival time

  10.00   10.00   clock clk (rise edge)
   0.00   10.00   clock network delay (ideal)
   0.00   10.00   clock reconvergence pessimism
          10.00 ^ _83_/CLK (sky130_fd_sc_hd__dfrtp_1)
  -0.13    9.87   library setup time
           9.87   data required time
---------------------------------------------------------
           9.87   data required time
          -1.00   data arrival time
---------------------------------------------------------
           8.87   slack (MET)


tns 0.00
wns 0.00
Group                  Internal  Switching    Leakage      Total
                          Power      Power      Power      Power
----------------------------------------------------------------
Sequential             3.54e-05   1.98e-06   1.40e-10   3.74e-05  83.6%
Combinational          4.61e-06   2.74e-06   1.61e-10   7.36e-06  16.4%
Macro                  0.00e+00   0.00e+00   0.00e+00   0.00e+00   0.0%
Pad                    0.00e+00   0.00e+00   0.00e+00   0.00e+00   0.0%
----------------------------------------------------------------
Total                  4.00e-05   4.72e-06   3.01e-10   4.48e-05 100.0%
                          89.4%      10.6%       0.0%
