
 /----------------------------------------------------------------------------\
 |  yosys -- Yosys Open SYnthesis Suite                                       |
 |  Copyright (C) 2012 - 2026  Claire Xenia Wolf <claire@yosyshq.com>         |
 |  Distributed under an ISC-like license, type "license" to see terms        |
 \----------------------------------------------------------------------------/
 Yosys 0.66+181 (git sha1 afe6b18f2, Release, Clang /usr/bin/clang++ 18.1.8)

-- Running command `read_verilog -formal -sv gated_clk_cell.v ct_fifo_gold.v ct_fifo_gate_candidate.v ct_fifo_output_miter.sv; prep -top ct_fifo_output_miter; flatten; async2sync; dffunmap; opt; sat -seq 12 -set-at 1 rst_b 0 -set-at 2 rst_b 1 -prove-asserts -verify' --

1. Executing Verilog-2005 frontend: gated_clk_cell.v
Parsing formal SystemVerilog input from `gated_clk_cell.v' to AST representation.
Generating RTLIL representation for module `\gated_clk_cell'.
Successfully finished Verilog frontend.

2. Executing Verilog-2005 frontend: ct_fifo_gold.v
Parsing formal SystemVerilog input from `ct_fifo_gold.v' to AST representation.
Generating RTLIL representation for module `\ct_fifo'.
Warning: Replacing memory \fifo_entry_cont with list of registers. See ct_fifo_gold.v:140
Successfully finished Verilog frontend.

3. Executing Verilog-2005 frontend: ct_fifo_gate_candidate.v
Parsing formal SystemVerilog input from `ct_fifo_gate_candidate.v' to AST representation.
Generating RTLIL representation for module `\ct_fifo_gate'.
Warning: Replacing memory \fifo_entry_cont with list of registers. See ct_fifo_gate_candidate.v:109
Successfully finished Verilog frontend.

4. Executing Verilog-2005 frontend: ct_fifo_output_miter.sv
Parsing formal SystemVerilog input from `ct_fifo_output_miter.sv' to AST representation.
Generating RTLIL representation for module `\ct_fifo_output_miter'.
Successfully finished Verilog frontend.

5. Executing PREP pass.

5.1. Executing HIERARCHY pass (managing design hierarchy).

5.1.1. Analyzing design hierarchy..
Top module:  \ct_fifo_output_miter
Used module:     \ct_fifo_gate
Used module:         \gated_clk_cell
Used module:     \ct_fifo

5.1.2. Analyzing design hierarchy..
Top module:  \ct_fifo_output_miter
Used module:     \ct_fifo_gate
Used module:         \gated_clk_cell
Used module:     \ct_fifo
Removed 0 unused modules.
Module ct_fifo_output_miter directly or indirectly contains formal properties -> setting "keep" attribute.

5.2. Executing PROC pass (convert processes to netlists).

5.2.1. Executing PROC_CLEAN pass (remove empty switches from decision trees).
Cleaned up 0 empty switches.

5.2.2. Executing PROC_RMDEAD pass (remove dead branches from decision trees).
Marked 1 switch rules as full_case in process $proc$ct_fifo_gate_candidate.v:106$54 in module ct_fifo_gate.
Marked 2 switch rules as full_case in process $proc$ct_fifo_gate_candidate.v:86$52 in module ct_fifo_gate.
Marked 1 switch rules as full_case in process $proc$ct_fifo_gate_candidate.v:106$50 in module ct_fifo_gate.
Marked 2 switch rules as full_case in process $proc$ct_fifo_gate_candidate.v:86$48 in module ct_fifo_gate.
Marked 1 switch rules as full_case in process $proc$ct_fifo_gate_candidate.v:69$37 in module ct_fifo_gate.
Marked 1 switch rules as full_case in process $proc$ct_fifo_gate_candidate.v:61$34 in module ct_fifo_gate.
Removed 1 dead cases from process $proc$ct_fifo_gold.v:154$29 in module ct_fifo.
Marked 1 switch rules as full_case in process $proc$ct_fifo_gold.v:154$29 in module ct_fifo.
Marked 2 switch rules as full_case in process $proc$ct_fifo_gold.v:137$27 in module ct_fifo.
Marked 2 switch rules as full_case in process $proc$ct_fifo_gold.v:137$25 in module ct_fifo.
Marked 2 switch rules as full_case in process $proc$ct_fifo_gold.v:109$23 in module ct_fifo.
Marked 2 switch rules as full_case in process $proc$ct_fifo_gold.v:109$21 in module ct_fifo.
Marked 2 switch rules as full_case in process $proc$ct_fifo_gold.v:87$8 in module ct_fifo.
Marked 1 switch rules as full_case in process $proc$ct_fifo_gold.v:79$6 in module ct_fifo.
Removed a total of 1 dead cases.

5.2.3. Executing PROC_PRUNE pass (remove redundant assignments in processes).
Removed 2 redundant assignments.
Promoted 1 assignment to connection.

5.2.4. Executing PROC_INIT pass (extract init attributes).

5.2.5. Executing PROC_ARST pass (detect async resets in processes).
Found async reset \rst_b in `\ct_fifo_gate.$proc$ct_fifo_gate_candidate.v:106$54'.
Found async reset \rst_b in `\ct_fifo_gate.$proc$ct_fifo_gate_candidate.v:86$52'.
Found async reset \rst_b in `\ct_fifo_gate.$proc$ct_fifo_gate_candidate.v:106$50'.
Found async reset \rst_b in `\ct_fifo_gate.$proc$ct_fifo_gate_candidate.v:86$48'.
Found async reset \rst_b in `\ct_fifo_gate.$proc$ct_fifo_gate_candidate.v:69$37'.
Found async reset \rst_b in `\ct_fifo_gate.$proc$ct_fifo_gate_candidate.v:61$34'.
Found async reset \rst_b in `\ct_fifo.$proc$ct_fifo_gold.v:137$27'.
Found async reset \rst_b in `\ct_fifo.$proc$ct_fifo_gold.v:137$25'.
Found async reset \rst_b in `\ct_fifo.$proc$ct_fifo_gold.v:109$23'.
Found async reset \rst_b in `\ct_fifo.$proc$ct_fifo_gold.v:109$21'.
Found async reset \rst_b in `\ct_fifo.$proc$ct_fifo_gold.v:87$8'.
Found async reset \rst_b in `\ct_fifo.$proc$ct_fifo_gold.v:79$6'.

5.2.6. Executing PROC_ROM pass (convert switches to ROMs).
Converted 0 switches.
<suppressed ~19 debug messages>

5.2.7. Executing PROC_MUX pass (convert decision trees to multiplexers).
Creating decoders for process `\ct_fifo_output_miter.$proc$ct_fifo_output_miter.sv:50$56'.
     1/4: $assert$ct_fifo_output_miter.sv:55$63_EN
     2/4: $assert$ct_fifo_output_miter.sv:54$61_EN
     3/4: $assert$ct_fifo_output_miter.sv:53$59_EN
     4/4: $assert$ct_fifo_output_miter.sv:52$57_EN
Creating decoders for process `\ct_fifo_gate.$proc$ct_fifo_gate_candidate.v:106$54'.
     1/1: $0\fifo_entry_cont[1][5:0]
Creating decoders for process `\ct_fifo_gate.$proc$ct_fifo_gate_candidate.v:86$52'.
     1/1: $0\fifo_entry_vld[1:1]
Creating decoders for process `\ct_fifo_gate.$proc$ct_fifo_gate_candidate.v:106$50'.
     1/1: $0\fifo_entry_cont[0][5:0]
Creating decoders for process `\ct_fifo_gate.$proc$ct_fifo_gate_candidate.v:86$48'.
     1/1: $0\fifo_entry_vld[0:0]
Creating decoders for process `\ct_fifo_gate.$proc$ct_fifo_gate_candidate.v:69$37'.
     1/1: $0\fifo_pop_idx[0:0]
Creating decoders for process `\ct_fifo_gate.$proc$ct_fifo_gate_candidate.v:61$34'.
     1/1: $0\fifo_create_idx[0:0]
Creating decoders for process `\ct_fifo.$proc$ct_fifo_gold.v:154$29'.
     1/1: $1$mem2reg_rd$\fifo_entry_cont$ct_fifo_gold.v:154$4_DATA[5:0]$31
Creating decoders for process `\ct_fifo.$proc$ct_fifo_gold.v:137$27'.
     1/1: $0\fifo_entry_cont[1][5:0]
Creating decoders for process `\ct_fifo.$proc$ct_fifo_gold.v:137$25'.
     1/1: $0\fifo_entry_cont[0][5:0]
Creating decoders for process `\ct_fifo.$proc$ct_fifo_gold.v:109$23'.
     1/1: $0\fifo_entry_vld[1:1]
Creating decoders for process `\ct_fifo.$proc$ct_fifo_gold.v:109$21'.
     1/1: $0\fifo_entry_vld[0:0]
Creating decoders for process `\ct_fifo.$proc$ct_fifo_gold.v:87$8'.
     1/1: $0\fifo_pop_ptr[1:0]
Creating decoders for process `\ct_fifo.$proc$ct_fifo_gold.v:79$6'.
     1/1: $0\fifo_create_ptr[1:0]

5.2.8. Executing PROC_DLATCH pass (convert process syncs to latches).
No latch inferred for signal `\ct_fifo.$mem2reg_rd$\fifo_entry_cont$ct_fifo_gold.v:154$4_DATA' from process `\ct_fifo.$proc$ct_fifo_gold.v:154$29'.

5.2.9. Executing PROC_DFF pass (convert process syncs to FFs).
Creating register for signal `\ct_fifo_gate.\fifo_entry_cont[1]' using process `\ct_fifo_gate.$proc$ct_fifo_gate_candidate.v:106$54'.
  created $adff cell `$procdff$121' with positive edge clock and positive level reset.
Creating register for signal `\ct_fifo_gate.\fifo_entry_vld [1]' using process `\ct_fifo_gate.$proc$ct_fifo_gate_candidate.v:86$52'.
  created $adff cell `$procdff$126' with positive edge clock and positive level reset.
Creating register for signal `\ct_fifo_gate.\fifo_entry_cont[0]' using process `\ct_fifo_gate.$proc$ct_fifo_gate_candidate.v:106$50'.
  created $adff cell `$procdff$131' with positive edge clock and positive level reset.
Creating register for signal `\ct_fifo_gate.\fifo_entry_vld [0]' using process `\ct_fifo_gate.$proc$ct_fifo_gate_candidate.v:86$48'.
  created $adff cell `$procdff$136' with positive edge clock and positive level reset.
Creating register for signal `\ct_fifo_gate.\fifo_pop_idx' using process `\ct_fifo_gate.$proc$ct_fifo_gate_candidate.v:69$37'.
  created $adff cell `$procdff$141' with positive edge clock and positive level reset.
Creating register for signal `\ct_fifo_gate.\fifo_create_idx' using process `\ct_fifo_gate.$proc$ct_fifo_gate_candidate.v:61$34'.
  created $adff cell `$procdff$146' with positive edge clock and positive level reset.
Creating register for signal `\ct_fifo.\fifo_entry_cont[1]' using process `\ct_fifo.$proc$ct_fifo_gold.v:137$27'.
  created $adff cell `$procdff$151' with positive edge clock and positive level reset.
Creating register for signal `\ct_fifo.\fifo_entry_cont[0]' using process `\ct_fifo.$proc$ct_fifo_gold.v:137$25'.
  created $adff cell `$procdff$156' with positive edge clock and positive level reset.
Creating register for signal `\ct_fifo.\fifo_entry_vld [1]' using process `\ct_fifo.$proc$ct_fifo_gold.v:109$23'.
  created $adff cell `$procdff$161' with positive edge clock and positive level reset.
Creating register for signal `\ct_fifo.\fifo_entry_vld [0]' using process `\ct_fifo.$proc$ct_fifo_gold.v:109$21'.
  created $adff cell `$procdff$166' with positive edge clock and positive level reset.
Creating register for signal `\ct_fifo.\fifo_pop_ptr' using process `\ct_fifo.$proc$ct_fifo_gold.v:87$8'.
  created $adff cell `$procdff$171' with positive edge clock and positive level reset.
Creating register for signal `\ct_fifo.\fifo_create_ptr' using process `\ct_fifo.$proc$ct_fifo_gold.v:79$6'.
  created $adff cell `$procdff$176' with positive edge clock and positive level reset.

5.2.10. Executing PROC_MEMWR pass (convert process memory writes to cells).

5.2.11. Executing PROC_CLEAN pass (remove empty switches from decision trees).
Found and cleaned up 1 empty switch in `\ct_fifo_output_miter.$proc$ct_fifo_output_miter.sv:50$56'.
Removing empty process `ct_fifo_output_miter.$proc$ct_fifo_output_miter.sv:50$56'.
Found and cleaned up 1 empty switch in `\ct_fifo_gate.$proc$ct_fifo_gate_candidate.v:106$54'.
Removing empty process `ct_fifo_gate.$proc$ct_fifo_gate_candidate.v:106$54'.
Found and cleaned up 2 empty switches in `\ct_fifo_gate.$proc$ct_fifo_gate_candidate.v:86$52'.
Removing empty process `ct_fifo_gate.$proc$ct_fifo_gate_candidate.v:86$52'.
Found and cleaned up 1 empty switch in `\ct_fifo_gate.$proc$ct_fifo_gate_candidate.v:106$50'.
Removing empty process `ct_fifo_gate.$proc$ct_fifo_gate_candidate.v:106$50'.
Found and cleaned up 2 empty switches in `\ct_fifo_gate.$proc$ct_fifo_gate_candidate.v:86$48'.
Removing empty process `ct_fifo_gate.$proc$ct_fifo_gate_candidate.v:86$48'.
Found and cleaned up 1 empty switch in `\ct_fifo_gate.$proc$ct_fifo_gate_candidate.v:69$37'.
Removing empty process `ct_fifo_gate.$proc$ct_fifo_gate_candidate.v:69$37'.
Found and cleaned up 1 empty switch in `\ct_fifo_gate.$proc$ct_fifo_gate_candidate.v:61$34'.
Removing empty process `ct_fifo_gate.$proc$ct_fifo_gate_candidate.v:61$34'.
Found and cleaned up 1 empty switch in `\ct_fifo.$proc$ct_fifo_gold.v:154$29'.
Removing empty process `ct_fifo.$proc$ct_fifo_gold.v:154$29'.
Found and cleaned up 1 empty switch in `\ct_fifo.$proc$ct_fifo_gold.v:137$27'.
Removing empty process `ct_fifo.$proc$ct_fifo_gold.v:137$27'.
Found and cleaned up 1 empty switch in `\ct_fifo.$proc$ct_fifo_gold.v:137$25'.
Removing empty process `ct_fifo.$proc$ct_fifo_gold.v:137$25'.
Found and cleaned up 2 empty switches in `\ct_fifo.$proc$ct_fifo_gold.v:109$23'.
Removing empty process `ct_fifo.$proc$ct_fifo_gold.v:109$23'.
Found and cleaned up 2 empty switches in `\ct_fifo.$proc$ct_fifo_gold.v:109$21'.
Removing empty process `ct_fifo.$proc$ct_fifo_gold.v:109$21'.
Found and cleaned up 2 empty switches in `\ct_fifo.$proc$ct_fifo_gold.v:87$8'.
Removing empty process `ct_fifo.$proc$ct_fifo_gold.v:87$8'.
Found and cleaned up 1 empty switch in `\ct_fifo.$proc$ct_fifo_gold.v:79$6'.
Removing empty process `ct_fifo.$proc$ct_fifo_gold.v:79$6'.
Cleaned up 19 empty switches.

5.2.12. Executing OPT_EXPR pass (perform const folding).
Optimizing module ct_fifo_output_miter.
Optimizing module ct_fifo_gate.
<suppressed ~12 debug messages>
Optimizing module ct_fifo.
<suppressed ~14 debug messages>
Optimizing module gated_clk_cell.

5.3. Executing FUTURE pass.

5.4. Executing OPT_EXPR pass (perform const folding).
Optimizing module ct_fifo_output_miter.
Optimizing module ct_fifo_gate.
Optimizing module ct_fifo.
Optimizing module gated_clk_cell.

5.5. Executing OPT_CLEAN pass (remove unused cells and wires).
Finding unused cells or wires in module \ct_fifo_output_miter..
Finding unused cells or wires in module \ct_fifo_gate..
Finding unused cells or wires in module \ct_fifo..
Finding unused cells or wires in module \gated_clk_cell..
Removed 27 unused cells and 103 unused wires.
<suppressed ~32 debug messages>

5.6. Executing CHECK pass (checking for obvious problems).
Checking module ct_fifo_output_miter...
Checking module ct_fifo_gate...
Checking module ct_fifo...
Checking module gated_clk_cell...
Found and reported 0 problems.

5.7. Executing OPT pass (performing simple optimizations).

5.7.1. Executing OPT_EXPR pass (perform const folding).
Optimizing module ct_fifo_output_miter.
Optimizing module ct_fifo_gate.
Optimizing module ct_fifo.
Optimizing module gated_clk_cell.

5.7.2. Executing OPT_MERGE pass (detect identical cells).
Finding identical cells in module `\ct_fifo_output_miter'.
Computing hashes of 14 cells of `\ct_fifo_output_miter'.
Finding duplicate cells in `\ct_fifo_output_miter'.
Finding identical cells in module `\ct_fifo_gate'.
Computing hashes of 29 cells of `\ct_fifo_gate'.
Finding duplicate cells in `\ct_fifo_gate'.
Finding identical cells in module `\ct_fifo'.
Computing hashes of 31 cells of `\ct_fifo'.
Finding duplicate cells in `\ct_fifo'.
Computing hashes of 30 cells of `\ct_fifo'.
Finding duplicate cells in `\ct_fifo'.
<suppressed ~3 debug messages>
Finding identical cells in module `\gated_clk_cell'.
Computing hashes of 0 cells of `\gated_clk_cell'.
Finding duplicate cells in `\gated_clk_cell'.
Removed a total of 1 cells.

5.7.3. Executing OPT_MUXTREE pass (detect dead branches in mux trees).
Running muxtree optimizer on module \ct_fifo_output_miter..
  Creating internal representation of mux trees.
  Evaluating internal representation of mux trees.
  Analyzing evaluation results.
Running muxtree optimizer on module \ct_fifo_gate..
  Creating internal representation of mux trees.
  Evaluating internal representation of mux trees.
  Analyzing evaluation results.
Running muxtree optimizer on module \ct_fifo..
  Creating internal representation of mux trees.
  Evaluating internal representation of mux trees.
  Analyzing evaluation results.
Running muxtree optimizer on module \gated_clk_cell..
  Creating internal representation of mux trees.
  No muxes found in this module.
Removed 0 multiplexer ports.
<suppressed ~45 debug messages>

5.7.4. Executing OPT_REDUCE pass (consolidate $*mux and $reduce_* inputs).
  Optimizing cells in module \ct_fifo_output_miter.
  Optimizing cells in module \ct_fifo_gate.
  Optimizing cells in module \ct_fifo.
  Optimizing cells in module \gated_clk_cell.
Performed a total of 0 changes.

5.7.5. Executing OPT_MERGE pass (detect identical cells).
Finding identical cells in module `\ct_fifo_output_miter'.
Computing hashes of 14 cells of `\ct_fifo_output_miter'.
Finding duplicate cells in `\ct_fifo_output_miter'.
Computing hashes of 11 cells of `\ct_fifo_output_miter'.
Finding duplicate cells in `\ct_fifo_output_miter'.
<suppressed ~9 debug messages>
Finding identical cells in module `\ct_fifo_gate'.
Computing hashes of 29 cells of `\ct_fifo_gate'.
Finding duplicate cells in `\ct_fifo_gate'.
Finding identical cells in module `\ct_fifo'.
Computing hashes of 30 cells of `\ct_fifo'.
Finding duplicate cells in `\ct_fifo'.
Finding identical cells in module `\gated_clk_cell'.
Computing hashes of 0 cells of `\gated_clk_cell'.
Finding duplicate cells in `\gated_clk_cell'.
Removed a total of 3 cells.

5.7.6. Executing OPT_CLEAN pass (remove unused cells and wires).
Finding unused cells or wires in module \ct_fifo_output_miter..
Finding unused cells or wires in module \ct_fifo_gate..
Finding unused cells or wires in module \ct_fifo..
Finding unused cells or wires in module \gated_clk_cell..
Removed 0 unused cells and 3 unused wires.
<suppressed ~1 debug messages>

5.7.7. Executing OPT_EXPR pass (perform const folding).
Optimizing module ct_fifo_output_miter.
Optimizing module ct_fifo_gate.
Optimizing module ct_fifo.
Optimizing module gated_clk_cell.

5.7.8. Rerunning OPT passes. (Maybe there is more to do..)

5.7.9. Executing OPT_MUXTREE pass (detect dead branches in mux trees).
Running muxtree optimizer on module \ct_fifo_output_miter..
  Creating internal representation of mux trees.
  Evaluating internal representation of mux trees.
  Analyzing evaluation results.
Running muxtree optimizer on module \ct_fifo_gate..
  Creating internal representation of mux trees.
  Evaluating internal representation of mux trees.
  Analyzing evaluation results.
Running muxtree optimizer on module \ct_fifo..
  Creating internal representation of mux trees.
  Evaluating internal representation of mux trees.
  Analyzing evaluation results.
Running muxtree optimizer on module \gated_clk_cell..
  Creating internal representation of mux trees.
  No muxes found in this module.
Removed 0 multiplexer ports.
<suppressed ~39 debug messages>

5.7.10. Executing OPT_REDUCE pass (consolidate $*mux and $reduce_* inputs).
  Optimizing cells in module \ct_fifo_output_miter.
  Optimizing cells in module \ct_fifo_gate.
  Optimizing cells in module \ct_fifo.
  Optimizing cells in module \gated_clk_cell.
Performed a total of 0 changes.

5.7.11. Executing OPT_MERGE pass (detect identical cells).
Finding identical cells in module `\ct_fifo_output_miter'.
Computing hashes of 11 cells of `\ct_fifo_output_miter'.
Finding duplicate cells in `\ct_fifo_output_miter'.
Finding identical cells in module `\ct_fifo_gate'.
Computing hashes of 29 cells of `\ct_fifo_gate'.
Finding duplicate cells in `\ct_fifo_gate'.
Finding identical cells in module `\ct_fifo'.
Computing hashes of 30 cells of `\ct_fifo'.
Finding duplicate cells in `\ct_fifo'.
Finding identical cells in module `\gated_clk_cell'.
Computing hashes of 0 cells of `\gated_clk_cell'.
Finding duplicate cells in `\gated_clk_cell'.
Removed a total of 0 cells.

5.7.12. Executing OPT_CLEAN pass (remove unused cells and wires).
Finding unused cells or wires in module \ct_fifo_output_miter..
Finding unused cells or wires in module \ct_fifo_gate..
Finding unused cells or wires in module \ct_fifo..
Finding unused cells or wires in module \gated_clk_cell..

5.7.13. Executing OPT_EXPR pass (perform const folding).
Optimizing module ct_fifo_output_miter.
Optimizing module ct_fifo_gate.
Optimizing module ct_fifo.
Optimizing module gated_clk_cell.

5.7.14. Finished fast OPT passes. (There is nothing left to do.)

5.8. Executing WREDUCE pass (reducing word size of cells).
Removed top 1 bits (of 2) from port B of cell ct_fifo.$add$ct_fifo_gold.v:94$12 ($add).
Removed top 1 bits (of 2) from port A of cell ct_fifo.$shl$ct_fifo_gold.v:97$13 ($shl).

5.9. Executing OPT_CLEAN pass (remove unused cells and wires).
Finding unused cells or wires in module \ct_fifo_output_miter..
Finding unused cells or wires in module \ct_fifo_gate..
Finding unused cells or wires in module \ct_fifo..
Finding unused cells or wires in module \gated_clk_cell..

5.10. Executing MEMORY_COLLECT pass (generating $mem cells).

5.11. Executing OPT pass (performing simple optimizations).

5.11.1. Executing OPT_EXPR pass (perform const folding).
Optimizing module ct_fifo_output_miter.
Optimizing module ct_fifo_gate.
Optimizing module ct_fifo.
Optimizing module gated_clk_cell.

5.11.2. Executing OPT_MERGE pass (detect identical cells).
Finding identical cells in module `\ct_fifo_output_miter'.
Computing hashes of 11 cells of `\ct_fifo_output_miter'.
Finding duplicate cells in `\ct_fifo_output_miter'.
Finding identical cells in module `\ct_fifo_gate'.
Computing hashes of 29 cells of `\ct_fifo_gate'.
Finding duplicate cells in `\ct_fifo_gate'.
Finding identical cells in module `\ct_fifo'.
Computing hashes of 30 cells of `\ct_fifo'.
Finding duplicate cells in `\ct_fifo'.
Finding identical cells in module `\gated_clk_cell'.
Computing hashes of 0 cells of `\gated_clk_cell'.
Finding duplicate cells in `\gated_clk_cell'.
Removed a total of 0 cells.

5.11.3. Executing OPT_CLEAN pass (remove unused cells and wires).
Finding unused cells or wires in module \ct_fifo_output_miter..
Finding unused cells or wires in module \ct_fifo_gate..
Finding unused cells or wires in module \ct_fifo..
Finding unused cells or wires in module \gated_clk_cell..

5.11.4. Finished fast OPT passes.

5.12. Executing SORT pass.

5.13. Printing statistics.

=== ct_fifo ===

        +----------Local Count, excluding submodules.
        | 
       37 wires
       79 wire bits
       25 public wires
       53 public wire bits
       12 ports
       22 port bits
       27 cells
        1   $add
        6   $adff
        4   $and
        9   $mux
        2   $not
        1   $or
        1   $pmux
        1   $reduce_and
        1   $reduce_or
        1   $shl
        3 submodules
        3   gated_clk_cell

=== ct_fifo_gate ===

        +----------Local Count, excluding submodules.
        | 
       36 wires
       73 wire bits
       26 public wires
       53 public wire bits
       12 ports
       22 port bits
       26 cells
        6   $adff
        3   $and
       11   $mux
        3   $not
        1   $or
        1   $reduce_and
        1   $reduce_or
        3 submodules
        3   gated_clk_cell

=== ct_fifo_output_miter ===

        +----------Local Count, excluding submodules.
        | 
       21 wires
       36 wire bits
       16 public wires
       31 public wire bits
        8 ports
       13 port bits
        9 cells
        4   $check
        4   $eq
        1   $mux
        2 submodules
        1   ct_fifo
        1   ct_fifo_gate

=== gated_clk_cell ===

        +----------Local Count, excluding submodules.
        | 
        8 wires
        8 wire bits
        8 public wires
        8 public wire bits
        7 ports
        7 port bits

=== design hierarchy ===

        +----------Count including submodules.
        | 
       62 ct_fifo_output_miter
       27 ct_fifo
       26 ct_fifo_gate

        +----------Count including submodules.
        | 
      142 wires
      236 wire bits
      115 public wires
      185 public wire bits
       74 ports
       99 port bits
        - memories
        - memory bits
        - processes
       62 cells
        1   $add
       12   $adff
        7   $and
        4   $check
        4   $eq
       21   $mux
        5   $not
        2   $or
        1   $pmux
        2   $reduce_and
        2   $reduce_or
        1   $shl
        2 submodules
        1   ct_fifo
        1   ct_fifo_gate

5.14. Executing CHECK pass (checking for obvious problems).
Checking module ct_fifo...
Checking module ct_fifo_gate...
Checking module ct_fifo_output_miter...
Checking module gated_clk_cell...
Found and reported 0 problems.

6. Executing FLATTEN pass (flatten design).
Deleting now unused module ct_fifo.
Deleting now unused module ct_fifo_gate.
Deleting now unused module gated_clk_cell.
<suppressed ~8 debug messages>

7. Executing ASYNC2SYNC pass.
Replacing ct_fifo_output_miter.$flatten\gate.$procdff$146 ($adff): ARST=\gate.rst_b, D=$flatten\gate.$0\fifo_create_idx[0:0], Q=\gate.fifo_create_idx
Replacing ct_fifo_output_miter.$flatten\gate.$procdff$141 ($adff): ARST=\gate.rst_b, D=$flatten\gate.$0\fifo_pop_idx[0:0], Q=\gate.fifo_pop_idx
Replacing ct_fifo_output_miter.$flatten\gate.$procdff$136 ($adff): ARST=\gate.rst_b, D=$flatten\gate.$0\fifo_entry_vld[0:0], Q=\gate.fifo_entry_vld [0]
Replacing ct_fifo_output_miter.$flatten\gate.$procdff$131 ($adff): ARST=\gate.rst_b, D=$flatten\gate.$0\fifo_entry_cont[0][5:0], Q=\gate.fifo_entry_cont[0]
Replacing ct_fifo_output_miter.$flatten\gate.$procdff$126 ($adff): ARST=\gate.rst_b, D=$flatten\gate.$0\fifo_entry_vld[1:1], Q=\gate.fifo_entry_vld [1]
Replacing ct_fifo_output_miter.$flatten\gate.$procdff$121 ($adff): ARST=\gate.rst_b, D=$flatten\gate.$0\fifo_entry_cont[1][5:0], Q=\gate.fifo_entry_cont[1]
Replacing ct_fifo_output_miter.$flatten\gold.$procdff$176 ($adff): ARST=\gold.rst_b, D=$flatten\gold.$0\fifo_create_ptr[1:0], Q=\gold.fifo_create_ptr
Replacing ct_fifo_output_miter.$flatten\gold.$procdff$171 ($adff): ARST=\gold.rst_b, D=$flatten\gold.$0\fifo_pop_ptr[1:0], Q=\gold.fifo_pop_ptr
Replacing ct_fifo_output_miter.$flatten\gold.$procdff$166 ($adff): ARST=\gold.rst_b, D=$flatten\gold.$0\fifo_entry_vld[0:0], Q=\gold.fifo_entry_vld [0]
Replacing ct_fifo_output_miter.$flatten\gold.$procdff$161 ($adff): ARST=\gold.rst_b, D=$flatten\gold.$0\fifo_entry_vld[1:1], Q=\gold.fifo_entry_vld [1]
Replacing ct_fifo_output_miter.$flatten\gold.$procdff$156 ($adff): ARST=\gold.rst_b, D=$flatten\gold.$0\fifo_entry_cont[0][5:0], Q=\gold.fifo_entry_cont[0]
Replacing ct_fifo_output_miter.$flatten\gold.$procdff$151 ($adff): ARST=\gold.rst_b, D=$flatten\gold.$0\fifo_entry_cont[1][5:0], Q=\gold.fifo_entry_cont[1]

8. Executing DFFUNMAP pass (unmap clock enable and synchronous reset from FFs).

9. Executing OPT pass (performing simple optimizations).

9.1. Executing OPT_EXPR pass (perform const folding).
Optimizing module ct_fifo_output_miter.

9.2. Executing OPT_MERGE pass (detect identical cells).
Finding identical cells in module `\ct_fifo_output_miter'.
Computing hashes of 102 cells of `\ct_fifo_output_miter'.
Finding duplicate cells in `\ct_fifo_output_miter'.
Removed a total of 0 cells.

9.3. Executing OPT_MUXTREE pass (detect dead branches in mux trees).
Running muxtree optimizer on module \ct_fifo_output_miter..
  Creating internal representation of mux trees.
  Evaluating internal representation of mux trees.
  Analyzing evaluation results.
Removed 0 multiplexer ports.
<suppressed ~83 debug messages>

9.4. Executing OPT_REDUCE pass (consolidate $*mux and $reduce_* inputs).
  Optimizing cells in module \ct_fifo_output_miter.
Performed a total of 0 changes.

9.5. Executing OPT_MERGE pass (detect identical cells).
Finding identical cells in module `\ct_fifo_output_miter'.
Computing hashes of 102 cells of `\ct_fifo_output_miter'.
Finding duplicate cells in `\ct_fifo_output_miter'.
Removed a total of 0 cells.

9.6. Executing OPT_DFF pass (perform DFF optimizations).
Adding SRST signal on $flatten\gold.$procdff$151 ($dff) from module ct_fifo_output_miter (D = $flatten\gold.$0\fifo_entry_cont[1][5:0], Q = $auto$async2sync.cc:253:execute$207, rval = 6'000000).
Adding SRST signal on $flatten\gold.$procdff$156 ($dff) from module ct_fifo_output_miter (D = $flatten\gold.$0\fifo_entry_cont[0][5:0], Q = $auto$async2sync.cc:253:execute$205, rval = 6'000000).
Adding SRST signal on $flatten\gold.$procdff$161 ($dff) from module ct_fifo_output_miter (D = $flatten\gold.$0\fifo_entry_vld[1:1], Q = $auto$async2sync.cc:253:execute$203, rval = 1'0).
Adding SRST signal on $flatten\gold.$procdff$166 ($dff) from module ct_fifo_output_miter (D = $flatten\gold.$0\fifo_entry_vld[0:0], Q = $auto$async2sync.cc:253:execute$201, rval = 1'0).
Adding SRST signal on $flatten\gold.$procdff$171 ($dff) from module ct_fifo_output_miter (D = $flatten\gold.$procmux$110_Y, Q = $auto$async2sync.cc:253:execute$199, rval = 2'00).
Adding SRST signal on $flatten\gold.$procdff$176 ($dff) from module ct_fifo_output_miter (D = $flatten\gold.$0\fifo_create_ptr[1:0], Q = $auto$async2sync.cc:253:execute$197, rval = 2'01).
Adding SRST signal on $flatten\gate.$procdff$121 ($dff) from module ct_fifo_output_miter (D = $flatten\gate.$0\fifo_entry_cont[1][5:0], Q = $auto$async2sync.cc:253:execute$195, rval = 6'000000).
Adding SRST signal on $flatten\gate.$procdff$126 ($dff) from module ct_fifo_output_miter (D = $flatten\gate.$0\fifo_entry_vld[1:1], Q = $auto$async2sync.cc:253:execute$193, rval = 1'0).
Adding SRST signal on $flatten\gate.$procdff$131 ($dff) from module ct_fifo_output_miter (D = $flatten\gate.$0\fifo_entry_cont[0][5:0], Q = $auto$async2sync.cc:253:execute$191, rval = 6'000000).
Adding SRST signal on $flatten\gate.$procdff$136 ($dff) from module ct_fifo_output_miter (D = $flatten\gate.$0\fifo_entry_vld[0:0], Q = $auto$async2sync.cc:253:execute$189, rval = 1'0).
Adding SRST signal on $flatten\gate.$procdff$141 ($dff) from module ct_fifo_output_miter (D = $flatten\gate.$0\fifo_pop_idx[0:0], Q = $auto$async2sync.cc:253:execute$187, rval = 1'0).
Adding SRST signal on $flatten\gate.$procdff$146 ($dff) from module ct_fifo_output_miter (D = $flatten\gate.$0\fifo_create_idx[0:0], Q = $auto$async2sync.cc:253:execute$185, rval = 1'0).

9.7. Executing OPT_CLEAN pass (remove unused cells and wires).
Finding unused cells or wires in module \ct_fifo_output_miter..
Removed 23 unused cells and 25 unused wires.
<suppressed ~28 debug messages>

9.8. Executing OPT_EXPR pass (perform const folding).
Optimizing module ct_fifo_output_miter.

9.9. Rerunning OPT passes. (Maybe there is more to do..)

9.10. Executing OPT_MUXTREE pass (detect dead branches in mux trees).
Running muxtree optimizer on module \ct_fifo_output_miter..
  Creating internal representation of mux trees.
  Evaluating internal representation of mux trees.
  Analyzing evaluation results.
Removed 0 multiplexer ports.
<suppressed ~70 debug messages>

9.11. Executing OPT_REDUCE pass (consolidate $*mux and $reduce_* inputs).
  Optimizing cells in module \ct_fifo_output_miter.
Performed a total of 0 changes.

9.12. Executing OPT_MERGE pass (detect identical cells).
Finding identical cells in module `\ct_fifo_output_miter'.
Computing hashes of 81 cells of `\ct_fifo_output_miter'.
Finding duplicate cells in `\ct_fifo_output_miter'.
Removed a total of 0 cells.

9.13. Executing OPT_DFF pass (perform DFF optimizations).

9.14. Executing OPT_CLEAN pass (remove unused cells and wires).
Finding unused cells or wires in module \ct_fifo_output_miter..

9.15. Executing OPT_EXPR pass (perform const folding).
Optimizing module ct_fifo_output_miter.

9.16. Finished fast OPT passes. (There is nothing left to do.)

10. Executing SAT pass (solving SAT problems in the circuit).
Using SAT solver `minisat`.

Setting up time step 1:
Import set-constraint for this timestep: \rst_b = 1'0
Final constraint equation: \rst_b = 1'0
Imported 81 cells to SAT database.
No constraints for initial state found.

Import proof for assert: $eq$ct_fifo_output_miter.sv:52$58_Y when $assert$ct_fifo_output_miter.sv:52$57_EN.
Import proof for assert: $eq$ct_fifo_output_miter.sv:53$60_Y when $assert$ct_fifo_output_miter.sv:52$57_EN.
Import proof for assert: $eq$ct_fifo_output_miter.sv:54$62_Y when $assert$ct_fifo_output_miter.sv:52$57_EN.
Import proof for assert: $eq$ct_fifo_output_miter.sv:55$64_Y when $assert$ct_fifo_output_miter.sv:52$57_EN.

Setting up time step 2:
Import set-constraint for this timestep: \rst_b = 1'1
Final constraint equation: \rst_b = 1'1
Imported 81 cells to SAT database.
Import proof for assert: $eq$ct_fifo_output_miter.sv:52$58_Y when $assert$ct_fifo_output_miter.sv:52$57_EN.
Import proof for assert: $eq$ct_fifo_output_miter.sv:53$60_Y when $assert$ct_fifo_output_miter.sv:52$57_EN.
Import proof for assert: $eq$ct_fifo_output_miter.sv:54$62_Y when $assert$ct_fifo_output_miter.sv:52$57_EN.
Import proof for assert: $eq$ct_fifo_output_miter.sv:55$64_Y when $assert$ct_fifo_output_miter.sv:52$57_EN.

Setting up time step 3:
Final constraint equation: { } = { }
Imported 81 cells to SAT database.
Import proof for assert: $eq$ct_fifo_output_miter.sv:52$58_Y when $assert$ct_fifo_output_miter.sv:52$57_EN.
Import proof for assert: $eq$ct_fifo_output_miter.sv:53$60_Y when $assert$ct_fifo_output_miter.sv:52$57_EN.
Import proof for assert: $eq$ct_fifo_output_miter.sv:54$62_Y when $assert$ct_fifo_output_miter.sv:52$57_EN.
Import proof for assert: $eq$ct_fifo_output_miter.sv:55$64_Y when $assert$ct_fifo_output_miter.sv:52$57_EN.

Setting up time step 4:
Final constraint equation: { } = { }
Imported 81 cells to SAT database.
Import proof for assert: $eq$ct_fifo_output_miter.sv:52$58_Y when $assert$ct_fifo_output_miter.sv:52$57_EN.
Import proof for assert: $eq$ct_fifo_output_miter.sv:53$60_Y when $assert$ct_fifo_output_miter.sv:52$57_EN.
Import proof for assert: $eq$ct_fifo_output_miter.sv:54$62_Y when $assert$ct_fifo_output_miter.sv:52$57_EN.
Import proof for assert: $eq$ct_fifo_output_miter.sv:55$64_Y when $assert$ct_fifo_output_miter.sv:52$57_EN.

Setting up time step 5:
Final constraint equation: { } = { }
Imported 81 cells to SAT database.
Import proof for assert: $eq$ct_fifo_output_miter.sv:52$58_Y when $assert$ct_fifo_output_miter.sv:52$57_EN.
Import proof for assert: $eq$ct_fifo_output_miter.sv:53$60_Y when $assert$ct_fifo_output_miter.sv:52$57_EN.
Import proof for assert: $eq$ct_fifo_output_miter.sv:54$62_Y when $assert$ct_fifo_output_miter.sv:52$57_EN.
Import proof for assert: $eq$ct_fifo_output_miter.sv:55$64_Y when $assert$ct_fifo_output_miter.sv:52$57_EN.

Setting up time step 6:
Final constraint equation: { } = { }
Imported 81 cells to SAT database.
Import proof for assert: $eq$ct_fifo_output_miter.sv:52$58_Y when $assert$ct_fifo_output_miter.sv:52$57_EN.
Import proof for assert: $eq$ct_fifo_output_miter.sv:53$60_Y when $assert$ct_fifo_output_miter.sv:52$57_EN.
Import proof for assert: $eq$ct_fifo_output_miter.sv:54$62_Y when $assert$ct_fifo_output_miter.sv:52$57_EN.
Import proof for assert: $eq$ct_fifo_output_miter.sv:55$64_Y when $assert$ct_fifo_output_miter.sv:52$57_EN.

Setting up time step 7:
Final constraint equation: { } = { }
Imported 81 cells to SAT database.
Import proof for assert: $eq$ct_fifo_output_miter.sv:52$58_Y when $assert$ct_fifo_output_miter.sv:52$57_EN.
Import proof for assert: $eq$ct_fifo_output_miter.sv:53$60_Y when $assert$ct_fifo_output_miter.sv:52$57_EN.
Import proof for assert: $eq$ct_fifo_output_miter.sv:54$62_Y when $assert$ct_fifo_output_miter.sv:52$57_EN.
Import proof for assert: $eq$ct_fifo_output_miter.sv:55$64_Y when $assert$ct_fifo_output_miter.sv:52$57_EN.

Setting up time step 8:
Final constraint equation: { } = { }
Imported 81 cells to SAT database.
Import proof for assert: $eq$ct_fifo_output_miter.sv:52$58_Y when $assert$ct_fifo_output_miter.sv:52$57_EN.
Import proof for assert: $eq$ct_fifo_output_miter.sv:53$60_Y when $assert$ct_fifo_output_miter.sv:52$57_EN.
Import proof for assert: $eq$ct_fifo_output_miter.sv:54$62_Y when $assert$ct_fifo_output_miter.sv:52$57_EN.
Import proof for assert: $eq$ct_fifo_output_miter.sv:55$64_Y when $assert$ct_fifo_output_miter.sv:52$57_EN.

Setting up time step 9:
Final constraint equation: { } = { }
Imported 81 cells to SAT database.
Import proof for assert: $eq$ct_fifo_output_miter.sv:52$58_Y when $assert$ct_fifo_output_miter.sv:52$57_EN.
Import proof for assert: $eq$ct_fifo_output_miter.sv:53$60_Y when $assert$ct_fifo_output_miter.sv:52$57_EN.
Import proof for assert: $eq$ct_fifo_output_miter.sv:54$62_Y when $assert$ct_fifo_output_miter.sv:52$57_EN.
Import proof for assert: $eq$ct_fifo_output_miter.sv:55$64_Y when $assert$ct_fifo_output_miter.sv:52$57_EN.

Setting up time step 10:
Final constraint equation: { } = { }
Imported 81 cells to SAT database.
Import proof for assert: $eq$ct_fifo_output_miter.sv:52$58_Y when $assert$ct_fifo_output_miter.sv:52$57_EN.
Import proof for assert: $eq$ct_fifo_output_miter.sv:53$60_Y when $assert$ct_fifo_output_miter.sv:52$57_EN.
Import proof for assert: $eq$ct_fifo_output_miter.sv:54$62_Y when $assert$ct_fifo_output_miter.sv:52$57_EN.
Import proof for assert: $eq$ct_fifo_output_miter.sv:55$64_Y when $assert$ct_fifo_output_miter.sv:52$57_EN.

Setting up time step 11:
Final constraint equation: { } = { }
Imported 81 cells to SAT database.
Import proof for assert: $eq$ct_fifo_output_miter.sv:52$58_Y when $assert$ct_fifo_output_miter.sv:52$57_EN.
Import proof for assert: $eq$ct_fifo_output_miter.sv:53$60_Y when $assert$ct_fifo_output_miter.sv:52$57_EN.
Import proof for assert: $eq$ct_fifo_output_miter.sv:54$62_Y when $assert$ct_fifo_output_miter.sv:52$57_EN.
Import proof for assert: $eq$ct_fifo_output_miter.sv:55$64_Y when $assert$ct_fifo_output_miter.sv:52$57_EN.

Setting up time step 12:
Final constraint equation: { } = { }
Imported 81 cells to SAT database.
Import proof for assert: $eq$ct_fifo_output_miter.sv:52$58_Y when $assert$ct_fifo_output_miter.sv:52$57_EN.
Import proof for assert: $eq$ct_fifo_output_miter.sv:53$60_Y when $assert$ct_fifo_output_miter.sv:52$57_EN.
Import proof for assert: $eq$ct_fifo_output_miter.sv:54$62_Y when $assert$ct_fifo_output_miter.sv:52$57_EN.
Import proof for assert: $eq$ct_fifo_output_miter.sv:55$64_Y when $assert$ct_fifo_output_miter.sv:52$57_EN.

Solving problem with 11726 variables and 31155 clauses..
SAT proof finished - no model found: SUCCESS!

                  /$$$$$$      /$$$$$$$$     /$$$$$$$    
                 /$$__  $$    | $$_____/    | $$__  $$   
                | $$  \ $$    | $$          | $$  \ $$   
                | $$  | $$    | $$$$$       | $$  | $$   
                | $$  | $$    | $$__/       | $$  | $$   
                | $$/$$ $$    | $$          | $$  | $$   
                |  $$$$$$/ /$$| $$$$$$$$ /$$| $$$$$$$//$$
                 \____ $$$|__/|________/|__/|_______/|__/
                       \__/                              

Warnings: 2 unique messages, 2 total
End of script. Logfile hash: 0e991a83ca, time: 0.23s, user: 0.22s, system: 0.01s, MEM: 28.19 MB peak
Yosys 0.66+181 (git sha1 afe6b18f2, Release, Clang /usr/bin/clang++ 18.1.8)
Time spent: 91% 1x sat (0 sec), 2% 5x read_verilog (0 sec), ...
