OpenSTA 2.2.0 02b129d48f Copyright (c) 2019, Parallax Software, Inc.
License GPLv3: GNU GPL version 3 <http://gnu.org/licenses/gpl.html>

This is free software, and you are free to change and redistribute it
under certain conditions; type `show_copying' for details. 
This program comes with ABSOLUTELY NO WARRANTY; for details type `show_warranty'.
Startpoint: _1304_ (rising edge-triggered flip-flop clocked by lsu_special_clk)
Endpoint: _1298_ (rising edge-triggered flip-flop clocked by lsu_special_clk)
Path Group: lsu_special_clk
Path Type: max

  Delay    Time   Description
---------------------------------------------------------
   0.00    0.00   clock lsu_special_clk (rise edge)
   0.00    0.00   clock network delay (ideal)
   0.00    0.00 ^ _1304_/CLK (sky130_fd_sc_hd__dfrtp_1)
   0.42    0.42 v _1304_/Q (sky130_fd_sc_hd__dfrtp_1)
   0.18    0.60 ^ _0609_/X (sky130_fd_sc_hd__xor2_1)
   0.14    0.74 v _0613_/Y (sky130_fd_sc_hd__nor4_1)
   6.73    7.47 ^ _0940_/Y (sky130_fd_sc_hd__a22oi_1)
   0.66    8.14 v _0942_/Y (sky130_fd_sc_hd__o21ai_0)
   0.00    8.14 v _1298_/D (sky130_fd_sc_hd__dfrtp_1)
           8.14   data arrival time

  10.00   10.00   clock lsu_special_clk (rise edge)
   0.00   10.00   clock network delay (ideal)
   0.00   10.00   clock reconvergence pessimism
          10.00 ^ _1298_/CLK (sky130_fd_sc_hd__dfrtp_1)
  -0.45    9.55   library setup time
           9.55   data required time
---------------------------------------------------------
           9.55   data required time
          -8.14   data arrival time
---------------------------------------------------------
           1.40   slack (MET)


tns 0.00
wns 0.00
Group                  Internal  Switching    Leakage      Total
                          Power      Power      Power      Power
----------------------------------------------------------------
Sequential             1.17e-03   2.25e-05   4.60e-09   1.19e-03  89.6%
Combinational          8.36e-05   5.47e-05   2.26e-09   1.38e-04  10.4%
Macro                  0.00e+00   0.00e+00   0.00e+00   0.00e+00   0.0%
Pad                    0.00e+00   0.00e+00   0.00e+00   0.00e+00   0.0%
----------------------------------------------------------------
Total                  1.25e-03   7.73e-05   6.85e-09   1.33e-03 100.0%
                          94.2%       5.8%       0.0%
