OpenSTA 2.2.0 02b129d48f Copyright (c) 2019, Parallax Software, Inc.
License GPLv3: GNU GPL version 3 <http://gnu.org/licenses/gpl.html>

This is free software, and you are free to change and redistribute it
under certain conditions; type `show_copying' for details. 
This program comes with ABSOLUTELY NO WARRANTY; for details type `show_warranty'.
Startpoint: _2334_ (rising edge-triggered flip-flop clocked by lsu_special_clk)
Endpoint: _2328_ (rising edge-triggered flip-flop clocked by lsu_special_clk)
Path Group: lsu_special_clk
Path Type: max

  Delay    Time   Description
---------------------------------------------------------
   0.00    0.00   clock lsu_special_clk (rise edge)
   0.00    0.00   clock network delay (ideal)
   0.00    0.00 ^ _2334_/CLK (sky130_fd_sc_hd__dfrtp_1)
   0.42    0.42 v _2334_/Q (sky130_fd_sc_hd__dfrtp_1)
   0.18    0.61 ^ _1636_/X (sky130_fd_sc_hd__xor2_1)
   0.14    0.75 v _1640_/Y (sky130_fd_sc_hd__nor4_1)
   6.73    7.48 ^ _1965_/Y (sky130_fd_sc_hd__a22oi_1)
   0.66    8.15 v _1967_/Y (sky130_fd_sc_hd__o21ai_0)
   0.00    8.15 v _2328_/D (sky130_fd_sc_hd__dfrtp_1)
           8.15   data arrival time

  10.00   10.00   clock lsu_special_clk (rise edge)
   0.00   10.00   clock network delay (ideal)
   0.00   10.00   clock reconvergence pessimism
          10.00 ^ _2328_/CLK (sky130_fd_sc_hd__dfrtp_1)
  -0.45    9.55   library setup time
           9.55   data required time
---------------------------------------------------------
           9.55   data required time
          -8.15   data arrival time
---------------------------------------------------------
           1.39   slack (MET)


tns 0.00
wns 0.00
Group                  Internal  Switching    Leakage      Total
                          Power      Power      Power      Power
----------------------------------------------------------------
Sequential             1.17e-03   6.25e-05   4.60e-09   1.23e-03  83.8%
Combinational          1.41e-04   9.62e-05   3.67e-09   2.37e-04  16.2%
Macro                  0.00e+00   0.00e+00   0.00e+00   0.00e+00   0.0%
Pad                    0.00e+00   0.00e+00   0.00e+00   0.00e+00   0.0%
----------------------------------------------------------------
Total                  1.31e-03   1.59e-04   8.26e-09   1.47e-03 100.0%
                          89.2%      10.8%       0.0%
