
 /----------------------------------------------------------------------------\
 |  yosys -- Yosys Open SYnthesis Suite                                       |
 |  Copyright (C) 2012 - 2026  Claire Xenia Wolf <claire@yosyshq.com>         |
 |  Distributed under an ISC-like license, type "license" to see terms        |
 \----------------------------------------------------------------------------/
 Yosys 0.66+181 (git sha1 afe6b18f2, Release, Clang /usr/bin/clang++ 18.1.8)

-- Running command `read_verilog -sv cpu_cfig.h gated_clk_cell.v ct_lsu_lfb_data_entry_gold.v; rename ct_lsu_lfb_data_entry ct_lsu_lfb_data_entry_gold; read_verilog -sv ct_lsu_lfb_data_entry_gate.v; rename ct_lsu_lfb_data_entry ct_lsu_lfb_data_entry_gate; proc; memory; opt; equiv_make ct_lsu_lfb_data_entry_gold ct_lsu_lfb_data_entry_gate equiv; hierarchy -top equiv; flatten; async2sync; dffunmap; opt; equiv_simple -seq 8; equiv_status' --

1. Executing Verilog-2005 frontend: cpu_cfig.h
Parsing SystemVerilog input from `cpu_cfig.h' to AST representation.
Successfully finished Verilog frontend.

2. Executing Verilog-2005 frontend: gated_clk_cell.v
Parsing SystemVerilog input from `gated_clk_cell.v' to AST representation.
Generating RTLIL representation for module `\gated_clk_cell'.
Successfully finished Verilog frontend.

3. Executing Verilog-2005 frontend: ct_lsu_lfb_data_entry_gold.v
Parsing SystemVerilog input from `ct_lsu_lfb_data_entry_gold.v' to AST representation.
Generating RTLIL representation for module `\ct_lsu_lfb_data_entry'.
Note: Assuming pure combinatorial block at ct_lsu_lfb_data_entry_gold.v:488.1-503.4 in
compliance with IEC 62142(E):2005 / IEEE Std. 1364.1(E):2002. Recommending
use of @* instead of @(...) for better match of synthesis and simulation.
Successfully finished Verilog frontend.
Renaming module \ct_lsu_lfb_data_entry to \ct_lsu_lfb_data_entry_gold.

4. Executing Verilog-2005 frontend: ct_lsu_lfb_data_entry_gate.v
Parsing SystemVerilog input from `ct_lsu_lfb_data_entry_gate.v' to AST representation.
Generating RTLIL representation for module `\ct_lsu_lfb_data_entry'.
Successfully finished Verilog frontend.
Renaming module \ct_lsu_lfb_data_entry to \ct_lsu_lfb_data_entry_gate.

5. Executing PROC pass (convert processes to netlists).

5.1. Executing PROC_CLEAN pass (remove empty switches from decision trees).
Cleaned up 0 empty switches.

5.2. Executing PROC_RMDEAD pass (remove dead branches from decision trees).
Marked 2 switch rules as full_case in process $proc$ct_lsu_lfb_data_entry_gate.v:418$103 in module ct_lsu_lfb_data_entry_gate.
Marked 1 switch rules as full_case in process $proc$ct_lsu_lfb_data_entry_gate.v:407$101 in module ct_lsu_lfb_data_entry_gate.
Marked 1 switch rules as full_case in process $proc$ct_lsu_lfb_data_entry_gate.v:399$99 in module ct_lsu_lfb_data_entry_gate.
Marked 1 switch rules as full_case in process $proc$ct_lsu_lfb_data_entry_gate.v:391$97 in module ct_lsu_lfb_data_entry_gate.
Marked 1 switch rules as full_case in process $proc$ct_lsu_lfb_data_entry_gate.v:383$95 in module ct_lsu_lfb_data_entry_gate.
Marked 2 switch rules as full_case in process $proc$ct_lsu_lfb_data_entry_gate.v:370$92 in module ct_lsu_lfb_data_entry_gate.
Marked 3 switch rules as full_case in process $proc$ct_lsu_lfb_data_entry_gate.v:347$90 in module ct_lsu_lfb_data_entry_gate.
Marked 2 switch rules as full_case in process $proc$ct_lsu_lfb_data_entry_gate.v:323$87 in module ct_lsu_lfb_data_entry_gate.
Marked 1 switch rules as full_case in process $proc$ct_lsu_lfb_data_entry_gate.v:312$85 in module ct_lsu_lfb_data_entry_gate.
Marked 2 switch rules as full_case in process $proc$ct_lsu_lfb_data_entry_gate.v:299$83 in module ct_lsu_lfb_data_entry_gate.
Removed 1 dead cases from process $proc$ct_lsu_lfb_data_entry_gold.v:488$57 in module ct_lsu_lfb_data_entry_gold.
Marked 1 switch rules as full_case in process $proc$ct_lsu_lfb_data_entry_gold.v:488$57 in module ct_lsu_lfb_data_entry_gold.
Marked 2 switch rules as full_case in process $proc$ct_lsu_lfb_data_entry_gold.v:418$25 in module ct_lsu_lfb_data_entry_gold.
Marked 1 switch rules as full_case in process $proc$ct_lsu_lfb_data_entry_gold.v:407$23 in module ct_lsu_lfb_data_entry_gold.
Marked 1 switch rules as full_case in process $proc$ct_lsu_lfb_data_entry_gold.v:399$21 in module ct_lsu_lfb_data_entry_gold.
Marked 1 switch rules as full_case in process $proc$ct_lsu_lfb_data_entry_gold.v:391$19 in module ct_lsu_lfb_data_entry_gold.
Marked 1 switch rules as full_case in process $proc$ct_lsu_lfb_data_entry_gold.v:383$17 in module ct_lsu_lfb_data_entry_gold.
Marked 2 switch rules as full_case in process $proc$ct_lsu_lfb_data_entry_gold.v:370$14 in module ct_lsu_lfb_data_entry_gold.
Marked 3 switch rules as full_case in process $proc$ct_lsu_lfb_data_entry_gold.v:347$12 in module ct_lsu_lfb_data_entry_gold.
Marked 2 switch rules as full_case in process $proc$ct_lsu_lfb_data_entry_gold.v:323$9 in module ct_lsu_lfb_data_entry_gold.
Marked 1 switch rules as full_case in process $proc$ct_lsu_lfb_data_entry_gold.v:312$7 in module ct_lsu_lfb_data_entry_gold.
Marked 2 switch rules as full_case in process $proc$ct_lsu_lfb_data_entry_gold.v:299$5 in module ct_lsu_lfb_data_entry_gold.
Removed a total of 1 dead cases.

5.3. Executing PROC_PRUNE pass (remove redundant assignments in processes).
Removed 0 redundant assignments.
Promoted 1 assignment to connection.

5.4. Executing PROC_INIT pass (extract init attributes).

5.5. Executing PROC_ARST pass (detect async resets in processes).
Found async reset \cpurst_b in `\ct_lsu_lfb_data_entry_gate.$proc$ct_lsu_lfb_data_entry_gate.v:418$103'.
Found async reset \cpurst_b in `\ct_lsu_lfb_data_entry_gate.$proc$ct_lsu_lfb_data_entry_gate.v:407$101'.
Found async reset \cpurst_b in `\ct_lsu_lfb_data_entry_gate.$proc$ct_lsu_lfb_data_entry_gate.v:399$99'.
Found async reset \cpurst_b in `\ct_lsu_lfb_data_entry_gate.$proc$ct_lsu_lfb_data_entry_gate.v:391$97'.
Found async reset \cpurst_b in `\ct_lsu_lfb_data_entry_gate.$proc$ct_lsu_lfb_data_entry_gate.v:383$95'.
Found async reset \cpurst_b in `\ct_lsu_lfb_data_entry_gate.$proc$ct_lsu_lfb_data_entry_gate.v:370$92'.
Found async reset \cpurst_b in `\ct_lsu_lfb_data_entry_gate.$proc$ct_lsu_lfb_data_entry_gate.v:347$90'.
Found async reset \cpurst_b in `\ct_lsu_lfb_data_entry_gate.$proc$ct_lsu_lfb_data_entry_gate.v:323$87'.
Found async reset \cpurst_b in `\ct_lsu_lfb_data_entry_gate.$proc$ct_lsu_lfb_data_entry_gate.v:312$85'.
Found async reset \cpurst_b in `\ct_lsu_lfb_data_entry_gate.$proc$ct_lsu_lfb_data_entry_gate.v:299$83'.
Found async reset \cpurst_b in `\ct_lsu_lfb_data_entry_gold.$proc$ct_lsu_lfb_data_entry_gold.v:418$25'.
Found async reset \cpurst_b in `\ct_lsu_lfb_data_entry_gold.$proc$ct_lsu_lfb_data_entry_gold.v:407$23'.
Found async reset \cpurst_b in `\ct_lsu_lfb_data_entry_gold.$proc$ct_lsu_lfb_data_entry_gold.v:399$21'.
Found async reset \cpurst_b in `\ct_lsu_lfb_data_entry_gold.$proc$ct_lsu_lfb_data_entry_gold.v:391$19'.
Found async reset \cpurst_b in `\ct_lsu_lfb_data_entry_gold.$proc$ct_lsu_lfb_data_entry_gold.v:383$17'.
Found async reset \cpurst_b in `\ct_lsu_lfb_data_entry_gold.$proc$ct_lsu_lfb_data_entry_gold.v:370$14'.
Found async reset \cpurst_b in `\ct_lsu_lfb_data_entry_gold.$proc$ct_lsu_lfb_data_entry_gold.v:347$12'.
Found async reset \cpurst_b in `\ct_lsu_lfb_data_entry_gold.$proc$ct_lsu_lfb_data_entry_gold.v:323$9'.
Found async reset \cpurst_b in `\ct_lsu_lfb_data_entry_gold.$proc$ct_lsu_lfb_data_entry_gold.v:312$7'.
Found async reset \cpurst_b in `\ct_lsu_lfb_data_entry_gold.$proc$ct_lsu_lfb_data_entry_gold.v:299$5'.

5.6. Executing PROC_ROM pass (convert switches to ROMs).
Converted 1 switch.
<suppressed ~32 debug messages>

5.7. Executing PROC_MUX pass (convert decision trees to multiplexers).
Creating decoders for process `\ct_lsu_lfb_data_entry_gate.$proc$ct_lsu_lfb_data_entry_gate.v:418$103'.
     1/1: $0\lfb_data_entry_lf_sm_req_success[0:0]
Creating decoders for process `\ct_lsu_lfb_data_entry_gate.$proc$ct_lsu_lfb_data_entry_gate.v:407$101'.
     1/1: $0\lfb_data_entry_data[511:384]
Creating decoders for process `\ct_lsu_lfb_data_entry_gate.$proc$ct_lsu_lfb_data_entry_gate.v:399$99'.
     1/1: $0\lfb_data_entry_data[383:256]
Creating decoders for process `\ct_lsu_lfb_data_entry_gate.$proc$ct_lsu_lfb_data_entry_gate.v:391$97'.
     1/1: $0\lfb_data_entry_data[255:128]
Creating decoders for process `\ct_lsu_lfb_data_entry_gate.$proc$ct_lsu_lfb_data_entry_gate.v:383$95'.
     1/1: $0\lfb_data_entry_data[127:0]
Creating decoders for process `\ct_lsu_lfb_data_entry_gate.$proc$ct_lsu_lfb_data_entry_gate.v:370$92'.
     1/1: $0\lfb_data_entry_bus_err[0:0]
Creating decoders for process `\ct_lsu_lfb_data_entry_gate.$proc$ct_lsu_lfb_data_entry_gate.v:347$90'.
     1/1: $0\lfb_data_entry_dcache_share[0:0]
Creating decoders for process `\ct_lsu_lfb_data_entry_gate.$proc$ct_lsu_lfb_data_entry_gate.v:323$87'.
     1/3: $0\lfb_data_entry_pass_ptr[3:0]
     2/3: $0\lfb_data_entry_last[0:0]
     3/3: $0\lfb_data_entry_cnt[1:0]
Creating decoders for process `\ct_lsu_lfb_data_entry_gate.$proc$ct_lsu_lfb_data_entry_gate.v:312$85'.
     1/1: $0\lfb_data_entry_biu_id[2:0]
Creating decoders for process `\ct_lsu_lfb_data_entry_gate.$proc$ct_lsu_lfb_data_entry_gate.v:299$83'.
     1/1: $0\lfb_data_entry_vld[0:0]
Creating decoders for process `\ct_lsu_lfb_data_entry_gold.$proc$ct_lsu_lfb_data_entry_gold.v:488$57'.
     1/1: { $1\lfb_data_entry_addr_id[7:0] [0] $1\lfb_data_entry_addr_id[7:0] [7:1] }
Creating decoders for process `\ct_lsu_lfb_data_entry_gold.$proc$ct_lsu_lfb_data_entry_gold.v:418$25'.
     1/1: $0\lfb_data_entry_lf_sm_req_success[0:0]
Creating decoders for process `\ct_lsu_lfb_data_entry_gold.$proc$ct_lsu_lfb_data_entry_gold.v:407$23'.
     1/1: $0\lfb_data_entry_data[511:384]
Creating decoders for process `\ct_lsu_lfb_data_entry_gold.$proc$ct_lsu_lfb_data_entry_gold.v:399$21'.
     1/1: $0\lfb_data_entry_data[383:256]
Creating decoders for process `\ct_lsu_lfb_data_entry_gold.$proc$ct_lsu_lfb_data_entry_gold.v:391$19'.
     1/1: $0\lfb_data_entry_data[255:128]
Creating decoders for process `\ct_lsu_lfb_data_entry_gold.$proc$ct_lsu_lfb_data_entry_gold.v:383$17'.
     1/1: $0\lfb_data_entry_data[127:0]
Creating decoders for process `\ct_lsu_lfb_data_entry_gold.$proc$ct_lsu_lfb_data_entry_gold.v:370$14'.
     1/1: $0\lfb_data_entry_bus_err[0:0]
Creating decoders for process `\ct_lsu_lfb_data_entry_gold.$proc$ct_lsu_lfb_data_entry_gold.v:347$12'.
     1/1: $0\lfb_data_entry_dcache_share[0:0]
Creating decoders for process `\ct_lsu_lfb_data_entry_gold.$proc$ct_lsu_lfb_data_entry_gold.v:323$9'.
     1/3: $0\lfb_data_entry_pass_ptr[3:0]
     2/3: $0\lfb_data_entry_last[0:0]
     3/3: $0\lfb_data_entry_cnt[1:0]
Creating decoders for process `\ct_lsu_lfb_data_entry_gold.$proc$ct_lsu_lfb_data_entry_gold.v:312$7'.
     1/1: $0\lfb_data_entry_biu_id[2:0]
Creating decoders for process `\ct_lsu_lfb_data_entry_gold.$proc$ct_lsu_lfb_data_entry_gold.v:299$5'.
     1/1: $0\lfb_data_entry_vld[0:0]

5.8. Executing PROC_DLATCH pass (convert process syncs to latches).
No latch inferred for signal `\ct_lsu_lfb_data_entry_gold.\lfb_data_entry_addr_id' from process `\ct_lsu_lfb_data_entry_gold.$proc$ct_lsu_lfb_data_entry_gold.v:488$57'.

5.9. Executing PROC_DFF pass (convert process syncs to FFs).
Creating register for signal `\ct_lsu_lfb_data_entry_gate.\lfb_data_entry_lf_sm_req_success' using process `\ct_lsu_lfb_data_entry_gate.$proc$ct_lsu_lfb_data_entry_gate.v:418$103'.
  created $adff cell `$procdff$265' with positive edge clock and positive level reset.
Creating register for signal `\ct_lsu_lfb_data_entry_gate.\lfb_data_entry_data [511:384]' using process `\ct_lsu_lfb_data_entry_gate.$proc$ct_lsu_lfb_data_entry_gate.v:407$101'.
  created $adff cell `$procdff$270' with positive edge clock and positive level reset.
Creating register for signal `\ct_lsu_lfb_data_entry_gate.\lfb_data_entry_data [383:256]' using process `\ct_lsu_lfb_data_entry_gate.$proc$ct_lsu_lfb_data_entry_gate.v:399$99'.
  created $adff cell `$procdff$275' with positive edge clock and positive level reset.
Creating register for signal `\ct_lsu_lfb_data_entry_gate.\lfb_data_entry_data [255:128]' using process `\ct_lsu_lfb_data_entry_gate.$proc$ct_lsu_lfb_data_entry_gate.v:391$97'.
  created $adff cell `$procdff$280' with positive edge clock and positive level reset.
Creating register for signal `\ct_lsu_lfb_data_entry_gate.\lfb_data_entry_data [127:0]' using process `\ct_lsu_lfb_data_entry_gate.$proc$ct_lsu_lfb_data_entry_gate.v:383$95'.
  created $adff cell `$procdff$285' with positive edge clock and positive level reset.
Creating register for signal `\ct_lsu_lfb_data_entry_gate.\lfb_data_entry_bus_err' using process `\ct_lsu_lfb_data_entry_gate.$proc$ct_lsu_lfb_data_entry_gate.v:370$92'.
  created $adff cell `$procdff$290' with positive edge clock and positive level reset.
Creating register for signal `\ct_lsu_lfb_data_entry_gate.\lfb_data_entry_dcache_share' using process `\ct_lsu_lfb_data_entry_gate.$proc$ct_lsu_lfb_data_entry_gate.v:347$90'.
  created $adff cell `$procdff$295' with positive edge clock and positive level reset.
Creating register for signal `\ct_lsu_lfb_data_entry_gate.\lfb_data_entry_cnt' using process `\ct_lsu_lfb_data_entry_gate.$proc$ct_lsu_lfb_data_entry_gate.v:323$87'.
  created $adff cell `$procdff$300' with positive edge clock and positive level reset.
Creating register for signal `\ct_lsu_lfb_data_entry_gate.\lfb_data_entry_last' using process `\ct_lsu_lfb_data_entry_gate.$proc$ct_lsu_lfb_data_entry_gate.v:323$87'.
  created $adff cell `$procdff$305' with positive edge clock and positive level reset.
Creating register for signal `\ct_lsu_lfb_data_entry_gate.\lfb_data_entry_pass_ptr' using process `\ct_lsu_lfb_data_entry_gate.$proc$ct_lsu_lfb_data_entry_gate.v:323$87'.
  created $adff cell `$procdff$310' with positive edge clock and positive level reset.
Creating register for signal `\ct_lsu_lfb_data_entry_gate.\lfb_data_entry_biu_id' using process `\ct_lsu_lfb_data_entry_gate.$proc$ct_lsu_lfb_data_entry_gate.v:312$85'.
  created $adff cell `$procdff$315' with positive edge clock and positive level reset.
Creating register for signal `\ct_lsu_lfb_data_entry_gate.\lfb_data_entry_vld' using process `\ct_lsu_lfb_data_entry_gate.$proc$ct_lsu_lfb_data_entry_gate.v:299$83'.
  created $adff cell `$procdff$320' with positive edge clock and positive level reset.
Creating register for signal `\ct_lsu_lfb_data_entry_gold.\lfb_data_entry_lf_sm_req_success' using process `\ct_lsu_lfb_data_entry_gold.$proc$ct_lsu_lfb_data_entry_gold.v:418$25'.
  created $adff cell `$procdff$325' with positive edge clock and positive level reset.
Creating register for signal `\ct_lsu_lfb_data_entry_gold.\lfb_data_entry_data [511:384]' using process `\ct_lsu_lfb_data_entry_gold.$proc$ct_lsu_lfb_data_entry_gold.v:407$23'.
  created $adff cell `$procdff$330' with positive edge clock and positive level reset.
Creating register for signal `\ct_lsu_lfb_data_entry_gold.\lfb_data_entry_data [383:256]' using process `\ct_lsu_lfb_data_entry_gold.$proc$ct_lsu_lfb_data_entry_gold.v:399$21'.
  created $adff cell `$procdff$335' with positive edge clock and positive level reset.
Creating register for signal `\ct_lsu_lfb_data_entry_gold.\lfb_data_entry_data [255:128]' using process `\ct_lsu_lfb_data_entry_gold.$proc$ct_lsu_lfb_data_entry_gold.v:391$19'.
  created $adff cell `$procdff$340' with positive edge clock and positive level reset.
Creating register for signal `\ct_lsu_lfb_data_entry_gold.\lfb_data_entry_data [127:0]' using process `\ct_lsu_lfb_data_entry_gold.$proc$ct_lsu_lfb_data_entry_gold.v:383$17'.
  created $adff cell `$procdff$345' with positive edge clock and positive level reset.
Creating register for signal `\ct_lsu_lfb_data_entry_gold.\lfb_data_entry_bus_err' using process `\ct_lsu_lfb_data_entry_gold.$proc$ct_lsu_lfb_data_entry_gold.v:370$14'.
  created $adff cell `$procdff$350' with positive edge clock and positive level reset.
Creating register for signal `\ct_lsu_lfb_data_entry_gold.\lfb_data_entry_dcache_share' using process `\ct_lsu_lfb_data_entry_gold.$proc$ct_lsu_lfb_data_entry_gold.v:347$12'.
  created $adff cell `$procdff$355' with positive edge clock and positive level reset.
Creating register for signal `\ct_lsu_lfb_data_entry_gold.\lfb_data_entry_cnt' using process `\ct_lsu_lfb_data_entry_gold.$proc$ct_lsu_lfb_data_entry_gold.v:323$9'.
  created $adff cell `$procdff$360' with positive edge clock and positive level reset.
Creating register for signal `\ct_lsu_lfb_data_entry_gold.\lfb_data_entry_last' using process `\ct_lsu_lfb_data_entry_gold.$proc$ct_lsu_lfb_data_entry_gold.v:323$9'.
  created $adff cell `$procdff$365' with positive edge clock and positive level reset.
Creating register for signal `\ct_lsu_lfb_data_entry_gold.\lfb_data_entry_pass_ptr' using process `\ct_lsu_lfb_data_entry_gold.$proc$ct_lsu_lfb_data_entry_gold.v:323$9'.
  created $adff cell `$procdff$370' with positive edge clock and positive level reset.
Creating register for signal `\ct_lsu_lfb_data_entry_gold.\lfb_data_entry_biu_id' using process `\ct_lsu_lfb_data_entry_gold.$proc$ct_lsu_lfb_data_entry_gold.v:312$7'.
  created $adff cell `$procdff$375' with positive edge clock and positive level reset.
Creating register for signal `\ct_lsu_lfb_data_entry_gold.\lfb_data_entry_vld' using process `\ct_lsu_lfb_data_entry_gold.$proc$ct_lsu_lfb_data_entry_gold.v:299$5'.
  created $adff cell `$procdff$380' with positive edge clock and positive level reset.

5.10. Executing PROC_MEMWR pass (convert process memory writes to cells).

5.11. Executing PROC_CLEAN pass (remove empty switches from decision trees).
Found and cleaned up 2 empty switches in `\ct_lsu_lfb_data_entry_gate.$proc$ct_lsu_lfb_data_entry_gate.v:418$103'.
Removing empty process `ct_lsu_lfb_data_entry_gate.$proc$ct_lsu_lfb_data_entry_gate.v:418$103'.
Found and cleaned up 1 empty switch in `\ct_lsu_lfb_data_entry_gate.$proc$ct_lsu_lfb_data_entry_gate.v:407$101'.
Removing empty process `ct_lsu_lfb_data_entry_gate.$proc$ct_lsu_lfb_data_entry_gate.v:407$101'.
Found and cleaned up 1 empty switch in `\ct_lsu_lfb_data_entry_gate.$proc$ct_lsu_lfb_data_entry_gate.v:399$99'.
Removing empty process `ct_lsu_lfb_data_entry_gate.$proc$ct_lsu_lfb_data_entry_gate.v:399$99'.
Found and cleaned up 1 empty switch in `\ct_lsu_lfb_data_entry_gate.$proc$ct_lsu_lfb_data_entry_gate.v:391$97'.
Removing empty process `ct_lsu_lfb_data_entry_gate.$proc$ct_lsu_lfb_data_entry_gate.v:391$97'.
Found and cleaned up 1 empty switch in `\ct_lsu_lfb_data_entry_gate.$proc$ct_lsu_lfb_data_entry_gate.v:383$95'.
Removing empty process `ct_lsu_lfb_data_entry_gate.$proc$ct_lsu_lfb_data_entry_gate.v:383$95'.
Found and cleaned up 2 empty switches in `\ct_lsu_lfb_data_entry_gate.$proc$ct_lsu_lfb_data_entry_gate.v:370$92'.
Removing empty process `ct_lsu_lfb_data_entry_gate.$proc$ct_lsu_lfb_data_entry_gate.v:370$92'.
Found and cleaned up 3 empty switches in `\ct_lsu_lfb_data_entry_gate.$proc$ct_lsu_lfb_data_entry_gate.v:347$90'.
Removing empty process `ct_lsu_lfb_data_entry_gate.$proc$ct_lsu_lfb_data_entry_gate.v:347$90'.
Found and cleaned up 2 empty switches in `\ct_lsu_lfb_data_entry_gate.$proc$ct_lsu_lfb_data_entry_gate.v:323$87'.
Removing empty process `ct_lsu_lfb_data_entry_gate.$proc$ct_lsu_lfb_data_entry_gate.v:323$87'.
Found and cleaned up 1 empty switch in `\ct_lsu_lfb_data_entry_gate.$proc$ct_lsu_lfb_data_entry_gate.v:312$85'.
Removing empty process `ct_lsu_lfb_data_entry_gate.$proc$ct_lsu_lfb_data_entry_gate.v:312$85'.
Found and cleaned up 2 empty switches in `\ct_lsu_lfb_data_entry_gate.$proc$ct_lsu_lfb_data_entry_gate.v:299$83'.
Removing empty process `ct_lsu_lfb_data_entry_gate.$proc$ct_lsu_lfb_data_entry_gate.v:299$83'.
Found and cleaned up 1 empty switch in `\ct_lsu_lfb_data_entry_gold.$proc$ct_lsu_lfb_data_entry_gold.v:488$57'.
Removing empty process `ct_lsu_lfb_data_entry_gold.$proc$ct_lsu_lfb_data_entry_gold.v:488$57'.
Found and cleaned up 2 empty switches in `\ct_lsu_lfb_data_entry_gold.$proc$ct_lsu_lfb_data_entry_gold.v:418$25'.
Removing empty process `ct_lsu_lfb_data_entry_gold.$proc$ct_lsu_lfb_data_entry_gold.v:418$25'.
Found and cleaned up 1 empty switch in `\ct_lsu_lfb_data_entry_gold.$proc$ct_lsu_lfb_data_entry_gold.v:407$23'.
Removing empty process `ct_lsu_lfb_data_entry_gold.$proc$ct_lsu_lfb_data_entry_gold.v:407$23'.
Found and cleaned up 1 empty switch in `\ct_lsu_lfb_data_entry_gold.$proc$ct_lsu_lfb_data_entry_gold.v:399$21'.
Removing empty process `ct_lsu_lfb_data_entry_gold.$proc$ct_lsu_lfb_data_entry_gold.v:399$21'.
Found and cleaned up 1 empty switch in `\ct_lsu_lfb_data_entry_gold.$proc$ct_lsu_lfb_data_entry_gold.v:391$19'.
Removing empty process `ct_lsu_lfb_data_entry_gold.$proc$ct_lsu_lfb_data_entry_gold.v:391$19'.
Found and cleaned up 1 empty switch in `\ct_lsu_lfb_data_entry_gold.$proc$ct_lsu_lfb_data_entry_gold.v:383$17'.
Removing empty process `ct_lsu_lfb_data_entry_gold.$proc$ct_lsu_lfb_data_entry_gold.v:383$17'.
Found and cleaned up 2 empty switches in `\ct_lsu_lfb_data_entry_gold.$proc$ct_lsu_lfb_data_entry_gold.v:370$14'.
Removing empty process `ct_lsu_lfb_data_entry_gold.$proc$ct_lsu_lfb_data_entry_gold.v:370$14'.
Found and cleaned up 3 empty switches in `\ct_lsu_lfb_data_entry_gold.$proc$ct_lsu_lfb_data_entry_gold.v:347$12'.
Removing empty process `ct_lsu_lfb_data_entry_gold.$proc$ct_lsu_lfb_data_entry_gold.v:347$12'.
Found and cleaned up 2 empty switches in `\ct_lsu_lfb_data_entry_gold.$proc$ct_lsu_lfb_data_entry_gold.v:323$9'.
Removing empty process `ct_lsu_lfb_data_entry_gold.$proc$ct_lsu_lfb_data_entry_gold.v:323$9'.
Found and cleaned up 1 empty switch in `\ct_lsu_lfb_data_entry_gold.$proc$ct_lsu_lfb_data_entry_gold.v:312$7'.
Removing empty process `ct_lsu_lfb_data_entry_gold.$proc$ct_lsu_lfb_data_entry_gold.v:312$7'.
Found and cleaned up 2 empty switches in `\ct_lsu_lfb_data_entry_gold.$proc$ct_lsu_lfb_data_entry_gold.v:299$5'.
Removing empty process `ct_lsu_lfb_data_entry_gold.$proc$ct_lsu_lfb_data_entry_gold.v:299$5'.
Cleaned up 33 empty switches.

5.12. Executing OPT_EXPR pass (perform const folding).
Optimizing module ct_lsu_lfb_data_entry_gate.
<suppressed ~25 debug messages>
Optimizing module ct_lsu_lfb_data_entry_gold.
<suppressed ~25 debug messages>
Optimizing module gated_clk_cell.

6. Executing MEMORY pass.

6.1. Executing OPT_MEM pass (optimize memories).
Performed a total of 0 transformations.

6.2. Executing OPT_MEM_PRIORITY pass (removing unnecessary memory write priority relations).
Performed a total of 0 transformations.

6.3. Executing OPT_MEM_FEEDBACK pass (finding memory read-to-write feedback paths).

6.4. Executing MEMORY_BMUX2ROM pass (converting muxes to ROMs).

6.5. Executing MEMORY_DFF pass (merging $dff cells to $memrd).
Checking read port `$auto$proc_rom.cc:155:do_switch$161'[0] in module `\ct_lsu_lfb_data_entry_gold': no output FF found.
Checking read port address `$auto$proc_rom.cc:155:do_switch$161'[0] in module `\ct_lsu_lfb_data_entry_gold': address FF has async set and/or reset, not supported.

6.6. Executing OPT_CLEAN pass (remove unused cells and wires).
Finding unused cells or wires in module \ct_lsu_lfb_data_entry_gate..
Finding unused cells or wires in module \ct_lsu_lfb_data_entry_gold..
Finding unused cells or wires in module \gated_clk_cell..
Removed 47 unused cells and 178 unused wires.
<suppressed ~51 debug messages>

6.7. Executing MEMORY_SHARE pass (consolidating $memrd/$memwr cells).

6.8. Executing OPT_MEM_WIDEN pass (optimize memories where all ports are wide).
Performed a total of 0 transformations.

6.9. Executing OPT_CLEAN pass (remove unused cells and wires).
Finding unused cells or wires in module \ct_lsu_lfb_data_entry_gate..
Finding unused cells or wires in module \ct_lsu_lfb_data_entry_gold..
Finding unused cells or wires in module \gated_clk_cell..

6.10. Executing MEMORY_COLLECT pass (generating $mem cells).

6.11. Executing MEMORY_MAP pass (converting memories to logic and flip-flops).
Mapping memory $auto$proc_rom.cc:155:do_switch$161 in module \ct_lsu_lfb_data_entry_gold:
  created 8 $dff cells and 0 static cells of width 8.
  read interface: 0 $dff and 7 $mux cells.
  write interface: 0 write mux blocks.

7. Executing OPT pass (performing simple optimizations).

7.1. Executing OPT_EXPR pass (perform const folding).
Optimizing module ct_lsu_lfb_data_entry_gate.
Optimizing module ct_lsu_lfb_data_entry_gold.
Optimizing module gated_clk_cell.

7.2. Executing OPT_MERGE pass (detect identical cells).
Finding identical cells in module `\ct_lsu_lfb_data_entry_gate'.
Computing hashes of 96 cells of `\ct_lsu_lfb_data_entry_gate'.
Finding duplicate cells in `\ct_lsu_lfb_data_entry_gate'.
Finding identical cells in module `\ct_lsu_lfb_data_entry_gold'.
Computing hashes of 102 cells of `\ct_lsu_lfb_data_entry_gold'.
Finding duplicate cells in `\ct_lsu_lfb_data_entry_gold'.
Finding identical cells in module `\gated_clk_cell'.
Computing hashes of 0 cells of `\gated_clk_cell'.
Finding duplicate cells in `\gated_clk_cell'.
Removed a total of 0 cells.

7.3. Executing OPT_MUXTREE pass (detect dead branches in mux trees).
Running muxtree optimizer on module \ct_lsu_lfb_data_entry_gate..
  Creating internal representation of mux trees.
  Evaluating internal representation of mux trees.
  Analyzing evaluation results.
Running muxtree optimizer on module \ct_lsu_lfb_data_entry_gold..
  Creating internal representation of mux trees.
  Evaluating internal representation of mux trees.
  Analyzing evaluation results.
Running muxtree optimizer on module \gated_clk_cell..
  Creating internal representation of mux trees.
  No muxes found in this module.
Removed 0 multiplexer ports.
<suppressed ~72 debug messages>

7.4. Executing OPT_REDUCE pass (consolidate $*mux and $reduce_* inputs).
  Optimizing cells in module \ct_lsu_lfb_data_entry_gate.
  Optimizing cells in module \ct_lsu_lfb_data_entry_gold.
  Optimizing cells in module \gated_clk_cell.
Performed a total of 0 changes.

7.5. Executing OPT_MERGE pass (detect identical cells).
Finding identical cells in module `\ct_lsu_lfb_data_entry_gate'.
Computing hashes of 96 cells of `\ct_lsu_lfb_data_entry_gate'.
Finding duplicate cells in `\ct_lsu_lfb_data_entry_gate'.
Finding identical cells in module `\ct_lsu_lfb_data_entry_gold'.
Computing hashes of 102 cells of `\ct_lsu_lfb_data_entry_gold'.
Finding duplicate cells in `\ct_lsu_lfb_data_entry_gold'.
Finding identical cells in module `\gated_clk_cell'.
Computing hashes of 0 cells of `\gated_clk_cell'.
Finding duplicate cells in `\gated_clk_cell'.
Removed a total of 0 cells.

7.6. Executing OPT_DFF pass (perform DFF optimizations).
Adding EN signal on $procdff$280 ($adff) from module ct_lsu_lfb_data_entry_gate (D = \biu_lsu_r_data, Q = \lfb_data_entry_data [255:128]).
Adding EN signal on $procdff$320 ($adff) from module ct_lsu_lfb_data_entry_gate (D = $0\lfb_data_entry_vld[0:0], Q = \lfb_data_entry_vld).
Adding EN signal on $procdff$290 ($adff) from module ct_lsu_lfb_data_entry_gate (D = $0\lfb_data_entry_bus_err[0:0], Q = \lfb_data_entry_bus_err).
Adding EN signal on $procdff$275 ($adff) from module ct_lsu_lfb_data_entry_gate (D = \biu_lsu_r_data, Q = \lfb_data_entry_data [383:256]).
Adding EN signal on $procdff$305 ($adff) from module ct_lsu_lfb_data_entry_gate (D = $0\lfb_data_entry_last[0:0], Q = \lfb_data_entry_last).
Adding EN signal on $procdff$285 ($adff) from module ct_lsu_lfb_data_entry_gate (D = \biu_lsu_r_data, Q = \lfb_data_entry_data [127:0]).
Adding EN signal on $procdff$270 ($adff) from module ct_lsu_lfb_data_entry_gate (D = \biu_lsu_r_data, Q = \lfb_data_entry_data [511:384]).
Adding EN signal on $procdff$315 ($adff) from module ct_lsu_lfb_data_entry_gate (D = \lfb_biu_id_2to0, Q = \lfb_data_entry_biu_id).
Adding EN signal on $procdff$300 ($adff) from module ct_lsu_lfb_data_entry_gate (D = $0\lfb_data_entry_cnt[1:0], Q = \lfb_data_entry_cnt).
Adding EN signal on $procdff$265 ($adff) from module ct_lsu_lfb_data_entry_gate (D = $0\lfb_data_entry_lf_sm_req_success[0:0], Q = \lfb_data_entry_lf_sm_req_success).
Adding EN signal on $procdff$310 ($adff) from module ct_lsu_lfb_data_entry_gate (D = $0\lfb_data_entry_pass_ptr[3:0], Q = \lfb_data_entry_pass_ptr).
Adding EN signal on $procdff$295 ($adff) from module ct_lsu_lfb_data_entry_gate (D = $0\lfb_data_entry_dcache_share[0:0], Q = \lfb_data_entry_dcache_share).
Adding EN signal on $procdff$340 ($adff) from module ct_lsu_lfb_data_entry_gold (D = \biu_lsu_r_data, Q = \lfb_data_entry_data [255:128]).
Adding EN signal on $procdff$380 ($adff) from module ct_lsu_lfb_data_entry_gold (D = $0\lfb_data_entry_vld[0:0], Q = \lfb_data_entry_vld).
Adding EN signal on $procdff$350 ($adff) from module ct_lsu_lfb_data_entry_gold (D = $0\lfb_data_entry_bus_err[0:0], Q = \lfb_data_entry_bus_err).
Adding EN signal on $procdff$335 ($adff) from module ct_lsu_lfb_data_entry_gold (D = \biu_lsu_r_data, Q = \lfb_data_entry_data [383:256]).
Adding EN signal on $procdff$365 ($adff) from module ct_lsu_lfb_data_entry_gold (D = $0\lfb_data_entry_last[0:0], Q = \lfb_data_entry_last).
Adding EN signal on $procdff$345 ($adff) from module ct_lsu_lfb_data_entry_gold (D = \biu_lsu_r_data, Q = \lfb_data_entry_data [127:0]).
Adding EN signal on $procdff$330 ($adff) from module ct_lsu_lfb_data_entry_gold (D = \biu_lsu_r_data, Q = \lfb_data_entry_data [511:384]).
Adding EN signal on $procdff$375 ($adff) from module ct_lsu_lfb_data_entry_gold (D = \lfb_biu_id_2to0, Q = \lfb_data_entry_biu_id).
Adding EN signal on $procdff$360 ($adff) from module ct_lsu_lfb_data_entry_gold (D = $0\lfb_data_entry_cnt[1:0], Q = \lfb_data_entry_cnt).
Adding EN signal on $procdff$325 ($adff) from module ct_lsu_lfb_data_entry_gold (D = $0\lfb_data_entry_lf_sm_req_success[0:0], Q = \lfb_data_entry_lf_sm_req_success).
Adding EN signal on $procdff$355 ($adff) from module ct_lsu_lfb_data_entry_gold (D = $0\lfb_data_entry_dcache_share[0:0], Q = \lfb_data_entry_dcache_share).
Adding EN signal on $procdff$370 ($adff) from module ct_lsu_lfb_data_entry_gold (D = $0\lfb_data_entry_pass_ptr[3:0], Q = \lfb_data_entry_pass_ptr).

7.7. Executing OPT_CLEAN pass (remove unused cells and wires).
Finding unused cells or wires in module \ct_lsu_lfb_data_entry_gate..
Finding unused cells or wires in module \ct_lsu_lfb_data_entry_gold..
Finding unused cells or wires in module \gated_clk_cell..
Removed 10 unused cells and 18 unused wires.
<suppressed ~12 debug messages>

7.8. Executing OPT_EXPR pass (perform const folding).
Optimizing module ct_lsu_lfb_data_entry_gate.
<suppressed ~7 debug messages>
Optimizing module ct_lsu_lfb_data_entry_gold.
<suppressed ~7 debug messages>
Optimizing module gated_clk_cell.

7.9. Rerunning OPT passes. (Maybe there is more to do..)

7.10. Executing OPT_MUXTREE pass (detect dead branches in mux trees).
Running muxtree optimizer on module \ct_lsu_lfb_data_entry_gate..
  Creating internal representation of mux trees.
  Evaluating internal representation of mux trees.
  Analyzing evaluation results.
Running muxtree optimizer on module \ct_lsu_lfb_data_entry_gold..
  Creating internal representation of mux trees.
  Evaluating internal representation of mux trees.
  Analyzing evaluation results.
Running muxtree optimizer on module \gated_clk_cell..
  Creating internal representation of mux trees.
  No muxes found in this module.
Removed 0 multiplexer ports.
<suppressed ~52 debug messages>

7.11. Executing OPT_REDUCE pass (consolidate $*mux and $reduce_* inputs).
  Optimizing cells in module \ct_lsu_lfb_data_entry_gate.
  Optimizing cells in module \ct_lsu_lfb_data_entry_gold.
  Optimizing cells in module \gated_clk_cell.
Performed a total of 0 changes.

7.12. Executing OPT_MERGE pass (detect identical cells).
Finding identical cells in module `\ct_lsu_lfb_data_entry_gate'.
Computing hashes of 98 cells of `\ct_lsu_lfb_data_entry_gate'.
Finding duplicate cells in `\ct_lsu_lfb_data_entry_gate'.
Computing hashes of 96 cells of `\ct_lsu_lfb_data_entry_gate'.
Finding duplicate cells in `\ct_lsu_lfb_data_entry_gate'.
<suppressed ~6 debug messages>
Finding identical cells in module `\ct_lsu_lfb_data_entry_gold'.
Computing hashes of 104 cells of `\ct_lsu_lfb_data_entry_gold'.
Finding duplicate cells in `\ct_lsu_lfb_data_entry_gold'.
Computing hashes of 102 cells of `\ct_lsu_lfb_data_entry_gold'.
Finding duplicate cells in `\ct_lsu_lfb_data_entry_gold'.
<suppressed ~6 debug messages>
Finding identical cells in module `\gated_clk_cell'.
Computing hashes of 0 cells of `\gated_clk_cell'.
Finding duplicate cells in `\gated_clk_cell'.
Removed a total of 4 cells.

7.13. Executing OPT_DFF pass (perform DFF optimizations).

7.14. Executing OPT_CLEAN pass (remove unused cells and wires).
Finding unused cells or wires in module \ct_lsu_lfb_data_entry_gate..
Finding unused cells or wires in module \ct_lsu_lfb_data_entry_gold..
Finding unused cells or wires in module \gated_clk_cell..
Removed 0 unused cells and 4 unused wires.
<suppressed ~2 debug messages>

7.15. Executing OPT_EXPR pass (perform const folding).
Optimizing module ct_lsu_lfb_data_entry_gate.
Optimizing module ct_lsu_lfb_data_entry_gold.
Optimizing module gated_clk_cell.

7.16. Rerunning OPT passes. (Maybe there is more to do..)

7.17. Executing OPT_MUXTREE pass (detect dead branches in mux trees).
Running muxtree optimizer on module \ct_lsu_lfb_data_entry_gate..
  Creating internal representation of mux trees.
  Evaluating internal representation of mux trees.
  Analyzing evaluation results.
Running muxtree optimizer on module \ct_lsu_lfb_data_entry_gold..
  Creating internal representation of mux trees.
  Evaluating internal representation of mux trees.
  Analyzing evaluation results.
Running muxtree optimizer on module \gated_clk_cell..
  Creating internal representation of mux trees.
  No muxes found in this module.
Removed 0 multiplexer ports.
<suppressed ~52 debug messages>

7.18. Executing OPT_REDUCE pass (consolidate $*mux and $reduce_* inputs).
  Optimizing cells in module \ct_lsu_lfb_data_entry_gate.
  Optimizing cells in module \ct_lsu_lfb_data_entry_gold.
  Optimizing cells in module \gated_clk_cell.
Performed a total of 0 changes.

7.19. Executing OPT_MERGE pass (detect identical cells).
Finding identical cells in module `\ct_lsu_lfb_data_entry_gate'.
Computing hashes of 96 cells of `\ct_lsu_lfb_data_entry_gate'.
Finding duplicate cells in `\ct_lsu_lfb_data_entry_gate'.
Finding identical cells in module `\ct_lsu_lfb_data_entry_gold'.
Computing hashes of 102 cells of `\ct_lsu_lfb_data_entry_gold'.
Finding duplicate cells in `\ct_lsu_lfb_data_entry_gold'.
Finding identical cells in module `\gated_clk_cell'.
Computing hashes of 0 cells of `\gated_clk_cell'.
Finding duplicate cells in `\gated_clk_cell'.
Removed a total of 0 cells.

7.20. Executing OPT_DFF pass (perform DFF optimizations).

7.21. Executing OPT_CLEAN pass (remove unused cells and wires).
Finding unused cells or wires in module \ct_lsu_lfb_data_entry_gate..
Finding unused cells or wires in module \ct_lsu_lfb_data_entry_gold..
Finding unused cells or wires in module \gated_clk_cell..

7.22. Executing OPT_EXPR pass (perform const folding).
Optimizing module ct_lsu_lfb_data_entry_gate.
Optimizing module ct_lsu_lfb_data_entry_gold.
Optimizing module gated_clk_cell.

7.23. Finished fast OPT passes. (There is nothing left to do.)

8. Executing EQUIV_MAKE pass (creating equiv checking module).
Presumably equivalent wires: snq_lfb_bypass_invalid_gold (\snq_lfb_bypass_invalid_x_gold), snq_lfb_bypass_invalid_gate (\snq_lfb_bypass_invalid_x_gate) -> snq_lfb_bypass_invalid
Presumably equivalent wires: snq_lfb_bypass_chg_tag_gold (\snq_lfb_bypass_chg_tag_x_gold), snq_lfb_bypass_chg_tag_gate (\snq_lfb_bypass_chg_tag_x_gate) -> snq_lfb_bypass_chg_tag
Presumably equivalent wires: lfb_lf_sm_data_pop_req_gold (\lfb_lf_sm_data_pop_req_x_gold), lfb_lf_sm_data_pop_req_gate (\lfb_lf_sm_data_pop_req_x_gate) -> lfb_lf_sm_data_pop_req
Presumably equivalent wires: lfb_lf_sm_data_grnt_gold (\lfb_lf_sm_data_grnt_x_gold), lfb_lf_sm_data_grnt_gate (\lfb_lf_sm_data_grnt_x_gate) -> lfb_lf_sm_data_grnt
Presumably equivalent wires: lfb_data_entry_wait_surplus_gold (\lfb_data_entry_wait_surplus_x_gold), lfb_data_entry_wait_surplus_gate (\lfb_data_entry_wait_surplus_x_gate) -> lfb_data_entry_wait_surplus
Presumably equivalent wires: lfb_data_entry_r_id_hit_gold (\lfb_data_entry_r_id_hit_gold), lfb_data_entry_r_id_hit_gate (\lfb_data_entry_r_id_hit_gate) -> lfb_data_entry_r_id_hit
Presumably equivalent wires: lfb_data_entry_pop_vld_gold (\lfb_data_entry_pop_vld_gold), lfb_data_entry_pop_vld_gate (\lfb_data_entry_pop_vld_gate) -> lfb_data_entry_pop_vld
Presumably equivalent wires: lfb_data_entry_pass_data_vld_gold (\lfb_data_entry_data_clk_en_gold), lfb_data_entry_pass_data_vld_gate (\lfb_data_entry_data_clk_en_gate) -> lfb_data_entry_pass_data_vld
Presumably equivalent wires: lfb_data_entry_pass_data_last_gold (\lfb_data_entry_pass_data_last_gold), lfb_data_entry_pass_data_last_gate (\lfb_data_entry_pass_data_last_gate) -> lfb_data_entry_pass_data_last
Presumably equivalent wires: lfb_data_entry_pass_data3_vld_gold (\lfb_data_entry_data3_clk_en_gold), lfb_data_entry_pass_data3_vld_gate (\lfb_data_entry_data3_clk_en_gate) -> lfb_data_entry_pass_data3_vld
Presumably equivalent wires: lfb_data_entry_pass_data2_vld_gold (\lfb_data_entry_data2_clk_en_gold), lfb_data_entry_pass_data2_vld_gate (\lfb_data_entry_data2_clk_en_gate) -> lfb_data_entry_pass_data2_vld
Presumably equivalent wires: lfb_data_entry_pass_data1_vld_gold (\lfb_data_entry_data1_clk_en_gold), lfb_data_entry_pass_data1_vld_gate (\lfb_data_entry_data1_clk_en_gate) -> lfb_data_entry_pass_data1_vld
Presumably equivalent wires: lfb_data_entry_pass_data0_vld_gold (\lfb_data_entry_data0_clk_en_gold), lfb_data_entry_pass_data0_vld_gate (\lfb_data_entry_data0_clk_en_gate) -> lfb_data_entry_pass_data0_vld
Presumably equivalent wires: lfb_data_entry_pass_3times_gold (\lfb_data_entry_pass_3times_gold), lfb_data_entry_pass_3times_gate (\lfb_data_entry_pass_3times_gate) -> lfb_data_entry_pass_3times
Presumably equivalent wires: lfb_data_entry_linefill_permit_gold (\lfb_data_entry_linefill_permit_gold), lfb_data_entry_linefill_permit_gate (\lfb_data_entry_linefill_permit_gate) -> lfb_data_entry_linefill_permit
Presumably equivalent wires: lfb_data_entry_linefill_abort_gold (\lfb_data_entry_linefill_abort_gold), lfb_data_entry_linefill_abort_gate (\lfb_data_entry_linefill_abort_gate) -> lfb_data_entry_linefill_abort
Presumably equivalent wires: lfb_data_entry_lf_sm_req_gold (\lfb_data_entry_lf_sm_req_x_gold), lfb_data_entry_lf_sm_req_gate (\lfb_data_entry_lf_sm_req_x_gate) -> lfb_data_entry_lf_sm_req
Presumably equivalent wires: lfb_data_entry_full_gold (\lfb_data_entry_full_x_gold), lfb_data_entry_full_gate (\lfb_data_entry_full_x_gate) -> lfb_data_entry_full
Presumably equivalent wires: lfb_data_entry_finish_once_gold (\lfb_data_entry_finish_once_gold), lfb_data_entry_finish_once_gate (\lfb_data_entry_finish_once_gate) -> lfb_data_entry_finish_once
Presumably equivalent wires: lfb_data_entry_finish_line_gold (\lfb_data_entry_finish_line_gold), lfb_data_entry_finish_line_gate (\lfb_data_entry_finish_line_gate) -> lfb_data_entry_finish_line
Presumably equivalent wires: lfb_data_entry_data_clk_en_gold (\lfb_data_entry_data_clk_en_gold), lfb_data_entry_data_clk_en_gate (\lfb_data_entry_data_clk_en_gate) -> lfb_data_entry_data_clk_en
Presumably equivalent wires: lfb_data_entry_data_clk_gold (\lfb_data_entry_data_clk_gold), lfb_data_entry_data_clk_gate (\lfb_data_entry_data_clk_gate) -> lfb_data_entry_data_clk
Presumably equivalent wires: lfb_data_entry_data3_clk_en_gold (\lfb_data_entry_data3_clk_en_gold), lfb_data_entry_data3_clk_en_gate (\lfb_data_entry_data3_clk_en_gate) -> lfb_data_entry_data3_clk_en
Presumably equivalent wires: lfb_data_entry_data3_clk_gold (\lfb_data_entry_data3_clk_gold), lfb_data_entry_data3_clk_gate (\lfb_data_entry_data3_clk_gate) -> lfb_data_entry_data3_clk
Presumably equivalent wires: lfb_data_entry_data2_clk_en_gold (\lfb_data_entry_data2_clk_en_gold), lfb_data_entry_data2_clk_en_gate (\lfb_data_entry_data2_clk_en_gate) -> lfb_data_entry_data2_clk_en
Presumably equivalent wires: lfb_data_entry_data2_clk_gold (\lfb_data_entry_data2_clk_gold), lfb_data_entry_data2_clk_gate (\lfb_data_entry_data2_clk_gate) -> lfb_data_entry_data2_clk
Presumably equivalent wires: lfb_data_entry_data1_clk_en_gold (\lfb_data_entry_data1_clk_en_gold), lfb_data_entry_data1_clk_en_gate (\lfb_data_entry_data1_clk_en_gate) -> lfb_data_entry_data1_clk_en
Presumably equivalent wires: lfb_data_entry_data1_clk_gold (\lfb_data_entry_data1_clk_gold), lfb_data_entry_data1_clk_gate (\lfb_data_entry_data1_clk_gate) -> lfb_data_entry_data1_clk
Presumably equivalent wires: lfb_data_entry_data0_clk_en_gold (\lfb_data_entry_data0_clk_en_gold), lfb_data_entry_data0_clk_en_gate (\lfb_data_entry_data0_clk_en_gate) -> lfb_data_entry_data0_clk_en
Presumably equivalent wires: lfb_data_entry_data0_clk_gold (\lfb_data_entry_data0_clk_gold), lfb_data_entry_data0_clk_gate (\lfb_data_entry_data0_clk_gate) -> lfb_data_entry_data0_clk
Presumably equivalent wires: lfb_data_entry_create_vld_gold (\lfb_data_entry_create_vld_x_gold), lfb_data_entry_create_vld_gate (\lfb_data_entry_create_vld_x_gate) -> lfb_data_entry_create_vld
Presumably equivalent wires: lfb_data_entry_create_gateclk_en_gold (\lfb_data_entry_create_gateclk_en_x_gold), lfb_data_entry_create_gateclk_en_gate (\lfb_data_entry_create_gateclk_en_x_gate) -> lfb_data_entry_create_gateclk_en
Presumably equivalent wires: lfb_data_entry_create_dp_vld_gold (\lfb_data_entry_create_dp_vld_x_gold), lfb_data_entry_create_dp_vld_gate (\lfb_data_entry_create_dp_vld_x_gate) -> lfb_data_entry_create_dp_vld
Presumably equivalent wires: lfb_data_entry_clk_en_gold (\lfb_data_entry_clk_en_gold), lfb_data_entry_clk_en_gate (\lfb_data_entry_clk_en_gate) -> lfb_data_entry_clk_en
Presumably equivalent wires: lfb_data_entry_clk_gold (\lfb_data_entry_clk_gold), lfb_data_entry_clk_gate (\lfb_data_entry_clk_gate) -> lfb_data_entry_clk
Presumably equivalent wires: lfb_data_entry_addr_pop_req_gold (\lfb_data_entry_addr_pop_req_v_gold), lfb_data_entry_addr_pop_req_gate (\lfb_data_entry_addr_pop_req_v_gate) -> lfb_data_entry_addr_pop_req
Presumably equivalent wires: lfb_data_entry_abort_gold (\lfb_data_entry_abort_gold), lfb_data_entry_abort_gate (\lfb_data_entry_abort_gate) -> lfb_data_entry_abort
Presumably equivalent wires: lfb_data_entry_vld_gold (\lfb_data_entry_vld_gold), lfb_data_entry_vld_gate (\lfb_data_entry_vld_gate) -> lfb_data_entry_vld
Presumably equivalent wires: lfb_data_entry_pass_ptr_gold (\lfb_data_entry_pass_ptr_gold), lfb_data_entry_pass_ptr_gate (\lfb_data_entry_pass_ptr_gate) -> lfb_data_entry_pass_ptr
Presumably equivalent wires: lfb_data_entry_lf_sm_req_success_gold (\lfb_data_entry_lf_sm_req_success_gold), lfb_data_entry_lf_sm_req_success_gate (\lfb_data_entry_lf_sm_req_success_gate) -> lfb_data_entry_lf_sm_req_success
Presumably equivalent wires: lfb_data_entry_last_gold (\lfb_data_entry_last_gold), lfb_data_entry_last_gate (\lfb_data_entry_last_gate) -> lfb_data_entry_last
Presumably equivalent wires: lfb_data_entry_dcache_share_gold (\lfb_data_entry_dcache_share_gold), lfb_data_entry_dcache_share_gate (\lfb_data_entry_dcache_share_gate) -> lfb_data_entry_dcache_share
Presumably equivalent wires: lfb_data_entry_data_gold (\lfb_data_entry_data_gold), lfb_data_entry_data_gate (\lfb_data_entry_data_gate) -> lfb_data_entry_data
Presumably equivalent wires: lfb_data_entry_cnt_gold (\lfb_data_entry_cnt_gold), lfb_data_entry_cnt_gate (\lfb_data_entry_cnt_gate) -> lfb_data_entry_cnt
Presumably equivalent wires: lfb_data_entry_bus_err_gold (\lfb_data_entry_bus_err_gold), lfb_data_entry_bus_err_gate (\lfb_data_entry_bus_err_gate) -> lfb_data_entry_bus_err
Presumably equivalent wires: lfb_data_entry_biu_id_gold (\lfb_data_entry_biu_id_gold), lfb_data_entry_biu_id_gate (\lfb_data_entry_biu_id_gate) -> lfb_data_entry_biu_id
Presumably equivalent wires: lfb_data_entry_addr_id_gold (\lfb_data_entry_addr_id_gold), lfb_data_entry_addr_id_gate (\lfb_data_entry_addr_id_gate) -> lfb_data_entry_addr_id
Presumably equivalent wires: lfb_data_entry_wait_surplus_x_gold (\lfb_data_entry_wait_surplus_x_gold), lfb_data_entry_wait_surplus_x_gate (\lfb_data_entry_wait_surplus_x_gate) -> lfb_data_entry_wait_surplus_x
Presumably equivalent wires: lfb_data_entry_vld_x_gold (\lfb_data_entry_vld_gold), lfb_data_entry_vld_x_gate (\lfb_data_entry_vld_gate) -> lfb_data_entry_vld_x
Presumably equivalent wires: lfb_data_entry_lf_sm_req_x_gold (\lfb_data_entry_lf_sm_req_x_gold), lfb_data_entry_lf_sm_req_x_gate (\lfb_data_entry_lf_sm_req_x_gate) -> lfb_data_entry_lf_sm_req_x
Presumably equivalent wires: lfb_data_entry_last_x_gold (\lfb_data_entry_last_gold), lfb_data_entry_last_x_gate (\lfb_data_entry_last_gate) -> lfb_data_entry_last_x
Presumably equivalent wires: lfb_data_entry_full_x_gold (\lfb_data_entry_full_x_gold), lfb_data_entry_full_x_gate (\lfb_data_entry_full_x_gate) -> lfb_data_entry_full_x
Presumably equivalent wires: lfb_data_entry_dcache_share_x_gold (\lfb_data_entry_dcache_share_gold), lfb_data_entry_dcache_share_x_gate (\lfb_data_entry_dcache_share_gate) -> lfb_data_entry_dcache_share_x
Presumably equivalent wires: lfb_data_entry_data_v_gold (\lfb_data_entry_data_gold), lfb_data_entry_data_v_gate (\lfb_data_entry_data_gate) -> lfb_data_entry_data_v
Presumably equivalent wires: lfb_data_entry_addr_pop_req_v_gold (\lfb_data_entry_addr_pop_req_v_gold), lfb_data_entry_addr_pop_req_v_gate (\lfb_data_entry_addr_pop_req_v_gate) -> lfb_data_entry_addr_pop_req_v
Presumably equivalent wires: lfb_data_entry_addr_id_v_gold (\lfb_data_entry_addr_id_gold), lfb_data_entry_addr_id_v_gate (\lfb_data_entry_addr_id_gate) -> lfb_data_entry_addr_id_v
Presumably equivalent wires: snq_lfb_bypass_invalid_x_gold (\snq_lfb_bypass_invalid_x_gold), snq_lfb_bypass_invalid_x_gate (\snq_lfb_bypass_invalid_x_gate) -> snq_lfb_bypass_invalid_x
Presumably equivalent wires: snq_lfb_bypass_chg_tag_x_gold (\snq_lfb_bypass_chg_tag_x_gold), snq_lfb_bypass_chg_tag_x_gate (\snq_lfb_bypass_chg_tag_x_gate) -> snq_lfb_bypass_chg_tag_x
Presumably equivalent wires: pad_yy_icg_scan_en_gold (\pad_yy_icg_scan_en_gold), pad_yy_icg_scan_en_gate (\pad_yy_icg_scan_en_gate) -> pad_yy_icg_scan_en
Presumably equivalent wires: lsu_special_clk_gold (\lsu_special_clk_gold), lsu_special_clk_gate (\lsu_special_clk_gate) -> lsu_special_clk
Presumably equivalent wires: lfb_r_resp_share_gold (\lfb_r_resp_share_gold), lfb_r_resp_share_gate (\lfb_r_resp_share_gate) -> lfb_r_resp_share
Presumably equivalent wires: lfb_r_resp_err_gold (\lfb_r_resp_err_gold), lfb_r_resp_err_gate (\lfb_r_resp_err_gate) -> lfb_r_resp_err
Presumably equivalent wires: lfb_lf_sm_data_pop_req_x_gold (\lfb_lf_sm_data_pop_req_x_gold), lfb_lf_sm_data_pop_req_x_gate (\lfb_lf_sm_data_pop_req_x_gate) -> lfb_lf_sm_data_pop_req_x
Presumably equivalent wires: lfb_lf_sm_data_grnt_x_gold (\lfb_lf_sm_data_grnt_x_gold), lfb_lf_sm_data_grnt_x_gate (\lfb_lf_sm_data_grnt_x_gate) -> lfb_lf_sm_data_grnt_x
Presumably equivalent wires: lfb_first_pass_ptr_gold (\lfb_first_pass_ptr_gold), lfb_first_pass_ptr_gate (\lfb_first_pass_ptr_gate) -> lfb_first_pass_ptr
Presumably equivalent wires: lfb_data_entry_create_vld_x_gold (\lfb_data_entry_create_vld_x_gold), lfb_data_entry_create_vld_x_gate (\lfb_data_entry_create_vld_x_gate) -> lfb_data_entry_create_vld_x
Presumably equivalent wires: lfb_data_entry_create_gateclk_en_x_gold (\lfb_data_entry_create_gateclk_en_x_gold), lfb_data_entry_create_gateclk_en_x_gate (\lfb_data_entry_create_gateclk_en_x_gate) -> lfb_data_entry_create_gateclk_en_x
Presumably equivalent wires: lfb_data_entry_create_dp_vld_x_gold (\lfb_data_entry_create_dp_vld_x_gold), lfb_data_entry_create_dp_vld_x_gate (\lfb_data_entry_create_dp_vld_x_gate) -> lfb_data_entry_create_dp_vld_x
Presumably equivalent wires: lfb_biu_r_id_hit_gold (\lfb_biu_r_id_hit_gold), lfb_biu_r_id_hit_gate (\lfb_biu_r_id_hit_gate) -> lfb_biu_r_id_hit
Presumably equivalent wires: lfb_biu_id_2to0_gold (\lfb_biu_id_2to0_gold), lfb_biu_id_2to0_gate (\lfb_biu_id_2to0_gate) -> lfb_biu_id_2to0
Presumably equivalent wires: lfb_addr_entry_linefill_permit_gold (\lfb_addr_entry_linefill_permit_gold), lfb_addr_entry_linefill_permit_gate (\lfb_addr_entry_linefill_permit_gate) -> lfb_addr_entry_linefill_permit
Presumably equivalent wires: lfb_addr_entry_linefill_abort_gold (\lfb_addr_entry_linefill_abort_gold), lfb_addr_entry_linefill_abort_gate (\lfb_addr_entry_linefill_abort_gate) -> lfb_addr_entry_linefill_abort
Presumably equivalent wires: cpurst_b_gold (\cpurst_b_gold), cpurst_b_gate (\cpurst_b_gate) -> cpurst_b
Presumably equivalent wires: cp0_yy_clk_en_gold (\cp0_yy_clk_en_gold), cp0_yy_clk_en_gate (\cp0_yy_clk_en_gate) -> cp0_yy_clk_en
Presumably equivalent wires: cp0_lsu_icg_en_gold (\cp0_lsu_icg_en_gold), cp0_lsu_icg_en_gate (\cp0_lsu_icg_en_gate) -> cp0_lsu_icg_en
Presumably equivalent wires: cp0_lsu_dcache_en_gold (\cp0_lsu_dcache_en_gold), cp0_lsu_dcache_en_gate (\cp0_lsu_dcache_en_gate) -> cp0_lsu_dcache_en
Presumably equivalent wires: biu_lsu_r_vld_gold (\biu_lsu_r_vld_gold), biu_lsu_r_vld_gate (\biu_lsu_r_vld_gate) -> biu_lsu_r_vld
Presumably equivalent wires: biu_lsu_r_last_gold (\biu_lsu_r_last_gold), biu_lsu_r_last_gate (\biu_lsu_r_last_gate) -> biu_lsu_r_last
Presumably equivalent wires: biu_lsu_r_data_gold (\biu_lsu_r_data_gold), biu_lsu_r_data_gate (\biu_lsu_r_data_gate) -> biu_lsu_r_data
Changing input CLK of cell $auto$ff.cc:337:slice$424_gate ($adffe): \lfb_data_entry_data_clk_gate -> \lfb_data_entry_data_clk
Changing input S of cell $procmux$210_gate ($mux): \lfb_data_entry_pop_vld_gate -> \lfb_data_entry_pop_vld
Changing input A of cell $auto$opt_dff.cc:235:make_patterns_logic$414_gate ($reduce_bool): { \lfb_data_entry_data_clk_en_gate \lfb_data_entry_create_dp_vld_x_gate } -> { \lfb_data_entry_data_clk_en \lfb_data_entry_create_dp_vld_x_gate }
Changing input S of cell $procmux$200_gate ($mux): \lfb_data_entry_data_clk_en_gate -> \lfb_data_entry_data_clk_en
Changing input S of cell $procmux$195_gate ($mux): \lfb_data_entry_data_clk_en_gate -> \lfb_data_entry_data_clk_en
Changing input S of cell $procmux$190_gate ($mux): \lfb_data_entry_data_clk_en_gate -> \lfb_data_entry_data_clk_en
Changing input B of cell $procmux$190_gate ($mux): { \lfb_data_entry_pass_ptr_gate [2:0] \lfb_data_entry_pass_ptr_gate [3] } -> { \lfb_data_entry_pass_ptr [2:0] \lfb_data_entry_pass_ptr [3] }
Changing input S of cell $procmux$185_gate ($mux): \lfb_data_entry_data_clk_en_gate -> \lfb_data_entry_data_clk_en
Changing input A of cell $auto$opt_dff.cc:235:make_patterns_logic$407_gate ($reduce_bool): { \lfb_data_entry_pop_vld_gate \lfb_data_entry_create_vld_x_gate } -> { \lfb_data_entry_pop_vld \lfb_data_entry_create_vld_x_gate }
Changing input A of cell $auto$opt_dff.cc:235:make_patterns_logic$429_gate ($reduce_bool): { \lfb_data_entry_data_clk_en_gate \snq_lfb_bypass_chg_tag_x_gate \lfb_data_entry_create_dp_vld_x_gate } -> { \lfb_data_entry_data_clk_en \snq_lfb_bypass_chg_tag_x_gate \lfb_data_entry_create_dp_vld_x_gate }
Changing input A of cell $logic_or$ct_lsu_lfb_data_entry_gate.v:521$159_gate ($logic_or): \lfb_data_entry_abort_gate -> \lfb_data_entry_abort
Changing input A of cell $logic_or$ct_lsu_lfb_data_entry_gate.v:515$157_gate ($logic_or): \lfb_data_entry_finish_line_gate -> \lfb_data_entry_finish_line
Changing input B of cell $logic_and$ct_lsu_lfb_data_entry_gate.v:516$154_gate ($logic_and): \lfb_data_entry_pass_data_last_gate -> \lfb_data_entry_pass_data_last
Changing input A of cell $logic_and$ct_lsu_lfb_data_entry_gate.v:516$154_gate ($logic_and): \lfb_data_entry_pass_3times_gate -> \lfb_data_entry_pass_3times
Changing input B of cell $logic_and$ct_lsu_lfb_data_entry_gate.v:510$152_gate ($logic_and): \lfb_data_entry_linefill_permit_gate -> \lfb_data_entry_linefill_permit
Changing input A of cell $logic_not$ct_lsu_lfb_data_entry_gate.v:512$150_gate ($logic_not): \lfb_data_entry_bus_err_gate -> \lfb_data_entry_bus_err
Changing input A of cell $logic_and$ct_lsu_lfb_data_entry_gate.v:510$149_gate ($logic_and): \lfb_data_entry_vld_gate -> \lfb_data_entry_vld_x
Changing input A of cell $logic_not$ct_lsu_lfb_data_entry_gate.v:511$148_gate ($logic_not): \lfb_data_entry_lf_sm_req_success_gate -> \lfb_data_entry_lf_sm_req_success
Changing input B of cell $and$ct_lsu_lfb_data_entry_gate.v:504$147_gate ($and): { \lfb_data_entry_abort_gate \lfb_data_entry_abort_gate \lfb_data_entry_abort_gate \lfb_data_entry_abort_gate \lfb_data_entry_abort_gate \lfb_data_entry_abort_gate \lfb_data_entry_abort_gate \lfb_data_entry_abort_gate } -> { \lfb_data_entry_abort \lfb_data_entry_abort \lfb_data_entry_abort \lfb_data_entry_abort \lfb_data_entry_abort \lfb_data_entry_abort \lfb_data_entry_abort \lfb_data_entry_abort }
Changing input A of cell $and$ct_lsu_lfb_data_entry_gate.v:504$147_gate ($and): \lfb_data_entry_addr_id_gate -> \lfb_data_entry_addr_id_v
Changing input A of cell $logic_and$ct_lsu_lfb_data_entry_gate.v:498$145_gate ($logic_and): \lfb_data_entry_finish_line_gate -> \lfb_data_entry_finish_line
Changing input A of cell $logic_or$ct_lsu_lfb_data_entry_gate.v:499$144_gate ($logic_or): \lfb_data_entry_linefill_abort_gate -> \lfb_data_entry_linefill_abort
Changing input A of cell $logic_and$ct_lsu_lfb_data_entry_gate.v:500$143_gate ($logic_and): \lfb_data_entry_linefill_permit_gate -> \lfb_data_entry_linefill_permit
Changing input A of cell $logic_or$ct_lsu_lfb_data_entry_gate.v:501$142_gate ($logic_or): \lfb_data_entry_bus_err_gate -> \lfb_data_entry_bus_err
Changing input A of cell $logic_or$ct_lsu_lfb_data_entry_gate.v:496$140_gate ($logic_or): \lfb_data_entry_finish_once_gate -> \lfb_data_entry_finish_once
Changing input A of cell $and$ct_lsu_lfb_data_entry_gate.v:492$138_gate ($and): \lfb_data_entry_addr_id_gate -> \lfb_data_entry_addr_id_v
Changing input A of cell $and$ct_lsu_lfb_data_entry_gate.v:490$136_gate ($and): \lfb_data_entry_addr_id_gate -> \lfb_data_entry_addr_id_v
Changing input B of cell $shl$ct_lsu_lfb_data_entry_gate.v:488$135_gate ($shl): \lfb_data_entry_biu_id_gate -> \lfb_data_entry_biu_id
Changing input B of cell $logic_and$ct_lsu_lfb_data_entry_gate.v:482$134_gate ($logic_and): \lfb_data_entry_data_clk_en_gate -> \lfb_data_entry_data_clk_en
Changing input A of cell $logic_and$ct_lsu_lfb_data_entry_gate.v:482$133_gate ($logic_and): \lfb_data_entry_vld_gate -> \lfb_data_entry_vld_x
Changing input B of cell $logic_and$ct_lsu_lfb_data_entry_gate.v:478$132_gate ($logic_and): \lfb_data_entry_last_gate -> \lfb_data_entry_last_x
Changing input A of cell $logic_and$ct_lsu_lfb_data_entry_gate.v:478$131_gate ($logic_and): \lfb_data_entry_vld_gate -> \lfb_data_entry_vld_x
Changing input A of cell $eq$ct_lsu_lfb_data_entry_gate.v:479$130_gate ($logic_not): \lfb_data_entry_cnt_gate -> \lfb_data_entry_cnt
Changing input B of cell $logic_and$ct_lsu_lfb_data_entry_gate.v:475$129_gate ($logic_and): \lfb_data_entry_last_gate -> \lfb_data_entry_last_x
Changing input A of cell $logic_and$ct_lsu_lfb_data_entry_gate.v:475$128_gate ($logic_and): \lfb_data_entry_vld_gate -> \lfb_data_entry_vld_x
Changing input A of cell $eq$ct_lsu_lfb_data_entry_gate.v:476$127_gate ($eq): \lfb_data_entry_cnt_gate -> \lfb_data_entry_cnt
Changing input A of cell $logic_and$ct_lsu_lfb_data_entry_gate.v:473$126_gate ($logic_and): \lfb_data_entry_vld_gate -> \lfb_data_entry_vld_x
Changing input A of cell $eq$ct_lsu_lfb_data_entry_gate.v:474$125_gate ($eq): \lfb_data_entry_cnt_gate -> \lfb_data_entry_cnt
Changing input B of cell $logic_and$ct_lsu_lfb_data_entry_gate.v:466$123_gate ($logic_and): \lfb_data_entry_pass_ptr_gate [3] -> \lfb_data_entry_pass_ptr [3]
Changing input A of cell $logic_and$ct_lsu_lfb_data_entry_gate.v:466$123_gate ($logic_and): \lfb_data_entry_r_id_hit_gate -> \lfb_data_entry_r_id_hit
Changing input B of cell $logic_and$ct_lsu_lfb_data_entry_gate.v:461$120_gate ($logic_and): \lfb_data_entry_pass_ptr_gate [2] -> \lfb_data_entry_pass_ptr [2]
Changing input A of cell $logic_and$ct_lsu_lfb_data_entry_gate.v:461$120_gate ($logic_and): \lfb_data_entry_r_id_hit_gate -> \lfb_data_entry_r_id_hit
Changing input B of cell $logic_and$ct_lsu_lfb_data_entry_gate.v:456$117_gate ($logic_and): \lfb_data_entry_pass_ptr_gate [1] -> \lfb_data_entry_pass_ptr [1]
Changing input A of cell $logic_and$ct_lsu_lfb_data_entry_gate.v:456$117_gate ($logic_and): \lfb_data_entry_r_id_hit_gate -> \lfb_data_entry_r_id_hit
Changing input B of cell $logic_and$ct_lsu_lfb_data_entry_gate.v:451$114_gate ($logic_and): \lfb_data_entry_pass_ptr_gate [0] -> \lfb_data_entry_pass_ptr [0]
Changing input A of cell $logic_and$ct_lsu_lfb_data_entry_gate.v:451$114_gate ($logic_and): \lfb_data_entry_r_id_hit_gate -> \lfb_data_entry_r_id_hit
Changing input B of cell $logic_or$ct_lsu_lfb_data_entry_gate.v:446$112_gate ($logic_or): \lfb_data_entry_r_id_hit_gate -> \lfb_data_entry_r_id_hit
Changing input A of cell $eq$ct_lsu_lfb_data_entry_gate.v:443$110_gate ($eq): \lfb_data_entry_biu_id_gate -> \lfb_data_entry_biu_id
Changing input A of cell $logic_and$ct_lsu_lfb_data_entry_gate.v:440$108_gate ($logic_and): \lfb_data_entry_vld_gate -> \lfb_data_entry_vld_x
Changing input A of cell $logic_and$ct_lsu_lfb_data_entry_gate.v:436$107_gate ($logic_and): \lfb_data_entry_vld_gate -> \lfb_data_entry_vld_x
Changing input A of cell $logic_not$ct_lsu_lfb_data_entry_gate.v:437$106_gate ($logic_not): \lfb_data_entry_last_gate -> \lfb_data_entry_last_x
Changing input B of cell $logic_and$ct_lsu_lfb_data_entry_gate.v:433$105_gate ($logic_and): \lfb_data_entry_last_gate -> \lfb_data_entry_last_x
Changing input A of cell $logic_and$ct_lsu_lfb_data_entry_gate.v:433$105_gate ($logic_and): \lfb_data_entry_vld_gate -> \lfb_data_entry_vld_x
Changing input CLK of cell $auto$ff.cc:337:slice$421_gate ($adffe): \lfb_data_entry_clk_gate -> \lfb_data_entry_clk
Changing input CLK of cell $auto$ff.cc:337:slice$418_gate ($adffe): \lfb_data_entry_data_clk_gate -> \lfb_data_entry_data_clk
Changing input CLK of cell $auto$ff.cc:337:slice$417_gate ($adffe): \lfb_data_entry_data_clk_gate -> \lfb_data_entry_data_clk
Changing input EN of cell $auto$ff.cc:337:slice$416_gate ($adffe): \lfb_data_entry_data3_clk_en_gate -> \lfb_data_entry_data3_clk_en
Changing input CLK of cell $auto$ff.cc:337:slice$416_gate ($adffe): \lfb_data_entry_data3_clk_gate -> \lfb_data_entry_data3_clk
Changing input EN of cell $auto$ff.cc:337:slice$415_gate ($adffe): \lfb_data_entry_data0_clk_en_gate -> \lfb_data_entry_data0_clk_en
Changing input CLK of cell $auto$ff.cc:337:slice$415_gate ($adffe): \lfb_data_entry_data0_clk_gate -> \lfb_data_entry_data0_clk
Changing input A of cell $logic_and$ct_lsu_lfb_data_entry_gate.v:376$94_gate ($logic_and): \lfb_data_entry_data_clk_en_gate -> \lfb_data_entry_data_clk_en
Changing input CLK of cell $auto$ff.cc:337:slice$412_gate ($adffe): \lfb_data_entry_data_clk_gate -> \lfb_data_entry_data_clk
Changing input EN of cell $auto$ff.cc:337:slice$411_gate ($adffe): \lfb_data_entry_data2_clk_en_gate -> \lfb_data_entry_data2_clk_en
Changing input CLK of cell $auto$ff.cc:337:slice$411_gate ($adffe): \lfb_data_entry_data2_clk_gate -> \lfb_data_entry_data2_clk
Changing input A of cell $add$ct_lsu_lfb_data_entry_gate.v:340$89_gate ($add): \lfb_data_entry_cnt_gate -> \lfb_data_entry_cnt
Changing input CLK of cell $auto$ff.cc:337:slice$408_gate ($adffe): \lfb_data_entry_data_clk_gate -> \lfb_data_entry_data_clk
Changing input CLK of cell $auto$ff.cc:337:slice$405_gate ($adffe): \lfb_data_entry_clk_gate -> \lfb_data_entry_clk
Changing input EN of cell $auto$ff.cc:337:slice$404_gate ($adffe): \lfb_data_entry_data1_clk_en_gate -> \lfb_data_entry_data1_clk_en
Changing input CLK of cell $auto$ff.cc:337:slice$404_gate ($adffe): \lfb_data_entry_data1_clk_gate -> \lfb_data_entry_data1_clk
Changing input local_en of cell x_lsu_lfb_data_entry_data3_gated_clk_gate (gated_clk_cell): \lfb_data_entry_data3_clk_en_gate -> \lfb_data_entry_data3_clk_en
Changing input local_en of cell x_lsu_lfb_data_entry_data2_gated_clk_gate (gated_clk_cell): \lfb_data_entry_data2_clk_en_gate -> \lfb_data_entry_data2_clk_en
Changing input local_en of cell x_lsu_lfb_data_entry_data1_gated_clk_gate (gated_clk_cell): \lfb_data_entry_data1_clk_en_gate -> \lfb_data_entry_data1_clk_en
Changing input local_en of cell x_lsu_lfb_data_entry_data0_gated_clk_gate (gated_clk_cell): \lfb_data_entry_data0_clk_en_gate -> \lfb_data_entry_data0_clk_en
Changing input local_en of cell x_lsu_lfb_data_entry_data_gated_clk_gate (gated_clk_cell): \lfb_data_entry_data_clk_en_gate -> \lfb_data_entry_data_clk_en
Changing input local_en of cell x_lsu_lfb_data_entry_gated_clk_gate (gated_clk_cell): \lfb_data_entry_clk_en_gate -> \lfb_data_entry_clk_en
Changing input A of cell $logic_or$ct_lsu_lfb_data_entry_gate.v:177$82_gate ($logic_or): \lfb_data_entry_vld_gate -> \lfb_data_entry_vld_x
Changing input CLK of cell $auto$ff.cc:337:slice$427_gate ($adffe): \lfb_data_entry_clk_gate -> \lfb_data_entry_clk
Changing input S of cell $memory$auto$proc_rom.cc:155:do_switch$161$rdmux[0][2][1]$395_gold ($mux): \lfb_data_entry_biu_id_gold [0] -> \lfb_data_entry_biu_id [0]
Changing input S of cell $memory$auto$proc_rom.cc:155:do_switch$161$rdmux[0][2][0]$392_gold ($mux): \lfb_data_entry_biu_id_gold [0] -> \lfb_data_entry_biu_id [0]
Changing input S of cell $memory$auto$proc_rom.cc:155:do_switch$161$rdmux[0][1][1]$389_gold ($mux): \lfb_data_entry_biu_id_gold [1] -> \lfb_data_entry_biu_id [1]
Changing input S of cell $memory$auto$proc_rom.cc:155:do_switch$161$rdmux[0][1][0]$386_gold ($mux): \lfb_data_entry_biu_id_gold [1] -> \lfb_data_entry_biu_id [1]
Changing input S of cell $memory$auto$proc_rom.cc:155:do_switch$161$rdmux[0][0][0]$383_gold ($mux): \lfb_data_entry_biu_id_gold [2] -> \lfb_data_entry_biu_id [2]
Changing input CLK of cell $auto$ff.cc:337:slice$453_gold ($adffe): \lfb_data_entry_data_clk_gold -> \lfb_data_entry_data_clk
Changing input S of cell $procmux$259_gold ($mux): \lfb_data_entry_pop_vld_gold -> \lfb_data_entry_pop_vld
Changing input A of cell $auto$opt_dff.cc:235:make_patterns_logic$440_gold ($reduce_bool): { \lfb_data_entry_data_clk_en_gold \lfb_data_entry_create_dp_vld_x_gold } -> { \lfb_data_entry_data_clk_en \lfb_data_entry_create_dp_vld_x_gold }
Changing input S of cell $procmux$249_gold ($mux): \lfb_data_entry_data_clk_en_gold -> \lfb_data_entry_data_clk_en
Changing input S of cell $procmux$244_gold ($mux): \lfb_data_entry_data_clk_en_gold -> \lfb_data_entry_data_clk_en
Changing input S of cell $procmux$239_gold ($mux): \lfb_data_entry_data_clk_en_gold -> \lfb_data_entry_data_clk_en
Changing input B of cell $procmux$239_gold ($mux): { \lfb_data_entry_pass_ptr_gold [2:0] \lfb_data_entry_pass_ptr_gold [3] } -> { \lfb_data_entry_pass_ptr [2:0] \lfb_data_entry_pass_ptr [3] }
Changing input S of cell $procmux$234_gold ($mux): \lfb_data_entry_data_clk_en_gold -> \lfb_data_entry_data_clk_en
Changing input A of cell $auto$opt_dff.cc:235:make_patterns_logic$452_gold ($reduce_bool): { \lfb_data_entry_data_clk_en_gold \snq_lfb_bypass_chg_tag_x_gold \lfb_data_entry_create_dp_vld_x_gold } -> { \lfb_data_entry_data_clk_en \snq_lfb_bypass_chg_tag_x_gold \lfb_data_entry_create_dp_vld_x_gold }
Changing input A of cell $auto$opt_dff.cc:235:make_patterns_logic$433_gold ($reduce_bool): { \lfb_data_entry_pop_vld_gold \lfb_data_entry_create_vld_x_gold } -> { \lfb_data_entry_pop_vld \lfb_data_entry_create_vld_x_gold }
Changing input CLK of cell $auto$ff.cc:337:slice$450_gold ($adffe): \lfb_data_entry_clk_gold -> \lfb_data_entry_clk
Changing input S of cell $memory$auto$proc_rom.cc:155:do_switch$161$rdmux[0][2][3]$401_gold ($mux): \lfb_data_entry_biu_id_gold [0] -> \lfb_data_entry_biu_id [0]
Changing input A of cell $logic_or$ct_lsu_lfb_data_entry_gold.v:536$81_gold ($logic_or): \lfb_data_entry_abort_gold -> \lfb_data_entry_abort
Changing input A of cell $logic_or$ct_lsu_lfb_data_entry_gold.v:530$79_gold ($logic_or): \lfb_data_entry_finish_line_gold -> \lfb_data_entry_finish_line
Changing input B of cell $logic_and$ct_lsu_lfb_data_entry_gold.v:531$76_gold ($logic_and): \lfb_data_entry_pass_data_last_gold -> \lfb_data_entry_pass_data_last
Changing input A of cell $logic_and$ct_lsu_lfb_data_entry_gold.v:531$76_gold ($logic_and): \lfb_data_entry_pass_3times_gold -> \lfb_data_entry_pass_3times
Changing input B of cell $logic_and$ct_lsu_lfb_data_entry_gold.v:525$74_gold ($logic_and): \lfb_data_entry_linefill_permit_gold -> \lfb_data_entry_linefill_permit
Changing input A of cell $logic_not$ct_lsu_lfb_data_entry_gold.v:527$72_gold ($logic_not): \lfb_data_entry_bus_err_gold -> \lfb_data_entry_bus_err
Changing input A of cell $logic_and$ct_lsu_lfb_data_entry_gold.v:525$71_gold ($logic_and): \lfb_data_entry_vld_gold -> \lfb_data_entry_vld_x
Changing input A of cell $logic_not$ct_lsu_lfb_data_entry_gold.v:526$70_gold ($logic_not): \lfb_data_entry_lf_sm_req_success_gold -> \lfb_data_entry_lf_sm_req_success
Changing input B of cell $and$ct_lsu_lfb_data_entry_gold.v:519$69_gold ($and): { \lfb_data_entry_abort_gold \lfb_data_entry_abort_gold \lfb_data_entry_abort_gold \lfb_data_entry_abort_gold \lfb_data_entry_abort_gold \lfb_data_entry_abort_gold \lfb_data_entry_abort_gold \lfb_data_entry_abort_gold } -> { \lfb_data_entry_abort \lfb_data_entry_abort \lfb_data_entry_abort \lfb_data_entry_abort \lfb_data_entry_abort \lfb_data_entry_abort \lfb_data_entry_abort \lfb_data_entry_abort }
Changing input A of cell $and$ct_lsu_lfb_data_entry_gold.v:519$69_gold ($and): \lfb_data_entry_addr_id_gold -> \lfb_data_entry_addr_id_v
Changing input A of cell $logic_and$ct_lsu_lfb_data_entry_gold.v:513$67_gold ($logic_and): \lfb_data_entry_finish_line_gold -> \lfb_data_entry_finish_line
Changing input A of cell $logic_or$ct_lsu_lfb_data_entry_gold.v:514$66_gold ($logic_or): \lfb_data_entry_linefill_abort_gold -> \lfb_data_entry_linefill_abort
Changing input A of cell $logic_and$ct_lsu_lfb_data_entry_gold.v:515$65_gold ($logic_and): \lfb_data_entry_linefill_permit_gold -> \lfb_data_entry_linefill_permit
Changing input A of cell $logic_or$ct_lsu_lfb_data_entry_gold.v:516$64_gold ($logic_or): \lfb_data_entry_bus_err_gold -> \lfb_data_entry_bus_err
Changing input A of cell $logic_or$ct_lsu_lfb_data_entry_gold.v:511$62_gold ($logic_or): \lfb_data_entry_finish_once_gold -> \lfb_data_entry_finish_once
Changing input A of cell $and$ct_lsu_lfb_data_entry_gold.v:507$60_gold ($and): \lfb_data_entry_addr_id_gold -> \lfb_data_entry_addr_id_v
Changing input A of cell $and$ct_lsu_lfb_data_entry_gold.v:505$58_gold ($and): \lfb_data_entry_addr_id_gold -> \lfb_data_entry_addr_id_v
Changing input B of cell $logic_and$ct_lsu_lfb_data_entry_gold.v:482$56_gold ($logic_and): \lfb_data_entry_data_clk_en_gold -> \lfb_data_entry_data_clk_en
Changing input A of cell $logic_and$ct_lsu_lfb_data_entry_gold.v:482$55_gold ($logic_and): \lfb_data_entry_vld_gold -> \lfb_data_entry_vld_x
Changing input B of cell $logic_and$ct_lsu_lfb_data_entry_gold.v:478$54_gold ($logic_and): \lfb_data_entry_last_gold -> \lfb_data_entry_last_x
Changing input A of cell $logic_and$ct_lsu_lfb_data_entry_gold.v:478$53_gold ($logic_and): \lfb_data_entry_vld_gold -> \lfb_data_entry_vld_x
Changing input A of cell $eq$ct_lsu_lfb_data_entry_gold.v:479$52_gold ($logic_not): \lfb_data_entry_cnt_gold -> \lfb_data_entry_cnt
Changing input B of cell $logic_and$ct_lsu_lfb_data_entry_gold.v:475$51_gold ($logic_and): \lfb_data_entry_last_gold -> \lfb_data_entry_last_x
Changing input A of cell $logic_and$ct_lsu_lfb_data_entry_gold.v:475$50_gold ($logic_and): \lfb_data_entry_vld_gold -> \lfb_data_entry_vld_x
Changing input A of cell $eq$ct_lsu_lfb_data_entry_gold.v:476$49_gold ($eq): \lfb_data_entry_cnt_gold -> \lfb_data_entry_cnt
Changing input A of cell $logic_and$ct_lsu_lfb_data_entry_gold.v:473$48_gold ($logic_and): \lfb_data_entry_vld_gold -> \lfb_data_entry_vld_x
Changing input A of cell $eq$ct_lsu_lfb_data_entry_gold.v:474$47_gold ($eq): \lfb_data_entry_cnt_gold -> \lfb_data_entry_cnt
Changing input B of cell $logic_and$ct_lsu_lfb_data_entry_gold.v:466$45_gold ($logic_and): \lfb_data_entry_pass_ptr_gold [3] -> \lfb_data_entry_pass_ptr [3]
Changing input A of cell $logic_and$ct_lsu_lfb_data_entry_gold.v:466$45_gold ($logic_and): \lfb_data_entry_r_id_hit_gold -> \lfb_data_entry_r_id_hit
Changing input B of cell $logic_and$ct_lsu_lfb_data_entry_gold.v:461$42_gold ($logic_and): \lfb_data_entry_pass_ptr_gold [2] -> \lfb_data_entry_pass_ptr [2]
Changing input A of cell $logic_and$ct_lsu_lfb_data_entry_gold.v:461$42_gold ($logic_and): \lfb_data_entry_r_id_hit_gold -> \lfb_data_entry_r_id_hit
Changing input B of cell $logic_and$ct_lsu_lfb_data_entry_gold.v:456$39_gold ($logic_and): \lfb_data_entry_pass_ptr_gold [1] -> \lfb_data_entry_pass_ptr [1]
Changing input A of cell $logic_and$ct_lsu_lfb_data_entry_gold.v:456$39_gold ($logic_and): \lfb_data_entry_r_id_hit_gold -> \lfb_data_entry_r_id_hit
Changing input B of cell $logic_and$ct_lsu_lfb_data_entry_gold.v:451$36_gold ($logic_and): \lfb_data_entry_pass_ptr_gold [0] -> \lfb_data_entry_pass_ptr [0]
Changing input A of cell $logic_and$ct_lsu_lfb_data_entry_gold.v:451$36_gold ($logic_and): \lfb_data_entry_r_id_hit_gold -> \lfb_data_entry_r_id_hit
Changing input B of cell $logic_or$ct_lsu_lfb_data_entry_gold.v:446$34_gold ($logic_or): \lfb_data_entry_r_id_hit_gold -> \lfb_data_entry_r_id_hit
Changing input A of cell $eq$ct_lsu_lfb_data_entry_gold.v:443$32_gold ($eq): \lfb_data_entry_biu_id_gold -> \lfb_data_entry_biu_id
Changing input A of cell $logic_and$ct_lsu_lfb_data_entry_gold.v:440$30_gold ($logic_and): \lfb_data_entry_vld_gold -> \lfb_data_entry_vld_x
Changing input A of cell $logic_and$ct_lsu_lfb_data_entry_gold.v:436$29_gold ($logic_and): \lfb_data_entry_vld_gold -> \lfb_data_entry_vld_x
Changing input A of cell $logic_not$ct_lsu_lfb_data_entry_gold.v:437$28_gold ($logic_not): \lfb_data_entry_last_gold -> \lfb_data_entry_last_x
Changing input B of cell $logic_and$ct_lsu_lfb_data_entry_gold.v:433$27_gold ($logic_and): \lfb_data_entry_last_gold -> \lfb_data_entry_last_x
Changing input A of cell $logic_and$ct_lsu_lfb_data_entry_gold.v:433$27_gold ($logic_and): \lfb_data_entry_vld_gold -> \lfb_data_entry_vld_x
Changing input CLK of cell $auto$ff.cc:337:slice$447_gold ($adffe): \lfb_data_entry_clk_gold -> \lfb_data_entry_clk
Changing input CLK of cell $auto$ff.cc:337:slice$444_gold ($adffe): \lfb_data_entry_data_clk_gold -> \lfb_data_entry_data_clk
Changing input CLK of cell $auto$ff.cc:337:slice$443_gold ($adffe): \lfb_data_entry_data_clk_gold -> \lfb_data_entry_data_clk
Changing input EN of cell $auto$ff.cc:337:slice$442_gold ($adffe): \lfb_data_entry_data3_clk_en_gold -> \lfb_data_entry_data3_clk_en
Changing input CLK of cell $auto$ff.cc:337:slice$442_gold ($adffe): \lfb_data_entry_data3_clk_gold -> \lfb_data_entry_data3_clk
Changing input EN of cell $auto$ff.cc:337:slice$441_gold ($adffe): \lfb_data_entry_data0_clk_en_gold -> \lfb_data_entry_data0_clk_en
Changing input CLK of cell $auto$ff.cc:337:slice$441_gold ($adffe): \lfb_data_entry_data0_clk_gold -> \lfb_data_entry_data0_clk
Changing input A of cell $logic_and$ct_lsu_lfb_data_entry_gold.v:376$16_gold ($logic_and): \lfb_data_entry_data_clk_en_gold -> \lfb_data_entry_data_clk_en
Changing input CLK of cell $auto$ff.cc:337:slice$438_gold ($adffe): \lfb_data_entry_data_clk_gold -> \lfb_data_entry_data_clk
Changing input EN of cell $auto$ff.cc:337:slice$437_gold ($adffe): \lfb_data_entry_data2_clk_en_gold -> \lfb_data_entry_data2_clk_en
Changing input CLK of cell $auto$ff.cc:337:slice$437_gold ($adffe): \lfb_data_entry_data2_clk_gold -> \lfb_data_entry_data2_clk
Changing input A of cell $add$ct_lsu_lfb_data_entry_gold.v:340$11_gold ($add): \lfb_data_entry_cnt_gold -> \lfb_data_entry_cnt
Changing input CLK of cell $auto$ff.cc:337:slice$434_gold ($adffe): \lfb_data_entry_data_clk_gold -> \lfb_data_entry_data_clk
Changing input CLK of cell $auto$ff.cc:337:slice$431_gold ($adffe): \lfb_data_entry_clk_gold -> \lfb_data_entry_clk
Changing input EN of cell $auto$ff.cc:337:slice$430_gold ($adffe): \lfb_data_entry_data1_clk_en_gold -> \lfb_data_entry_data1_clk_en
Changing input CLK of cell $auto$ff.cc:337:slice$430_gold ($adffe): \lfb_data_entry_data1_clk_gold -> \lfb_data_entry_data1_clk
Changing input local_en of cell x_lsu_lfb_data_entry_data3_gated_clk_gold (gated_clk_cell): \lfb_data_entry_data3_clk_en_gold -> \lfb_data_entry_data3_clk_en
Changing input local_en of cell x_lsu_lfb_data_entry_data2_gated_clk_gold (gated_clk_cell): \lfb_data_entry_data2_clk_en_gold -> \lfb_data_entry_data2_clk_en
Changing input local_en of cell x_lsu_lfb_data_entry_data1_gated_clk_gold (gated_clk_cell): \lfb_data_entry_data1_clk_en_gold -> \lfb_data_entry_data1_clk_en
Changing input local_en of cell x_lsu_lfb_data_entry_data0_gated_clk_gold (gated_clk_cell): \lfb_data_entry_data0_clk_en_gold -> \lfb_data_entry_data0_clk_en
Changing input local_en of cell x_lsu_lfb_data_entry_data_gated_clk_gold (gated_clk_cell): \lfb_data_entry_data_clk_en_gold -> \lfb_data_entry_data_clk_en
Changing input local_en of cell x_lsu_lfb_data_entry_gated_clk_gold (gated_clk_cell): \lfb_data_entry_clk_en_gold -> \lfb_data_entry_clk_en
Changing input A of cell $logic_or$ct_lsu_lfb_data_entry_gold.v:177$4_gold ($logic_or): \lfb_data_entry_vld_gold -> \lfb_data_entry_vld_x
Changing input S of cell $memory$auto$proc_rom.cc:155:do_switch$161$rdmux[0][2][2]$398_gold ($mux): \lfb_data_entry_biu_id_gold [0] -> \lfb_data_entry_biu_id [0]
Presumably equivalent cells: x_lsu_lfb_data_entry_data3_gated_clk_gold x_lsu_lfb_data_entry_data3_gated_clk_gate (gated_clk_cell) -> x_lsu_lfb_data_entry_data3_gated_clk
Presumably equivalent cells: x_lsu_lfb_data_entry_data2_gated_clk_gold x_lsu_lfb_data_entry_data2_gated_clk_gate (gated_clk_cell) -> x_lsu_lfb_data_entry_data2_gated_clk
Presumably equivalent cells: x_lsu_lfb_data_entry_data1_gated_clk_gold x_lsu_lfb_data_entry_data1_gated_clk_gate (gated_clk_cell) -> x_lsu_lfb_data_entry_data1_gated_clk
Presumably equivalent cells: x_lsu_lfb_data_entry_data0_gated_clk_gold x_lsu_lfb_data_entry_data0_gated_clk_gate (gated_clk_cell) -> x_lsu_lfb_data_entry_data0_gated_clk
Presumably equivalent cells: x_lsu_lfb_data_entry_data_gated_clk_gold x_lsu_lfb_data_entry_data_gated_clk_gate (gated_clk_cell) -> x_lsu_lfb_data_entry_data_gated_clk
Presumably equivalent cells: x_lsu_lfb_data_entry_gated_clk_gold x_lsu_lfb_data_entry_gated_clk_gate (gated_clk_cell) -> x_lsu_lfb_data_entry_gated_clk

9. Executing HIERARCHY pass (managing design hierarchy).

9.1. Analyzing design hierarchy..
Top module:  \equiv
Used module:     \gated_clk_cell

9.2. Analyzing design hierarchy..
Top module:  \equiv
Used module:     \gated_clk_cell
Removing unused module `\ct_lsu_lfb_data_entry_gate'.
Removing unused module `\ct_lsu_lfb_data_entry_gold'.
Removed 2 unused modules.

10. Executing FLATTEN pass (flatten design).
Deleting now unused module gated_clk_cell.
<suppressed ~6 debug messages>

11. Executing ASYNC2SYNC pass.
Replacing equiv.$auto$ff.cc:337:slice$424_gate ($adffe): ARST=\cpurst_b_gate, D=$0\lfb_data_entry_pass_ptr[3:0]_gate, Q=\lfb_data_entry_pass_ptr_gate
Replacing equiv.$auto$ff.cc:337:slice$421_gate ($adffe): ARST=\cpurst_b_gate, D=$0\lfb_data_entry_lf_sm_req_success[0:0]_gate, Q=\lfb_data_entry_lf_sm_req_success_gate
Replacing equiv.$auto$ff.cc:337:slice$418_gate ($adffe): ARST=\cpurst_b_gate, D=$0\lfb_data_entry_cnt[1:0]_gate, Q=\lfb_data_entry_cnt_gate
Replacing equiv.$auto$ff.cc:337:slice$417_gate ($adffe): ARST=\cpurst_b_gate, D=\lfb_biu_id_2to0_gate, Q=\lfb_data_entry_biu_id_gate
Replacing equiv.$auto$ff.cc:337:slice$416_gate ($adffe): ARST=\cpurst_b_gate, D=\biu_lsu_r_data_gate, Q=\lfb_data_entry_data_gate [511:384]
Replacing equiv.$auto$ff.cc:337:slice$415_gate ($adffe): ARST=\cpurst_b_gate, D=\biu_lsu_r_data_gate, Q=\lfb_data_entry_data_gate [127:0]
Replacing equiv.$auto$ff.cc:337:slice$412_gate ($adffe): ARST=\cpurst_b_gate, D=$0\lfb_data_entry_last[0:0]_gate, Q=\lfb_data_entry_last_gate
Replacing equiv.$auto$ff.cc:337:slice$411_gate ($adffe): ARST=\cpurst_b_gate, D=\biu_lsu_r_data_gate, Q=\lfb_data_entry_data_gate [383:256]
Replacing equiv.$auto$ff.cc:337:slice$408_gate ($adffe): ARST=\cpurst_b_gate, D=$0\lfb_data_entry_bus_err[0:0]_gate, Q=\lfb_data_entry_bus_err_gate
Replacing equiv.$auto$ff.cc:337:slice$405_gate ($adffe): ARST=\cpurst_b_gate, D=$0\lfb_data_entry_vld[0:0]_gate, Q=\lfb_data_entry_vld_gate
Replacing equiv.$auto$ff.cc:337:slice$404_gate ($adffe): ARST=\cpurst_b_gate, D=\biu_lsu_r_data_gate, Q=\lfb_data_entry_data_gate [255:128]
Replacing equiv.$auto$ff.cc:337:slice$427_gate ($adffe): ARST=\cpurst_b_gate, D=$0\lfb_data_entry_dcache_share[0:0]_gate, Q=\lfb_data_entry_dcache_share_gate
Replacing equiv.$auto$ff.cc:337:slice$453_gold ($adffe): ARST=\cpurst_b_gold, D=$0\lfb_data_entry_pass_ptr[3:0]_gold, Q=\lfb_data_entry_pass_ptr_gold
Replacing equiv.$auto$ff.cc:337:slice$450_gold ($adffe): ARST=\cpurst_b_gold, D=$0\lfb_data_entry_dcache_share[0:0]_gold, Q=\lfb_data_entry_dcache_share_gold
Replacing equiv.$auto$ff.cc:337:slice$447_gold ($adffe): ARST=\cpurst_b_gold, D=$0\lfb_data_entry_lf_sm_req_success[0:0]_gold, Q=\lfb_data_entry_lf_sm_req_success_gold
Replacing equiv.$auto$ff.cc:337:slice$444_gold ($adffe): ARST=\cpurst_b_gold, D=$0\lfb_data_entry_cnt[1:0]_gold, Q=\lfb_data_entry_cnt_gold
Replacing equiv.$auto$ff.cc:337:slice$443_gold ($adffe): ARST=\cpurst_b_gold, D=\lfb_biu_id_2to0_gold, Q=\lfb_data_entry_biu_id_gold
Replacing equiv.$auto$ff.cc:337:slice$442_gold ($adffe): ARST=\cpurst_b_gold, D=\biu_lsu_r_data_gold, Q=\lfb_data_entry_data_gold [511:384]
Replacing equiv.$auto$ff.cc:337:slice$441_gold ($adffe): ARST=\cpurst_b_gold, D=\biu_lsu_r_data_gold, Q=\lfb_data_entry_data_gold [127:0]
Replacing equiv.$auto$ff.cc:337:slice$438_gold ($adffe): ARST=\cpurst_b_gold, D=$0\lfb_data_entry_last[0:0]_gold, Q=\lfb_data_entry_last_gold
Replacing equiv.$auto$ff.cc:337:slice$437_gold ($adffe): ARST=\cpurst_b_gold, D=\biu_lsu_r_data_gold, Q=\lfb_data_entry_data_gold [383:256]
Replacing equiv.$auto$ff.cc:337:slice$434_gold ($adffe): ARST=\cpurst_b_gold, D=$0\lfb_data_entry_bus_err[0:0]_gold, Q=\lfb_data_entry_bus_err_gold
Replacing equiv.$auto$ff.cc:337:slice$431_gold ($adffe): ARST=\cpurst_b_gold, D=$0\lfb_data_entry_vld[0:0]_gold, Q=\lfb_data_entry_vld_gold
Replacing equiv.$auto$ff.cc:337:slice$430_gold ($adffe): ARST=\cpurst_b_gold, D=\biu_lsu_r_data_gold, Q=\lfb_data_entry_data_gold [255:128]

12. Executing DFFUNMAP pass (unmap clock enable and synchronous reset from FFs).

13. Executing OPT pass (performing simple optimizations).

13.1. Executing OPT_EXPR pass (perform const folding).
Optimizing module equiv.

13.2. Executing OPT_MERGE pass (detect identical cells).
Finding identical cells in module `\equiv'.
Computing hashes of 1376 cells of `\equiv'.
Finding duplicate cells in `\equiv'.
Computing hashes of 798 cells of `\equiv'.
Finding duplicate cells in `\equiv'.
Computing hashes of 782 cells of `\equiv'.
Finding duplicate cells in `\equiv'.
Computing hashes of 776 cells of `\equiv'.
Finding duplicate cells in `\equiv'.
Computing hashes of 774 cells of `\equiv'.
Finding duplicate cells in `\equiv'.
Computing hashes of 772 cells of `\equiv'.
Finding duplicate cells in `\equiv'.
Computing hashes of 770 cells of `\equiv'.
Finding duplicate cells in `\equiv'.
<suppressed ~1818 debug messages>
Removed a total of 606 cells.

13.3. Executing OPT_MUXTREE pass (detect dead branches in mux trees).
Running muxtree optimizer on module \equiv..
  Creating internal representation of mux trees.
  Evaluating internal representation of mux trees.
  Analyzing evaluation results.
Removed 0 multiplexer ports.
<suppressed ~158 debug messages>

13.4. Executing OPT_REDUCE pass (consolidate $*mux and $reduce_* inputs).
  Optimizing cells in module \equiv.
Performed a total of 0 changes.

13.5. Executing OPT_MERGE pass (detect identical cells).
Finding identical cells in module `\equiv'.
Computing hashes of 770 cells of `\equiv'.
Finding duplicate cells in `\equiv'.
Computing hashes of 763 cells of `\equiv'.
Finding duplicate cells in `\equiv'.
Computing hashes of 756 cells of `\equiv'.
Finding duplicate cells in `\equiv'.
Computing hashes of 755 cells of `\equiv'.
Finding duplicate cells in `\equiv'.
<suppressed ~45 debug messages>
Removed a total of 15 cells.

13.6. Executing OPT_DFF pass (perform DFF optimizations).
Adding SRST signal on $auto$ff.cc:337:slice$417_gate ($dff) from module equiv (D = $auto$rtlil.cc:3399:Mux$1703, Q = $auto$async2sync.cc:253:execute$1580, rval = 3'000).
Adding EN signal on $auto$ff.cc:337:slice$1718 ($sdff) from module equiv (D = \lfb_biu_id_2to0_gate, Q = $auto$async2sync.cc:253:execute$1580).
Adding SRST signal on $auto$ff.cc:337:slice$418_gate ($dff) from module equiv (D = $auto$rtlil.cc:3399:Mux$1707, Q = $auto$async2sync.cc:253:execute$1578, rval = 2'00).
Adding EN signal on $auto$ff.cc:337:slice$1720 ($sdff) from module equiv (D = $0\lfb_data_entry_cnt[1:0]_gate, Q = $auto$async2sync.cc:253:execute$1578).
Adding SRST signal on $auto$ff.cc:337:slice$421_gate ($dff) from module equiv (D = $auto$rtlil.cc:3399:Mux$1711, Q = $auto$async2sync.cc:253:execute$1576, rval = 1'0).
Adding EN signal on $auto$ff.cc:337:slice$1722 ($sdff) from module equiv (D = $0\lfb_data_entry_lf_sm_req_success[0:0]_gate, Q = $auto$async2sync.cc:253:execute$1576).
Adding SRST signal on $auto$ff.cc:337:slice$424_gate ($dff) from module equiv (D = $auto$rtlil.cc:3399:Mux$1715, Q = $auto$async2sync.cc:253:execute$1574, rval = 4'0001).
Adding EN signal on $auto$ff.cc:337:slice$1724 ($sdff) from module equiv (D = $0\lfb_data_entry_pass_ptr[3:0]_gate, Q = $auto$async2sync.cc:253:execute$1574).
Adding SRST signal on $auto$ff.cc:337:slice$430_gold ($dff) from module equiv (D = $auto$rtlil.cc:3399:Mux$1623, Q = $auto$async2sync.cc:253:execute$1620, rval = 128'00000000000000000000000000000000000000000000000000000000000000000000000000000000000000000000000000000000000000000000000000000000).
Adding EN signal on $auto$ff.cc:337:slice$1726 ($sdff) from module equiv (D = \biu_lsu_r_data_gold, Q = $auto$async2sync.cc:253:execute$1620).
Adding SRST signal on $auto$ff.cc:337:slice$431_gold ($dff) from module equiv (D = $auto$rtlil.cc:3399:Mux$1627, Q = $auto$async2sync.cc:253:execute$1618, rval = 1'0).
Adding EN signal on $auto$ff.cc:337:slice$1728 ($sdff) from module equiv (D = $0\lfb_data_entry_vld[0:0]_gold, Q = $auto$async2sync.cc:253:execute$1618).
Adding SRST signal on $auto$ff.cc:337:slice$434_gold ($dff) from module equiv (D = $auto$rtlil.cc:3399:Mux$1631, Q = $auto$async2sync.cc:253:execute$1616, rval = 1'0).
Adding EN signal on $auto$ff.cc:337:slice$1730 ($sdff) from module equiv (D = $0\lfb_data_entry_bus_err[0:0]_gold, Q = $auto$async2sync.cc:253:execute$1616).
Adding SRST signal on $auto$ff.cc:337:slice$437_gold ($dff) from module equiv (D = $auto$rtlil.cc:3399:Mux$1635, Q = $auto$async2sync.cc:253:execute$1614, rval = 128'00000000000000000000000000000000000000000000000000000000000000000000000000000000000000000000000000000000000000000000000000000000).
Adding EN signal on $auto$ff.cc:337:slice$1732 ($sdff) from module equiv (D = \biu_lsu_r_data_gold, Q = $auto$async2sync.cc:253:execute$1614).
Adding SRST signal on $auto$ff.cc:337:slice$438_gold ($dff) from module equiv (D = $auto$rtlil.cc:3399:Mux$1639, Q = $auto$async2sync.cc:253:execute$1612, rval = 1'0).
Adding EN signal on $auto$ff.cc:337:slice$1734 ($sdff) from module equiv (D = $0\lfb_data_entry_last[0:0]_gold, Q = $auto$async2sync.cc:253:execute$1612).
Adding SRST signal on $auto$ff.cc:337:slice$441_gold ($dff) from module equiv (D = $auto$rtlil.cc:3399:Mux$1643, Q = $auto$async2sync.cc:253:execute$1610, rval = 128'00000000000000000000000000000000000000000000000000000000000000000000000000000000000000000000000000000000000000000000000000000000).
Adding EN signal on $auto$ff.cc:337:slice$1736 ($sdff) from module equiv (D = \biu_lsu_r_data_gold, Q = $auto$async2sync.cc:253:execute$1610).
Adding SRST signal on $auto$ff.cc:337:slice$442_gold ($dff) from module equiv (D = $auto$rtlil.cc:3399:Mux$1647, Q = $auto$async2sync.cc:253:execute$1608, rval = 128'00000000000000000000000000000000000000000000000000000000000000000000000000000000000000000000000000000000000000000000000000000000).
Adding EN signal on $auto$ff.cc:337:slice$1738 ($sdff) from module equiv (D = \biu_lsu_r_data_gold, Q = $auto$async2sync.cc:253:execute$1608).
Adding SRST signal on $auto$ff.cc:337:slice$443_gold ($dff) from module equiv (D = $auto$rtlil.cc:3399:Mux$1651, Q = $auto$async2sync.cc:253:execute$1606, rval = 3'000).
Adding EN signal on $auto$ff.cc:337:slice$1740 ($sdff) from module equiv (D = \lfb_biu_id_2to0_gold, Q = $auto$async2sync.cc:253:execute$1606).
Adding SRST signal on $auto$ff.cc:337:slice$444_gold ($dff) from module equiv (D = $auto$rtlil.cc:3399:Mux$1655, Q = $auto$async2sync.cc:253:execute$1604, rval = 2'00).
Adding EN signal on $auto$ff.cc:337:slice$1742 ($sdff) from module equiv (D = $0\lfb_data_entry_cnt[1:0]_gold, Q = $auto$async2sync.cc:253:execute$1604).
Adding SRST signal on $auto$ff.cc:337:slice$447_gold ($dff) from module equiv (D = $auto$rtlil.cc:3399:Mux$1659, Q = $auto$async2sync.cc:253:execute$1602, rval = 1'0).
Adding EN signal on $auto$ff.cc:337:slice$1744 ($sdff) from module equiv (D = $0\lfb_data_entry_lf_sm_req_success[0:0]_gold, Q = $auto$async2sync.cc:253:execute$1602).
Adding SRST signal on $auto$ff.cc:337:slice$450_gold ($dff) from module equiv (D = $auto$rtlil.cc:3399:Mux$1663, Q = $auto$async2sync.cc:253:execute$1600, rval = 1'0).
Adding EN signal on $auto$ff.cc:337:slice$1746 ($sdff) from module equiv (D = $0\lfb_data_entry_dcache_share[0:0]_gold, Q = $auto$async2sync.cc:253:execute$1600).
Adding SRST signal on $auto$ff.cc:337:slice$453_gold ($dff) from module equiv (D = $auto$rtlil.cc:3399:Mux$1667, Q = $auto$async2sync.cc:253:execute$1598, rval = 4'0001).
Adding EN signal on $auto$ff.cc:337:slice$1748 ($sdff) from module equiv (D = $0\lfb_data_entry_pass_ptr[3:0]_gold, Q = $auto$async2sync.cc:253:execute$1598).
Adding SRST signal on $auto$ff.cc:337:slice$427_gate ($dff) from module equiv (D = $auto$rtlil.cc:3399:Mux$1671, Q = $auto$async2sync.cc:253:execute$1596, rval = 1'0).
Adding EN signal on $auto$ff.cc:337:slice$1750 ($sdff) from module equiv (D = $0\lfb_data_entry_dcache_share[0:0]_gate, Q = $auto$async2sync.cc:253:execute$1596).
Adding SRST signal on $auto$ff.cc:337:slice$404_gate ($dff) from module equiv (D = $auto$rtlil.cc:3399:Mux$1675, Q = $auto$async2sync.cc:253:execute$1594, rval = 128'00000000000000000000000000000000000000000000000000000000000000000000000000000000000000000000000000000000000000000000000000000000).
Adding EN signal on $auto$ff.cc:337:slice$1752 ($sdff) from module equiv (D = \biu_lsu_r_data_gate, Q = $auto$async2sync.cc:253:execute$1594).
Adding SRST signal on $auto$ff.cc:337:slice$405_gate ($dff) from module equiv (D = $auto$rtlil.cc:3399:Mux$1679, Q = $auto$async2sync.cc:253:execute$1592, rval = 1'0).
Adding EN signal on $auto$ff.cc:337:slice$1754 ($sdff) from module equiv (D = $0\lfb_data_entry_vld[0:0]_gate, Q = $auto$async2sync.cc:253:execute$1592).
Adding SRST signal on $auto$ff.cc:337:slice$408_gate ($dff) from module equiv (D = $auto$rtlil.cc:3399:Mux$1683, Q = $auto$async2sync.cc:253:execute$1590, rval = 1'0).
Adding EN signal on $auto$ff.cc:337:slice$1756 ($sdff) from module equiv (D = $0\lfb_data_entry_bus_err[0:0]_gate, Q = $auto$async2sync.cc:253:execute$1590).
Adding SRST signal on $auto$ff.cc:337:slice$411_gate ($dff) from module equiv (D = $auto$rtlil.cc:3399:Mux$1687, Q = $auto$async2sync.cc:253:execute$1588, rval = 128'00000000000000000000000000000000000000000000000000000000000000000000000000000000000000000000000000000000000000000000000000000000).
Adding EN signal on $auto$ff.cc:337:slice$1758 ($sdff) from module equiv (D = \biu_lsu_r_data_gate, Q = $auto$async2sync.cc:253:execute$1588).
Adding SRST signal on $auto$ff.cc:337:slice$412_gate ($dff) from module equiv (D = $auto$rtlil.cc:3399:Mux$1691, Q = $auto$async2sync.cc:253:execute$1586, rval = 1'0).
Adding EN signal on $auto$ff.cc:337:slice$1760 ($sdff) from module equiv (D = $0\lfb_data_entry_last[0:0]_gate, Q = $auto$async2sync.cc:253:execute$1586).
Adding SRST signal on $auto$ff.cc:337:slice$415_gate ($dff) from module equiv (D = $auto$rtlil.cc:3399:Mux$1695, Q = $auto$async2sync.cc:253:execute$1584, rval = 128'00000000000000000000000000000000000000000000000000000000000000000000000000000000000000000000000000000000000000000000000000000000).
Adding EN signal on $auto$ff.cc:337:slice$1762 ($sdff) from module equiv (D = \biu_lsu_r_data_gate, Q = $auto$async2sync.cc:253:execute$1584).
Adding SRST signal on $auto$ff.cc:337:slice$416_gate ($dff) from module equiv (D = $auto$rtlil.cc:3399:Mux$1699, Q = $auto$async2sync.cc:253:execute$1582, rval = 128'00000000000000000000000000000000000000000000000000000000000000000000000000000000000000000000000000000000000000000000000000000000).
Adding EN signal on $auto$ff.cc:337:slice$1764 ($sdff) from module equiv (D = \biu_lsu_r_data_gate, Q = $auto$async2sync.cc:253:execute$1582).

13.7. Executing OPT_CLEAN pass (remove unused cells and wires).
Finding unused cells or wires in module \equiv..
Removed 57 unused cells and 117 unused wires.
<suppressed ~69 debug messages>

13.8. Executing OPT_EXPR pass (perform const folding).
Optimizing module equiv.

13.9. Rerunning OPT passes. (Maybe there is more to do..)

13.10. Executing OPT_MUXTREE pass (detect dead branches in mux trees).
Running muxtree optimizer on module \equiv..
  Creating internal representation of mux trees.
  Evaluating internal representation of mux trees.
  Analyzing evaluation results.
Removed 0 multiplexer ports.
<suppressed ~78 debug messages>

13.11. Executing OPT_REDUCE pass (consolidate $*mux and $reduce_* inputs).
  Optimizing cells in module \equiv.
Performed a total of 0 changes.

13.12. Executing OPT_MERGE pass (detect identical cells).
Finding identical cells in module `\equiv'.
Computing hashes of 698 cells of `\equiv'.
Finding duplicate cells in `\equiv'.
Computing hashes of 686 cells of `\equiv'.
Finding duplicate cells in `\equiv'.
Computing hashes of 674 cells of `\equiv'.
Finding duplicate cells in `\equiv'.
<suppressed ~72 debug messages>
Removed a total of 24 cells.

13.13. Executing OPT_DFF pass (perform DFF optimizations).

13.14. Executing OPT_CLEAN pass (remove unused cells and wires).
Finding unused cells or wires in module \equiv..
Removed 0 unused cells and 12 unused wires.
<suppressed ~1 debug messages>

13.15. Executing OPT_EXPR pass (perform const folding).
Optimizing module equiv.

13.16. Rerunning OPT passes. (Maybe there is more to do..)

13.17. Executing OPT_MUXTREE pass (detect dead branches in mux trees).
Running muxtree optimizer on module \equiv..
  Creating internal representation of mux trees.
  Evaluating internal representation of mux trees.
  Analyzing evaluation results.
Removed 0 multiplexer ports.
<suppressed ~54 debug messages>

13.18. Executing OPT_REDUCE pass (consolidate $*mux and $reduce_* inputs).
  Optimizing cells in module \equiv.
Performed a total of 0 changes.

13.19. Executing OPT_MERGE pass (detect identical cells).
Finding identical cells in module `\equiv'.
Computing hashes of 674 cells of `\equiv'.
Finding duplicate cells in `\equiv'.
Removed a total of 0 cells.

13.20. Executing OPT_DFF pass (perform DFF optimizations).

13.21. Executing OPT_CLEAN pass (remove unused cells and wires).
Finding unused cells or wires in module \equiv..

13.22. Executing OPT_EXPR pass (perform const folding).
Optimizing module equiv.

13.23. Finished fast OPT passes. (There is nothing left to do.)

14. Executing EQUIV_SIMPLE pass.
Found 8 unproven $equiv cells (1 groups) in equiv:
 Grouping SAT models for \lfb_data_entry_addr_id_v:
  Trying to prove $equiv for \lfb_data_entry_addr_id_v [0]:ezsat
 success!
  Trying to prove $equiv for \lfb_data_entry_addr_id_v [1]:ezsat
 success!
  Trying to prove $equiv for \lfb_data_entry_addr_id_v [2]:ezsat
 success!
  Trying to prove $equiv for \lfb_data_entry_addr_id_v [3]:ezsat
 success!
  Trying to prove $equiv for \lfb_data_entry_addr_id_v [4]:ezsat
 success!
  Trying to prove $equiv for \lfb_data_entry_addr_id_v [5]:ezsat
 success!
  Trying to prove $equiv for \lfb_data_entry_addr_id_v [6]:ezsat
 success!
  Trying to prove $equiv for \lfb_data_entry_addr_id_v [7]:ezsat
 success!
Proved 8 previously unproven $equiv cells.

15. Executing EQUIV_STATUS pass.
Found 560 $equiv cells in equiv:
  Of those cells 560 are proven and 0 are unproven.
  Equivalence successfully proven!

End of script. Logfile hash: a9b73e82bd, time: 0.09s, user: 0.09s, system: 0.01s, MEM: 21.25 MB peak
Yosys 0.66+181 (git sha1 afe6b18f2, Release, Clang /usr/bin/clang++ 18.1.8)
Time spent: 26% 8x opt_clean (0 sec), 15% 6x opt_dff (0 sec), ...
