
 /----------------------------------------------------------------------------\
 |  yosys -- Yosys Open SYnthesis Suite                                       |
 |  Copyright (C) 2012 - 2026  Claire Xenia Wolf <claire@yosyshq.com>         |
 |  Distributed under an ISC-like license, type "license" to see terms        |
 \----------------------------------------------------------------------------/
 Yosys 0.66+181 (git sha1 afe6b18f2, Release, Clang /usr/bin/clang++ 18.1.8)

-- Running command `read_liberty -lib sky130_fd_sc_hd__tt_025C_1v80.lib; read_verilog ct_rtu_pst_preg_entry_metric_negative.mapped.v; hierarchy -top ct_rtu_pst_preg_entry_gate; stat -liberty sky130_fd_sc_hd__tt_025C_1v80.lib' --

1. Executing Liberty frontend: sky130_fd_sc_hd__tt_025C_1v80.lib
Imported 428 cell types from liberty file.

2. Executing Verilog-2005 frontend: ct_rtu_pst_preg_entry_metric_negative.mapped.v
Parsing Verilog input from `ct_rtu_pst_preg_entry_metric_negative.mapped.v' to AST representation.
Generating RTLIL representation for module `\ct_rtu_expand_32'.
Generating RTLIL representation for module `\ct_rtu_expand_96'.
Generating RTLIL representation for module `\ct_rtu_pst_preg_entry_gate'.
Generating RTLIL representation for module `\gated_clk_cell'.
Successfully finished Verilog frontend.

3. Executing HIERARCHY pass (managing design hierarchy).

3.1. Analyzing design hierarchy..
Top module:  \ct_rtu_pst_preg_entry_gate
Used module:     \gated_clk_cell
Used module:     \ct_rtu_expand_96
Used module:     \ct_rtu_expand_32

3.2. Analyzing design hierarchy..
Top module:  \ct_rtu_pst_preg_entry_gate
Used module:     \gated_clk_cell
Used module:     \ct_rtu_expand_96
Used module:     \ct_rtu_expand_32
Removed 0 unused modules.

4. Printing statistics.

=== gated_clk_cell ===

        +----------Local Count, excluding submodules.
        |        +-Local Area, excluding submodules.
        |        | 
        8        - wires
        8        - wire bits
        8        - public wires
        8        - public wire bits
        7        - ports
        7        - port bits

=== ct_rtu_pst_preg_entry_gate ===

        +----------Local Count, excluding submodules.
        |        +-Local Area, excluding submodules.
        |        | 
      312        - wires
      677        - wire bits
      312        - public wires
      677        - public wire bits
       41        - ports
      256        - port bits
      412 4.88E+03 cells
        4   35.034   sky130_fd_sc_hd__a2111oi_0
        2   17.517   sky130_fd_sc_hd__a211o_1
        5   37.536   sky130_fd_sc_hd__a211oi_1
       14  105.101   sky130_fd_sc_hd__a21boi_0
        7    52.55   sky130_fd_sc_hd__a21o_1
        4   20.019   sky130_fd_sc_hd__a21oi_1
       15  150.144   sky130_fd_sc_hd__a222oi_1
        9   78.826   sky130_fd_sc_hd__a22o_1
        1    6.256   sky130_fd_sc_hd__a31oi_1
      128  800.768   sky130_fd_sc_hd__and2_0
        1    10.01   sky130_fd_sc_hd__and4b_1
       81 2.23E+03   sky130_fd_sc_hd__buf_16
       12   45.043   sky130_fd_sc_hd__clkinv_1
       26  650.624   sky130_fd_sc_hd__dfrtp_1
        1   26.275   sky130_fd_sc_hd__dfstp_2
        1    6.256   sky130_fd_sc_hd__lpflow_inputiso1p_1
        8   50.048   sky130_fd_sc_hd__lpflow_isobufsrc_1
       22   82.579   sky130_fd_sc_hd__nand2_1
        2   12.512   sky130_fd_sc_hd__nand2b_1
        2    10.01   sky130_fd_sc_hd__nand3_1
        1    6.256   sky130_fd_sc_hd__nand4_1
        1    8.758   sky130_fd_sc_hd__nand4b_1
        4   15.014   sky130_fd_sc_hd__nor2_1
        4   20.019   sky130_fd_sc_hd__nor3_1
        2   15.014   sky130_fd_sc_hd__nor3b_1
        3   18.768   sky130_fd_sc_hd__nor4_1
        5   43.792   sky130_fd_sc_hd__nor4b_1
        1    7.507   sky130_fd_sc_hd__o211ai_1
       15   75.072   sky130_fd_sc_hd__o21ai_0
        1    8.758   sky130_fd_sc_hd__o221ai_1
        9   56.304   sky130_fd_sc_hd__o22ai_1
        1    8.758   sky130_fd_sc_hd__o31a_1
        7    52.55   sky130_fd_sc_hd__o31ai_1
        1    7.507   sky130_fd_sc_hd__or4_1
        2   20.019   sky130_fd_sc_hd__or4b_1
        8   70.067   sky130_fd_sc_hd__xnor2_1
        2   17.517   sky130_fd_sc_hd__xor2_1
        4        - submodules
        1        -   ct_rtu_expand_32
        1        -   ct_rtu_expand_96
        2        -   gated_clk_cell

   Chip area for module '\ct_rtu_pst_preg_entry_gate': 4878.428800
     of which used for sequential elements: 676.899200 (13.88%)

=== ct_rtu_expand_96 ===

        +----------Local Count, excluding submodules.
        |        +-Local Area, excluding submodules.
        |        | 
       24        - wires
      125        - wire bits
       24        - public wires
      125        - public wire bits
        2        - ports
      103        - port bits
      118  564.291 cells
        2   15.014   sky130_fd_sc_hd__nand3b_1
        1    6.256   sky130_fd_sc_hd__nand4_1
        4   35.034   sky130_fd_sc_hd__nand4b_1
        6   67.565   sky130_fd_sc_hd__nand4bb_1
       96  360.346   sky130_fd_sc_hd__nor2_1
        1    6.256   sky130_fd_sc_hd__or3_1
        3   26.275   sky130_fd_sc_hd__or3b_1
        1    7.507   sky130_fd_sc_hd__or4_1
        4   40.038   sky130_fd_sc_hd__or4b_1

   Chip area for module '\ct_rtu_expand_96': 564.291200
     of which used for sequential elements: 0.000000 (0.00%)

=== ct_rtu_expand_32 ===

        +----------Local Count, excluding submodules.
        |        +-Local Area, excluding submodules.
        |        | 
       16        - wires
       51        - wire bits
       16        - public wires
       51        - public wire bits
        2        - ports
       37        - port bits
       46  269.008 cells
        2   12.512   sky130_fd_sc_hd__and2_0
       16  100.096   sky130_fd_sc_hd__and3_1
        1    8.758   sky130_fd_sc_hd__and3b_1
        4   25.024   sky130_fd_sc_hd__lpflow_isobufsrc_1
        2    7.507   sky130_fd_sc_hd__nand2_1
        4   25.024   sky130_fd_sc_hd__nand2b_1
        2    7.507   sky130_fd_sc_hd__nor2_1
        9   45.043   sky130_fd_sc_hd__nor3_1
        6   37.536   sky130_fd_sc_hd__nor4_1

   Chip area for module '\ct_rtu_expand_32': 269.008000
     of which used for sequential elements: 0.000000 (0.00%)

=== design hierarchy ===

        +----------Count including submodules.
        |        +-Area including submodules.
        |        | 
      576 5.71E+03 ct_rtu_pst_preg_entry_gate
       46  269.008 ct_rtu_expand_32
      118  564.291 ct_rtu_expand_96

        +----------Count including submodules.
        |        +-Area including submodules.
        |        | 
      368        - wires
      869        - wire bits
      368        - public wires
      869        - public wire bits
       59        - ports
      410        - port bits
        -        - memories
        -        - memory bits
        -        - processes
      576 5.71E+03 cells
        4   35.034   sky130_fd_sc_hd__a2111oi_0
        2   17.517   sky130_fd_sc_hd__a211o_1
        5   37.536   sky130_fd_sc_hd__a211oi_1
       14  105.101   sky130_fd_sc_hd__a21boi_0
        7    52.55   sky130_fd_sc_hd__a21o_1
        4   20.019   sky130_fd_sc_hd__a21oi_1
       15  150.144   sky130_fd_sc_hd__a222oi_1
        9   78.826   sky130_fd_sc_hd__a22o_1
        1    6.256   sky130_fd_sc_hd__a31oi_1
      130   813.28   sky130_fd_sc_hd__and2_0
       16  100.096   sky130_fd_sc_hd__and3_1
        1    8.758   sky130_fd_sc_hd__and3b_1
        1    10.01   sky130_fd_sc_hd__and4b_1
       81 2.23E+03   sky130_fd_sc_hd__buf_16
       12   45.043   sky130_fd_sc_hd__clkinv_1
       26  650.624   sky130_fd_sc_hd__dfrtp_1
        1   26.275   sky130_fd_sc_hd__dfstp_2
        1    6.256   sky130_fd_sc_hd__lpflow_inputiso1p_1
       12   75.072   sky130_fd_sc_hd__lpflow_isobufsrc_1
       24   90.086   sky130_fd_sc_hd__nand2_1
        6   37.536   sky130_fd_sc_hd__nand2b_1
        2    10.01   sky130_fd_sc_hd__nand3_1
        2   15.014   sky130_fd_sc_hd__nand3b_1
        2   12.512   sky130_fd_sc_hd__nand4_1
        5   43.792   sky130_fd_sc_hd__nand4b_1
        6   67.565   sky130_fd_sc_hd__nand4bb_1
      102  382.867   sky130_fd_sc_hd__nor2_1
       13   65.062   sky130_fd_sc_hd__nor3_1
        2   15.014   sky130_fd_sc_hd__nor3b_1
        9   56.304   sky130_fd_sc_hd__nor4_1
        5   43.792   sky130_fd_sc_hd__nor4b_1
        1    7.507   sky130_fd_sc_hd__o211ai_1
       15   75.072   sky130_fd_sc_hd__o21ai_0
        1    8.758   sky130_fd_sc_hd__o221ai_1
        9   56.304   sky130_fd_sc_hd__o22ai_1
        1    8.758   sky130_fd_sc_hd__o31a_1
        7    52.55   sky130_fd_sc_hd__o31ai_1
        1    6.256   sky130_fd_sc_hd__or3_1
        3   26.275   sky130_fd_sc_hd__or3b_1
        2   15.014   sky130_fd_sc_hd__or4_1
        6   60.058   sky130_fd_sc_hd__or4b_1
        8   70.067   sky130_fd_sc_hd__xnor2_1
        2   17.517   sky130_fd_sc_hd__xor2_1
        4  833.299 submodules
        1  269.008   ct_rtu_expand_32
        1  564.291   ct_rtu_expand_96
        2        -   gated_clk_cell

   Chip area for top module '\ct_rtu_pst_preg_entry_gate': 5711.728000
     of which used for sequential elements: 676.899200 (11.85%)

End of script. Logfile hash: ac745f187c, time: 0.14s, user: 0.12s, system: 0.03s, MEM: 43.75 MB peak
Yosys 0.66+181 (git sha1 afe6b18f2, Release, Clang /usr/bin/clang++ 18.1.8)
Time spent: 38% 1x stat (0 sec), 35% 2x read_liberty (0 sec), ...
