OpenSTA 2.2.0 02b129d48f Copyright (c) 2019, Parallax Software, Inc.
License GPLv3: GNU GPL version 3 <http://gnu.org/licenses/gpl.html>

This is free software, and you are free to change and redistribute it
under certain conditions; type `show_copying' for details. 
This program comes with ABSOLUTELY NO WARRANTY; for details type `show_warranty'.
Startpoint: pmpaddr_x_value[0] (input port clocked by virtual_clk)
Endpoint: pmp_mmu_hit_x (output port clocked by virtual_clk)
Path Group: virtual_clk
Path Type: max

  Delay    Time   Description
---------------------------------------------------------
   0.00    0.00   clock virtual_clk (rise edge)
   0.00    0.00   clock network delay (ideal)
   0.00    0.00 ^ input external delay
   0.00    0.00 ^ pmpaddr_x_value[0] (in)
   0.10    0.10 v _235_/Y (sky130_fd_sc_hd__nand4_1)
   0.17    0.26 ^ _236_/Y (sky130_fd_sc_hd__nor2_1)
   0.11    0.38 v _237_/Y (sky130_fd_sc_hd__nand3_1)
   0.16    0.54 ^ _238_/Y (sky130_fd_sc_hd__nor2_1)
   0.12    0.66 v _239_/Y (sky130_fd_sc_hd__nand3_1)
   0.20    0.86 ^ _240_/X (sky130_fd_sc_hd__lpflow_isobufsrc_1)
   0.28    1.13 ^ _241_/X (sky130_fd_sc_hd__and4_1)
   0.08    1.21 v _247_/Y (sky130_fd_sc_hd__a21oi_1)
   0.51    1.73 v _269_/X (sky130_fd_sc_hd__or4_1)
   0.24    1.97 ^ _274_/Y (sky130_fd_sc_hd__nor4_1)
   0.11    2.08 v _275_/Y (sky130_fd_sc_hd__o21ai_0)
   0.35    2.43 ^ _280_/Y (sky130_fd_sc_hd__a2111oi_0)
   0.14    2.57 ^ _281_/X (sky130_fd_sc_hd__o21a_1)
   0.00    2.57 ^ pmp_mmu_hit_x (out)
           2.57   data arrival time

  10.00   10.00   clock virtual_clk (rise edge)
   0.00   10.00   clock network delay (ideal)
   0.00   10.00   clock reconvergence pessimism
   0.00   10.00   output external delay
          10.00   data required time
---------------------------------------------------------
          10.00   data required time
          -2.57   data arrival time
---------------------------------------------------------
           7.43   slack (MET)


tns 0.00
wns 0.00
Group                  Internal  Switching    Leakage      Total
                          Power      Power      Power      Power
----------------------------------------------------------------
Sequential             0.00e+00   0.00e+00   0.00e+00   0.00e+00   0.0%
Combinational          1.10e-05   8.82e-06   2.60e-10   1.98e-05 100.0%
Macro                  0.00e+00   0.00e+00   0.00e+00   0.00e+00   0.0%
Pad                    0.00e+00   0.00e+00   0.00e+00   0.00e+00   0.0%
----------------------------------------------------------------
Total                  1.10e-05   8.82e-06   2.60e-10   1.98e-05 100.0%
                          55.6%      44.4%       0.0%
