
 /----------------------------------------------------------------------------\
 |  yosys -- Yosys Open SYnthesis Suite                                       |
 |  Copyright (C) 2012 - 2026  Claire Xenia Wolf <claire@yosyshq.com>         |
 |  Distributed under an ISC-like license, type "license" to see terms        |
 \----------------------------------------------------------------------------/
 Yosys 0.66+181 (git sha1 afe6b18f2, Release, Clang /usr/bin/clang++ 18.1.8)

-- Running command `read_verilog -sv cpu_cfig.h; read_verilog -sv ct_pmp_comp_hit_gate_candidate.v; synth -top ct_pmp_comp_hit; abc -liberty sky130_fd_sc_hd__tt_025C_1v80.lib; clean; stat -liberty sky130_fd_sc_hd__tt_025C_1v80.lib; write_verilog -noattr -noexpr replay_out/ct_pmp_comp_hit_gate_candidate.mapped.v' --

1. Executing Verilog-2005 frontend: cpu_cfig.h
Parsing SystemVerilog input from `cpu_cfig.h' to AST representation.
Successfully finished Verilog frontend.

2. Executing Verilog-2005 frontend: ct_pmp_comp_hit_gate_candidate.v
Parsing SystemVerilog input from `ct_pmp_comp_hit_gate_candidate.v' to AST representation.
Generating RTLIL representation for module `\ct_pmp_comp_hit'.
Note: Assuming pure combinatorial block at ct_pmp_comp_hit_gate_candidate.v:58.1-71.4 in
compliance with IEC 62142(E):2005 / IEEE Std. 1364.1(E):2002. Recommending
use of @* instead of @(...) for better match of synthesis and simulation.
Successfully finished Verilog frontend.

3. Executing SYNTH pass.

3.1. Executing HIERARCHY pass (managing design hierarchy).

3.1.1. Analyzing design hierarchy..
Top module:  \ct_pmp_comp_hit

3.1.2. Analyzing design hierarchy..
Top module:  \ct_pmp_comp_hit
Removed 0 unused modules.

3.2. Executing PROC pass (convert processes to netlists).

3.2.1. Executing PROC_CLEAN pass (remove empty switches from decision trees).
Cleaned up 0 empty switches.

3.2.2. Executing PROC_RMDEAD pass (remove dead branches from decision trees).
Removed 1 dead cases from process $proc$ct_pmp_comp_hit_gate_candidate.v:58$1 in module ct_pmp_comp_hit.
Marked 1 switch rules as full_case in process $proc$ct_pmp_comp_hit_gate_candidate.v:58$1 in module ct_pmp_comp_hit.
Removed a total of 1 dead cases.

3.2.3. Executing PROC_PRUNE pass (remove redundant assignments in processes).
Removed 0 redundant assignments.
Promoted 1 assignment to connection.

3.2.4. Executing PROC_INIT pass (extract init attributes).

3.2.5. Executing PROC_ARST pass (detect async resets in processes).

3.2.6. Executing PROC_ROM pass (convert switches to ROMs).
Converted 0 switches.
<suppressed ~1 debug messages>

3.2.7. Executing PROC_MUX pass (convert decision trees to multiplexers).
Creating decoders for process `\ct_pmp_comp_hit.$proc$ct_pmp_comp_hit_gate_candidate.v:58$1'.
     1/1: $1\pmp_mmu_hit_x[0:0]

3.2.8. Executing PROC_DLATCH pass (convert process syncs to latches).
No latch inferred for signal `\ct_pmp_comp_hit.\pmp_mmu_hit_x' from process `\ct_pmp_comp_hit.$proc$ct_pmp_comp_hit_gate_candidate.v:58$1'.

3.2.9. Executing PROC_DFF pass (convert process syncs to FFs).

3.2.10. Executing PROC_MEMWR pass (convert process memory writes to cells).

3.2.11. Executing PROC_CLEAN pass (remove empty switches from decision trees).
Found and cleaned up 1 empty switch in `\ct_pmp_comp_hit.$proc$ct_pmp_comp_hit_gate_candidate.v:58$1'.
Removing empty process `ct_pmp_comp_hit.$proc$ct_pmp_comp_hit_gate_candidate.v:58$1'.
Cleaned up 1 empty switch.

3.2.12. Executing OPT_EXPR pass (perform const folding).
Optimizing module ct_pmp_comp_hit.
<suppressed ~1 debug messages>

3.3. Executing OPT_EXPR pass (perform const folding).
Optimizing module ct_pmp_comp_hit.

3.4. Executing OPT_CLEAN pass (remove unused cells and wires).
Finding unused cells or wires in module \ct_pmp_comp_hit..
Removed 0 unused cells and 35 unused wires.
<suppressed ~1 debug messages>

3.5. Executing CHECK pass (checking for obvious problems).
Checking module ct_pmp_comp_hit...
Found and reported 0 problems.

3.6. Executing OPT pass (performing simple optimizations).

3.6.1. Executing OPT_EXPR pass (perform const folding).
Optimizing module ct_pmp_comp_hit.

3.6.2. Executing OPT_MERGE pass (detect identical cells).
Finding identical cells in module `\ct_pmp_comp_hit'.
Computing hashes of 66 cells of `\ct_pmp_comp_hit'.
Finding duplicate cells in `\ct_pmp_comp_hit'.
Removed a total of 0 cells.

3.6.3. Executing OPT_MUXTREE pass (detect dead branches in mux trees).
Running muxtree optimizer on module \ct_pmp_comp_hit..
  Creating internal representation of mux trees.
  Evaluating internal representation of mux trees.
  Analyzing evaluation results.
Removed 0 multiplexer ports.
<suppressed ~2 debug messages>

3.6.4. Executing OPT_REDUCE pass (consolidate $*mux and $reduce_* inputs).
  Optimizing cells in module \ct_pmp_comp_hit.
    New ctrl vector for $pmux cell $procmux$63: { $procmux$64_CMP $auto$opt_reduce.cc:135:opt_pmux$69 $procmux$66_CMP }
  Optimizing cells in module \ct_pmp_comp_hit.
Performed a total of 1 changes.

3.6.5. Executing OPT_MERGE pass (detect identical cells).
Finding identical cells in module `\ct_pmp_comp_hit'.
Computing hashes of 67 cells of `\ct_pmp_comp_hit'.
Finding duplicate cells in `\ct_pmp_comp_hit'.
Removed a total of 0 cells.

3.6.6. Executing OPT_DFF pass (perform DFF optimizations).

3.6.7. Executing OPT_CLEAN pass (remove unused cells and wires).
Finding unused cells or wires in module \ct_pmp_comp_hit..

3.6.8. Executing OPT_EXPR pass (perform const folding).
Optimizing module ct_pmp_comp_hit.

3.6.9. Rerunning OPT passes. (Maybe there is more to do..)

3.6.10. Executing OPT_MUXTREE pass (detect dead branches in mux trees).
Running muxtree optimizer on module \ct_pmp_comp_hit..
  Creating internal representation of mux trees.
  Evaluating internal representation of mux trees.
  Analyzing evaluation results.
Removed 0 multiplexer ports.
<suppressed ~2 debug messages>

3.6.11. Executing OPT_REDUCE pass (consolidate $*mux and $reduce_* inputs).
  Optimizing cells in module \ct_pmp_comp_hit.
Performed a total of 0 changes.

3.6.12. Executing OPT_MERGE pass (detect identical cells).
Finding identical cells in module `\ct_pmp_comp_hit'.
Computing hashes of 67 cells of `\ct_pmp_comp_hit'.
Finding duplicate cells in `\ct_pmp_comp_hit'.
Removed a total of 0 cells.

3.6.13. Executing OPT_DFF pass (perform DFF optimizations).

3.6.14. Executing OPT_CLEAN pass (remove unused cells and wires).
Finding unused cells or wires in module \ct_pmp_comp_hit..

3.6.15. Executing OPT_EXPR pass (perform const folding).
Optimizing module ct_pmp_comp_hit.

3.6.16. Finished fast OPT passes. (There is nothing left to do.)

3.7. Executing FSM pass (extract and optimize FSM).

3.7.1. Executing FSM_DETECT pass (finding FSMs in design).

3.7.2. Executing FSM_EXTRACT pass (extracting FSM from design).

3.7.3. Executing FSM_OPT pass (simple optimizations of FSMs).

3.7.4. Executing OPT_CLEAN pass (remove unused cells and wires).
Finding unused cells or wires in module \ct_pmp_comp_hit..

3.7.5. Executing FSM_OPT pass (simple optimizations of FSMs).

3.7.6. Executing FSM_RECODE pass (re-assigning FSM state encoding).

3.7.7. Executing FSM_INFO pass (dumping all available information on FSM cells).

3.7.8. Executing FSM_MAP pass (mapping FSMs to basic logic).

3.8. Executing OPT pass (performing simple optimizations).

3.8.1. Executing OPT_EXPR pass (perform const folding).
Optimizing module ct_pmp_comp_hit.

3.8.2. Executing OPT_MERGE pass (detect identical cells).
Finding identical cells in module `\ct_pmp_comp_hit'.
Computing hashes of 67 cells of `\ct_pmp_comp_hit'.
Finding duplicate cells in `\ct_pmp_comp_hit'.
Removed a total of 0 cells.

3.8.3. Executing OPT_MUXTREE pass (detect dead branches in mux trees).
Running muxtree optimizer on module \ct_pmp_comp_hit..
  Creating internal representation of mux trees.
  Evaluating internal representation of mux trees.
  Analyzing evaluation results.
Removed 0 multiplexer ports.
<suppressed ~2 debug messages>

3.8.4. Executing OPT_REDUCE pass (consolidate $*mux and $reduce_* inputs).
  Optimizing cells in module \ct_pmp_comp_hit.
Performed a total of 0 changes.

3.8.5. Executing OPT_MERGE pass (detect identical cells).
Finding identical cells in module `\ct_pmp_comp_hit'.
Computing hashes of 67 cells of `\ct_pmp_comp_hit'.
Finding duplicate cells in `\ct_pmp_comp_hit'.
Removed a total of 0 cells.

3.8.6. Executing OPT_DFF pass (perform DFF optimizations).

3.8.7. Executing OPT_CLEAN pass (remove unused cells and wires).
Finding unused cells or wires in module \ct_pmp_comp_hit..

3.8.8. Executing OPT_EXPR pass (perform const folding).
Optimizing module ct_pmp_comp_hit.

3.8.9. Finished fast OPT passes. (There is nothing left to do.)

3.9. Executing WREDUCE pass (reducing word size of cells).
Removed top 1 bits (of 29) from port A of cell ct_pmp_comp_hit.$sub$ct_pmp_comp_hit_gate_candidate.v:75$2 ($sub).
Removed top 1 bits (of 29) from port B of cell ct_pmp_comp_hit.$sub$ct_pmp_comp_hit_gate_candidate.v:75$2 ($sub).
Removed top 1 bits (of 2) from port B of cell ct_pmp_comp_hit.$procmux$66_CMP0 ($eq).

3.10. Executing PEEPOPT pass (run peephole optimizers).

3.11. Executing OPT_CLEAN pass (remove unused cells and wires).
Finding unused cells or wires in module \ct_pmp_comp_hit..

3.12. Executing ALUMACC pass (create $alu and $macc cells).
Extracting $alu and $macc cells in module ct_pmp_comp_hit:
  creating $macc model for $sub$ct_pmp_comp_hit_gate_candidate.v:75$2 ($sub).
  creating $alu model for $macc $sub$ct_pmp_comp_hit_gate_candidate.v:75$2.
  creating $alu cell for $sub$ct_pmp_comp_hit_gate_candidate.v:75$2: $auto$alumacc.cc:512:replace_alu$70
  created 1 $alu and 0 $macc cells.

3.13. Executing SHARE pass (SAT-based resource sharing).

3.14. Executing OPT pass (performing simple optimizations).

3.14.1. Executing OPT_EXPR pass (perform const folding).
Optimizing module ct_pmp_comp_hit.

3.14.2. Executing OPT_MERGE pass (detect identical cells).
Finding identical cells in module `\ct_pmp_comp_hit'.
Computing hashes of 67 cells of `\ct_pmp_comp_hit'.
Finding duplicate cells in `\ct_pmp_comp_hit'.
Removed a total of 0 cells.

3.14.3. Executing OPT_MUXTREE pass (detect dead branches in mux trees).
Running muxtree optimizer on module \ct_pmp_comp_hit..
  Creating internal representation of mux trees.
  Evaluating internal representation of mux trees.
  Analyzing evaluation results.
Removed 0 multiplexer ports.
<suppressed ~2 debug messages>

3.14.4. Executing OPT_REDUCE pass (consolidate $*mux and $reduce_* inputs).
  Optimizing cells in module \ct_pmp_comp_hit.
Performed a total of 0 changes.

3.14.5. Executing OPT_MERGE pass (detect identical cells).
Finding identical cells in module `\ct_pmp_comp_hit'.
Computing hashes of 67 cells of `\ct_pmp_comp_hit'.
Finding duplicate cells in `\ct_pmp_comp_hit'.
Removed a total of 0 cells.

3.14.6. Executing OPT_DFF pass (perform DFF optimizations).

3.14.7. Executing OPT_CLEAN pass (remove unused cells and wires).
Finding unused cells or wires in module \ct_pmp_comp_hit..

3.14.8. Executing OPT_EXPR pass (perform const folding).
Optimizing module ct_pmp_comp_hit.

3.14.9. Finished fast OPT passes. (There is nothing left to do.)

3.15. Executing MEMORY pass.

3.15.1. Executing OPT_MEM pass (optimize memories).
Performed a total of 0 transformations.

3.15.2. Executing OPT_MEM_PRIORITY pass (removing unnecessary memory write priority relations).
Performed a total of 0 transformations.

3.15.3. Executing OPT_MEM_FEEDBACK pass (finding memory read-to-write feedback paths).

3.15.4. Executing MEMORY_BMUX2ROM pass (converting muxes to ROMs).

3.15.5. Executing MEMORY_DFF pass (merging $dff cells to $memrd).

3.15.6. Executing OPT_CLEAN pass (remove unused cells and wires).
Finding unused cells or wires in module \ct_pmp_comp_hit..

3.15.7. Executing MEMORY_SHARE pass (consolidating $memrd/$memwr cells).

3.15.8. Executing OPT_MEM_WIDEN pass (optimize memories where all ports are wide).
Performed a total of 0 transformations.

3.15.9. Executing OPT_CLEAN pass (remove unused cells and wires).
Finding unused cells or wires in module \ct_pmp_comp_hit..

3.15.10. Executing MEMORY_COLLECT pass (generating $mem cells).

3.16. Executing OPT_CLEAN pass (remove unused cells and wires).
Finding unused cells or wires in module \ct_pmp_comp_hit..

3.17. Executing OPT pass (performing simple optimizations).

3.17.1. Executing OPT_EXPR pass (perform const folding).
Optimizing module ct_pmp_comp_hit.
<suppressed ~1 debug messages>

3.17.2. Executing OPT_MERGE pass (detect identical cells).
Finding identical cells in module `\ct_pmp_comp_hit'.
Computing hashes of 67 cells of `\ct_pmp_comp_hit'.
Finding duplicate cells in `\ct_pmp_comp_hit'.
Removed a total of 0 cells.

3.17.3. Executing OPT_DFF pass (perform DFF optimizations).

3.17.4. Executing OPT_CLEAN pass (remove unused cells and wires).
Finding unused cells or wires in module \ct_pmp_comp_hit..
Removed 1 unused cells and 1 unused wires.
<suppressed ~2 debug messages>

3.17.5. Finished fast OPT passes.

3.18. Executing MEMORY_MAP pass (converting memories to logic and flip-flops).

3.19. Executing OPT pass (performing simple optimizations).

3.19.1. Executing OPT_EXPR pass (perform const folding).
Optimizing module ct_pmp_comp_hit.

3.19.2. Executing OPT_MERGE pass (detect identical cells).
Finding identical cells in module `\ct_pmp_comp_hit'.
Computing hashes of 66 cells of `\ct_pmp_comp_hit'.
Finding duplicate cells in `\ct_pmp_comp_hit'.
Removed a total of 0 cells.

3.19.3. Executing OPT_MUXTREE pass (detect dead branches in mux trees).
Running muxtree optimizer on module \ct_pmp_comp_hit..
  Creating internal representation of mux trees.
  Evaluating internal representation of mux trees.
  Analyzing evaluation results.
Removed 0 multiplexer ports.
<suppressed ~2 debug messages>

3.19.4. Executing OPT_REDUCE pass (consolidate $*mux and $reduce_* inputs).
  Optimizing cells in module \ct_pmp_comp_hit.
Performed a total of 0 changes.

3.19.5. Executing OPT_MERGE pass (detect identical cells).
Finding identical cells in module `\ct_pmp_comp_hit'.
Computing hashes of 66 cells of `\ct_pmp_comp_hit'.
Finding duplicate cells in `\ct_pmp_comp_hit'.
Removed a total of 0 cells.

3.19.6. Executing OPT_SHARE pass.

3.19.7. Executing OPT_DFF pass (perform DFF optimizations).

3.19.8. Executing OPT_CLEAN pass (remove unused cells and wires).
Finding unused cells or wires in module \ct_pmp_comp_hit..

3.19.9. Executing OPT_EXPR pass (perform const folding).
Optimizing module ct_pmp_comp_hit.

3.19.10. Finished fast OPT passes. (There is nothing left to do.)

3.20. Executing TECHMAP pass (map to technology primitives).

3.20.1. Executing Verilog-2005 frontend: oss-cad-suite-20260630/lib/../share/yosys/techmap.v
Parsing Verilog input from `oss-cad-suite-20260630/lib/../share/yosys/techmap.v' to AST representation.
Generating RTLIL representation for module `\_90_simplemap_bool_ops'.
Generating RTLIL representation for module `\_90_simplemap_reduce_ops'.
Generating RTLIL representation for module `\_90_simplemap_logic_ops'.
Generating RTLIL representation for module `\_90_simplemap_compare_ops'.
Generating RTLIL representation for module `\_90_simplemap_various'.
Generating RTLIL representation for module `\_90_simplemap_registers'.
Generating RTLIL representation for module `\_90_shift_ops_shr_shl_sshl_sshr'.
Generating RTLIL representation for module `\_90_shift_shiftx'.
Generating RTLIL representation for module `\_90_fa'.
Generating RTLIL representation for module `\_90_lcu_brent_kung'.
Generating RTLIL representation for module `\_90_alu'.
Generating RTLIL representation for module `\_90_macc'.
Generating RTLIL representation for module `\_90_alumacc'.
Generating RTLIL representation for module `$__div_mod_u'.
Generating RTLIL representation for module `$__div_mod_trunc'.
Generating RTLIL representation for module `\_90_div'.
Generating RTLIL representation for module `\_90_mod'.
Generating RTLIL representation for module `$__div_mod_floor'.
Generating RTLIL representation for module `\_90_divfloor'.
Generating RTLIL representation for module `\_90_modfloor'.
Generating RTLIL representation for module `\_90_pow'.
Generating RTLIL representation for module `\_90_demux'.
Generating RTLIL representation for module `\_90_lut'.
Generating RTLIL representation for module `$connect'.
Generating RTLIL representation for module `$input_port'.
Successfully finished Verilog frontend.

3.20.2. Continuing TECHMAP pass.
Using template $paramod$a79829ecb0e788ec7aa3f7b706e815f4dac39f02\_90_alu for cells of type $alu.
Using extmapper simplemap for cells of type $reduce_or.
Using extmapper simplemap for cells of type $logic_and.
Using extmapper simplemap for cells of type $logic_not.
Using extmapper simplemap for cells of type $and.
Using extmapper simplemap for cells of type $eq.
Using extmapper simplemap for cells of type $not.
Using extmapper simplemap for cells of type $reduce_and.
Using extmapper simplemap for cells of type $pmux.
Using extmapper simplemap for cells of type $xor.
Using template $paramod\_90_fa\WIDTH=32'00000000000000000000000000011101 for cells of type $fa.
Using template $paramod\_90_lcu_brent_kung\WIDTH=32'00000000000000000000000000011101 for cells of type $lcu.
Using extmapper simplemap for cells of type $pos.
Using extmapper simplemap for cells of type $mux.
Using extmapper simplemap for cells of type $or.
No more expansions possible.
<suppressed ~442 debug messages>

3.21. Executing OPT pass (performing simple optimizations).

3.21.1. Executing OPT_EXPR pass (perform const folding).
Optimizing module ct_pmp_comp_hit.
<suppressed ~133 debug messages>

3.21.2. Executing OPT_MERGE pass (detect identical cells).
Finding identical cells in module `\ct_pmp_comp_hit'.
Computing hashes of 762 cells of `\ct_pmp_comp_hit'.
Finding duplicate cells in `\ct_pmp_comp_hit'.
Computing hashes of 580 cells of `\ct_pmp_comp_hit'.
Finding duplicate cells in `\ct_pmp_comp_hit'.
Computing hashes of 496 cells of `\ct_pmp_comp_hit'.
Finding duplicate cells in `\ct_pmp_comp_hit'.
Computing hashes of 460 cells of `\ct_pmp_comp_hit'.
Finding duplicate cells in `\ct_pmp_comp_hit'.
Computing hashes of 448 cells of `\ct_pmp_comp_hit'.
Finding duplicate cells in `\ct_pmp_comp_hit'.
<suppressed ~942 debug messages>
Removed a total of 314 cells.

3.21.3. Executing OPT_DFF pass (perform DFF optimizations).

3.21.4. Executing OPT_CLEAN pass (remove unused cells and wires).
Finding unused cells or wires in module \ct_pmp_comp_hit..
Removed 70 unused cells and 143 unused wires.
<suppressed ~71 debug messages>

3.21.5. Finished fast OPT passes.

3.22. Executing ABC pass (technology mapping using ABC).

3.22.1. Extracting gate netlist of module `\ct_pmp_comp_hit' to `<abc-temp-dir>/input.blif'..

3.22.1.1. Executed ABC.
Extracted 378 gates and 438 wires to a netlist network with 60 inputs and 2 outputs.
Running ABC script: <abc-temp-dir>/abc.script
ABC: UC Berkeley, ABC 1.01 (compiled Jun 30 2026 04:50:19)
ABC: abc 01> empty
ABC: abc 01> source <abc-temp-dir>/abc.script
ABC: + read_blif <abc-temp-dir>/input.blif 
ABC: + read_library <abc-temp-dir>/stdcells.genlib 
ABC: + strash 
ABC: + &get -n 
ABC: + &fraig -x 
ABC: + &put 
ABC: + scorr 
ABC: Warning: The network is combinational (run "fraig" or "fraig_sweep").
ABC: + dc2 
ABC: + dretime 
ABC: + strash 
ABC: + &get -n 
ABC: + &dch -f 
ABC: + &nf 
ABC: + &put 
ABC: + write_blif <abc-temp-dir>/output.blif 
ABC: 
ABC: YOSYS_ABC_DONE 

3.22.1.2. Re-integrating ABC results.
ABC RESULTS:               AND cells:       99
ABC RESULTS:            ANDNOT cells:        9
ABC RESULTS:              NAND cells:       39
ABC RESULTS:                OR cells:       29
ABC RESULTS:             ORNOT cells:       37
ABC RESULTS:              XNOR cells:       11
ABC RESULTS:        internal signals:      376
ABC RESULTS:           input signals:       60
ABC RESULTS:          output signals:        2
Removing temp directory.
Removing global temp directory.

3.23. Executing OPT pass (performing simple optimizations).

3.23.1. Executing OPT_EXPR pass (perform const folding).
Optimizing module ct_pmp_comp_hit.

3.23.2. Executing OPT_MERGE pass (detect identical cells).
Finding identical cells in module `\ct_pmp_comp_hit'.
Computing hashes of 224 cells of `\ct_pmp_comp_hit'.
Finding duplicate cells in `\ct_pmp_comp_hit'.
Removed a total of 0 cells.

3.23.3. Executing OPT_DFF pass (perform DFF optimizations).

3.23.4. Executing OPT_CLEAN pass (remove unused cells and wires).
Finding unused cells or wires in module \ct_pmp_comp_hit..
Removed 0 unused cells and 223 unused wires.
<suppressed ~6 debug messages>

3.23.5. Finished fast OPT passes.

3.24. Executing HIERARCHY pass (managing design hierarchy).
Attribute `top' found on module `ct_pmp_comp_hit'. Setting top module to ct_pmp_comp_hit.

3.24.1. Analyzing design hierarchy..
Top module:  \ct_pmp_comp_hit

3.24.2. Analyzing design hierarchy..
Top module:  \ct_pmp_comp_hit
Removed 0 unused modules.

3.25. Printing statistics.

=== ct_pmp_comp_hit ===

        +----------Local Count, excluding submodules.
        | 
      229 wires
      285 wire bits
        7 public wires
       63 public wire bits
        6 ports
       62 port bits
      224 cells
        9   $_ANDNOT_
       99   $_AND_
       39   $_NAND_
       37   $_ORNOT_
       29   $_OR_
       11   $_XNOR_

3.26. Executing CHECK pass (checking for obvious problems).
Checking module ct_pmp_comp_hit...
Found and reported 0 problems.

4. Executing ABC pass (technology mapping using ABC).

4.1. Extracting gate netlist of module `\ct_pmp_comp_hit' to `<abc-temp-dir>/input.blif'..
ABC: using cached merged SCL: yosys-liberty-scl-cache/yosys_merged_3c4ae541.scl (1 files)

4.1.1. Executed ABC.
Extracted 224 gates and 284 wires to a netlist network with 60 inputs and 2 outputs.
Running ABC script: <abc-temp-dir>/abc.script
ABC: UC Berkeley, ABC 1.01 (compiled Jun 30 2026 04:50:19)
ABC: abc 01> empty
ABC: abc 01> source <abc-temp-dir>/abc.script
ABC: + read_blif <abc-temp-dir>/input.blif 
ABC: + read_scl yosys-liberty-scl-cache/yosys_merged_3c4ae541.scl 
ABC: Warning: Detected 9 multi-output cells (for example, "sky130_fd_sc_hd__fa_1").
ABC: + strash 
ABC: + &get -n 
ABC: + &fraig -x 
ABC: + &put 
ABC: + scorr 
ABC: Warning: The network is combinational (run "fraig" or "fraig_sweep").
ABC: + dc2 
ABC: + dretime 
ABC: + strash 
ABC: + &get -n 
ABC: + &dch -f 
ABC: + &nf 
ABC: + &put 
ABC: + write_blif <abc-temp-dir>/output.blif 
ABC: 
ABC: YOSYS_ABC_DONE 

4.1.2. Re-integrating ABC results.
ABC RESULTS:   sky130_fd_sc_hd__a2111oi_0 cells:        3
ABC RESULTS:   sky130_fd_sc_hd__a211oi_1 cells:        3
ABC RESULTS:   sky130_fd_sc_hd__a21boi_0 cells:        1
ABC RESULTS:   sky130_fd_sc_hd__a21o_1 cells:        1
ABC RESULTS:   sky130_fd_sc_hd__a21oi_1 cells:       15
ABC RESULTS:   sky130_fd_sc_hd__a221oi_1 cells:        1
ABC RESULTS:   sky130_fd_sc_hd__a22oi_1 cells:        1
ABC RESULTS:   sky130_fd_sc_hd__a2bb2oi_1 cells:        2
ABC RESULTS:   sky130_fd_sc_hd__a31o_1 cells:        1
ABC RESULTS:   sky130_fd_sc_hd__a31oi_1 cells:        4
ABC RESULTS:   sky130_fd_sc_hd__a32oi_1 cells:        1
ABC RESULTS:   sky130_fd_sc_hd__and2_0 cells:        1
ABC RESULTS:   sky130_fd_sc_hd__and4_1 cells:        1
ABC RESULTS:   sky130_fd_sc_hd__clkinv_1 cells:       17
ABC RESULTS:   sky130_fd_sc_hd__lpflow_isobufsrc_1 cells:       17
ABC RESULTS:   sky130_fd_sc_hd__maj3_1 cells:        7
ABC RESULTS:   sky130_fd_sc_hd__nand2_1 cells:        4
ABC RESULTS:   sky130_fd_sc_hd__nand2b_1 cells:        8
ABC RESULTS:   sky130_fd_sc_hd__nand3_1 cells:        4
ABC RESULTS:   sky130_fd_sc_hd__nand4_1 cells:        3
ABC RESULTS:   sky130_fd_sc_hd__nor2_1 cells:        8
ABC RESULTS:   sky130_fd_sc_hd__nor2b_1 cells:        2
ABC RESULTS:   sky130_fd_sc_hd__nor3_1 cells:        1
ABC RESULTS:   sky130_fd_sc_hd__nor3b_1 cells:        2
ABC RESULTS:   sky130_fd_sc_hd__nor4_1 cells:        2
ABC RESULTS:   sky130_fd_sc_hd__o2111ai_1 cells:        2
ABC RESULTS:   sky130_fd_sc_hd__o211ai_1 cells:        1
ABC RESULTS:   sky130_fd_sc_hd__o21a_1 cells:        1
ABC RESULTS:   sky130_fd_sc_hd__o21ai_0 cells:        7
ABC RESULTS:   sky130_fd_sc_hd__o22ai_1 cells:        2
ABC RESULTS:   sky130_fd_sc_hd__o311ai_0 cells:        1
ABC RESULTS:   sky130_fd_sc_hd__or4_1 cells:        1
ABC RESULTS:   sky130_fd_sc_hd__xnor2_1 cells:       12
ABC RESULTS:   sky130_fd_sc_hd__xor2_1 cells:        5
ABC RESULTS:        internal signals:      222
ABC RESULTS:           input signals:       60
ABC RESULTS:          output signals:        2
Removing temp directory.
Removing global temp directory.
Removed 0 unused cells and 284 unused wires.

5. Printing statistics.

=== ct_pmp_comp_hit ===

        +----------Local Count, excluding submodules.
        |        +-Local Area, excluding submodules.
        |        | 
      147        - wires
      203        - wire bits
        7        - public wires
       63        - public wire bits
        6        - ports
       62        - port bits
      142  894.608 cells
        3   26.275   sky130_fd_sc_hd__a2111oi_0
        3   22.522   sky130_fd_sc_hd__a211oi_1
        1    7.507   sky130_fd_sc_hd__a21boi_0
        1    7.507   sky130_fd_sc_hd__a21o_1
       15   75.072   sky130_fd_sc_hd__a21oi_1
        1    8.758   sky130_fd_sc_hd__a221oi_1
        1    7.507   sky130_fd_sc_hd__a22oi_1
        2   17.517   sky130_fd_sc_hd__a2bb2oi_1
        1    8.758   sky130_fd_sc_hd__a31o_1
        4   25.024   sky130_fd_sc_hd__a31oi_1
        1    8.758   sky130_fd_sc_hd__a32oi_1
        1    6.256   sky130_fd_sc_hd__and2_0
        1    8.758   sky130_fd_sc_hd__and4_1
       17   63.811   sky130_fd_sc_hd__clkinv_1
       17  106.352   sky130_fd_sc_hd__lpflow_isobufsrc_1
        7   70.067   sky130_fd_sc_hd__maj3_1
        4   15.014   sky130_fd_sc_hd__nand2_1
        8   50.048   sky130_fd_sc_hd__nand2b_1
        4   20.019   sky130_fd_sc_hd__nand3_1
        3   18.768   sky130_fd_sc_hd__nand4_1
        8   30.029   sky130_fd_sc_hd__nor2_1
        2   12.512   sky130_fd_sc_hd__nor2b_1
        1    5.005   sky130_fd_sc_hd__nor3_1
        2   15.014   sky130_fd_sc_hd__nor3b_1
        2   12.512   sky130_fd_sc_hd__nor4_1
        2   17.517   sky130_fd_sc_hd__o2111ai_1
        1    7.507   sky130_fd_sc_hd__o211ai_1
        1    7.507   sky130_fd_sc_hd__o21a_1
        7   35.034   sky130_fd_sc_hd__o21ai_0
        2   12.512   sky130_fd_sc_hd__o22ai_1
        1    8.758   sky130_fd_sc_hd__o311ai_0
        1    7.507   sky130_fd_sc_hd__or4_1
       12  105.101   sky130_fd_sc_hd__xnor2_1
        5   43.792   sky130_fd_sc_hd__xor2_1

   Chip area for module '\ct_pmp_comp_hit': 894.608000
     of which used for sequential elements: 0.000000 (0.00%)

6. Executing Verilog backend.
Dumping module `\ct_pmp_comp_hit'.

End of script. Logfile hash: 53ac966edc, time: 0.24s, user: 0.09s, system: 0.03s, MEM: 44.38 MB peak
Yosys 0.66+181 (git sha1 afe6b18f2, Release, Clang /usr/bin/clang++ 18.1.8)
Time spent: 52% 2x abc (0 sec), 25% 2x stat (0 sec), ...
