OpenSTA 2.2.0 02b129d48f Copyright (c) 2019, Parallax Software, Inc.
License GPLv3: GNU GPL version 3 <http://gnu.org/licenses/gpl.html>

This is free software, and you are free to change and redistribute it
under certain conditions; type `show_copying' for details. 
This program comes with ABSOLUTELY NO WARRANTY; for details type `show_warranty'.
Startpoint: pmpaddr_x_value[0] (input port clocked by virtual_clk)
Endpoint: pmp_mmu_hit_x (output port clocked by virtual_clk)
Path Group: virtual_clk
Path Type: max

  Delay    Time   Description
---------------------------------------------------------
   0.00    0.00   clock virtual_clk (rise edge)
   0.00    0.00   clock network delay (ideal)
   0.00    0.00 ^ input external delay
   0.00    0.00 ^ pmpaddr_x_value[0] (in)
   0.22    0.22 ^ _243_/X (sky130_fd_sc_hd__and4_1)
   0.12    0.35 v _247_/Y (sky130_fd_sc_hd__nand4_1)
   0.14    0.49 ^ _248_/X (sky130_fd_sc_hd__lpflow_isobufsrc_1)
   0.23    0.72 ^ _249_/X (sky130_fd_sc_hd__and4_1)
   0.05    0.77 v _265_/Y (sky130_fd_sc_hd__nor2_1)
   0.50    1.27 v _290_/X (sky130_fd_sc_hd__or4_1)
   0.28    1.55 ^ _291_/Y (sky130_fd_sc_hd__a2111oi_0)
   0.13    1.69 v _292_/Y (sky130_fd_sc_hd__o211ai_1)
   0.29    1.97 ^ _293_/Y (sky130_fd_sc_hd__a2111oi_0)
   0.15    2.12 v _294_/Y (sky130_fd_sc_hd__o2111ai_1)
   0.11    2.24 ^ _295_/Y (sky130_fd_sc_hd__o21ai_0)
   0.00    2.24 ^ pmp_mmu_hit_x (out)
           2.24   data arrival time

  10.00   10.00   clock virtual_clk (rise edge)
   0.00   10.00   clock network delay (ideal)
   0.00   10.00   clock reconvergence pessimism
   0.00   10.00   output external delay
          10.00   data required time
---------------------------------------------------------
          10.00   data required time
          -2.24   data arrival time
---------------------------------------------------------
           7.76   slack (MET)


tns 0.00
wns 0.00
Group                  Internal  Switching    Leakage      Total
                          Power      Power      Power      Power
----------------------------------------------------------------
Sequential             0.00e+00   0.00e+00   0.00e+00   0.00e+00   0.0%
Combinational          1.16e-05   9.02e-06   2.94e-10   2.06e-05 100.0%
Macro                  0.00e+00   0.00e+00   0.00e+00   0.00e+00   0.0%
Pad                    0.00e+00   0.00e+00   0.00e+00   0.00e+00   0.0%
----------------------------------------------------------------
Total                  1.16e-05   9.02e-06   2.94e-10   2.06e-05 100.0%
                          56.2%      43.8%       0.0%
